2018-02-07 14:25:07,810 [steps/nnet3/train_raw_dnn.py:34 - <module> - INFO ] Starting raw DNN trainer (train_raw_dnn.py)
2018-02-07 14:25:07,817 [steps/nnet3/train_raw_dnn.py:172 - train - INFO ] Arguments for the experiment
{'backstitch_training_interval': 1,
 'backstitch_training_scale': 0.0,
 'cleanup': True,
 'cmvn_opts': '--norm-means=false --norm-vars=false',
 'combine_sum_to_one_penalty': 0.0,
 'command': 'run.pl --mem 4G',
 'compute_average_posteriors': False,
 'compute_per_dim_accuracy': False,
 'dir': 'exp/nnet3/multitask_accentOutputAt3_0.5_0.5',
 'do_final_combination': True,
 'dropout_schedule': None,
 'egs_command': None,
 'egs_dir': 'exp/nnet3/multitask_accentOutputAt3_0.5_0.5/egs',
 'egs_opts': None,
 'egs_stage': 0,
 'email': None,
 'exit_stage': None,
 'feat_dir': 'data/101-recognition/cv_train_nz_sp_hires',
 'final_effective_lrate': 0.00015,
 'frames_per_eg': 8,
 'image_augmentation_opts': None,
 'initial_effective_lrate': 0.0015,
 'max_lda_jobs': 10,
 'max_models_combine': 20,
 'max_param_change': 2.0,
 'minibatch_size': '256,128',
 'momentum': 0.0,
 'nj': 4,
 'num_epochs': 2.0,
 'num_jobs_compute_prior': 10,
 'num_jobs_final': 8,
 'num_jobs_initial': 2,
 'online_ivector_dir': 'exp/101-recognition/nnet3/ivectors_cv_train_nz_sp',
 'preserve_model_interval': 50,
 'presoftmax_prior_scale_power': -0.25,
 'prior_subset_size': 20000,
 'proportional_shrink': 0.0,
 'rand_prune': 4.0,
 'remove_egs': False,
 'reporting_interval': 0.1,
 'samples_per_iter': 400000,
 'shuffle_buffer_size': 5000,
 'srand': 0,
 'stage': 41,
 'targets_scp': 'exp/101-recognition/tri4_cv_train_nz_ali',
 'transform_dir': None,
 'use_dense_targets': False,
 'use_gpu': True}
2018-02-07 14:25:07,872 [steps/nnet3/train_raw_dnn.py:322 - train - INFO ] Training will run for 2.0 epochs = 70 iterations
2018-02-07 14:25:07,872 [steps/libs/nnet3/train/frame_level_objf/common.py:201 - train_one_iteration - INFO ] Training neural net (pass 41)
2018-02-07 14:25:07,878 [steps/libs/nnet3/train/frame_level_objf/common.py:265 - train_one_iteration - INFO ] On iteration 41, learning rate is 0.00335170075116.
2018-02-07 14:28:00,877 [steps/libs/nnet3/train/frame_level_objf/common.py:201 - train_one_iteration - INFO ] Training neural net (pass 42)
2018-02-07 14:28:00,884 [steps/libs/nnet3/train/frame_level_objf/common.py:265 - train_one_iteration - INFO ] On iteration 42, learning rate is 0.00322269928089.
2018-02-07 14:30:56,409 [steps/libs/nnet3/train/frame_level_objf/common.py:201 - train_one_iteration - INFO ] Training neural net (pass 43)
2018-02-07 14:30:56,419 [steps/libs/nnet3/train/frame_level_objf/common.py:265 - train_one_iteration - INFO ] On iteration 43, learning rate is 0.00309866286585.
2018-02-07 14:33:52,170 [steps/libs/nnet3/train/frame_level_objf/common.py:201 - train_one_iteration - INFO ] Training neural net (pass 44)
2018-02-07 14:33:52,178 [steps/libs/nnet3/train/frame_level_objf/common.py:265 - train_one_iteration - INFO ] On iteration 44, learning rate is 0.00297940040919.
2018-02-07 14:36:46,938 [steps/libs/nnet3/train/frame_level_objf/common.py:201 - train_one_iteration - INFO ] Training neural net (pass 45)
2018-02-07 14:36:46,945 [steps/libs/nnet3/train/frame_level_objf/common.py:265 - train_one_iteration - INFO ] On iteration 45, learning rate is 0.00286472816908.
2018-02-07 14:39:43,261 [steps/libs/nnet3/train/frame_level_objf/common.py:201 - train_one_iteration - INFO ] Training neural net (pass 46)
2018-02-07 14:39:43,266 [steps/libs/nnet3/train/frame_level_objf/common.py:265 - train_one_iteration - INFO ] On iteration 46, learning rate is 0.0027544694756.
2018-02-07 14:42:38,851 [steps/libs/nnet3/train/frame_level_objf/common.py:201 - train_one_iteration - INFO ] Training neural net (pass 47)
2018-02-07 14:42:38,857 [steps/libs/nnet3/train/frame_level_objf/common.py:265 - train_one_iteration - INFO ] On iteration 47, learning rate is 0.00264845445859.
2018-02-07 14:45:36,510 [steps/libs/nnet3/train/frame_level_objf/common.py:201 - train_one_iteration - INFO ] Training neural net (pass 48)
2018-02-07 14:45:36,521 [steps/libs/nnet3/train/frame_level_objf/common.py:265 - train_one_iteration - INFO ] On iteration 48, learning rate is 0.00254651978587.
2018-02-07 14:48:29,560 [steps/libs/nnet3/train/frame_level_objf/common.py:201 - train_one_iteration - INFO ] Training neural net (pass 49)
2018-02-07 14:48:29,568 [steps/libs/nnet3/train/frame_level_objf/common.py:265 - train_one_iteration - INFO ] On iteration 49, learning rate is 0.0024485084117.
2018-02-07 14:51:24,781 [steps/libs/nnet3/train/frame_level_objf/common.py:201 - train_one_iteration - INFO ] Training neural net (pass 50)
2018-02-07 14:51:24,788 [steps/libs/nnet3/train/frame_level_objf/common.py:265 - train_one_iteration - INFO ] On iteration 50, learning rate is 0.00235426933472.
2018-02-07 14:54:21,051 [steps/libs/nnet3/train/frame_level_objf/common.py:201 - train_one_iteration - INFO ] Training neural net (pass 51)
2018-02-07 14:54:21,058 [steps/libs/nnet3/train/frame_level_objf/common.py:265 - train_one_iteration - INFO ] On iteration 51, learning rate is 0.00226365736542.
2018-02-07 14:57:17,924 [steps/libs/nnet3/train/frame_level_objf/common.py:201 - train_one_iteration - INFO ] Training neural net (pass 52)
2018-02-07 14:57:17,932 [steps/libs/nnet3/train/frame_level_objf/common.py:265 - train_one_iteration - INFO ] On iteration 52, learning rate is 0.00217653290234.
2018-02-07 15:00:12,510 [steps/libs/nnet3/train/frame_level_objf/common.py:201 - train_one_iteration - INFO ] Training neural net (pass 53)
2018-02-07 15:00:12,518 [steps/libs/nnet3/train/frame_level_objf/common.py:265 - train_one_iteration - INFO ] On iteration 53, learning rate is 0.00244155533662.
2018-02-07 15:03:38,947 [steps/libs/nnet3/train/frame_level_objf/common.py:201 - train_one_iteration - INFO ] Training neural net (pass 54)
2018-02-07 15:03:38,958 [steps/libs/nnet3/train/frame_level_objf/common.py:265 - train_one_iteration - INFO ] On iteration 54, learning rate is 0.00233227742264.
2018-02-07 15:07:05,641 [steps/libs/nnet3/train/frame_level_objf/common.py:201 - train_one_iteration - INFO ] Training neural net (pass 55)
2018-02-07 15:07:05,648 [steps/libs/nnet3/train/frame_level_objf/common.py:265 - train_one_iteration - INFO ] On iteration 55, learning rate is 0.00222789051494.
2018-02-07 15:10:30,058 [steps/libs/nnet3/train/frame_level_objf/common.py:201 - train_one_iteration - INFO ] Training neural net (pass 56)
2018-02-07 15:10:30,065 [steps/libs/nnet3/train/frame_level_objf/common.py:265 - train_one_iteration - INFO ] On iteration 56, learning rate is 0.00212817570431.
2018-02-07 15:13:56,502 [steps/libs/nnet3/train/frame_level_objf/common.py:201 - train_one_iteration - INFO ] Training neural net (pass 57)
2018-02-07 15:13:56,508 [steps/libs/nnet3/train/frame_level_objf/common.py:265 - train_one_iteration - INFO ] On iteration 57, learning rate is 0.00203292387935.
2018-02-07 15:17:23,708 [steps/libs/nnet3/train/frame_level_objf/common.py:201 - train_one_iteration - INFO ] Training neural net (pass 58)
2018-02-07 15:17:23,718 [steps/libs/nnet3/train/frame_level_objf/common.py:265 - train_one_iteration - INFO ] On iteration 58, learning rate is 0.00194193528798.
2018-02-07 15:20:45,855 [steps/libs/nnet3/train/frame_level_objf/common.py:201 - train_one_iteration - INFO ] Training neural net (pass 59)
2018-02-07 15:20:45,860 [steps/libs/nnet3/train/frame_level_objf/common.py:265 - train_one_iteration - INFO ] On iteration 59, learning rate is 0.00185501911854.
2018-02-07 15:24:08,740 [steps/libs/nnet3/train/frame_level_objf/common.py:201 - train_one_iteration - INFO ] Training neural net (pass 60)
2018-02-07 15:24:08,748 [steps/libs/nnet3/train/frame_level_objf/common.py:265 - train_one_iteration - INFO ] On iteration 60, learning rate is 0.00177199309958.
2018-02-07 15:29:38,267 [steps/libs/nnet3/train/frame_level_objf/common.py:201 - train_one_iteration - INFO ] Training neural net (pass 61)
2018-02-07 15:29:38,276 [steps/libs/nnet3/train/frame_level_objf/common.py:265 - train_one_iteration - INFO ] On iteration 61, learning rate is 0.0016926831177.
2018-02-07 15:33:01,844 [steps/libs/nnet3/train/frame_level_objf/common.py:201 - train_one_iteration - INFO ] Training neural net (pass 62)
2018-02-07 15:33:01,853 [steps/libs/nnet3/train/frame_level_objf/common.py:265 - train_one_iteration - INFO ] On iteration 62, learning rate is 0.00161692285236.
2018-02-07 15:36:25,326 [steps/libs/nnet3/train/frame_level_objf/common.py:201 - train_one_iteration - INFO ] Training neural net (pass 63)
2018-02-07 15:36:25,334 [steps/libs/nnet3/train/frame_level_objf/common.py:265 - train_one_iteration - INFO ] On iteration 63, learning rate is 0.00154455342713.
2018-02-07 15:39:38,275 [steps/libs/nnet3/train/frame_level_objf/common.py:201 - train_one_iteration - INFO ] Training neural net (pass 64)
2018-02-07 15:39:38,285 [steps/libs/nnet3/train/frame_level_objf/common.py:265 - train_one_iteration - INFO ] On iteration 64, learning rate is 0.00147542307649.
2018-02-07 15:42:50,613 [steps/libs/nnet3/train/frame_level_objf/common.py:201 - train_one_iteration - INFO ] Training neural net (pass 65)
2018-02-07 15:42:50,621 [steps/libs/nnet3/train/frame_level_objf/common.py:265 - train_one_iteration - INFO ] On iteration 65, learning rate is 0.0016107278029.
2018-02-07 15:46:31,053 [steps/libs/nnet3/train/frame_level_objf/common.py:201 - train_one_iteration - INFO ] Training neural net (pass 66)
2018-02-07 15:46:31,060 [steps/libs/nnet3/train/frame_level_objf/common.py:265 - train_one_iteration - INFO ] On iteration 66, learning rate is 0.00152860361534.
2018-02-07 15:50:12,279 [steps/libs/nnet3/train/frame_level_objf/common.py:201 - train_one_iteration - INFO ] Training neural net (pass 67)
2018-02-07 15:50:12,285 [steps/libs/nnet3/train/frame_level_objf/common.py:265 - train_one_iteration - INFO ] On iteration 67, learning rate is 0.00145066659222.
2018-02-07 15:53:51,362 [steps/libs/nnet3/train/frame_level_objf/common.py:201 - train_one_iteration - INFO ] Training neural net (pass 68)
2018-02-07 15:53:51,369 [steps/libs/nnet3/train/frame_level_objf/common.py:265 - train_one_iteration - INFO ] On iteration 68, learning rate is 0.00137670324777.
2018-02-07 15:57:32,341 [steps/libs/nnet3/train/frame_level_objf/common.py:201 - train_one_iteration - INFO ] Training neural net (pass 69)
2018-02-07 15:57:32,349 [steps/libs/nnet3/train/frame_level_objf/common.py:265 - train_one_iteration - INFO ] On iteration 69, learning rate is 0.0012.
2018-02-07 16:01:14,370 [steps/nnet3/train_raw_dnn.py:395 - train - INFO ] Doing final combination to produce final.raw
2018-02-07 16:01:14,370 [steps/libs/nnet3/train/frame_level_objf/common.py:466 - combine_models - INFO ] Combining set([64, 65, 66, 67, 68, 69, 70, 51, 52, 53, 54, 55, 56, 57, 58, 59, 60, 61, 62, 63]) models.
2018-02-07 16:06:01,340 [steps/nnet3/train_raw_dnn.py:417 - train - INFO ] Cleaning up the experiment directory exp/nnet3/multitask_accentOutputAt3_0.5_0.5
exp/nnet3/multitask_accentOutputAt3_0.5_0.5: num-iters=70 nj=2..8 num-params=22.2M combine=-0.53->-0.49
steps/nnet3/train_raw_dnn.py --stage=41 --cmd=run.pl --mem 4G --feat.cmvn-opts=--norm-means=false --norm-vars=false --trainer.num-epochs 2 --trainer.optimization.num-jobs-initial=2 --trainer.optimization.num-jobs-final=8 --trainer.optimization.initial-effective-lrate=0.0015 --trainer.optimization.final-effective-lrate=0.00015 --trainer.optimization.minibatch-size=256,128 --trainer.samples-per-iter=400000 --trainer.max-param-change=2.0 --trainer.srand=0 --feat-dir data/101-recognition/cv_train_nz_sp_hires --feat.online-ivector-dir exp/101-recognition/nnet3/ivectors_cv_train_nz_sp --egs.dir exp/nnet3/multitask_accentOutputAt3_0.5_0.5/egs --use-dense-targets false --targets-scp exp/101-recognition/tri4_cv_train_nz_ali --cleanup.remove-egs false --cleanup.preserve-model-interval 50 --use-gpu true --dir=exp/nnet3/multitask_accentOutputAt3_0.5_0.5
['steps/nnet3/train_raw_dnn.py', '--stage=41', '--cmd=run.pl --mem 4G', '--feat.cmvn-opts=--norm-means=false --norm-vars=false', '--trainer.num-epochs', '2', '--trainer.optimization.num-jobs-initial=2', '--trainer.optimization.num-jobs-final=8', '--trainer.optimization.initial-effective-lrate=0.0015', '--trainer.optimization.final-effective-lrate=0.00015', '--trainer.optimization.minibatch-size=256,128', '--trainer.samples-per-iter=400000', '--trainer.max-param-change=2.0', '--trainer.srand=0', '--feat-dir', 'data/101-recognition/cv_train_nz_sp_hires', '--feat.online-ivector-dir', 'exp/101-recognition/nnet3/ivectors_cv_train_nz_sp', '--egs.dir', 'exp/nnet3/multitask_accentOutputAt3_0.5_0.5/egs', '--use-dense-targets', 'false', '--targets-scp', 'exp/101-recognition/tri4_cv_train_nz_ali', '--cleanup.remove-egs', 'false', '--cleanup.preserve-model-interval', '50', '--use-gpu', 'true', '--dir=exp/nnet3/multitask_accentOutputAt3_0.5_0.5']
nnet3-copy '--edits=rename-node old-name=output-0 new-name=output' exp/nnet3/multitask_accentOutputAt3_0.5_0.5/final.raw - 
nnet3-am-init exp/101-recognition/tri4_cv_train_nz_ali/final.mdl - exp/nnet3/multitask_accentOutputAt3_0.5_0.5/101-recognition/final.mdl 
LOG (nnet3-copy[5.2.204~1-08848]:main():nnet3-copy.cc:114) Copied raw neural net from exp/nnet3/multitask_accentOutputAt3_0.5_0.5/final.raw to -
LOG (nnet3-am-init[5.2.204~1-08848]:main():nnet3-am-init.cc:96) Initialized am-nnet (neural net acoustic model) and wrote to exp/nnet3/multitask_accentOutputAt3_0.5_0.5/101-recognition/final.mdl
./run.sh: compute average posterior and readjust priors for language 01-recognition.
steps/nnet3/adjust_priors.sh exp/nnet3/multitask_accentOutputAt3_0.5_0.5/101-recognition exp/nnet3/multitask_accentOutputAt3_0.5_0.5/egs_aligns
steps/nnet3/decode.sh --nj 20 --cmd run.pl --mem 4G --stage -2 --beam 15.0 --lattice-beam 8.0 --skip-scoring false --online-ivector-dir exp/101-recognition/nnet3/ivectors_cv_dev_nz /home/abhinav/kaldi/accents/exp/tri4/graph_sw1_tg data/101-recognition/cv_dev_nz_hires exp/nnet3/multitask_accentOutputAt3_0.5_0.5/101-recognition/decode_cv_dev_nz
steps/nnet2/check_ivectors_compatible.sh: WARNING: One of the directories do not contain iVector ID.
steps/nnet2/check_ivectors_compatible.sh: WARNING: That means it's you who's reponsible for keeping 
steps/nnet2/check_ivectors_compatible.sh: WARNING: the directories compatible
steps/nnet3/decode.sh: feature type is raw
steps/diagnostic/analyze_lats.sh --cmd run.pl --mem 4G --iter final /home/abhinav/kaldi/accents/exp/tri4/graph_sw1_tg exp/nnet3/multitask_accentOutputAt3_0.5_0.5/101-recognition/decode_cv_dev_nz
steps/diagnostic/analyze_lats.sh: see stats in exp/nnet3/multitask_accentOutputAt3_0.5_0.5/101-recognition/decode_cv_dev_nz/log/analyze_alignments.log
Overall, lattice depth (10,50,90-percentile)=(1,4,24) and mean=10.2
steps/diagnostic/analyze_lats.sh: see stats in exp/nnet3/multitask_accentOutputAt3_0.5_0.5/101-recognition/decode_cv_dev_nz/log/analyze_lattice_depth_stats.log
score best paths
local/score.sh --iter final --cmd run.pl --mem 4G data/101-recognition/cv_dev_nz_hires /home/abhinav/kaldi/accents/exp/tri4/graph_sw1_tg exp/nnet3/multitask_accentOutputAt3_0.5_0.5/101-recognition/decode_cv_dev_nz
local/score.sh: scoring with word insertion penalty=0.0,0.5,1.0
score confidence and timing with sclite
Decoding done.
steps/nnet3/decode.sh --nj 20 --cmd run.pl --mem 4G --stage -2 --beam 15.0 --lattice-beam 8.0 --skip-scoring false --online-ivector-dir exp/101-recognition/nnet3/ivectors_cv_test_onlynz /home/abhinav/kaldi/accents/exp/tri4/graph_sw1_tg data/101-recognition/cv_test_onlynz_hires exp/nnet3/multitask_accentOutputAt3_0.5_0.5/101-recognition/decode_cv_test_onlynz
steps/nnet2/check_ivectors_compatible.sh: WARNING: One of the directories do not contain iVector ID.
steps/nnet2/check_ivectors_compatible.sh: WARNING: That means it's you who's reponsible for keeping 
steps/nnet2/check_ivectors_compatible.sh: WARNING: the directories compatible
steps/nnet3/decode.sh: feature type is raw
steps/diagnostic/analyze_lats.sh --cmd run.pl --mem 4G --iter final /home/abhinav/kaldi/accents/exp/tri4/graph_sw1_tg exp/nnet3/multitask_accentOutputAt3_0.5_0.5/101-recognition/decode_cv_test_onlynz
steps/diagnostic/analyze_lats.sh: see stats in exp/nnet3/multitask_accentOutputAt3_0.5_0.5/101-recognition/decode_cv_test_onlynz/log/analyze_alignments.log
Overall, lattice depth (10,50,90-percentile)=(1,5,28) and mean=11.7
steps/diagnostic/analyze_lats.sh: see stats in exp/nnet3/multitask_accentOutputAt3_0.5_0.5/101-recognition/decode_cv_test_onlynz/log/analyze_lattice_depth_stats.log
score best paths
local/score.sh --iter final --cmd run.pl --mem 4G data/101-recognition/cv_test_onlynz_hires /home/abhinav/kaldi/accents/exp/tri4/graph_sw1_tg exp/nnet3/multitask_accentOutputAt3_0.5_0.5/101-recognition/decode_cv_test_onlynz
local/score.sh: scoring with word insertion penalty=0.0,0.5,1.0
score confidence and timing with sclite
Decoding done.
%WER 31.42 [ 3263 / 10386, 149 ins, 1316 del, 1798 sub ] exp/nnet3/multitask/101-recognition/decode_cv_dev_nz/wer_7_0.0
%WER 36.86 [ 1876 / 5089, 106 ins, 737 del, 1033 sub ] exp/nnet3/multitask/101-recognition/decode_cv_test_onlynz/wer_7_0.0
%WER 33.35 [ 3464 / 10386, 174 ins, 1381 del, 1909 sub ] exp/nnet3/multitask_0.4_0.6/101-recognition/decode_cv_dev_nz/wer_7_0.0
%WER 38.65 [ 1967 / 5089, 106 ins, 788 del, 1073 sub ] exp/nnet3/multitask_0.4_0.6/101-recognition/decode_cv_test_onlynz/wer_7_0.0
%WER 29.33 [ 3046 / 10386, 228 ins, 1030 del, 1788 sub ] exp/nnet3/multitask_0.6_0.4/101-recognition/decode_cv_dev_nz/wer_7_0.0
%WER 33.19 [ 1689 / 5089, 125 ins, 498 del, 1066 sub ] exp/nnet3/multitask_0.6_0.4/101-recognition/decode_cv_test_onlynz/wer_7_0.0
%WER 29.42 [ 3056 / 10386, 194 ins, 1089 del, 1773 sub ] exp/nnet3/multitask_0.7_0.3/101-recognition/decode_cv_dev_nz/wer_7_0.0
%WER 31.81 [ 1619 / 5089, 109 ins, 524 del, 986 sub ] exp/nnet3/multitask_0.7_0.3/101-recognition/decode_cv_test_onlynz/wer_7_0.0
%WER 27.69 [ 2876 / 10386, 215 ins, 879 del, 1782 sub ] exp/nnet3/multitask_accentOutputAt3_0.5_0.5/101-recognition/decode_cv_dev_nz/wer_7_0.0
%WER 31.07 [ 1581 / 5089, 95 ins, 469 del, 1017 sub ] exp/nnet3/multitask_accentOutputAt3_0.5_0.5/101-recognition/decode_cv_test_onlynz/wer_7_0.5
%WER 28.16 [ 2925 / 10386, 207 ins, 918 del, 1800 sub ] exp/nnet3/multitask_accentOutputAt4_0.5_0.5/101-recognition/decode_cv_dev_nz/wer_7_0.0
%WER 33.35 [ 1697 / 5089, 143 ins, 506 del, 1048 sub ] exp/nnet3/multitask_accentOutputAt4_0.5_0.5/101-recognition/decode_cv_test_onlynz/wer_7_0.0
%WER 29.02 [ 3014 / 10386, 196 ins, 1015 del, 1803 sub ] exp/nnet3/multitask_accentOutputAt5_0.5_0.5/101-recognition/decode_cv_dev_nz/wer_7_0.0
%WER 34.13 [ 1737 / 5089, 122 ins, 555 del, 1060 sub ] exp/nnet3/multitask_accentOutputAt5_0.5_0.5/101-recognition/decode_cv_test_onlynz/wer_7_0.0
