steps/nnet3/xconfig_to_configs.py --xconfig-file exp/nnet3_combined/multitask_acc300btn_tdnn1024_10shrink_0.9_0.1_withcontext/configs/network.xconfig --config-dir exp/nnet3_combined/multitask_acc300btn_tdnn1024_10shrink_0.9_0.1_withcontext/configs/ --nnet-edits=rename-node old-name=output-0 new-name=output
nnet3-init exp/nnet3_combined/multitask_acc300btn_tdnn1024_10shrink_0.9_0.1_withcontext/configs//ref.config exp/nnet3_combined/multitask_acc300btn_tdnn1024_10shrink_0.9_0.1_withcontext/configs//ref.raw 
LOG (nnet3-init[5.2.204~1-08848]:main():nnet3-init.cc:80) Initialized raw neural net and wrote it to exp/nnet3_combined/multitask_acc300btn_tdnn1024_10shrink_0.9_0.1_withcontext/configs//ref.raw
nnet3-info "nnet3-copy --edits='rename-node old-name=output-0 new-name=output' exp/nnet3_combined/multitask_acc300btn_tdnn1024_10shrink_0.9_0.1_withcontext/configs//ref.raw - |" 
nnet3-copy '--edits=rename-node old-name=output-0 new-name=output' exp/nnet3_combined/multitask_acc300btn_tdnn1024_10shrink_0.9_0.1_withcontext/configs//ref.raw - 
LOG (nnet3-copy[5.2.204~1-08848]:main():nnet3-copy.cc:114) Copied raw neural net from exp/nnet3_combined/multitask_acc300btn_tdnn1024_10shrink_0.9_0.1_withcontext/configs//ref.raw to -
nnet3-init exp/nnet3_combined/multitask_acc300btn_tdnn1024_10shrink_0.9_0.1_withcontext/configs//ref.config exp/nnet3_combined/multitask_acc300btn_tdnn1024_10shrink_0.9_0.1_withcontext/configs//ref.raw 
LOG (nnet3-init[5.2.204~1-08848]:main():nnet3-init.cc:80) Initialized raw neural net and wrote it to exp/nnet3_combined/multitask_acc300btn_tdnn1024_10shrink_0.9_0.1_withcontext/configs//ref.raw
nnet3-info "nnet3-copy --edits='rename-node old-name=output-0 new-name=output' exp/nnet3_combined/multitask_acc300btn_tdnn1024_10shrink_0.9_0.1_withcontext/configs//ref.raw - |" 
nnet3-copy '--edits=rename-node old-name=output-0 new-name=output' exp/nnet3_combined/multitask_acc300btn_tdnn1024_10shrink_0.9_0.1_withcontext/configs//ref.raw - 
LOG (nnet3-copy[5.2.204~1-08848]:main():nnet3-copy.cc:114) Copied raw neural net from exp/nnet3_combined/multitask_acc300btn_tdnn1024_10shrink_0.9_0.1_withcontext/configs//ref.raw to -
./multitask_run_2_base.sh: calling get_egs.sh for generating examples with alignments as output
steps/nnet3/get_egs.sh --cmvn-opts --norm-means=false --norm-vars=false --online-ivector-dir exp/101-recog-min/nnet3/ivectors_cv_train_nz_sp --transform-dir exp/101-recog-min/tri4_cv_train_nz_ali --left-context 30 --right-context 22 --num-utts-subset 300 --nj 20 --samples-per-iter 400000 --cmd run.pl --generate-egs-scp true --frames-per-eg 8 data/101-recog-min/cv_train_nz_sp_hires exp/101-recog-min/tri4_cv_train_nz_ali exp/nnet3_combined/multitask_acc300btn_tdnn1024_10shrink_0.9_0.1_withcontext/egs_aligns
File data/101-recog-min/cv_train_nz_sp_hires/utt2uniq exists, so augmenting valid_uttlist to
include all perturbed versions of the same 'real' utterances.
steps/nnet3/get_egs.sh: feature type is raw
feat-to-dim scp:exp/101-recog-min/nnet3/ivectors_cv_train_nz_sp/ivector_online.scp - 
steps/nnet3/get_egs.sh: working out number of frames of training data
steps/nnet3/get_egs.sh: working out feature dim
steps/nnet3/get_egs.sh: creating 12 archives, each with 387321 egs, with
steps/nnet3/get_egs.sh:   8 labels per example, and (left,right) context = (30,22)
steps/nnet3/get_egs.sh: copying data alignments
copy-int-vector ark:- ark,scp:exp/nnet3_combined/multitask_acc300btn_tdnn1024_10shrink_0.9_0.1_withcontext/egs_aligns/ali.ark,exp/nnet3_combined/multitask_acc300btn_tdnn1024_10shrink_0.9_0.1_withcontext/egs_aligns/ali.scp 
LOG (copy-int-vector[5.2.204~1-08848]:main():copy-int-vector.cc:83) Copied 92661 vectors of int32.
steps/nnet3/get_egs.sh: Getting validation and training subset examples.
steps/nnet3/get_egs.sh: ... extracting validation and training-subset alignments.
... Getting subsets of validation examples for diagnostics and combination.
nnet3-copy-egs ark:- ark,scp:exp/nnet3_combined/multitask_acc300btn_tdnn1024_10shrink_0.9_0.1_withcontext/egs_aligns/combine.egs,exp/nnet3_combined/multitask_acc300btn_tdnn1024_10shrink_0.9_0.1_withcontext/egs_aligns/combine.scp 
LOG (nnet3-copy-egs[5.2.204~1-08848]:main():nnet3-copy-egs.cc:436) Read 7500 neural-network training examples, wrote 7500, 0 examples had errors.
rm: cannot remove 'exp/nnet3_combined/multitask_acc300btn_tdnn1024_10shrink_0.9_0.1_withcontext/egs_aligns/train_combine.scp': No such file or directory
rm: cannot remove 'exp/nnet3_combined/multitask_acc300btn_tdnn1024_10shrink_0.9_0.1_withcontext/egs_aligns/valid_combine.scp': No such file or directory
steps/nnet3/get_egs.sh: Generating training examples on disk
steps/nnet3/get_egs.sh: recombining and shuffling order of archives on disk
steps/nnet3/get_egs.sh: removing temporary archives
steps/nnet3/get_egs.sh: removing temporary alignments and transforms
steps/nnet3/get_egs.sh: Finished preparing training examples
./multitask_run_2_base.sh: calling get_egs.sh for generating examples with alignments as output
steps/nnet3/get_egs_mod.sh --cmvn-opts --norm-means=false --norm-vars=false --online-ivector-dir exp/102-cla-min/nnet3/ivectors_cv_trainx_nz_sp --transform-dir exp/102-cla-min/ali --left-context 30 --right-context 22 --num-utts-subset 300 --nj 20 --num-pdfs 16 --samples-per-iter 400000 --cmd run.pl --generate-egs-scp true --frames-per-eg 8 data/102-cla-min/cv_trainx_nz_sp_hires exp/102-cla-min/ali exp/nnet3_combined/multitask_acc300btn_tdnn1024_10shrink_0.9_0.1_withcontext/egs_accents
File data/102-cla-min/cv_trainx_nz_sp_hires/utt2uniq exists, so augmenting valid_uttlist to
include all perturbed versions of the same 'real' utterances.
steps/nnet3/get_egs_mod.sh: feature type is raw
feat-to-dim scp:exp/102-cla-min/nnet3/ivectors_cv_trainx_nz_sp/ivector_online.scp - 
steps/nnet3/get_egs_mod.sh: working out number of frames of training data
steps/nnet3/get_egs_mod.sh: working out feature dim
steps/nnet3/get_egs_mod.sh: creating 12 archives, each with 387321 egs, with
steps/nnet3/get_egs_mod.sh:   8 labels per example, and (left,right) context = (30,22)
steps/nnet3/get_egs_mod.sh: copying data alignments
copy-int-vector ark:- ark,scp:exp/nnet3_combined/multitask_acc300btn_tdnn1024_10shrink_0.9_0.1_withcontext/egs_accents/ali.ark,exp/nnet3_combined/multitask_acc300btn_tdnn1024_10shrink_0.9_0.1_withcontext/egs_accents/ali.scp 
LOG (copy-int-vector[5.2.204~1-08848]:main():copy-int-vector.cc:83) Copied 92660 vectors of int32.
steps/nnet3/get_egs_mod.sh: Getting validation and training subset examples.
steps/nnet3/get_egs_mod.sh: ... extracting validation and training-subset alignments.
... Getting subsets of validation examples for diagnostics and combination.
nnet3-copy-egs ark:- ark,scp:exp/nnet3_combined/multitask_acc300btn_tdnn1024_10shrink_0.9_0.1_withcontext/egs_accents/combine.egs,exp/nnet3_combined/multitask_acc300btn_tdnn1024_10shrink_0.9_0.1_withcontext/egs_accents/combine.scp 
LOG (nnet3-copy-egs[5.2.204~1-08848]:main():nnet3-copy-egs.cc:436) Read 7500 neural-network training examples, wrote 7500, 0 examples had errors.
rm: cannot remove 'exp/nnet3_combined/multitask_acc300btn_tdnn1024_10shrink_0.9_0.1_withcontext/egs_accents/train_combine.scp': No such file or directory
rm: cannot remove 'exp/nnet3_combined/multitask_acc300btn_tdnn1024_10shrink_0.9_0.1_withcontext/egs_accents/valid_combine.scp': No such file or directory
steps/nnet3/get_egs_mod.sh: Generating training examples on disk
steps/nnet3/get_egs_mod.sh: recombining and shuffling order of archives on disk
steps/nnet3/get_egs_mod.sh: removing temporary archives
steps/nnet3/get_egs_mod.sh: removing temporary alignments and transforms
steps/nnet3/get_egs_mod.sh: Finished preparing training examples
steps/nnet3/multilingual/combine_egs.sh --lang2weight '0.9,0.1' --cmd run.pl --mem 4G --samples-per-iter 400000 2 exp/nnet3_combined/multitask_acc300btn_tdnn1024_10shrink_0.9_0.1_withcontext/egs_aligns exp/nnet3_combined/multitask_acc300btn_tdnn1024_10shrink_0.9_0.1_withcontext/egs_accents exp/nnet3_combined/multitask_acc300btn_tdnn1024_10shrink_0.9_0.1_withcontext/egs
steps/nnet3/multilingual/combine_egs.sh: allocating multilingual examples for training.
steps/nnet3/multilingual/combine_egs.sh: combine combine.scp examples from all langs in exp/nnet3_combined/multitask_acc300btn_tdnn1024_10shrink_0.9_0.1_withcontext/egs/combine.scp.
steps/nnet3/multilingual/combine_egs.sh: combine train_diagnostic.scp examples from all langs in exp/nnet3_combined/multitask_acc300btn_tdnn1024_10shrink_0.9_0.1_withcontext/egs/train_diagnostic.scp.
steps/nnet3/multilingual/combine_egs.sh: combine valid_diagnostic.scp examples from all langs in exp/nnet3_combined/multitask_acc300btn_tdnn1024_10shrink_0.9_0.1_withcontext/egs/valid_diagnostic.scp.
steps/nnet3/multilingual/combine_egs.sh: Finished preparing multilingual training example.
2018-03-20 11:05:32,719 [steps/nnet3/train_raw_dnn.py:34 - <module> - INFO ] Starting raw DNN trainer (train_raw_dnn.py)
2018-03-20 11:05:32,727 [steps/nnet3/train_raw_dnn.py:172 - train - INFO ] Arguments for the experiment
{'backstitch_training_interval': 1,
 'backstitch_training_scale': 0.0,
 'cleanup': True,
 'cmvn_opts': '--norm-means=false --norm-vars=false',
 'combine_sum_to_one_penalty': 0.0,
 'command': 'run.pl --mem 4G',
 'compute_average_posteriors': False,
 'compute_per_dim_accuracy': False,
 'dir': 'exp/nnet3_combined/multitask_acc300btn_tdnn1024_10shrink_0.9_0.1_withcontext',
 'do_final_combination': True,
 'dropout_schedule': None,
 'egs_command': None,
 'egs_dir': 'exp/nnet3_combined/multitask_acc300btn_tdnn1024_10shrink_0.9_0.1_withcontext/egs',
 'egs_opts': None,
 'egs_stage': 0,
 'email': None,
 'exit_stage': None,
 'feat_dir': 'data/101-recog-min/cv_train_nz_sp_hires',
 'final_effective_lrate': 0.00015,
 'frames_per_eg': 8,
 'image_augmentation_opts': None,
 'initial_effective_lrate': 0.0015,
 'max_lda_jobs': 10,
 'max_models_combine': 20,
 'max_param_change': 2.0,
 'minibatch_size': '256,128',
 'momentum': 0.0,
 'nj': 4,
 'num_epochs': 2.0,
 'num_jobs_compute_prior': 10,
 'num_jobs_final': 8,
 'num_jobs_initial': 2,
 'online_ivector_dir': 'exp/101-recog-min/nnet3/ivectors_cv_train_nz_sp',
 'preserve_model_interval': 50,
 'presoftmax_prior_scale_power': -0.25,
 'prior_subset_size': 20000,
 'proportional_shrink': 10.0,
 'rand_prune': 4.0,
 'remove_egs': False,
 'reporting_interval': 0.1,
 'samples_per_iter': 400000,
 'shuffle_buffer_size': 5000,
 'srand': 0,
 'stage': -10,
 'targets_scp': 'exp/101-recog-min/tri4_cv_train_nz_ali',
 'transform_dir': None,
 'use_dense_targets': False,
 'use_gpu': True}
2018-03-20 11:05:32,753 [steps/nnet3/train_raw_dnn.py:283 - train - INFO ] Preparing the initial network.
2018-03-20 11:05:35,060 [steps/nnet3/train_raw_dnn.py:322 - train - INFO ] Training will run for 2.0 epochs = 73 iterations
2018-03-20 11:05:35,060 [steps/libs/nnet3/train/frame_level_objf/common.py:201 - train_one_iteration - INFO ] Training neural net (pass 0)
2018-03-20 11:05:35,064 [steps/libs/nnet3/train/frame_level_objf/common.py:265 - train_one_iteration - INFO ] On iteration 0, learning rate is 0.003 and shrink value is 0.97.
2018-03-20 11:10:49,702 [steps/libs/nnet3/train/frame_level_objf/common.py:201 - train_one_iteration - INFO ] Training neural net (pass 1)
2018-03-20 11:10:49,708 [steps/libs/nnet3/train/frame_level_objf/common.py:265 - train_one_iteration - INFO ] On iteration 1, learning rate is 0.00296269177709 and shrink value is 0.970373082229.
2018-03-20 11:13:25,154 [steps/libs/nnet3/train/frame_level_objf/common.py:201 - train_one_iteration - INFO ] Training neural net (pass 2)
2018-03-20 11:13:25,160 [steps/libs/nnet3/train/frame_level_objf/common.py:265 - train_one_iteration - INFO ] On iteration 2, learning rate is 0.00292584752202 and shrink value is 0.97074152478.
2018-03-20 11:16:00,580 [steps/libs/nnet3/train/frame_level_objf/common.py:201 - train_one_iteration - INFO ] Training neural net (pass 3)
2018-03-20 11:16:00,587 [steps/libs/nnet3/train/frame_level_objf/common.py:265 - train_one_iteration - INFO ] On iteration 3, learning rate is 0.00288946146484 and shrink value is 0.971105385352.
2018-03-20 11:18:38,768 [steps/libs/nnet3/train/frame_level_objf/common.py:201 - train_one_iteration - INFO ] Training neural net (pass 4)
2018-03-20 11:18:38,775 [steps/libs/nnet3/train/frame_level_objf/common.py:265 - train_one_iteration - INFO ] On iteration 4, learning rate is 0.00285352790737 and shrink value is 0.971464720926.
2018-03-20 11:21:18,064 [steps/libs/nnet3/train/frame_level_objf/common.py:201 - train_one_iteration - INFO ] Training neural net (pass 5)
2018-03-20 11:21:18,072 [steps/libs/nnet3/train/frame_level_objf/common.py:265 - train_one_iteration - INFO ] On iteration 5, learning rate is 0.00281804122229 and shrink value is 0.971819587777.
2018-03-20 11:23:51,708 [steps/libs/nnet3/train/frame_level_objf/common.py:201 - train_one_iteration - INFO ] Training neural net (pass 6)
2018-03-20 11:23:51,716 [steps/libs/nnet3/train/frame_level_objf/common.py:265 - train_one_iteration - INFO ] On iteration 6, learning rate is 0.00278299585226 and shrink value is 0.972170041477.
2018-03-20 11:26:25,219 [steps/libs/nnet3/train/frame_level_objf/common.py:201 - train_one_iteration - INFO ] Training neural net (pass 7)
2018-03-20 11:26:25,225 [steps/libs/nnet3/train/frame_level_objf/common.py:265 - train_one_iteration - INFO ] On iteration 7, learning rate is 0.00412257946358 and shrink value is 0.958774205364.
2018-03-20 11:30:00,519 [steps/libs/nnet3/train/frame_level_objf/common.py:201 - train_one_iteration - INFO ] Training neural net (pass 8)
2018-03-20 11:30:00,526 [steps/libs/nnet3/train/frame_level_objf/common.py:265 - train_one_iteration - INFO ] On iteration 8, learning rate is 0.00404591599771 and shrink value is 0.959540840023.
2018-03-20 11:33:33,915 [steps/libs/nnet3/train/frame_level_objf/common.py:201 - train_one_iteration - INFO ] Training neural net (pass 9)
2018-03-20 11:33:33,922 [steps/libs/nnet3/train/frame_level_objf/common.py:265 - train_one_iteration - INFO ] On iteration 9, learning rate is 0.00397067816525 and shrink value is 0.960293218347.
2018-03-20 11:37:06,377 [steps/libs/nnet3/train/frame_level_objf/common.py:201 - train_one_iteration - INFO ] Training neural net (pass 10)
2018-03-20 11:37:06,383 [steps/libs/nnet3/train/frame_level_objf/common.py:265 - train_one_iteration - INFO ] On iteration 10, learning rate is 0.00389683945512 and shrink value is 0.961031605449.
2018-03-20 11:40:42,472 [steps/libs/nnet3/train/frame_level_objf/common.py:201 - train_one_iteration - INFO ] Training neural net (pass 11)
2018-03-20 11:40:42,479 [steps/libs/nnet3/train/frame_level_objf/common.py:265 - train_one_iteration - INFO ] On iteration 11, learning rate is 0.00382437384925 and shrink value is 0.961756261507.
2018-03-20 11:44:25,749 [steps/libs/nnet3/train/frame_level_objf/common.py:201 - train_one_iteration - INFO ] Training neural net (pass 12)
2018-03-20 11:44:25,756 [steps/libs/nnet3/train/frame_level_objf/common.py:265 - train_one_iteration - INFO ] On iteration 12, learning rate is 0.00375325581341 and shrink value is 0.962467441866.
2018-03-20 11:48:05,226 [steps/libs/nnet3/train/frame_level_objf/common.py:201 - train_one_iteration - INFO ] Training neural net (pass 13)
2018-03-20 11:48:05,232 [steps/libs/nnet3/train/frame_level_objf/common.py:265 - train_one_iteration - INFO ] On iteration 13, learning rate is 0.00368346028818 and shrink value is 0.963165397118.
2018-03-20 11:51:46,972 [steps/libs/nnet3/train/frame_level_objf/common.py:201 - train_one_iteration - INFO ] Training neural net (pass 14)
2018-03-20 11:51:46,978 [steps/libs/nnet3/train/frame_level_objf/common.py:265 - train_one_iteration - INFO ] On iteration 14, learning rate is 0.00361496268017 and shrink value is 0.963850373198.
2018-03-20 11:55:21,732 [steps/libs/nnet3/train/frame_level_objf/common.py:201 - train_one_iteration - INFO ] Training neural net (pass 15)
2018-03-20 11:55:21,740 [steps/libs/nnet3/train/frame_level_objf/common.py:265 - train_one_iteration - INFO ] On iteration 15, learning rate is 0.00354773885332 and shrink value is 0.964522611467.
2018-03-20 11:58:55,450 [steps/libs/nnet3/train/frame_level_objf/common.py:201 - train_one_iteration - INFO ] Training neural net (pass 16)
2018-03-20 11:58:55,458 [steps/libs/nnet3/train/frame_level_objf/common.py:265 - train_one_iteration - INFO ] On iteration 16, learning rate is 0.00348176512039 and shrink value is 0.965182348796.
2018-03-20 12:02:27,985 [steps/libs/nnet3/train/frame_level_objf/common.py:201 - train_one_iteration - INFO ] Training neural net (pass 17)
2018-03-20 12:02:27,992 [steps/libs/nnet3/train/frame_level_objf/common.py:265 - train_one_iteration - INFO ] On iteration 17, learning rate is 0.00341701823465 and shrink value is 0.965829817653.
2018-03-20 12:06:10,518 [steps/libs/nnet3/train/frame_level_objf/common.py:201 - train_one_iteration - INFO ] Training neural net (pass 18)
2018-03-20 12:06:10,524 [steps/libs/nnet3/train/frame_level_objf/common.py:265 - train_one_iteration - INFO ] On iteration 18, learning rate is 0.00335347538166 and shrink value is 0.966465246183.
2018-03-20 12:09:43,387 [steps/libs/nnet3/train/frame_level_objf/common.py:201 - train_one_iteration - INFO ] Training neural net (pass 19)
2018-03-20 12:09:43,393 [steps/libs/nnet3/train/frame_level_objf/common.py:265 - train_one_iteration - INFO ] On iteration 19, learning rate is 0.0043881522283 and shrink value is 0.956118477717.
2018-03-20 12:14:28,835 [steps/libs/nnet3/train/frame_level_objf/common.py:201 - train_one_iteration - INFO ] Training neural net (pass 20)
2018-03-20 12:14:28,842 [steps/libs/nnet3/train/frame_level_objf/common.py:265 - train_one_iteration - INFO ] On iteration 20, learning rate is 0.0042796881078 and shrink value is 0.957203118922.
2018-03-20 12:20:51,615 [steps/libs/nnet3/train/frame_level_objf/common.py:201 - train_one_iteration - INFO ] Training neural net (pass 21)
2018-03-20 12:20:51,621 [steps/libs/nnet3/train/frame_level_objf/common.py:265 - train_one_iteration - INFO ] On iteration 21, learning rate is 0.00417390494841 and shrink value is 0.958260950516.
2018-03-20 12:25:30,664 [steps/libs/nnet3/train/frame_level_objf/common.py:201 - train_one_iteration - INFO ] Training neural net (pass 22)
2018-03-20 12:25:30,669 [steps/libs/nnet3/train/frame_level_objf/common.py:265 - train_one_iteration - INFO ] On iteration 22, learning rate is 0.00407073648348 and shrink value is 0.959292635165.
2018-03-20 12:30:04,010 [steps/libs/nnet3/train/frame_level_objf/common.py:201 - train_one_iteration - INFO ] Training neural net (pass 23)
2018-03-20 12:30:04,016 [steps/libs/nnet3/train/frame_level_objf/common.py:265 - train_one_iteration - INFO ] On iteration 23, learning rate is 0.00397011808433 and shrink value is 0.960298819157.
2018-03-20 12:34:46,635 [steps/libs/nnet3/train/frame_level_objf/common.py:201 - train_one_iteration - INFO ] Training neural net (pass 24)
2018-03-20 12:34:46,641 [steps/libs/nnet3/train/frame_level_objf/common.py:265 - train_one_iteration - INFO ] On iteration 24, learning rate is 0.00387198671971 and shrink value is 0.961280132803.
2018-03-20 12:39:30,362 [steps/libs/nnet3/train/frame_level_objf/common.py:201 - train_one_iteration - INFO ] Training neural net (pass 25)
2018-03-20 12:39:30,368 [steps/libs/nnet3/train/frame_level_objf/common.py:265 - train_one_iteration - INFO ] On iteration 25, learning rate is 0.00377628091639 and shrink value is 0.962237190836.
2018-03-20 12:44:19,346 [steps/libs/nnet3/train/frame_level_objf/common.py:201 - train_one_iteration - INFO ] Training neural net (pass 26)
2018-03-20 12:44:19,353 [steps/libs/nnet3/train/frame_level_objf/common.py:265 - train_one_iteration - INFO ] On iteration 26, learning rate is 0.00368294072055 and shrink value is 0.963170592794.
2018-03-20 12:49:02,388 [steps/libs/nnet3/train/frame_level_objf/common.py:201 - train_one_iteration - INFO ] Training neural net (pass 27)
2018-03-20 12:49:02,395 [steps/libs/nnet3/train/frame_level_objf/common.py:265 - train_one_iteration - INFO ] On iteration 27, learning rate is 0.00359190766032 and shrink value is 0.964080923397.
2018-03-20 12:53:37,708 [steps/libs/nnet3/train/frame_level_objf/common.py:201 - train_one_iteration - INFO ] Training neural net (pass 28)
2018-03-20 12:53:37,715 [steps/libs/nnet3/train/frame_level_objf/common.py:265 - train_one_iteration - INFO ] On iteration 28, learning rate is 0.00350312470909 and shrink value is 0.964968752909.
2018-03-20 12:58:12,771 [steps/libs/nnet3/train/frame_level_objf/common.py:201 - train_one_iteration - INFO ] Training neural net (pass 29)
2018-03-20 12:58:12,777 [steps/libs/nnet3/train/frame_level_objf/common.py:265 - train_one_iteration - INFO ] On iteration 29, learning rate is 0.0034165362498 and shrink value is 0.965834637502.
2018-03-20 13:02:53,910 [steps/libs/nnet3/train/frame_level_objf/common.py:201 - train_one_iteration - INFO ] Training neural net (pass 30)
2018-03-20 13:02:53,917 [steps/libs/nnet3/train/frame_level_objf/common.py:265 - train_one_iteration - INFO ] On iteration 30, learning rate is 0.00333208804012 and shrink value is 0.966679119599.
2018-03-20 13:07:34,894 [steps/libs/nnet3/train/frame_level_objf/common.py:201 - train_one_iteration - INFO ] Training neural net (pass 31)
2018-03-20 13:07:34,902 [steps/libs/nnet3/train/frame_level_objf/common.py:265 - train_one_iteration - INFO ] On iteration 31, learning rate is 0.00406215897306 and shrink value is 0.959378410269.
2018-03-20 13:13:36,063 [steps/libs/nnet3/train/frame_level_objf/common.py:201 - train_one_iteration - INFO ] Training neural net (pass 32)
2018-03-20 13:13:36,069 [steps/libs/nnet3/train/frame_level_objf/common.py:265 - train_one_iteration - INFO ] On iteration 32, learning rate is 0.00393704119514 and shrink value is 0.960629588049.
2018-03-20 13:19:30,156 [steps/libs/nnet3/train/frame_level_objf/common.py:201 - train_one_iteration - INFO ] Training neural net (pass 33)
2018-03-20 13:19:30,161 [steps/libs/nnet3/train/frame_level_objf/common.py:265 - train_one_iteration - INFO ] On iteration 33, learning rate is 0.00381577714585 and shrink value is 0.961842228542.
2018-03-20 13:25:14,537 [steps/libs/nnet3/train/frame_level_objf/common.py:201 - train_one_iteration - INFO ] Training neural net (pass 34)
2018-03-20 13:25:14,544 [steps/libs/nnet3/train/frame_level_objf/common.py:265 - train_one_iteration - INFO ] On iteration 34, learning rate is 0.00369824812724 and shrink value is 0.963017518728.
2018-03-20 13:31:07,035 [steps/libs/nnet3/train/frame_level_objf/common.py:201 - train_one_iteration - INFO ] Training neural net (pass 35)
2018-03-20 13:31:07,041 [steps/libs/nnet3/train/frame_level_objf/common.py:265 - train_one_iteration - INFO ] On iteration 35, learning rate is 0.00358433909735 and shrink value is 0.964156609026.
2018-03-20 13:37:09,884 [steps/libs/nnet3/train/frame_level_objf/common.py:201 - train_one_iteration - INFO ] Training neural net (pass 36)
2018-03-20 13:37:09,897 [steps/libs/nnet3/train/frame_level_objf/common.py:265 - train_one_iteration - INFO ] On iteration 36, learning rate is 0.0034739385576 and shrink value is 0.965260614424.
2018-03-20 13:43:10,945 [steps/libs/nnet3/train/frame_level_objf/common.py:201 - train_one_iteration - INFO ] Training neural net (pass 37)
2018-03-20 13:43:10,951 [steps/libs/nnet3/train/frame_level_objf/common.py:265 - train_one_iteration - INFO ] On iteration 37, learning rate is 0.00336693844366 and shrink value is 0.966330615563.
2018-03-20 13:48:49,863 [steps/libs/nnet3/train/frame_level_objf/common.py:201 - train_one_iteration - INFO ] Training neural net (pass 38)
2018-03-20 13:48:49,869 [steps/libs/nnet3/train/frame_level_objf/common.py:265 - train_one_iteration - INFO ] On iteration 38, learning rate is 0.00326323401967 and shrink value is 0.967367659803.
2018-03-20 13:54:24,660 [steps/libs/nnet3/train/frame_level_objf/common.py:201 - train_one_iteration - INFO ] Training neural net (pass 39)
2018-03-20 13:54:24,665 [steps/libs/nnet3/train/frame_level_objf/common.py:265 - train_one_iteration - INFO ] On iteration 39, learning rate is 0.00316272377571 and shrink value is 0.968372762243.
2018-03-20 14:00:37,598 [steps/libs/nnet3/train/frame_level_objf/common.py:201 - train_one_iteration - INFO ] Training neural net (pass 40)
2018-03-20 14:00:37,603 [steps/libs/nnet3/train/frame_level_objf/common.py:265 - train_one_iteration - INFO ] On iteration 40, learning rate is 0.00306530932847 and shrink value is 0.969346906715.
2018-03-20 14:09:20,776 [steps/libs/nnet3/train/frame_level_objf/common.py:201 - train_one_iteration - INFO ] Training neural net (pass 41)
2018-03-20 14:09:20,782 [steps/libs/nnet3/train/frame_level_objf/common.py:265 - train_one_iteration - INFO ] On iteration 41, learning rate is 0.00297089532489 and shrink value is 0.970291046751.
2018-03-20 14:15:34,989 [steps/libs/nnet3/train/frame_level_objf/common.py:201 - train_one_iteration - INFO ] Training neural net (pass 42)
2018-03-20 14:15:34,995 [steps/libs/nnet3/train/frame_level_objf/common.py:265 - train_one_iteration - INFO ] On iteration 42, learning rate is 0.00287938934889 and shrink value is 0.971206106511.
2018-03-20 14:21:43,537 [steps/libs/nnet3/train/frame_level_objf/common.py:201 - train_one_iteration - INFO ] Training neural net (pass 43)
2018-03-20 14:21:43,542 [steps/libs/nnet3/train/frame_level_objf/common.py:265 - train_one_iteration - INFO ] On iteration 43, learning rate is 0.00334884219705 and shrink value is 0.966511578029.
2018-03-20 14:29:10,073 [steps/libs/nnet3/train/frame_level_objf/common.py:201 - train_one_iteration - INFO ] Training neural net (pass 44)
2018-03-20 14:29:10,079 [steps/libs/nnet3/train/frame_level_objf/common.py:265 - train_one_iteration - INFO ] On iteration 44, learning rate is 0.00322545016007 and shrink value is 0.967745498399.
2018-03-20 14:36:40,957 [steps/libs/nnet3/train/frame_level_objf/common.py:201 - train_one_iteration - INFO ] Training neural net (pass 45)
2018-03-20 14:36:40,965 [steps/libs/nnet3/train/frame_level_objf/common.py:265 - train_one_iteration - INFO ] On iteration 45, learning rate is 0.00310660464809 and shrink value is 0.968933953519.
2018-03-20 14:43:55,360 [steps/libs/nnet3/train/frame_level_objf/common.py:201 - train_one_iteration - INFO ] Training neural net (pass 46)
2018-03-20 14:43:55,367 [steps/libs/nnet3/train/frame_level_objf/common.py:265 - train_one_iteration - INFO ] On iteration 46, learning rate is 0.00299213813904 and shrink value is 0.97007861861.
2018-03-20 14:50:57,912 [steps/libs/nnet3/train/frame_level_objf/common.py:201 - train_one_iteration - INFO ] Training neural net (pass 47)
2018-03-20 14:50:57,919 [steps/libs/nnet3/train/frame_level_objf/common.py:265 - train_one_iteration - INFO ] On iteration 47, learning rate is 0.00288188928341 and shrink value is 0.971181107166.
2018-03-20 14:58:10,108 [steps/libs/nnet3/train/frame_level_objf/common.py:201 - train_one_iteration - INFO ] Training neural net (pass 48)
2018-03-20 14:58:10,117 [steps/libs/nnet3/train/frame_level_objf/common.py:265 - train_one_iteration - INFO ] On iteration 48, learning rate is 0.00277570267678 and shrink value is 0.972242973232.
2018-03-20 15:05:36,159 [steps/libs/nnet3/train/frame_level_objf/common.py:201 - train_one_iteration - INFO ] Training neural net (pass 49)
2018-03-20 15:05:36,164 [steps/libs/nnet3/train/frame_level_objf/common.py:265 - train_one_iteration - INFO ] On iteration 49, learning rate is 0.0026734286408 and shrink value is 0.973265713592.
2018-03-20 15:12:50,713 [steps/libs/nnet3/train/frame_level_objf/common.py:201 - train_one_iteration - INFO ] Training neural net (pass 50)
2018-03-20 15:12:50,720 [steps/libs/nnet3/train/frame_level_objf/common.py:265 - train_one_iteration - INFO ] On iteration 50, learning rate is 0.00257492301219 and shrink value is 0.974250769878.
2018-03-20 15:19:51,990 [steps/libs/nnet3/train/frame_level_objf/common.py:201 - train_one_iteration - INFO ] Training neural net (pass 51)
2018-03-20 15:19:51,995 [steps/libs/nnet3/train/frame_level_objf/common.py:265 - train_one_iteration - INFO ] On iteration 51, learning rate is 0.00248004693955 and shrink value is 0.975199530604.
2018-03-20 15:26:48,602 [steps/libs/nnet3/train/frame_level_objf/common.py:201 - train_one_iteration - INFO ] Training neural net (pass 52)
2018-03-20 15:26:48,609 [steps/libs/nnet3/train/frame_level_objf/common.py:265 - train_one_iteration - INFO ] On iteration 52, learning rate is 0.00238866668761 and shrink value is 0.976113333124.
2018-03-20 15:34:07,756 [steps/libs/nnet3/train/frame_level_objf/common.py:201 - train_one_iteration - INFO ] Training neural net (pass 53)
2018-03-20 15:34:07,764 [steps/libs/nnet3/train/frame_level_objf/common.py:265 - train_one_iteration - INFO ] On iteration 53, learning rate is 0.00230065344873 and shrink value is 0.976993465513.
2018-03-20 15:40:11,461 [steps/libs/nnet3/train/frame_level_objf/common.py:201 - train_one_iteration - INFO ] Training neural net (pass 54)
2018-03-20 15:40:11,468 [steps/libs/nnet3/train/frame_level_objf/common.py:265 - train_one_iteration - INFO ] On iteration 54, learning rate is 0.00221588316135 and shrink value is 0.977841168387.
2018-03-20 15:47:11,219 [steps/libs/nnet3/train/frame_level_objf/common.py:201 - train_one_iteration - INFO ] Training neural net (pass 55)
2018-03-20 15:47:11,225 [steps/libs/nnet3/train/frame_level_objf/common.py:265 - train_one_iteration - INFO ] On iteration 55, learning rate is 0.00248994239094 and shrink value is 0.975100576091.
2018-03-20 15:53:40,707 [steps/libs/nnet3/train/frame_level_objf/common.py:201 - train_one_iteration - INFO ] Training neural net (pass 56)
2018-03-20 15:53:40,713 [steps/libs/nnet3/train/frame_level_objf/common.py:265 - train_one_iteration - INFO ] On iteration 56, learning rate is 0.00238323879562 and shrink value is 0.976167612044.
2018-03-20 16:03:18,028 [steps/libs/nnet3/train/frame_level_objf/common.py:201 - train_one_iteration - INFO ] Training neural net (pass 57)
2018-03-20 16:03:18,033 [steps/libs/nnet3/train/frame_level_objf/common.py:265 - train_one_iteration - INFO ] On iteration 57, learning rate is 0.0022811078592 and shrink value is 0.977188921408.
2018-03-20 16:11:03,807 [steps/libs/nnet3/train/frame_level_objf/common.py:201 - train_one_iteration - INFO ] Training neural net (pass 58)
2018-03-20 16:11:03,813 [steps/libs/nnet3/train/frame_level_objf/common.py:265 - train_one_iteration - INFO ] On iteration 58, learning rate is 0.0021833536257 and shrink value is 0.978166463743.
2018-03-20 16:16:11,282 [steps/libs/nnet3/train/frame_level_objf/common.py:201 - train_one_iteration - INFO ] Training neural net (pass 59)
2018-03-20 16:16:11,302 [steps/libs/nnet3/train/frame_level_objf/common.py:265 - train_one_iteration - INFO ] On iteration 59, learning rate is 0.00208978853657 and shrink value is 0.979102114634.
2018-03-20 16:24:37,111 [steps/libs/nnet3/train/frame_level_objf/common.py:201 - train_one_iteration - INFO ] Training neural net (pass 60)
2018-03-20 16:24:37,117 [steps/libs/nnet3/train/frame_level_objf/common.py:265 - train_one_iteration - INFO ] On iteration 60, learning rate is 0.0020002330709 and shrink value is 0.979997669291.
slurmstepd: *** JOB 3094 ON dhvani CANCELLED AT 2018-03-20T16:27:50 ***
./multitask_run_2_base.sh: line 282:  4451 Killed                  steps/nnet3/train_raw_dnn.py --stage=$train_stage --cmd="$decode_cmd" --feat.cmvn-opts="--norm-means=false --norm-vars=false" --trainer.num-epochs 2 --trainer.optimization.num-jobs-initial=2 --trainer.optimization.num-jobs-final=8 --trainer.optimization.initial-effective-lrate=0.0015 --trainer.optimization.final-effective-lrate=0.00015 --trainer.optimization.minibatch-size=256,128 --trainer.samples-per-iter=400000 --trainer.optimization.proportional-shrink=${proportional_shrink} --trainer.max-param-change=2.0 --trainer.srand=$srand --feat-dir data/101-recog-min/cv_train_nz_sp_hires --feat.online-ivector-dir ${online_ivector_dir0} --egs.dir $dir/egs --use-dense-targets false --targets-scp ${ali_dir0} --cleanup.remove-egs false --cleanup.preserve-model-interval 50 --use-gpu true --dir=$dir
