steps/nnet3/xconfig_to_configs.py --xconfig-file exp/nnet3/multitask_removedOneLayer_0.5_0.5/configs/network.xconfig --config-dir exp/nnet3/multitask_removedOneLayer_0.5_0.5/configs/ --nnet-edits=rename-node old-name=output-0 new-name=output
nnet3-init exp/nnet3/multitask_removedOneLayer_0.5_0.5/configs//ref.config exp/nnet3/multitask_removedOneLayer_0.5_0.5/configs//ref.raw 
LOG (nnet3-init[5.2.204~1-08848]:main():nnet3-init.cc:80) Initialized raw neural net and wrote it to exp/nnet3/multitask_removedOneLayer_0.5_0.5/configs//ref.raw
nnet3-info "nnet3-copy --edits='rename-node old-name=output-0 new-name=output' exp/nnet3/multitask_removedOneLayer_0.5_0.5/configs//ref.raw - |" 
nnet3-copy '--edits=rename-node old-name=output-0 new-name=output' exp/nnet3/multitask_removedOneLayer_0.5_0.5/configs//ref.raw - 
LOG (nnet3-copy[5.2.204~1-08848]:main():nnet3-copy.cc:114) Copied raw neural net from exp/nnet3/multitask_removedOneLayer_0.5_0.5/configs//ref.raw to -
nnet3-init exp/nnet3/multitask_removedOneLayer_0.5_0.5/configs//ref.config exp/nnet3/multitask_removedOneLayer_0.5_0.5/configs//ref.raw 
LOG (nnet3-init[5.2.204~1-08848]:main():nnet3-init.cc:80) Initialized raw neural net and wrote it to exp/nnet3/multitask_removedOneLayer_0.5_0.5/configs//ref.raw
nnet3-info "nnet3-copy --edits='rename-node old-name=output-0 new-name=output' exp/nnet3/multitask_removedOneLayer_0.5_0.5/configs//ref.raw - |" 
nnet3-copy '--edits=rename-node old-name=output-0 new-name=output' exp/nnet3/multitask_removedOneLayer_0.5_0.5/configs//ref.raw - 
LOG (nnet3-copy[5.2.204~1-08848]:main():nnet3-copy.cc:114) Copied raw neural net from exp/nnet3/multitask_removedOneLayer_0.5_0.5/configs//ref.raw to -
./run.sh: calling get_egs.sh for generating examples with alignments as output
steps/nnet3/get_egs.sh --cmvn-opts --norm-means=false --norm-vars=false --online-ivector-dir exp/101-recognition/nnet3/ivectors_cv_train_nz_sp --transform-dir exp/101-recognition/tri4_cv_train_nz_ali --left-context 16 --right-context 12 --num-utts-subset 300 --nj 15 --samples-per-iter 400000 --cmd run.pl --generate-egs-scp true --frames-per-eg 8 data/101-recognition/cv_train_nz_sp_hires exp/101-recognition/tri4_cv_train_nz_ali exp/nnet3/multitask_removedOneLayer_0.5_0.5/egs_aligns
File data/101-recognition/cv_train_nz_sp_hires/utt2uniq exists, so augmenting valid_uttlist to
include all perturbed versions of the same 'real' utterances.
steps/nnet3/get_egs.sh: feature type is raw
feat-to-dim scp:exp/101-recognition/nnet3/ivectors_cv_train_nz_sp/ivector_online.scp - 
steps/nnet3/get_egs.sh: working out number of frames of training data
steps/nnet3/get_egs.sh: working out feature dim
steps/nnet3/get_egs.sh: creating 12 archives, each with 387321 egs, with
steps/nnet3/get_egs.sh:   8 labels per example, and (left,right) context = (16,12)
steps/nnet3/get_egs.sh: copying data alignments
copy-int-vector ark:- ark,scp:exp/nnet3/multitask_removedOneLayer_0.5_0.5/egs_aligns/ali.ark,exp/nnet3/multitask_removedOneLayer_0.5_0.5/egs_aligns/ali.scp 
LOG (copy-int-vector[5.2.204~1-08848]:main():copy-int-vector.cc:83) Copied 92660 vectors of int32.
steps/nnet3/get_egs.sh: Getting validation and training subset examples.
steps/nnet3/get_egs.sh: ... extracting validation and training-subset alignments.
... Getting subsets of validation examples for diagnostics and combination.
nnet3-copy-egs ark:- ark,scp:exp/nnet3/multitask_removedOneLayer_0.5_0.5/egs_aligns/combine.egs,exp/nnet3/multitask_removedOneLayer_0.5_0.5/egs_aligns/combine.scp 
LOG (nnet3-copy-egs[5.2.204~1-08848]:main():nnet3-copy-egs.cc:436) Read 7500 neural-network training examples, wrote 7500, 0 examples had errors.
rm: cannot remove 'exp/nnet3/multitask_removedOneLayer_0.5_0.5/egs_aligns/train_combine.scp': No such file or directory
rm: cannot remove 'exp/nnet3/multitask_removedOneLayer_0.5_0.5/egs_aligns/valid_combine.scp': No such file or directory
steps/nnet3/get_egs.sh: Generating training examples on disk
steps/nnet3/get_egs.sh: recombining and shuffling order of archives on disk
steps/nnet3/get_egs.sh: removing temporary archives
steps/nnet3/get_egs.sh: removing temporary alignments and transforms
steps/nnet3/get_egs.sh: Finished preparing training examples
./run.sh: calling get_egs.sh for generating examples with alignments as output
steps/nnet3/get_egs_mod.sh --cmvn-opts --norm-means=false --norm-vars=false --online-ivector-dir exp/102-class/nnet3/ivectors_cv_trainx_nz_sp --transform-dir exp/102-class/ali --left-context 16 --right-context 12 --num-utts-subset 300 --nj 15 --num-pdfs 16 --samples-per-iter 400000 --cmd run.pl --generate-egs-scp true --frames-per-eg 8 data/102-class/cv_trainx_nz_sp_hires exp/102-class/ali exp/nnet3/multitask_removedOneLayer_0.5_0.5/egs_accents
File data/102-class/cv_trainx_nz_sp_hires/utt2uniq exists, so augmenting valid_uttlist to
include all perturbed versions of the same 'real' utterances.
steps/nnet3/get_egs_mod.sh: feature type is raw
feat-to-dim scp:exp/102-class/nnet3/ivectors_cv_trainx_nz_sp/ivector_online.scp - 
steps/nnet3/get_egs_mod.sh: working out number of frames of training data
steps/nnet3/get_egs_mod.sh: working out feature dim
steps/nnet3/get_egs_mod.sh: creating 12 archives, each with 387321 egs, with
steps/nnet3/get_egs_mod.sh:   8 labels per example, and (left,right) context = (16,12)
steps/nnet3/get_egs_mod.sh: copying data alignments
copy-int-vector ark:- ark,scp:exp/nnet3/multitask_removedOneLayer_0.5_0.5/egs_accents/ali.ark,exp/nnet3/multitask_removedOneLayer_0.5_0.5/egs_accents/ali.scp 
LOG (copy-int-vector[5.2.204~1-08848]:main():copy-int-vector.cc:83) Copied 92660 vectors of int32.
steps/nnet3/get_egs_mod.sh: Getting validation and training subset examples.
steps/nnet3/get_egs_mod.sh: ... extracting validation and training-subset alignments.
... Getting subsets of validation examples for diagnostics and combination.
nnet3-copy-egs ark:- ark,scp:exp/nnet3/multitask_removedOneLayer_0.5_0.5/egs_accents/combine.egs,exp/nnet3/multitask_removedOneLayer_0.5_0.5/egs_accents/combine.scp 
LOG (nnet3-copy-egs[5.2.204~1-08848]:main():nnet3-copy-egs.cc:436) Read 7500 neural-network training examples, wrote 7500, 0 examples had errors.
rm: cannot remove 'exp/nnet3/multitask_removedOneLayer_0.5_0.5/egs_accents/train_combine.scp': No such file or directory
rm: cannot remove 'exp/nnet3/multitask_removedOneLayer_0.5_0.5/egs_accents/valid_combine.scp': No such file or directory
steps/nnet3/get_egs_mod.sh: Generating training examples on disk
steps/nnet3/get_egs_mod.sh: recombining and shuffling order of archives on disk
steps/nnet3/get_egs_mod.sh: removing temporary archives
steps/nnet3/get_egs_mod.sh: removing temporary alignments and transforms
steps/nnet3/get_egs_mod.sh: Finished preparing training examples
steps/nnet3/multilingual/combine_egs.sh --lang2weight '0.5,0.5' --cmd run.pl --mem 4G --samples-per-iter 400000 2 exp/nnet3/multitask_removedOneLayer_0.5_0.5/egs_aligns exp/nnet3/multitask_removedOneLayer_0.5_0.5/egs_accents exp/nnet3/multitask_removedOneLayer_0.5_0.5/egs
steps/nnet3/multilingual/combine_egs.sh: allocating multilingual examples for training.
steps/nnet3/multilingual/combine_egs.sh: combine combine.scp examples from all langs in exp/nnet3/multitask_removedOneLayer_0.5_0.5/egs/combine.scp.
steps/nnet3/multilingual/combine_egs.sh: combine train_diagnostic.scp examples from all langs in exp/nnet3/multitask_removedOneLayer_0.5_0.5/egs/train_diagnostic.scp.
steps/nnet3/multilingual/combine_egs.sh: combine valid_diagnostic.scp examples from all langs in exp/nnet3/multitask_removedOneLayer_0.5_0.5/egs/valid_diagnostic.scp.
steps/nnet3/multilingual/combine_egs.sh: Finished preparing multilingual training example.
2018-02-09 01:14:05,983 [steps/nnet3/train_raw_dnn.py:34 - <module> - INFO ] Starting raw DNN trainer (train_raw_dnn.py)
2018-02-09 01:14:05,989 [steps/nnet3/train_raw_dnn.py:172 - train - INFO ] Arguments for the experiment
{'backstitch_training_interval': 1,
 'backstitch_training_scale': 0.0,
 'cleanup': True,
 'cmvn_opts': '--norm-means=false --norm-vars=false',
 'combine_sum_to_one_penalty': 0.0,
 'command': 'run.pl --mem 4G',
 'compute_average_posteriors': False,
 'compute_per_dim_accuracy': False,
 'dir': 'exp/nnet3/multitask_removedOneLayer_0.5_0.5',
 'do_final_combination': True,
 'dropout_schedule': None,
 'egs_command': None,
 'egs_dir': 'exp/nnet3/multitask_removedOneLayer_0.5_0.5/egs',
 'egs_opts': None,
 'egs_stage': 0,
 'email': None,
 'exit_stage': None,
 'feat_dir': 'data/101-recognition/cv_train_nz_sp_hires',
 'final_effective_lrate': 0.00015,
 'frames_per_eg': 8,
 'image_augmentation_opts': None,
 'initial_effective_lrate': 0.0015,
 'max_lda_jobs': 10,
 'max_models_combine': 20,
 'max_param_change': 2.0,
 'minibatch_size': '256,128',
 'momentum': 0.0,
 'nj': 4,
 'num_epochs': 2.0,
 'num_jobs_compute_prior': 10,
 'num_jobs_final': 8,
 'num_jobs_initial': 2,
 'online_ivector_dir': 'exp/101-recognition/nnet3/ivectors_cv_train_nz_sp',
 'preserve_model_interval': 50,
 'presoftmax_prior_scale_power': -0.25,
 'prior_subset_size': 20000,
 'proportional_shrink': 0.0,
 'rand_prune': 4.0,
 'remove_egs': False,
 'reporting_interval': 0.1,
 'samples_per_iter': 400000,
 'shuffle_buffer_size': 5000,
 'srand': 0,
 'stage': -10,
 'targets_scp': 'exp/101-recognition/tri4_cv_train_nz_ali',
 'transform_dir': None,
 'use_dense_targets': False,
 'use_gpu': True}
2018-02-09 01:14:06,006 [steps/nnet3/train_raw_dnn.py:283 - train - INFO ] Preparing the initial network.
2018-02-09 01:14:07,614 [steps/nnet3/train_raw_dnn.py:322 - train - INFO ] Training will run for 2.0 epochs = 70 iterations
2018-02-09 01:14:07,614 [steps/libs/nnet3/train/frame_level_objf/common.py:201 - train_one_iteration - INFO ] Training neural net (pass 0)
2018-02-09 01:14:07,620 [steps/libs/nnet3/train/frame_level_objf/common.py:265 - train_one_iteration - INFO ] On iteration 0, learning rate is 0.003.
2018-02-09 01:15:53,331 [steps/libs/nnet3/train/frame_level_objf/common.py:201 - train_one_iteration - INFO ] Training neural net (pass 1)
2018-02-09 01:15:53,340 [steps/libs/nnet3/train/frame_level_objf/common.py:265 - train_one_iteration - INFO ] On iteration 1, learning rate is 0.0029610070167.
2018-02-09 01:17:11,157 [steps/libs/nnet3/train/frame_level_objf/common.py:201 - train_one_iteration - INFO ] Training neural net (pass 2)
2018-02-09 01:17:11,166 [steps/libs/nnet3/train/frame_level_objf/common.py:265 - train_one_iteration - INFO ] On iteration 2, learning rate is 0.00292252085097.
2018-02-09 01:18:28,698 [steps/libs/nnet3/train/frame_level_objf/common.py:201 - train_one_iteration - INFO ] Training neural net (pass 3)
2018-02-09 01:18:28,705 [steps/libs/nnet3/train/frame_level_objf/common.py:265 - train_one_iteration - INFO ] On iteration 3, learning rate is 0.00288453491539.
2018-02-09 01:19:48,544 [steps/libs/nnet3/train/frame_level_objf/common.py:201 - train_one_iteration - INFO ] Training neural net (pass 4)
2018-02-09 01:19:48,551 [steps/libs/nnet3/train/frame_level_objf/common.py:265 - train_one_iteration - INFO ] On iteration 4, learning rate is 0.00284704270813.
2018-02-09 01:21:03,733 [steps/libs/nnet3/train/frame_level_objf/common.py:201 - train_one_iteration - INFO ] Training neural net (pass 5)
2018-02-09 01:21:03,740 [steps/libs/nnet3/train/frame_level_objf/common.py:265 - train_one_iteration - INFO ] On iteration 5, learning rate is 0.00281003781187.
2018-02-09 01:22:19,546 [steps/libs/nnet3/train/frame_level_objf/common.py:201 - train_one_iteration - INFO ] Training neural net (pass 6)
2018-02-09 01:22:19,553 [steps/libs/nnet3/train/frame_level_objf/common.py:265 - train_one_iteration - INFO ] On iteration 6, learning rate is 0.00416027083906.
2018-02-09 01:26:51,010 [steps/libs/nnet3/train/frame_level_objf/common.py:201 - train_one_iteration - INFO ] Training neural net (pass 7)
2018-02-09 01:26:51,016 [steps/libs/nnet3/train/frame_level_objf/common.py:265 - train_one_iteration - INFO ] On iteration 7, learning rate is 0.00407942428943.
2018-02-09 01:28:50,486 [steps/libs/nnet3/train/frame_level_objf/common.py:201 - train_one_iteration - INFO ] Training neural net (pass 8)
2018-02-09 01:28:50,497 [steps/libs/nnet3/train/frame_level_objf/common.py:265 - train_one_iteration - INFO ] On iteration 8, learning rate is 0.00400014883092.
2018-02-09 01:30:48,034 [steps/libs/nnet3/train/frame_level_objf/common.py:201 - train_one_iteration - INFO ] Training neural net (pass 9)
2018-02-09 01:30:48,039 [steps/libs/nnet3/train/frame_level_objf/common.py:265 - train_one_iteration - INFO ] On iteration 9, learning rate is 0.00392241393252.
2018-02-09 01:32:43,925 [steps/libs/nnet3/train/frame_level_objf/common.py:201 - train_one_iteration - INFO ] Training neural net (pass 10)
2018-02-09 01:32:43,932 [steps/libs/nnet3/train/frame_level_objf/common.py:265 - train_one_iteration - INFO ] On iteration 10, learning rate is 0.00384618965652.
2018-02-09 01:34:44,777 [steps/libs/nnet3/train/frame_level_objf/common.py:201 - train_one_iteration - INFO ] Training neural net (pass 11)
2018-02-09 01:34:44,784 [steps/libs/nnet3/train/frame_level_objf/common.py:265 - train_one_iteration - INFO ] On iteration 11, learning rate is 0.00377144664699.
2018-02-09 01:36:44,477 [steps/libs/nnet3/train/frame_level_objf/common.py:201 - train_one_iteration - INFO ] Training neural net (pass 12)
2018-02-09 01:36:44,484 [steps/libs/nnet3/train/frame_level_objf/common.py:265 - train_one_iteration - INFO ] On iteration 12, learning rate is 0.00369815611848.
2018-02-09 01:38:41,807 [steps/libs/nnet3/train/frame_level_objf/common.py:201 - train_one_iteration - INFO ] Training neural net (pass 13)
2018-02-09 01:38:41,815 [steps/libs/nnet3/train/frame_level_objf/common.py:265 - train_one_iteration - INFO ] On iteration 13, learning rate is 0.00362628984493.
2018-02-09 01:40:42,118 [steps/libs/nnet3/train/frame_level_objf/common.py:201 - train_one_iteration - INFO ] Training neural net (pass 14)
2018-02-09 01:40:42,125 [steps/libs/nnet3/train/frame_level_objf/common.py:265 - train_one_iteration - INFO ] On iteration 14, learning rate is 0.00355582014878.
2018-02-09 01:42:39,488 [steps/libs/nnet3/train/frame_level_objf/common.py:201 - train_one_iteration - INFO ] Training neural net (pass 15)
2018-02-09 01:42:39,495 [steps/libs/nnet3/train/frame_level_objf/common.py:265 - train_one_iteration - INFO ] On iteration 15, learning rate is 0.00348671989034.
2018-02-09 01:44:37,089 [steps/libs/nnet3/train/frame_level_objf/common.py:201 - train_one_iteration - INFO ] Training neural net (pass 16)
2018-02-09 01:44:37,094 [steps/libs/nnet3/train/frame_level_objf/common.py:265 - train_one_iteration - INFO ] On iteration 16, learning rate is 0.00341896245733.
2018-02-09 01:46:30,424 [steps/libs/nnet3/train/frame_level_objf/common.py:201 - train_one_iteration - INFO ] Training neural net (pass 17)
2018-02-09 01:46:30,430 [steps/libs/nnet3/train/frame_level_objf/common.py:265 - train_one_iteration - INFO ] On iteration 17, learning rate is 0.00335252175463.
2018-02-09 01:48:28,795 [steps/libs/nnet3/train/frame_level_objf/common.py:201 - train_one_iteration - INFO ] Training neural net (pass 18)
2018-02-09 01:48:28,801 [steps/libs/nnet3/train/frame_level_objf/common.py:265 - train_one_iteration - INFO ] On iteration 18, learning rate is 0.0043831629256.
2018-02-09 01:51:02,104 [steps/libs/nnet3/train/frame_level_objf/common.py:201 - train_one_iteration - INFO ] Training neural net (pass 19)
2018-02-09 01:51:02,116 [steps/libs/nnet3/train/frame_level_objf/common.py:265 - train_one_iteration - INFO ] On iteration 19, learning rate is 0.00426996168109.
2018-02-09 01:53:38,382 [steps/libs/nnet3/train/frame_level_objf/common.py:201 - train_one_iteration - INFO ] Training neural net (pass 20)
2018-02-09 01:53:38,387 [steps/libs/nnet3/train/frame_level_objf/common.py:265 - train_one_iteration - INFO ] On iteration 20, learning rate is 0.00415968401529.
2018-02-09 01:57:12,541 [steps/libs/nnet3/train/frame_level_objf/common.py:201 - train_one_iteration - INFO ] Training neural net (pass 21)
2018-02-09 01:57:12,548 [steps/libs/nnet3/train/frame_level_objf/common.py:265 - train_one_iteration - INFO ] On iteration 21, learning rate is 0.00405225442271.
2018-02-09 01:59:33,916 [steps/libs/nnet3/train/frame_level_objf/common.py:201 - train_one_iteration - INFO ] Training neural net (pass 22)
2018-02-09 01:59:33,922 [steps/libs/nnet3/train/frame_level_objf/common.py:265 - train_one_iteration - INFO ] On iteration 22, learning rate is 0.00394759934795.
2018-02-09 02:01:55,457 [steps/libs/nnet3/train/frame_level_objf/common.py:201 - train_one_iteration - INFO ] Training neural net (pass 23)
2018-02-09 02:01:55,463 [steps/libs/nnet3/train/frame_level_objf/common.py:265 - train_one_iteration - INFO ] On iteration 23, learning rate is 0.00384564713522.
2018-02-09 02:04:22,880 [steps/libs/nnet3/train/frame_level_objf/common.py:201 - train_one_iteration - INFO ] Training neural net (pass 24)
2018-02-09 02:04:22,889 [steps/libs/nnet3/train/frame_level_objf/common.py:265 - train_one_iteration - INFO ] On iteration 24, learning rate is 0.00374632797939.
2018-02-09 02:06:48,072 [steps/libs/nnet3/train/frame_level_objf/common.py:201 - train_one_iteration - INFO ] Training neural net (pass 25)
2018-02-09 02:06:48,077 [steps/libs/nnet3/train/frame_level_objf/common.py:265 - train_one_iteration - INFO ] On iteration 25, learning rate is 0.00364957387812.
2018-02-09 02:09:24,230 [steps/libs/nnet3/train/frame_level_objf/common.py:201 - train_one_iteration - INFO ] Training neural net (pass 26)
2018-02-09 02:09:24,236 [steps/libs/nnet3/train/frame_level_objf/common.py:265 - train_one_iteration - INFO ] On iteration 26, learning rate is 0.00355531858533.
2018-02-09 02:11:51,656 [steps/libs/nnet3/train/frame_level_objf/common.py:201 - train_one_iteration - INFO ] Training neural net (pass 27)
2018-02-09 02:11:51,662 [steps/libs/nnet3/train/frame_level_objf/common.py:265 - train_one_iteration - INFO ] On iteration 27, learning rate is 0.00346349756583.
2018-02-09 02:14:13,035 [steps/libs/nnet3/train/frame_level_objf/common.py:201 - train_one_iteration - INFO ] Training neural net (pass 28)
2018-02-09 02:14:13,042 [steps/libs/nnet3/train/frame_level_objf/common.py:265 - train_one_iteration - INFO ] On iteration 28, learning rate is 0.00337404795114.
2018-02-09 02:16:41,016 [steps/libs/nnet3/train/frame_level_objf/common.py:201 - train_one_iteration - INFO ] Training neural net (pass 29)
2018-02-09 02:16:41,022 [steps/libs/nnet3/train/frame_level_objf/common.py:265 - train_one_iteration - INFO ] On iteration 29, learning rate is 0.00328690849647.
2018-02-09 02:19:08,855 [steps/libs/nnet3/train/frame_level_objf/common.py:201 - train_one_iteration - INFO ] Training neural net (pass 30)
2018-02-09 02:19:08,868 [steps/libs/nnet3/train/frame_level_objf/common.py:265 - train_one_iteration - INFO ] On iteration 30, learning rate is 0.0040025244234.
2018-02-09 02:22:11,507 [steps/libs/nnet3/train/frame_level_objf/common.py:201 - train_one_iteration - INFO ] Training neural net (pass 31)
2018-02-09 02:22:11,514 [steps/libs/nnet3/train/frame_level_objf/common.py:265 - train_one_iteration - INFO ] On iteration 31, learning rate is 0.00387373087601.
2018-02-09 02:25:15,830 [steps/libs/nnet3/train/frame_level_objf/common.py:201 - train_one_iteration - INFO ] Training neural net (pass 32)
2018-02-09 02:25:15,843 [steps/libs/nnet3/train/frame_level_objf/common.py:265 - train_one_iteration - INFO ] On iteration 32, learning rate is 0.00374908165756.
2018-02-09 02:28:21,063 [steps/libs/nnet3/train/frame_level_objf/common.py:201 - train_one_iteration - INFO ] Training neural net (pass 33)
2018-02-09 02:28:21,070 [steps/libs/nnet3/train/frame_level_objf/common.py:265 - train_one_iteration - INFO ] On iteration 33, learning rate is 0.00362844341152.
2018-02-09 02:31:26,138 [steps/libs/nnet3/train/frame_level_objf/common.py:201 - train_one_iteration - INFO ] Training neural net (pass 34)
2018-02-09 02:31:26,144 [steps/libs/nnet3/train/frame_level_objf/common.py:265 - train_one_iteration - INFO ] On iteration 34, learning rate is 0.00351168707251.
2018-02-09 02:34:28,349 [steps/libs/nnet3/train/frame_level_objf/common.py:201 - train_one_iteration - INFO ] Training neural net (pass 35)
2018-02-09 02:34:28,358 [steps/libs/nnet3/train/frame_level_objf/common.py:265 - train_one_iteration - INFO ] On iteration 35, learning rate is 0.0033986877282.
2018-02-09 02:37:30,320 [steps/libs/nnet3/train/frame_level_objf/common.py:201 - train_one_iteration - INFO ] Training neural net (pass 36)
2018-02-09 02:37:30,326 [steps/libs/nnet3/train/frame_level_objf/common.py:265 - train_one_iteration - INFO ] On iteration 36, learning rate is 0.00328932448573.
2018-02-09 02:40:27,132 [steps/libs/nnet3/train/frame_level_objf/common.py:201 - train_one_iteration - INFO ] Training neural net (pass 37)
2018-02-09 02:40:27,138 [steps/libs/nnet3/train/frame_level_objf/common.py:265 - train_one_iteration - INFO ] On iteration 37, learning rate is 0.00318348034232.
2018-02-09 02:43:28,616 [steps/libs/nnet3/train/frame_level_objf/common.py:201 - train_one_iteration - INFO ] Training neural net (pass 38)
2018-02-09 02:43:28,622 [steps/libs/nnet3/train/frame_level_objf/common.py:265 - train_one_iteration - INFO ] On iteration 38, learning rate is 0.00308104206013.
2018-02-09 02:46:30,241 [steps/libs/nnet3/train/frame_level_objf/common.py:201 - train_one_iteration - INFO ] Training neural net (pass 39)
2018-02-09 02:46:30,246 [steps/libs/nnet3/train/frame_level_objf/common.py:265 - train_one_iteration - INFO ] On iteration 39, learning rate is 0.00298190004509.
2018-02-09 02:49:29,244 [steps/libs/nnet3/train/frame_level_objf/common.py:201 - train_one_iteration - INFO ] Training neural net (pass 40)
2018-02-09 02:49:29,257 [steps/libs/nnet3/train/frame_level_objf/common.py:265 - train_one_iteration - INFO ] On iteration 40, learning rate is 0.00288594822964.
2018-02-09 02:58:53,698 [steps/libs/nnet3/train/frame_level_objf/common.py:201 - train_one_iteration - INFO ] Training neural net (pass 41)
2018-02-09 02:58:53,705 [steps/libs/nnet3/train/frame_level_objf/common.py:265 - train_one_iteration - INFO ] On iteration 41, learning rate is 0.00335170075116.
2018-02-09 03:02:37,086 [steps/libs/nnet3/train/frame_level_objf/common.py:201 - train_one_iteration - INFO ] Training neural net (pass 42)
2018-02-09 03:02:37,093 [steps/libs/nnet3/train/frame_level_objf/common.py:265 - train_one_iteration - INFO ] On iteration 42, learning rate is 0.00322269928089.
2018-02-09 03:06:23,313 [steps/libs/nnet3/train/frame_level_objf/common.py:201 - train_one_iteration - INFO ] Training neural net (pass 43)
2018-02-09 03:06:23,319 [steps/libs/nnet3/train/frame_level_objf/common.py:265 - train_one_iteration - INFO ] On iteration 43, learning rate is 0.00309866286585.
2018-02-09 03:10:12,861 [steps/libs/nnet3/train/frame_level_objf/common.py:201 - train_one_iteration - INFO ] Training neural net (pass 44)
2018-02-09 03:10:12,868 [steps/libs/nnet3/train/frame_level_objf/common.py:265 - train_one_iteration - INFO ] On iteration 44, learning rate is 0.00297940040919.
2018-02-09 03:13:58,496 [steps/libs/nnet3/train/frame_level_objf/common.py:201 - train_one_iteration - INFO ] Training neural net (pass 45)
2018-02-09 03:13:58,507 [steps/libs/nnet3/train/frame_level_objf/common.py:265 - train_one_iteration - INFO ] On iteration 45, learning rate is 0.00286472816908.
2018-02-09 03:17:44,958 [steps/libs/nnet3/train/frame_level_objf/common.py:201 - train_one_iteration - INFO ] Training neural net (pass 46)
2018-02-09 03:17:44,965 [steps/libs/nnet3/train/frame_level_objf/common.py:265 - train_one_iteration - INFO ] On iteration 46, learning rate is 0.0027544694756.
2018-02-09 03:21:33,428 [steps/libs/nnet3/train/frame_level_objf/common.py:201 - train_one_iteration - INFO ] Training neural net (pass 47)
2018-02-09 03:21:33,435 [steps/libs/nnet3/train/frame_level_objf/common.py:265 - train_one_iteration - INFO ] On iteration 47, learning rate is 0.00264845445859.
2018-02-09 03:25:22,131 [steps/libs/nnet3/train/frame_level_objf/common.py:201 - train_one_iteration - INFO ] Training neural net (pass 48)
2018-02-09 03:25:22,138 [steps/libs/nnet3/train/frame_level_objf/common.py:265 - train_one_iteration - INFO ] On iteration 48, learning rate is 0.00254651978587.
2018-02-09 03:29:05,970 [steps/libs/nnet3/train/frame_level_objf/common.py:201 - train_one_iteration - INFO ] Training neural net (pass 49)
2018-02-09 03:29:05,975 [steps/libs/nnet3/train/frame_level_objf/common.py:265 - train_one_iteration - INFO ] On iteration 49, learning rate is 0.0024485084117.
2018-02-09 03:32:54,050 [steps/libs/nnet3/train/frame_level_objf/common.py:201 - train_one_iteration - INFO ] Training neural net (pass 50)
2018-02-09 03:32:54,058 [steps/libs/nnet3/train/frame_level_objf/common.py:265 - train_one_iteration - INFO ] On iteration 50, learning rate is 0.00235426933472.
2018-02-09 03:36:42,591 [steps/libs/nnet3/train/frame_level_objf/common.py:201 - train_one_iteration - INFO ] Training neural net (pass 51)
2018-02-09 03:36:42,597 [steps/libs/nnet3/train/frame_level_objf/common.py:265 - train_one_iteration - INFO ] On iteration 51, learning rate is 0.00226365736542.
2018-02-09 03:40:29,009 [steps/libs/nnet3/train/frame_level_objf/common.py:201 - train_one_iteration - INFO ] Training neural net (pass 52)
2018-02-09 03:40:29,015 [steps/libs/nnet3/train/frame_level_objf/common.py:265 - train_one_iteration - INFO ] On iteration 52, learning rate is 0.00217653290234.
2018-02-09 03:46:44,929 [steps/libs/nnet3/train/frame_level_objf/common.py:201 - train_one_iteration - INFO ] Training neural net (pass 53)
2018-02-09 03:46:44,939 [steps/libs/nnet3/train/frame_level_objf/common.py:265 - train_one_iteration - INFO ] On iteration 53, learning rate is 0.00244155533662.
2018-02-09 03:50:59,968 [steps/libs/nnet3/train/frame_level_objf/common.py:201 - train_one_iteration - INFO ] Training neural net (pass 54)
2018-02-09 03:50:59,976 [steps/libs/nnet3/train/frame_level_objf/common.py:265 - train_one_iteration - INFO ] On iteration 54, learning rate is 0.00233227742264.
2018-02-09 03:55:29,380 [steps/libs/nnet3/train/frame_level_objf/common.py:201 - train_one_iteration - INFO ] Training neural net (pass 55)
2018-02-09 03:55:29,388 [steps/libs/nnet3/train/frame_level_objf/common.py:265 - train_one_iteration - INFO ] On iteration 55, learning rate is 0.00222789051494.
2018-02-09 03:59:50,955 [steps/libs/nnet3/train/frame_level_objf/common.py:201 - train_one_iteration - INFO ] Training neural net (pass 56)
2018-02-09 03:59:50,962 [steps/libs/nnet3/train/frame_level_objf/common.py:265 - train_one_iteration - INFO ] On iteration 56, learning rate is 0.00212817570431.
2018-02-09 04:03:42,795 [steps/libs/nnet3/train/frame_level_objf/common.py:201 - train_one_iteration - INFO ] Training neural net (pass 57)
2018-02-09 04:03:42,818 [steps/libs/nnet3/train/frame_level_objf/common.py:265 - train_one_iteration - INFO ] On iteration 57, learning rate is 0.00203292387935.
2018-02-09 04:07:24,132 [steps/libs/nnet3/train/frame_level_objf/common.py:201 - train_one_iteration - INFO ] Training neural net (pass 58)
2018-02-09 04:07:24,139 [steps/libs/nnet3/train/frame_level_objf/common.py:265 - train_one_iteration - INFO ] On iteration 58, learning rate is 0.00194193528798.
2018-02-09 04:10:36,577 [steps/libs/nnet3/train/frame_level_objf/common.py:201 - train_one_iteration - INFO ] Training neural net (pass 59)
2018-02-09 04:10:36,584 [steps/libs/nnet3/train/frame_level_objf/common.py:265 - train_one_iteration - INFO ] On iteration 59, learning rate is 0.00185501911854.
2018-02-09 04:13:58,914 [steps/libs/nnet3/train/frame_level_objf/common.py:201 - train_one_iteration - INFO ] Training neural net (pass 60)
2018-02-09 04:13:58,919 [steps/libs/nnet3/train/frame_level_objf/common.py:265 - train_one_iteration - INFO ] On iteration 60, learning rate is 0.00177199309958.
2018-02-09 04:19:33,387 [steps/libs/nnet3/train/frame_level_objf/common.py:201 - train_one_iteration - INFO ] Training neural net (pass 61)
2018-02-09 04:19:33,396 [steps/libs/nnet3/train/frame_level_objf/common.py:265 - train_one_iteration - INFO ] On iteration 61, learning rate is 0.0016926831177.
2018-02-09 04:22:23,791 [steps/libs/nnet3/train/frame_level_objf/common.py:201 - train_one_iteration - INFO ] Training neural net (pass 62)
2018-02-09 04:22:23,799 [steps/libs/nnet3/train/frame_level_objf/common.py:265 - train_one_iteration - INFO ] On iteration 62, learning rate is 0.00161692285236.
2018-02-09 04:25:00,389 [steps/libs/nnet3/train/frame_level_objf/common.py:201 - train_one_iteration - INFO ] Training neural net (pass 63)
2018-02-09 04:25:00,395 [steps/libs/nnet3/train/frame_level_objf/common.py:265 - train_one_iteration - INFO ] On iteration 63, learning rate is 0.00154455342713.
2018-02-09 04:27:42,118 [steps/libs/nnet3/train/frame_level_objf/common.py:201 - train_one_iteration - INFO ] Training neural net (pass 64)
2018-02-09 04:27:42,125 [steps/libs/nnet3/train/frame_level_objf/common.py:265 - train_one_iteration - INFO ] On iteration 64, learning rate is 0.00147542307649.
2018-02-09 04:30:02,275 [steps/libs/nnet3/train/frame_level_objf/common.py:201 - train_one_iteration - INFO ] Training neural net (pass 65)
2018-02-09 04:30:02,283 [steps/libs/nnet3/train/frame_level_objf/common.py:265 - train_one_iteration - INFO ] On iteration 65, learning rate is 0.0016107278029.
2018-02-09 04:33:18,948 [steps/libs/nnet3/train/frame_level_objf/common.py:201 - train_one_iteration - INFO ] Training neural net (pass 66)
2018-02-09 04:33:18,957 [steps/libs/nnet3/train/frame_level_objf/common.py:265 - train_one_iteration - INFO ] On iteration 66, learning rate is 0.00152860361534.
2018-02-09 04:36:36,456 [steps/libs/nnet3/train/frame_level_objf/common.py:201 - train_one_iteration - INFO ] Training neural net (pass 67)
2018-02-09 04:36:36,463 [steps/libs/nnet3/train/frame_level_objf/common.py:265 - train_one_iteration - INFO ] On iteration 67, learning rate is 0.00145066659222.
2018-02-09 04:40:28,979 [steps/libs/nnet3/train/frame_level_objf/common.py:201 - train_one_iteration - INFO ] Training neural net (pass 68)
2018-02-09 04:40:28,985 [steps/libs/nnet3/train/frame_level_objf/common.py:265 - train_one_iteration - INFO ] On iteration 68, learning rate is 0.00137670324777.
2018-02-09 04:43:23,296 [steps/libs/nnet3/train/frame_level_objf/common.py:201 - train_one_iteration - INFO ] Training neural net (pass 69)
2018-02-09 04:43:23,304 [steps/libs/nnet3/train/frame_level_objf/common.py:265 - train_one_iteration - INFO ] On iteration 69, learning rate is 0.0012.
2018-02-09 04:47:13,931 [steps/nnet3/train_raw_dnn.py:395 - train - INFO ] Doing final combination to produce final.raw
2018-02-09 04:47:13,931 [steps/libs/nnet3/train/frame_level_objf/common.py:466 - combine_models - INFO ] Combining set([64, 65, 66, 67, 68, 69, 70, 51, 52, 53, 54, 55, 56, 57, 58, 59, 60, 61, 62, 63]) models.
2018-02-09 04:52:31,831 [steps/nnet3/train_raw_dnn.py:417 - train - INFO ] Cleaning up the experiment directory exp/nnet3/multitask_removedOneLayer_0.5_0.5
exp/nnet3/multitask_removedOneLayer_0.5_0.5: num-iters=70 nj=2..8 num-params=21.1M combine=-0.53->-0.50
steps/nnet3/train_raw_dnn.py --stage=-10 --cmd=run.pl --mem 4G --feat.cmvn-opts=--norm-means=false --norm-vars=false --trainer.num-epochs 2 --trainer.optimization.num-jobs-initial=2 --trainer.optimization.num-jobs-final=8 --trainer.optimization.initial-effective-lrate=0.0015 --trainer.optimization.final-effective-lrate=0.00015 --trainer.optimization.minibatch-size=256,128 --trainer.samples-per-iter=400000 --trainer.max-param-change=2.0 --trainer.srand=0 --feat-dir data/101-recognition/cv_train_nz_sp_hires --feat.online-ivector-dir exp/101-recognition/nnet3/ivectors_cv_train_nz_sp --egs.dir exp/nnet3/multitask_removedOneLayer_0.5_0.5/egs --use-dense-targets false --targets-scp exp/101-recognition/tri4_cv_train_nz_ali --cleanup.remove-egs false --cleanup.preserve-model-interval 50 --use-gpu true --dir=exp/nnet3/multitask_removedOneLayer_0.5_0.5
['steps/nnet3/train_raw_dnn.py', '--stage=-10', '--cmd=run.pl --mem 4G', '--feat.cmvn-opts=--norm-means=false --norm-vars=false', '--trainer.num-epochs', '2', '--trainer.optimization.num-jobs-initial=2', '--trainer.optimization.num-jobs-final=8', '--trainer.optimization.initial-effective-lrate=0.0015', '--trainer.optimization.final-effective-lrate=0.00015', '--trainer.optimization.minibatch-size=256,128', '--trainer.samples-per-iter=400000', '--trainer.max-param-change=2.0', '--trainer.srand=0', '--feat-dir', 'data/101-recognition/cv_train_nz_sp_hires', '--feat.online-ivector-dir', 'exp/101-recognition/nnet3/ivectors_cv_train_nz_sp', '--egs.dir', 'exp/nnet3/multitask_removedOneLayer_0.5_0.5/egs', '--use-dense-targets', 'false', '--targets-scp', 'exp/101-recognition/tri4_cv_train_nz_ali', '--cleanup.remove-egs', 'false', '--cleanup.preserve-model-interval', '50', '--use-gpu', 'true', '--dir=exp/nnet3/multitask_removedOneLayer_0.5_0.5']
nnet3-am-init exp/101-recognition/tri4_cv_train_nz_ali/final.mdl - exp/nnet3/multitask_removedOneLayer_0.5_0.5/101-recognition/final.mdl 
nnet3-copy '--edits=rename-node old-name=output-0 new-name=output' exp/nnet3/multitask_removedOneLayer_0.5_0.5/final.raw - 
LOG (nnet3-copy[5.2.204~1-08848]:main():nnet3-copy.cc:114) Copied raw neural net from exp/nnet3/multitask_removedOneLayer_0.5_0.5/final.raw to -
LOG (nnet3-am-init[5.2.204~1-08848]:main():nnet3-am-init.cc:96) Initialized am-nnet (neural net acoustic model) and wrote to exp/nnet3/multitask_removedOneLayer_0.5_0.5/101-recognition/final.mdl
./run.sh: compute average posterior and readjust priors for language 01-recognition.
steps/nnet3/adjust_priors.sh exp/nnet3/multitask_removedOneLayer_0.5_0.5/101-recognition exp/nnet3/multitask_removedOneLayer_0.5_0.5/egs_aligns
steps/nnet3/decode.sh --nj 15 --cmd run.pl --mem 4G --stage -2 --beam 15.0 --lattice-beam 8.0 --skip-scoring false --online-ivector-dir exp/101-recognition/nnet3/ivectors_cv_dev_nz /home/abhinav/kaldi/accents/exp/tri4/graph_sw1_tg data/101-recognition/cv_dev_nz_hires exp/nnet3/multitask_removedOneLayer_0.5_0.5/101-recognition/decode_cv_dev_nz
steps/nnet2/check_ivectors_compatible.sh: WARNING: One of the directories do not contain iVector ID.
steps/nnet2/check_ivectors_compatible.sh: WARNING: That means it's you who's reponsible for keeping 
steps/nnet2/check_ivectors_compatible.sh: WARNING: the directories compatible
steps/nnet3/decode.sh: feature type is raw
steps/diagnostic/analyze_lats.sh --cmd run.pl --mem 4G --iter final /home/abhinav/kaldi/accents/exp/tri4/graph_sw1_tg exp/nnet3/multitask_removedOneLayer_0.5_0.5/101-recognition/decode_cv_dev_nz
steps/diagnostic/analyze_lats.sh: see stats in exp/nnet3/multitask_removedOneLayer_0.5_0.5/101-recognition/decode_cv_dev_nz/log/analyze_alignments.log
Overall, lattice depth (10,50,90-percentile)=(1,5,27) and mean=10.9
steps/diagnostic/analyze_lats.sh: see stats in exp/nnet3/multitask_removedOneLayer_0.5_0.5/101-recognition/decode_cv_dev_nz/log/analyze_lattice_depth_stats.log
score best paths
local/score.sh --iter final --cmd run.pl --mem 4G data/101-recognition/cv_dev_nz_hires /home/abhinav/kaldi/accents/exp/tri4/graph_sw1_tg exp/nnet3/multitask_removedOneLayer_0.5_0.5/101-recognition/decode_cv_dev_nz
local/score.sh: scoring with word insertion penalty=0.0,0.5,1.0
score confidence and timing with sclite
Decoding done.
steps/nnet3/decode.sh --nj 15 --cmd run.pl --mem 4G --stage -2 --beam 15.0 --lattice-beam 8.0 --skip-scoring false --online-ivector-dir exp/101-recognition/nnet3/ivectors_cv_test_onlynz /home/abhinav/kaldi/accents/exp/tri4/graph_sw1_tg data/101-recognition/cv_test_onlynz_hires exp/nnet3/multitask_removedOneLayer_0.5_0.5/101-recognition/decode_cv_test_onlynz
steps/nnet2/check_ivectors_compatible.sh: WARNING: One of the directories do not contain iVector ID.
steps/nnet2/check_ivectors_compatible.sh: WARNING: That means it's you who's reponsible for keeping 
steps/nnet2/check_ivectors_compatible.sh: WARNING: the directories compatible
steps/nnet3/decode.sh: feature type is raw
steps/diagnostic/analyze_lats.sh --cmd run.pl --mem 4G --iter final /home/abhinav/kaldi/accents/exp/tri4/graph_sw1_tg exp/nnet3/multitask_removedOneLayer_0.5_0.5/101-recognition/decode_cv_test_onlynz
steps/diagnostic/analyze_lats.sh: see stats in exp/nnet3/multitask_removedOneLayer_0.5_0.5/101-recognition/decode_cv_test_onlynz/log/analyze_alignments.log
Overall, lattice depth (10,50,90-percentile)=(1,6,29) and mean=12.1
steps/diagnostic/analyze_lats.sh: see stats in exp/nnet3/multitask_removedOneLayer_0.5_0.5/101-recognition/decode_cv_test_onlynz/log/analyze_lattice_depth_stats.log
score best paths
local/score.sh --iter final --cmd run.pl --mem 4G data/101-recognition/cv_test_onlynz_hires /home/abhinav/kaldi/accents/exp/tri4/graph_sw1_tg exp/nnet3/multitask_removedOneLayer_0.5_0.5/101-recognition/decode_cv_test_onlynz
local/score.sh: scoring with word insertion penalty=0.0,0.5,1.0
score confidence and timing with sclite
Decoding done.
%WER 31.42 [ 3263 / 10386, 149 ins, 1316 del, 1798 sub ] exp/nnet3/multitask/101-recognition/decode_cv_dev_nz/wer_7_0.0
%WER 36.86 [ 1876 / 5089, 106 ins, 737 del, 1033 sub ] exp/nnet3/multitask/101-recognition/decode_cv_test_onlynz/wer_7_0.0
%WER 33.35 [ 3464 / 10386, 174 ins, 1381 del, 1909 sub ] exp/nnet3/multitask_0.4_0.6/101-recognition/decode_cv_dev_nz/wer_7_0.0
%WER 38.65 [ 1967 / 5089, 106 ins, 788 del, 1073 sub ] exp/nnet3/multitask_0.4_0.6/101-recognition/decode_cv_test_onlynz/wer_7_0.0
%WER 29.33 [ 3046 / 10386, 228 ins, 1030 del, 1788 sub ] exp/nnet3/multitask_0.6_0.4/101-recognition/decode_cv_dev_nz/wer_7_0.0
%WER 33.19 [ 1689 / 5089, 125 ins, 498 del, 1066 sub ] exp/nnet3/multitask_0.6_0.4/101-recognition/decode_cv_test_onlynz/wer_7_0.0
%WER 29.42 [ 3056 / 10386, 194 ins, 1089 del, 1773 sub ] exp/nnet3/multitask_0.7_0.3/101-recognition/decode_cv_dev_nz/wer_7_0.0
%WER 31.81 [ 1619 / 5089, 109 ins, 524 del, 986 sub ] exp/nnet3/multitask_0.7_0.3/101-recognition/decode_cv_test_onlynz/wer_7_0.0
%WER 27.15 [ 2820 / 10386, 187 ins, 877 del, 1756 sub ] exp/nnet3/multitask_accentOutputAt2_0.5_0.5/101-recognition/decode_cv_dev_nz/wer_7_0.0
%WER 30.58 [ 1556 / 5089, 104 ins, 459 del, 993 sub ] exp/nnet3/multitask_accentOutputAt2_0.5_0.5/101-recognition/decode_cv_test_onlynz/wer_7_0.0
%WER 27.69 [ 2876 / 10386, 215 ins, 879 del, 1782 sub ] exp/nnet3/multitask_accentOutputAt3_0.5_0.5/101-recognition/decode_cv_dev_nz/wer_7_0.0
%WER 31.07 [ 1581 / 5089, 95 ins, 469 del, 1017 sub ] exp/nnet3/multitask_accentOutputAt3_0.5_0.5/101-recognition/decode_cv_test_onlynz/wer_7_0.5
%WER 28.16 [ 2925 / 10386, 207 ins, 918 del, 1800 sub ] exp/nnet3/multitask_accentOutputAt4_0.5_0.5/101-recognition/decode_cv_dev_nz/wer_7_0.0
%WER 33.35 [ 1697 / 5089, 143 ins, 506 del, 1048 sub ] exp/nnet3/multitask_accentOutputAt4_0.5_0.5/101-recognition/decode_cv_test_onlynz/wer_7_0.0
%WER 29.02 [ 3014 / 10386, 196 ins, 1015 del, 1803 sub ] exp/nnet3/multitask_accentOutputAt5_0.5_0.5/101-recognition/decode_cv_dev_nz/wer_7_0.0
%WER 34.13 [ 1737 / 5089, 122 ins, 555 del, 1060 sub ] exp/nnet3/multitask_accentOutputAt5_0.5_0.5/101-recognition/decode_cv_test_onlynz/wer_7_0.0
%WER 31.02 [ 3222 / 10386, 186 ins, 1177 del, 1859 sub ] exp/nnet3/multitask_bottleneck_300_0.5_0.5/101-recognition/decode_cv_dev_nz/wer_7_0.0
%WER 36.69 [ 1867 / 5089, 104 ins, 745 del, 1018 sub ] exp/nnet3/multitask_bottleneck_300_0.5_0.5/101-recognition/decode_cv_test_onlynz/wer_7_0.0
%WER 31.13 [ 3233 / 10386, 194 ins, 1212 del, 1827 sub ] exp/nnet3/multitask_bottleneck_512_0.5_0.5/101-recognition/decode_cv_dev_nz/wer_7_0.0
%WER 36.37 [ 1851 / 5089, 104 ins, 705 del, 1042 sub ] exp/nnet3/multitask_bottleneck_512_0.5_0.5/101-recognition/decode_cv_test_onlynz/wer_7_0.0
%WER 31.22 [ 3243 / 10386, 212 ins, 1130 del, 1901 sub ] exp/nnet3/multitask_removedOneLayer_0.5_0.5/101-recognition/decode_cv_dev_nz/wer_7_0.0
%WER 33.88 [ 1724 / 5089, 120 ins, 528 del, 1076 sub ] exp/nnet3/multitask_removedOneLayer_0.5_0.5/101-recognition/decode_cv_test_onlynz/wer_7_0.0
