steps/nnet3/xconfig_to_configs.py --xconfig-file exp/nnet3/multitask_accentOutputAt4_0.6_0.4/configs/network.xconfig --config-dir exp/nnet3/multitask_accentOutputAt4_0.6_0.4/configs/ --nnet-edits=rename-node old-name=output-0 new-name=output
nnet3-init exp/nnet3/multitask_accentOutputAt4_0.6_0.4/configs//ref.config exp/nnet3/multitask_accentOutputAt4_0.6_0.4/configs//ref.raw 
LOG (nnet3-init[5.2.204~1-08848]:main():nnet3-init.cc:80) Initialized raw neural net and wrote it to exp/nnet3/multitask_accentOutputAt4_0.6_0.4/configs//ref.raw
nnet3-info "nnet3-copy --edits='rename-node old-name=output-0 new-name=output' exp/nnet3/multitask_accentOutputAt4_0.6_0.4/configs//ref.raw - |" 
nnet3-copy '--edits=rename-node old-name=output-0 new-name=output' exp/nnet3/multitask_accentOutputAt4_0.6_0.4/configs//ref.raw - 
LOG (nnet3-copy[5.2.204~1-08848]:main():nnet3-copy.cc:114) Copied raw neural net from exp/nnet3/multitask_accentOutputAt4_0.6_0.4/configs//ref.raw to -
nnet3-init exp/nnet3/multitask_accentOutputAt4_0.6_0.4/configs//ref.config exp/nnet3/multitask_accentOutputAt4_0.6_0.4/configs//ref.raw 
LOG (nnet3-init[5.2.204~1-08848]:main():nnet3-init.cc:80) Initialized raw neural net and wrote it to exp/nnet3/multitask_accentOutputAt4_0.6_0.4/configs//ref.raw
nnet3-info "nnet3-copy --edits='rename-node old-name=output-0 new-name=output' exp/nnet3/multitask_accentOutputAt4_0.6_0.4/configs//ref.raw - |" 
nnet3-copy '--edits=rename-node old-name=output-0 new-name=output' exp/nnet3/multitask_accentOutputAt4_0.6_0.4/configs//ref.raw - 
LOG (nnet3-copy[5.2.204~1-08848]:main():nnet3-copy.cc:114) Copied raw neural net from exp/nnet3/multitask_accentOutputAt4_0.6_0.4/configs//ref.raw to -
./run.sh: calling get_egs.sh for generating examples with alignments as output
steps/nnet3/get_egs.sh --cmvn-opts --norm-means=false --norm-vars=false --online-ivector-dir exp/101-recognition/nnet3/ivectors_cv_train_nz_sp --transform-dir exp/101-recognition/tri4_cv_train_nz_ali --left-context 16 --right-context 12 --num-utts-subset 300 --nj 20 --samples-per-iter 400000 --cmd run.pl --generate-egs-scp true --frames-per-eg 8 data/101-recognition/cv_train_nz_sp_hires exp/101-recognition/tri4_cv_train_nz_ali exp/nnet3/multitask_accentOutputAt4_0.6_0.4/egs_aligns
File data/101-recognition/cv_train_nz_sp_hires/utt2uniq exists, so augmenting valid_uttlist to
include all perturbed versions of the same 'real' utterances.
steps/nnet3/get_egs.sh: feature type is raw
feat-to-dim scp:exp/101-recognition/nnet3/ivectors_cv_train_nz_sp/ivector_online.scp - 
steps/nnet3/get_egs.sh: working out number of frames of training data
steps/nnet3/get_egs.sh: working out feature dim
steps/nnet3/get_egs.sh: creating 12 archives, each with 387321 egs, with
steps/nnet3/get_egs.sh:   8 labels per example, and (left,right) context = (16,12)
steps/nnet3/get_egs.sh: copying data alignments
copy-int-vector ark:- ark,scp:exp/nnet3/multitask_accentOutputAt4_0.6_0.4/egs_aligns/ali.ark,exp/nnet3/multitask_accentOutputAt4_0.6_0.4/egs_aligns/ali.scp 
LOG (copy-int-vector[5.2.204~1-08848]:main():copy-int-vector.cc:83) Copied 92660 vectors of int32.
steps/nnet3/get_egs.sh: Getting validation and training subset examples.
steps/nnet3/get_egs.sh: ... extracting validation and training-subset alignments.
... Getting subsets of validation examples for diagnostics and combination.
nnet3-copy-egs ark:- ark,scp:exp/nnet3/multitask_accentOutputAt4_0.6_0.4/egs_aligns/combine.egs,exp/nnet3/multitask_accentOutputAt4_0.6_0.4/egs_aligns/combine.scp 
LOG (nnet3-copy-egs[5.2.204~1-08848]:main():nnet3-copy-egs.cc:436) Read 7500 neural-network training examples, wrote 7500, 0 examples had errors.
rm: cannot remove 'exp/nnet3/multitask_accentOutputAt4_0.6_0.4/egs_aligns/train_combine.scp': No such file or directory
rm: cannot remove 'exp/nnet3/multitask_accentOutputAt4_0.6_0.4/egs_aligns/valid_combine.scp': No such file or directory
steps/nnet3/get_egs.sh: Generating training examples on disk
steps/nnet3/get_egs.sh: recombining and shuffling order of archives on disk
steps/nnet3/get_egs.sh: removing temporary archives
steps/nnet3/get_egs.sh: removing temporary alignments and transforms
steps/nnet3/get_egs.sh: Finished preparing training examples
./run.sh: calling get_egs.sh for generating examples with alignments as output
steps/nnet3/get_egs_mod.sh --cmvn-opts --norm-means=false --norm-vars=false --online-ivector-dir exp/102-class/nnet3/ivectors_cv_trainx_nz_sp --transform-dir exp/102-class/ali --left-context 16 --right-context 12 --num-utts-subset 300 --nj 20 --num-pdfs 16 --samples-per-iter 400000 --cmd run.pl --generate-egs-scp true --frames-per-eg 8 data/102-class/cv_trainx_nz_sp_hires exp/102-class/ali exp/nnet3/multitask_accentOutputAt4_0.6_0.4/egs_accents
File data/102-class/cv_trainx_nz_sp_hires/utt2uniq exists, so augmenting valid_uttlist to
include all perturbed versions of the same 'real' utterances.
steps/nnet3/get_egs_mod.sh: feature type is raw
feat-to-dim scp:exp/102-class/nnet3/ivectors_cv_trainx_nz_sp/ivector_online.scp - 
steps/nnet3/get_egs_mod.sh: working out number of frames of training data
steps/nnet3/get_egs_mod.sh: working out feature dim
steps/nnet3/get_egs_mod.sh: creating 12 archives, each with 387321 egs, with
steps/nnet3/get_egs_mod.sh:   8 labels per example, and (left,right) context = (16,12)
steps/nnet3/get_egs_mod.sh: copying data alignments
copy-int-vector ark:- ark,scp:exp/nnet3/multitask_accentOutputAt4_0.6_0.4/egs_accents/ali.ark,exp/nnet3/multitask_accentOutputAt4_0.6_0.4/egs_accents/ali.scp 
LOG (copy-int-vector[5.2.204~1-08848]:main():copy-int-vector.cc:83) Copied 92660 vectors of int32.
steps/nnet3/get_egs_mod.sh: Getting validation and training subset examples.
steps/nnet3/get_egs_mod.sh: ... extracting validation and training-subset alignments.
... Getting subsets of validation examples for diagnostics and combination.
nnet3-copy-egs ark:- ark,scp:exp/nnet3/multitask_accentOutputAt4_0.6_0.4/egs_accents/combine.egs,exp/nnet3/multitask_accentOutputAt4_0.6_0.4/egs_accents/combine.scp 
LOG (nnet3-copy-egs[5.2.204~1-08848]:main():nnet3-copy-egs.cc:436) Read 7500 neural-network training examples, wrote 7500, 0 examples had errors.
rm: cannot remove 'exp/nnet3/multitask_accentOutputAt4_0.6_0.4/egs_accents/train_combine.scp': No such file or directory
rm: cannot remove 'exp/nnet3/multitask_accentOutputAt4_0.6_0.4/egs_accents/valid_combine.scp': No such file or directory
steps/nnet3/get_egs_mod.sh: Generating training examples on disk
steps/nnet3/get_egs_mod.sh: recombining and shuffling order of archives on disk
steps/nnet3/get_egs_mod.sh: removing temporary archives
steps/nnet3/get_egs_mod.sh: removing temporary alignments and transforms
steps/nnet3/get_egs_mod.sh: Finished preparing training examples
steps/nnet3/multilingual/combine_egs.sh --lang2weight '0.6,0.4' --cmd run.pl --mem 4G --samples-per-iter 400000 2 exp/nnet3/multitask_accentOutputAt4_0.6_0.4/egs_aligns exp/nnet3/multitask_accentOutputAt4_0.6_0.4/egs_accents exp/nnet3/multitask_accentOutputAt4_0.6_0.4/egs
steps/nnet3/multilingual/combine_egs.sh: allocating multilingual examples for training.
steps/nnet3/multilingual/combine_egs.sh: combine combine.scp examples from all langs in exp/nnet3/multitask_accentOutputAt4_0.6_0.4/egs/combine.scp.
steps/nnet3/multilingual/combine_egs.sh: combine train_diagnostic.scp examples from all langs in exp/nnet3/multitask_accentOutputAt4_0.6_0.4/egs/train_diagnostic.scp.
steps/nnet3/multilingual/combine_egs.sh: combine valid_diagnostic.scp examples from all langs in exp/nnet3/multitask_accentOutputAt4_0.6_0.4/egs/valid_diagnostic.scp.
steps/nnet3/multilingual/combine_egs.sh: Finished preparing multilingual training example.
2018-02-16 16:17:55,850 [steps/nnet3/train_raw_dnn.py:34 - <module> - INFO ] Starting raw DNN trainer (train_raw_dnn.py)
2018-02-16 16:17:55,860 [steps/nnet3/train_raw_dnn.py:172 - train - INFO ] Arguments for the experiment
{'backstitch_training_interval': 1,
 'backstitch_training_scale': 0.0,
 'cleanup': True,
 'cmvn_opts': '--norm-means=false --norm-vars=false',
 'combine_sum_to_one_penalty': 0.0,
 'command': 'run.pl --mem 4G',
 'compute_average_posteriors': False,
 'compute_per_dim_accuracy': False,
 'dir': 'exp/nnet3/multitask_accentOutputAt4_0.6_0.4',
 'do_final_combination': True,
 'dropout_schedule': None,
 'egs_command': None,
 'egs_dir': 'exp/nnet3/multitask_accentOutputAt4_0.6_0.4/egs',
 'egs_opts': None,
 'egs_stage': 0,
 'email': None,
 'exit_stage': None,
 'feat_dir': 'data/101-recognition/cv_train_nz_sp_hires',
 'final_effective_lrate': 0.00015,
 'frames_per_eg': 8,
 'image_augmentation_opts': None,
 'initial_effective_lrate': 0.0015,
 'max_lda_jobs': 10,
 'max_models_combine': 20,
 'max_param_change': 2.0,
 'minibatch_size': '256,128',
 'momentum': 0.0,
 'nj': 4,
 'num_epochs': 2.0,
 'num_jobs_compute_prior': 10,
 'num_jobs_final': 8,
 'num_jobs_initial': 2,
 'online_ivector_dir': 'exp/101-recognition/nnet3/ivectors_cv_train_nz_sp',
 'preserve_model_interval': 50,
 'presoftmax_prior_scale_power': -0.25,
 'prior_subset_size': 20000,
 'proportional_shrink': 0.0,
 'rand_prune': 4.0,
 'remove_egs': False,
 'reporting_interval': 0.1,
 'samples_per_iter': 400000,
 'shuffle_buffer_size': 5000,
 'srand': 0,
 'stage': -10,
 'targets_scp': 'exp/101-recognition/tri4_cv_train_nz_ali',
 'transform_dir': None,
 'use_dense_targets': False,
 'use_gpu': True}
2018-02-16 16:17:55,886 [steps/nnet3/train_raw_dnn.py:283 - train - INFO ] Preparing the initial network.
2018-02-16 16:17:57,187 [steps/nnet3/train_raw_dnn.py:322 - train - INFO ] Training will run for 2.0 epochs = 70 iterations
2018-02-16 16:17:57,187 [steps/libs/nnet3/train/frame_level_objf/common.py:201 - train_one_iteration - INFO ] Training neural net (pass 0)
2018-02-16 16:17:57,193 [steps/libs/nnet3/train/frame_level_objf/common.py:265 - train_one_iteration - INFO ] On iteration 0, learning rate is 0.003.
2018-02-16 16:21:43,196 [steps/libs/nnet3/train/frame_level_objf/common.py:201 - train_one_iteration - INFO ] Training neural net (pass 1)
2018-02-16 16:21:43,201 [steps/libs/nnet3/train/frame_level_objf/common.py:265 - train_one_iteration - INFO ] On iteration 1, learning rate is 0.0029610070167.
2018-02-16 16:23:59,752 [steps/libs/nnet3/train/frame_level_objf/common.py:201 - train_one_iteration - INFO ] Training neural net (pass 2)
2018-02-16 16:23:59,759 [steps/libs/nnet3/train/frame_level_objf/common.py:265 - train_one_iteration - INFO ] On iteration 2, learning rate is 0.00292252085097.
2018-02-16 16:26:16,833 [steps/libs/nnet3/train/frame_level_objf/common.py:201 - train_one_iteration - INFO ] Training neural net (pass 3)
2018-02-16 16:26:16,840 [steps/libs/nnet3/train/frame_level_objf/common.py:265 - train_one_iteration - INFO ] On iteration 3, learning rate is 0.00288453491539.
2018-02-16 16:28:32,682 [steps/libs/nnet3/train/frame_level_objf/common.py:201 - train_one_iteration - INFO ] Training neural net (pass 4)
2018-02-16 16:28:32,689 [steps/libs/nnet3/train/frame_level_objf/common.py:265 - train_one_iteration - INFO ] On iteration 4, learning rate is 0.00284704270813.
2018-02-16 16:30:49,160 [steps/libs/nnet3/train/frame_level_objf/common.py:201 - train_one_iteration - INFO ] Training neural net (pass 5)
2018-02-16 16:30:49,174 [steps/libs/nnet3/train/frame_level_objf/common.py:265 - train_one_iteration - INFO ] On iteration 5, learning rate is 0.00281003781187.
2018-02-16 16:33:04,948 [steps/libs/nnet3/train/frame_level_objf/common.py:201 - train_one_iteration - INFO ] Training neural net (pass 6)
2018-02-16 16:33:04,954 [steps/libs/nnet3/train/frame_level_objf/common.py:265 - train_one_iteration - INFO ] On iteration 6, learning rate is 0.00416027083906.
2018-02-16 16:35:56,594 [steps/libs/nnet3/train/frame_level_objf/common.py:201 - train_one_iteration - INFO ] Training neural net (pass 7)
2018-02-16 16:35:56,601 [steps/libs/nnet3/train/frame_level_objf/common.py:265 - train_one_iteration - INFO ] On iteration 7, learning rate is 0.00407942428943.
2018-02-16 16:38:46,233 [steps/libs/nnet3/train/frame_level_objf/common.py:201 - train_one_iteration - INFO ] Training neural net (pass 8)
2018-02-16 16:38:46,240 [steps/libs/nnet3/train/frame_level_objf/common.py:265 - train_one_iteration - INFO ] On iteration 8, learning rate is 0.00400014883092.
2018-02-16 16:41:32,588 [steps/libs/nnet3/train/frame_level_objf/common.py:201 - train_one_iteration - INFO ] Training neural net (pass 9)
2018-02-16 16:41:32,596 [steps/libs/nnet3/train/frame_level_objf/common.py:265 - train_one_iteration - INFO ] On iteration 9, learning rate is 0.00392241393252.
2018-02-16 16:44:23,064 [steps/libs/nnet3/train/frame_level_objf/common.py:201 - train_one_iteration - INFO ] Training neural net (pass 10)
2018-02-16 16:44:23,070 [steps/libs/nnet3/train/frame_level_objf/common.py:265 - train_one_iteration - INFO ] On iteration 10, learning rate is 0.00384618965652.
2018-02-16 16:47:12,162 [steps/libs/nnet3/train/frame_level_objf/common.py:201 - train_one_iteration - INFO ] Training neural net (pass 11)
2018-02-16 16:47:12,170 [steps/libs/nnet3/train/frame_level_objf/common.py:265 - train_one_iteration - INFO ] On iteration 11, learning rate is 0.00377144664699.
2018-02-16 16:50:01,629 [steps/libs/nnet3/train/frame_level_objf/common.py:201 - train_one_iteration - INFO ] Training neural net (pass 12)
2018-02-16 16:50:01,639 [steps/libs/nnet3/train/frame_level_objf/common.py:265 - train_one_iteration - INFO ] On iteration 12, learning rate is 0.00369815611848.
2018-02-16 16:54:21,624 [steps/libs/nnet3/train/frame_level_objf/common.py:201 - train_one_iteration - INFO ] Training neural net (pass 13)
2018-02-16 16:54:21,633 [steps/libs/nnet3/train/frame_level_objf/common.py:265 - train_one_iteration - INFO ] On iteration 13, learning rate is 0.00362628984493.
2018-02-16 16:57:10,604 [steps/libs/nnet3/train/frame_level_objf/common.py:201 - train_one_iteration - INFO ] Training neural net (pass 14)
2018-02-16 16:57:10,611 [steps/libs/nnet3/train/frame_level_objf/common.py:265 - train_one_iteration - INFO ] On iteration 14, learning rate is 0.00355582014878.
2018-02-16 17:00:02,257 [steps/libs/nnet3/train/frame_level_objf/common.py:201 - train_one_iteration - INFO ] Training neural net (pass 15)
2018-02-16 17:00:02,264 [steps/libs/nnet3/train/frame_level_objf/common.py:265 - train_one_iteration - INFO ] On iteration 15, learning rate is 0.00348671989034.
2018-02-16 17:02:51,941 [steps/libs/nnet3/train/frame_level_objf/common.py:201 - train_one_iteration - INFO ] Training neural net (pass 16)
2018-02-16 17:02:51,950 [steps/libs/nnet3/train/frame_level_objf/common.py:265 - train_one_iteration - INFO ] On iteration 16, learning rate is 0.00341896245733.
2018-02-16 17:05:40,790 [steps/libs/nnet3/train/frame_level_objf/common.py:201 - train_one_iteration - INFO ] Training neural net (pass 17)
2018-02-16 17:05:40,797 [steps/libs/nnet3/train/frame_level_objf/common.py:265 - train_one_iteration - INFO ] On iteration 17, learning rate is 0.00335252175463.
2018-02-16 17:08:31,129 [steps/libs/nnet3/train/frame_level_objf/common.py:201 - train_one_iteration - INFO ] Training neural net (pass 18)
2018-02-16 17:08:31,137 [steps/libs/nnet3/train/frame_level_objf/common.py:265 - train_one_iteration - INFO ] On iteration 18, learning rate is 0.0043831629256.
2018-02-16 17:11:53,536 [steps/libs/nnet3/train/frame_level_objf/common.py:201 - train_one_iteration - INFO ] Training neural net (pass 19)
2018-02-16 17:11:53,544 [steps/libs/nnet3/train/frame_level_objf/common.py:265 - train_one_iteration - INFO ] On iteration 19, learning rate is 0.00426996168109.
2018-02-16 17:15:16,627 [steps/libs/nnet3/train/frame_level_objf/common.py:201 - train_one_iteration - INFO ] Training neural net (pass 20)
2018-02-16 17:15:16,633 [steps/libs/nnet3/train/frame_level_objf/common.py:265 - train_one_iteration - INFO ] On iteration 20, learning rate is 0.00415968401529.
2018-02-16 17:22:38,080 [steps/libs/nnet3/train/frame_level_objf/common.py:201 - train_one_iteration - INFO ] Training neural net (pass 21)
2018-02-16 17:22:38,086 [steps/libs/nnet3/train/frame_level_objf/common.py:265 - train_one_iteration - INFO ] On iteration 21, learning rate is 0.00405225442271.
2018-02-16 17:25:58,936 [steps/libs/nnet3/train/frame_level_objf/common.py:201 - train_one_iteration - INFO ] Training neural net (pass 22)
2018-02-16 17:25:58,942 [steps/libs/nnet3/train/frame_level_objf/common.py:265 - train_one_iteration - INFO ] On iteration 22, learning rate is 0.00394759934795.
2018-02-16 17:29:19,852 [steps/libs/nnet3/train/frame_level_objf/common.py:201 - train_one_iteration - INFO ] Training neural net (pass 23)
2018-02-16 17:29:19,859 [steps/libs/nnet3/train/frame_level_objf/common.py:265 - train_one_iteration - INFO ] On iteration 23, learning rate is 0.00384564713522.
2018-02-16 17:33:45,134 [steps/libs/nnet3/train/frame_level_objf/common.py:201 - train_one_iteration - INFO ] Training neural net (pass 24)
2018-02-16 17:33:45,141 [steps/libs/nnet3/train/frame_level_objf/common.py:265 - train_one_iteration - INFO ] On iteration 24, learning rate is 0.00374632797939.
2018-02-16 17:37:07,126 [steps/libs/nnet3/train/frame_level_objf/common.py:201 - train_one_iteration - INFO ] Training neural net (pass 25)
2018-02-16 17:37:07,133 [steps/libs/nnet3/train/frame_level_objf/common.py:265 - train_one_iteration - INFO ] On iteration 25, learning rate is 0.00364957387812.
2018-02-16 17:40:29,304 [steps/libs/nnet3/train/frame_level_objf/common.py:201 - train_one_iteration - INFO ] Training neural net (pass 26)
2018-02-16 17:40:29,314 [steps/libs/nnet3/train/frame_level_objf/common.py:265 - train_one_iteration - INFO ] On iteration 26, learning rate is 0.00355531858533.
2018-02-16 17:44:48,823 [steps/libs/nnet3/train/frame_level_objf/common.py:201 - train_one_iteration - INFO ] Training neural net (pass 27)
2018-02-16 17:44:48,829 [steps/libs/nnet3/train/frame_level_objf/common.py:265 - train_one_iteration - INFO ] On iteration 27, learning rate is 0.00346349756583.
2018-02-16 17:48:07,135 [steps/libs/nnet3/train/frame_level_objf/common.py:201 - train_one_iteration - INFO ] Training neural net (pass 28)
2018-02-16 17:48:07,141 [steps/libs/nnet3/train/frame_level_objf/common.py:265 - train_one_iteration - INFO ] On iteration 28, learning rate is 0.00337404795114.
2018-02-16 17:50:07,316 [steps/libs/nnet3/train/frame_level_objf/common.py:201 - train_one_iteration - INFO ] Training neural net (pass 29)
2018-02-16 17:50:07,323 [steps/libs/nnet3/train/frame_level_objf/common.py:265 - train_one_iteration - INFO ] On iteration 29, learning rate is 0.00328690849647.
2018-02-16 17:52:07,847 [steps/libs/nnet3/train/frame_level_objf/common.py:201 - train_one_iteration - INFO ] Training neural net (pass 30)
2018-02-16 17:52:07,854 [steps/libs/nnet3/train/frame_level_objf/common.py:265 - train_one_iteration - INFO ] On iteration 30, learning rate is 0.0040025244234.
2018-02-16 17:54:32,300 [steps/libs/nnet3/train/frame_level_objf/common.py:201 - train_one_iteration - INFO ] Training neural net (pass 31)
2018-02-16 17:54:32,307 [steps/libs/nnet3/train/frame_level_objf/common.py:265 - train_one_iteration - INFO ] On iteration 31, learning rate is 0.00387373087601.
2018-02-16 17:56:57,014 [steps/libs/nnet3/train/frame_level_objf/common.py:201 - train_one_iteration - INFO ] Training neural net (pass 32)
2018-02-16 17:56:57,020 [steps/libs/nnet3/train/frame_level_objf/common.py:265 - train_one_iteration - INFO ] On iteration 32, learning rate is 0.00374908165756.
2018-02-16 17:59:21,613 [steps/libs/nnet3/train/frame_level_objf/common.py:201 - train_one_iteration - INFO ] Training neural net (pass 33)
2018-02-16 17:59:21,619 [steps/libs/nnet3/train/frame_level_objf/common.py:265 - train_one_iteration - INFO ] On iteration 33, learning rate is 0.00362844341152.
2018-02-16 18:01:46,613 [steps/libs/nnet3/train/frame_level_objf/common.py:201 - train_one_iteration - INFO ] Training neural net (pass 34)
2018-02-16 18:01:46,620 [steps/libs/nnet3/train/frame_level_objf/common.py:265 - train_one_iteration - INFO ] On iteration 34, learning rate is 0.00351168707251.
2018-02-16 18:04:10,487 [steps/libs/nnet3/train/frame_level_objf/common.py:201 - train_one_iteration - INFO ] Training neural net (pass 35)
2018-02-16 18:04:10,494 [steps/libs/nnet3/train/frame_level_objf/common.py:265 - train_one_iteration - INFO ] On iteration 35, learning rate is 0.0033986877282.
2018-02-16 18:06:35,861 [steps/libs/nnet3/train/frame_level_objf/common.py:201 - train_one_iteration - INFO ] Training neural net (pass 36)
2018-02-16 18:06:35,869 [steps/libs/nnet3/train/frame_level_objf/common.py:265 - train_one_iteration - INFO ] On iteration 36, learning rate is 0.00328932448573.
2018-02-16 18:08:59,762 [steps/libs/nnet3/train/frame_level_objf/common.py:201 - train_one_iteration - INFO ] Training neural net (pass 37)
2018-02-16 18:08:59,769 [steps/libs/nnet3/train/frame_level_objf/common.py:265 - train_one_iteration - INFO ] On iteration 37, learning rate is 0.00318348034232.
2018-02-16 18:11:24,521 [steps/libs/nnet3/train/frame_level_objf/common.py:201 - train_one_iteration - INFO ] Training neural net (pass 38)
2018-02-16 18:11:24,532 [steps/libs/nnet3/train/frame_level_objf/common.py:265 - train_one_iteration - INFO ] On iteration 38, learning rate is 0.00308104206013.
2018-02-16 18:13:48,691 [steps/libs/nnet3/train/frame_level_objf/common.py:201 - train_one_iteration - INFO ] Training neural net (pass 39)
2018-02-16 18:13:48,699 [steps/libs/nnet3/train/frame_level_objf/common.py:265 - train_one_iteration - INFO ] On iteration 39, learning rate is 0.00298190004509.
2018-02-16 18:16:13,765 [steps/libs/nnet3/train/frame_level_objf/common.py:201 - train_one_iteration - INFO ] Training neural net (pass 40)
2018-02-16 18:16:13,771 [steps/libs/nnet3/train/frame_level_objf/common.py:265 - train_one_iteration - INFO ] On iteration 40, learning rate is 0.00288594822964.
2018-02-16 18:19:59,456 [steps/libs/nnet3/train/frame_level_objf/common.py:201 - train_one_iteration - INFO ] Training neural net (pass 41)
2018-02-16 18:19:59,462 [steps/libs/nnet3/train/frame_level_objf/common.py:265 - train_one_iteration - INFO ] On iteration 41, learning rate is 0.00335170075116.
2018-02-16 18:22:51,254 [steps/libs/nnet3/train/frame_level_objf/common.py:201 - train_one_iteration - INFO ] Training neural net (pass 42)
2018-02-16 18:22:51,261 [steps/libs/nnet3/train/frame_level_objf/common.py:265 - train_one_iteration - INFO ] On iteration 42, learning rate is 0.00322269928089.
2018-02-16 18:25:45,373 [steps/libs/nnet3/train/frame_level_objf/common.py:201 - train_one_iteration - INFO ] Training neural net (pass 43)
2018-02-16 18:25:45,382 [steps/libs/nnet3/train/frame_level_objf/common.py:265 - train_one_iteration - INFO ] On iteration 43, learning rate is 0.00309866286585.
2018-02-16 18:28:39,704 [steps/libs/nnet3/train/frame_level_objf/common.py:201 - train_one_iteration - INFO ] Training neural net (pass 44)
2018-02-16 18:28:39,713 [steps/libs/nnet3/train/frame_level_objf/common.py:265 - train_one_iteration - INFO ] On iteration 44, learning rate is 0.00297940040919.
2018-02-16 18:31:34,544 [steps/libs/nnet3/train/frame_level_objf/common.py:201 - train_one_iteration - INFO ] Training neural net (pass 45)
2018-02-16 18:31:34,551 [steps/libs/nnet3/train/frame_level_objf/common.py:265 - train_one_iteration - INFO ] On iteration 45, learning rate is 0.00286472816908.
2018-02-16 18:34:27,976 [steps/libs/nnet3/train/frame_level_objf/common.py:201 - train_one_iteration - INFO ] Training neural net (pass 46)
2018-02-16 18:34:27,984 [steps/libs/nnet3/train/frame_level_objf/common.py:265 - train_one_iteration - INFO ] On iteration 46, learning rate is 0.0027544694756.
2018-02-16 18:37:21,696 [steps/libs/nnet3/train/frame_level_objf/common.py:201 - train_one_iteration - INFO ] Training neural net (pass 47)
2018-02-16 18:37:21,704 [steps/libs/nnet3/train/frame_level_objf/common.py:265 - train_one_iteration - INFO ] On iteration 47, learning rate is 0.00264845445859.
2018-02-16 18:40:18,388 [steps/libs/nnet3/train/frame_level_objf/common.py:201 - train_one_iteration - INFO ] Training neural net (pass 48)
2018-02-16 18:40:18,396 [steps/libs/nnet3/train/frame_level_objf/common.py:265 - train_one_iteration - INFO ] On iteration 48, learning rate is 0.00254651978587.
2018-02-16 18:43:10,089 [steps/libs/nnet3/train/frame_level_objf/common.py:201 - train_one_iteration - INFO ] Training neural net (pass 49)
2018-02-16 18:43:10,096 [steps/libs/nnet3/train/frame_level_objf/common.py:265 - train_one_iteration - INFO ] On iteration 49, learning rate is 0.0024485084117.
2018-02-16 18:46:04,326 [steps/libs/nnet3/train/frame_level_objf/common.py:201 - train_one_iteration - INFO ] Training neural net (pass 50)
2018-02-16 18:46:04,341 [steps/libs/nnet3/train/frame_level_objf/common.py:265 - train_one_iteration - INFO ] On iteration 50, learning rate is 0.00235426933472.
2018-02-16 18:48:57,832 [steps/libs/nnet3/train/frame_level_objf/common.py:201 - train_one_iteration - INFO ] Training neural net (pass 51)
2018-02-16 18:48:57,838 [steps/libs/nnet3/train/frame_level_objf/common.py:265 - train_one_iteration - INFO ] On iteration 51, learning rate is 0.00226365736542.
2018-02-16 18:51:50,492 [steps/libs/nnet3/train/frame_level_objf/common.py:201 - train_one_iteration - INFO ] Training neural net (pass 52)
2018-02-16 18:51:50,500 [steps/libs/nnet3/train/frame_level_objf/common.py:265 - train_one_iteration - INFO ] On iteration 52, learning rate is 0.00217653290234.
2018-02-16 18:54:11,003 [steps/libs/nnet3/train/frame_level_objf/common.py:201 - train_one_iteration - INFO ] Training neural net (pass 53)
2018-02-16 18:54:11,012 [steps/libs/nnet3/train/frame_level_objf/common.py:265 - train_one_iteration - INFO ] On iteration 53, learning rate is 0.00244155533662.
2018-02-16 18:56:16,452 [steps/libs/nnet3/train/frame_level_objf/common.py:201 - train_one_iteration - INFO ] Training neural net (pass 54)
2018-02-16 18:56:16,459 [steps/libs/nnet3/train/frame_level_objf/common.py:265 - train_one_iteration - INFO ] On iteration 54, learning rate is 0.00233227742264.
2018-02-16 18:59:09,370 [steps/libs/nnet3/train/frame_level_objf/common.py:201 - train_one_iteration - INFO ] Training neural net (pass 55)
2018-02-16 18:59:09,379 [steps/libs/nnet3/train/frame_level_objf/common.py:265 - train_one_iteration - INFO ] On iteration 55, learning rate is 0.00222789051494.
2018-02-16 19:02:25,736 [steps/libs/nnet3/train/frame_level_objf/common.py:201 - train_one_iteration - INFO ] Training neural net (pass 56)
2018-02-16 19:02:25,744 [steps/libs/nnet3/train/frame_level_objf/common.py:265 - train_one_iteration - INFO ] On iteration 56, learning rate is 0.00212817570431.
2018-02-16 19:05:42,434 [steps/libs/nnet3/train/frame_level_objf/common.py:201 - train_one_iteration - INFO ] Training neural net (pass 57)
2018-02-16 19:05:42,442 [steps/libs/nnet3/train/frame_level_objf/common.py:265 - train_one_iteration - INFO ] On iteration 57, learning rate is 0.00203292387935.
2018-02-16 19:08:59,566 [steps/libs/nnet3/train/frame_level_objf/common.py:201 - train_one_iteration - INFO ] Training neural net (pass 58)
2018-02-16 19:08:59,574 [steps/libs/nnet3/train/frame_level_objf/common.py:265 - train_one_iteration - INFO ] On iteration 58, learning rate is 0.00194193528798.
2018-02-16 19:12:14,717 [steps/libs/nnet3/train/frame_level_objf/common.py:201 - train_one_iteration - INFO ] Training neural net (pass 59)
2018-02-16 19:12:14,725 [steps/libs/nnet3/train/frame_level_objf/common.py:265 - train_one_iteration - INFO ] On iteration 59, learning rate is 0.00185501911854.
2018-02-16 19:16:28,269 [steps/libs/nnet3/train/frame_level_objf/common.py:201 - train_one_iteration - INFO ] Training neural net (pass 60)
2018-02-16 19:16:28,280 [steps/libs/nnet3/train/frame_level_objf/common.py:265 - train_one_iteration - INFO ] On iteration 60, learning rate is 0.00177199309958.
2018-02-16 19:24:59,494 [steps/libs/nnet3/train/frame_level_objf/common.py:201 - train_one_iteration - INFO ] Training neural net (pass 61)
2018-02-16 19:24:59,509 [steps/libs/nnet3/train/frame_level_objf/common.py:265 - train_one_iteration - INFO ] On iteration 61, learning rate is 0.0016926831177.
2018-02-16 19:29:45,765 [steps/libs/nnet3/train/frame_level_objf/common.py:201 - train_one_iteration - INFO ] Training neural net (pass 62)
2018-02-16 19:29:45,771 [steps/libs/nnet3/train/frame_level_objf/common.py:265 - train_one_iteration - INFO ] On iteration 62, learning rate is 0.00161692285236.
2018-02-16 19:34:39,632 [steps/libs/nnet3/train/frame_level_objf/common.py:201 - train_one_iteration - INFO ] Training neural net (pass 63)
2018-02-16 19:34:39,655 [steps/libs/nnet3/train/frame_level_objf/common.py:265 - train_one_iteration - INFO ] On iteration 63, learning rate is 0.00154455342713.
2018-02-16 19:39:30,241 [steps/libs/nnet3/train/frame_level_objf/common.py:201 - train_one_iteration - INFO ] Training neural net (pass 64)
2018-02-16 19:39:30,248 [steps/libs/nnet3/train/frame_level_objf/common.py:265 - train_one_iteration - INFO ] On iteration 64, learning rate is 0.00147542307649.
2018-02-16 19:44:26,657 [steps/libs/nnet3/train/frame_level_objf/common.py:201 - train_one_iteration - INFO ] Training neural net (pass 65)
2018-02-16 19:44:26,665 [steps/libs/nnet3/train/frame_level_objf/common.py:265 - train_one_iteration - INFO ] On iteration 65, learning rate is 0.0016107278029.
2018-02-16 19:50:00,515 [steps/libs/nnet3/train/frame_level_objf/common.py:201 - train_one_iteration - INFO ] Training neural net (pass 66)
2018-02-16 19:50:00,523 [steps/libs/nnet3/train/frame_level_objf/common.py:265 - train_one_iteration - INFO ] On iteration 66, learning rate is 0.00152860361534.
2018-02-16 19:55:34,525 [steps/libs/nnet3/train/frame_level_objf/common.py:201 - train_one_iteration - INFO ] Training neural net (pass 67)
2018-02-16 19:55:34,531 [steps/libs/nnet3/train/frame_level_objf/common.py:265 - train_one_iteration - INFO ] On iteration 67, learning rate is 0.00145066659222.
2018-02-16 20:01:03,338 [steps/libs/nnet3/train/frame_level_objf/common.py:201 - train_one_iteration - INFO ] Training neural net (pass 68)
2018-02-16 20:01:03,346 [steps/libs/nnet3/train/frame_level_objf/common.py:265 - train_one_iteration - INFO ] On iteration 68, learning rate is 0.00137670324777.
2018-02-16 20:06:35,736 [steps/libs/nnet3/train/frame_level_objf/common.py:201 - train_one_iteration - INFO ] Training neural net (pass 69)
2018-02-16 20:06:35,744 [steps/libs/nnet3/train/frame_level_objf/common.py:265 - train_one_iteration - INFO ] On iteration 69, learning rate is 0.0012.
2018-02-16 20:12:10,427 [steps/nnet3/train_raw_dnn.py:395 - train - INFO ] Doing final combination to produce final.raw
2018-02-16 20:12:10,427 [steps/libs/nnet3/train/frame_level_objf/common.py:466 - combine_models - INFO ] Combining set([64, 65, 66, 67, 68, 69, 70, 51, 52, 53, 54, 55, 56, 57, 58, 59, 60, 61, 62, 63]) models.
2018-02-16 20:20:04,527 [steps/nnet3/train_raw_dnn.py:417 - train - INFO ] Cleaning up the experiment directory exp/nnet3/multitask_accentOutputAt4_0.6_0.4
exp/nnet3/multitask_accentOutputAt4_0.6_0.4: num-iters=70 nj=2..8 num-params=22.2M combine=-0.50->-0.48
steps/nnet3/train_raw_dnn.py --stage=-10 --cmd=run.pl --mem 4G --feat.cmvn-opts=--norm-means=false --norm-vars=false --trainer.num-epochs 2 --trainer.optimization.num-jobs-initial=2 --trainer.optimization.num-jobs-final=8 --trainer.optimization.initial-effective-lrate=0.0015 --trainer.optimization.final-effective-lrate=0.00015 --trainer.optimization.minibatch-size=256,128 --trainer.samples-per-iter=400000 --trainer.max-param-change=2.0 --trainer.srand=0 --feat-dir data/101-recognition/cv_train_nz_sp_hires --feat.online-ivector-dir exp/101-recognition/nnet3/ivectors_cv_train_nz_sp --egs.dir exp/nnet3/multitask_accentOutputAt4_0.6_0.4/egs --use-dense-targets false --targets-scp exp/101-recognition/tri4_cv_train_nz_ali --cleanup.remove-egs false --cleanup.preserve-model-interval 50 --use-gpu true --dir=exp/nnet3/multitask_accentOutputAt4_0.6_0.4
['steps/nnet3/train_raw_dnn.py', '--stage=-10', '--cmd=run.pl --mem 4G', '--feat.cmvn-opts=--norm-means=false --norm-vars=false', '--trainer.num-epochs', '2', '--trainer.optimization.num-jobs-initial=2', '--trainer.optimization.num-jobs-final=8', '--trainer.optimization.initial-effective-lrate=0.0015', '--trainer.optimization.final-effective-lrate=0.00015', '--trainer.optimization.minibatch-size=256,128', '--trainer.samples-per-iter=400000', '--trainer.max-param-change=2.0', '--trainer.srand=0', '--feat-dir', 'data/101-recognition/cv_train_nz_sp_hires', '--feat.online-ivector-dir', 'exp/101-recognition/nnet3/ivectors_cv_train_nz_sp', '--egs.dir', 'exp/nnet3/multitask_accentOutputAt4_0.6_0.4/egs', '--use-dense-targets', 'false', '--targets-scp', 'exp/101-recognition/tri4_cv_train_nz_ali', '--cleanup.remove-egs', 'false', '--cleanup.preserve-model-interval', '50', '--use-gpu', 'true', '--dir=exp/nnet3/multitask_accentOutputAt4_0.6_0.4']
nnet3-am-init exp/101-recognition/tri4_cv_train_nz_ali/final.mdl - exp/nnet3/multitask_accentOutputAt4_0.6_0.4/101-recognition/final.mdl 
nnet3-copy '--edits=rename-node old-name=output-0 new-name=output' exp/nnet3/multitask_accentOutputAt4_0.6_0.4/final.raw - 
LOG (nnet3-copy[5.2.204~1-08848]:main():nnet3-copy.cc:114) Copied raw neural net from exp/nnet3/multitask_accentOutputAt4_0.6_0.4/final.raw to -
LOG (nnet3-am-init[5.2.204~1-08848]:main():nnet3-am-init.cc:96) Initialized am-nnet (neural net acoustic model) and wrote to exp/nnet3/multitask_accentOutputAt4_0.6_0.4/101-recognition/final.mdl
./run.sh: compute average posterior and readjust priors for language 01-recognition.
steps/nnet3/adjust_priors.sh exp/nnet3/multitask_accentOutputAt4_0.6_0.4/101-recognition exp/nnet3/multitask_accentOutputAt4_0.6_0.4/egs_aligns
steps/nnet3/decode.sh --nj 20 --cmd run.pl --mem 4G --stage -2 --beam 15.0 --lattice-beam 8.0 --skip-scoring false --online-ivector-dir exp/101-recognition/nnet3/ivectors_cv_dev_nz /home/abhinav/kaldi/accents/exp/tri4/graph_sw1_tg data/101-recognition/cv_dev_nz_hires exp/nnet3/multitask_accentOutputAt4_0.6_0.4/101-recognition/decode_cv_dev_nz
steps/nnet2/check_ivectors_compatible.sh: WARNING: One of the directories do not contain iVector ID.
steps/nnet2/check_ivectors_compatible.sh: WARNING: That means it's you who's reponsible for keeping 
steps/nnet2/check_ivectors_compatible.sh: WARNING: the directories compatible
steps/nnet3/decode.sh: feature type is raw
steps/diagnostic/analyze_lats.sh --cmd run.pl --mem 4G --iter final /home/abhinav/kaldi/accents/exp/tri4/graph_sw1_tg exp/nnet3/multitask_accentOutputAt4_0.6_0.4/101-recognition/decode_cv_dev_nz
steps/diagnostic/analyze_lats.sh: see stats in exp/nnet3/multitask_accentOutputAt4_0.6_0.4/101-recognition/decode_cv_dev_nz/log/analyze_alignments.log
Overall, lattice depth (10,50,90-percentile)=(1,4,24) and mean=10.0
steps/diagnostic/analyze_lats.sh: see stats in exp/nnet3/multitask_accentOutputAt4_0.6_0.4/101-recognition/decode_cv_dev_nz/log/analyze_lattice_depth_stats.log
score best paths
local/score.sh --iter final --cmd run.pl --mem 4G data/101-recognition/cv_dev_nz_hires /home/abhinav/kaldi/accents/exp/tri4/graph_sw1_tg exp/nnet3/multitask_accentOutputAt4_0.6_0.4/101-recognition/decode_cv_dev_nz
local/score.sh: scoring with word insertion penalty=0.0,0.5,1.0
score confidence and timing with sclite
Decoding done.
steps/nnet3/decode.sh --nj 20 --cmd run.pl --mem 4G --stage -2 --beam 15.0 --lattice-beam 8.0 --skip-scoring false --online-ivector-dir exp/101-recognition/nnet3/ivectors_cv_test_onlynz /home/abhinav/kaldi/accents/exp/tri4/graph_sw1_tg data/101-recognition/cv_test_onlynz_hires exp/nnet3/multitask_accentOutputAt4_0.6_0.4/101-recognition/decode_cv_test_onlynz
steps/nnet2/check_ivectors_compatible.sh: WARNING: One of the directories do not contain iVector ID.
steps/nnet2/check_ivectors_compatible.sh: WARNING: That means it's you who's reponsible for keeping 
steps/nnet2/check_ivectors_compatible.sh: WARNING: the directories compatible
steps/nnet3/decode.sh: feature type is raw
steps/diagnostic/analyze_lats.sh --cmd run.pl --mem 4G --iter final /home/abhinav/kaldi/accents/exp/tri4/graph_sw1_tg exp/nnet3/multitask_accentOutputAt4_0.6_0.4/101-recognition/decode_cv_test_onlynz
steps/diagnostic/analyze_lats.sh: see stats in exp/nnet3/multitask_accentOutputAt4_0.6_0.4/101-recognition/decode_cv_test_onlynz/log/analyze_alignments.log
Overall, lattice depth (10,50,90-percentile)=(1,5,25) and mean=10.8
steps/diagnostic/analyze_lats.sh: see stats in exp/nnet3/multitask_accentOutputAt4_0.6_0.4/101-recognition/decode_cv_test_onlynz/log/analyze_lattice_depth_stats.log
score best paths
local/score.sh --iter final --cmd run.pl --mem 4G data/101-recognition/cv_test_onlynz_hires /home/abhinav/kaldi/accents/exp/tri4/graph_sw1_tg exp/nnet3/multitask_accentOutputAt4_0.6_0.4/101-recognition/decode_cv_test_onlynz
local/score.sh: scoring with word insertion penalty=0.0,0.5,1.0
score confidence and timing with sclite
Decoding done.
%WER 31.42 [ 3263 / 10386, 149 ins, 1316 del, 1798 sub ] exp/nnet3/multitask/101-recognition/decode_cv_dev_nz/wer_7_0.0
%WER 36.86 [ 1876 / 5089, 106 ins, 737 del, 1033 sub ] exp/nnet3/multitask/101-recognition/decode_cv_test_onlynz/wer_7_0.0
%WER 33.35 [ 3464 / 10386, 174 ins, 1381 del, 1909 sub ] exp/nnet3/multitask_0.4_0.6/101-recognition/decode_cv_dev_nz/wer_7_0.0
%WER 38.65 [ 1967 / 5089, 106 ins, 788 del, 1073 sub ] exp/nnet3/multitask_0.4_0.6/101-recognition/decode_cv_test_onlynz/wer_7_0.0
%WER 29.33 [ 3046 / 10386, 228 ins, 1030 del, 1788 sub ] exp/nnet3/multitask_0.6_0.4/101-recognition/decode_cv_dev_nz/wer_7_0.0
%WER 33.19 [ 1689 / 5089, 125 ins, 498 del, 1066 sub ] exp/nnet3/multitask_0.6_0.4/101-recognition/decode_cv_test_onlynz/wer_7_0.0
%WER 29.42 [ 3056 / 10386, 194 ins, 1089 del, 1773 sub ] exp/nnet3/multitask_0.7_0.3/101-recognition/decode_cv_dev_nz/wer_7_0.0
%WER 31.81 [ 1619 / 5089, 109 ins, 524 del, 986 sub ] exp/nnet3/multitask_0.7_0.3/101-recognition/decode_cv_test_onlynz/wer_7_0.0
%WER 28.01 [ 2909 / 10386, 183 ins, 999 del, 1727 sub ] exp/nnet3/multitask_0.8_0.2/101-recognition/decode_cv_dev_nz/wer_7_0.0
%WER 31.48 [ 1602 / 5089, 114 ins, 503 del, 985 sub ] exp/nnet3/multitask_0.8_0.2/101-recognition/decode_cv_test_onlynz/wer_7_0.0
%WER 27.97 [ 2905 / 10386, 181 ins, 986 del, 1738 sub ] exp/nnet3/multitask_0.9_0.1/101-recognition/decode_cv_dev_nz/wer_7_0.0
%WER 30.16 [ 1535 / 5089, 98 ins, 479 del, 958 sub ] exp/nnet3/multitask_0.9_0.1/101-recognition/decode_cv_test_onlynz/wer_7_0.0
%WER 27.15 [ 2820 / 10386, 187 ins, 877 del, 1756 sub ] exp/nnet3/multitask_accentOutputAt2_0.5_0.5/101-recognition/decode_cv_dev_nz/wer_7_0.0
%WER 30.58 [ 1556 / 5089, 104 ins, 459 del, 993 sub ] exp/nnet3/multitask_accentOutputAt2_0.5_0.5/101-recognition/decode_cv_test_onlynz/wer_7_0.0
%WER 27.69 [ 2876 / 10386, 215 ins, 879 del, 1782 sub ] exp/nnet3/multitask_accentOutputAt3_0.5_0.5/101-recognition/decode_cv_dev_nz/wer_7_0.0
%WER 31.07 [ 1581 / 5089, 95 ins, 469 del, 1017 sub ] exp/nnet3/multitask_accentOutputAt3_0.5_0.5/101-recognition/decode_cv_test_onlynz/wer_7_0.5
%WER 28.16 [ 2925 / 10386, 207 ins, 918 del, 1800 sub ] exp/nnet3/multitask_accentOutputAt4_0.5_0.5/101-recognition/decode_cv_dev_nz/wer_7_0.0
%WER 33.35 [ 1697 / 5089, 143 ins, 506 del, 1048 sub ] exp/nnet3/multitask_accentOutputAt4_0.5_0.5/101-recognition/decode_cv_test_onlynz/wer_7_0.0
%WER 27.63 [ 2870 / 10386, 207 ins, 901 del, 1762 sub ] exp/nnet3/multitask_accentOutputAt4_0.6_0.4/101-recognition/decode_cv_dev_nz/wer_7_0.0
%WER 31.74 [ 1615 / 5089, 120 ins, 470 del, 1025 sub ] exp/nnet3/multitask_accentOutputAt4_0.6_0.4/101-recognition/decode_cv_test_onlynz/wer_7_0.0
%WER 29.96 [ 3112 / 10386, 205 ins, 1080 del, 1827 sub ] exp/nnet3/multitask_accentOutputAt5_0.4_0.6/101-recognition/decode_cv_dev_nz/wer_7_0.0
%WER 34.98 [ 1780 / 5089, 137 ins, 564 del, 1079 sub ] exp/nnet3/multitask_accentOutputAt5_0.4_0.6/101-recognition/decode_cv_test_onlynz/wer_7_0.0
%WER 29.02 [ 3014 / 10386, 196 ins, 1015 del, 1803 sub ] exp/nnet3/multitask_accentOutputAt5_0.5_0.5/101-recognition/decode_cv_dev_nz/wer_7_0.0
%WER 34.13 [ 1737 / 5089, 122 ins, 555 del, 1060 sub ] exp/nnet3/multitask_accentOutputAt5_0.5_0.5/101-recognition/decode_cv_test_onlynz/wer_7_0.0
%WER 28.06 [ 2914 / 10386, 195 ins, 994 del, 1725 sub ] exp/nnet3/multitask_accentOutputAt5_0.6_0.4/101-recognition/decode_cv_dev_nz/wer_7_0.0
%WER 32.36 [ 1647 / 5089, 124 ins, 524 del, 999 sub ] exp/nnet3/multitask_accentOutputAt5_0.6_0.4/101-recognition/decode_cv_test_onlynz/wer_7_0.0
%WER 28.11 [ 2920 / 10386, 199 ins, 970 del, 1751 sub ] exp/nnet3/multitask_accentOutputAt5_0.7_0.3/101-recognition/decode_cv_dev_nz/wer_7_0.0
%WER 32.68 [ 1663 / 5089, 115 ins, 548 del, 1000 sub ] exp/nnet3/multitask_accentOutputAt5_0.7_0.3/101-recognition/decode_cv_test_onlynz/wer_7_0.0
%WER 31.02 [ 3222 / 10386, 186 ins, 1177 del, 1859 sub ] exp/nnet3/multitask_bottleneck_300_0.5_0.5/101-recognition/decode_cv_dev_nz/wer_7_0.0
%WER 36.69 [ 1867 / 5089, 104 ins, 745 del, 1018 sub ] exp/nnet3/multitask_bottleneck_300_0.5_0.5/101-recognition/decode_cv_test_onlynz/wer_7_0.0
%WER 31.13 [ 3233 / 10386, 194 ins, 1212 del, 1827 sub ] exp/nnet3/multitask_bottleneck_512_0.5_0.5/101-recognition/decode_cv_dev_nz/wer_7_0.0
%WER 36.37 [ 1851 / 5089, 104 ins, 705 del, 1042 sub ] exp/nnet3/multitask_bottleneck_512_0.5_0.5/101-recognition/decode_cv_test_onlynz/wer_7_0.0
%WER 31.22 [ 3243 / 10386, 212 ins, 1130 del, 1901 sub ] exp/nnet3/multitask_removedOneLayer_0.5_0.5/101-recognition/decode_cv_dev_nz/wer_7_0.0
%WER 33.88 [ 1724 / 5089, 120 ins, 528 del, 1076 sub ] exp/nnet3/multitask_removedOneLayer_0.5_0.5/101-recognition/decode_cv_test_onlynz/wer_7_0.0
