steps/nnet3/xconfig_to_configs.py --xconfig-file exp/nnet3_combined/multitask_acc300btn_tdnn300_0.5_0.5_withcontext/configs/network.xconfig --config-dir exp/nnet3_combined/multitask_acc300btn_tdnn300_0.5_0.5_withcontext/configs/ --nnet-edits=rename-node old-name=output-0 new-name=output
nnet3-init exp/nnet3_combined/multitask_acc300btn_tdnn300_0.5_0.5_withcontext/configs//ref.config exp/nnet3_combined/multitask_acc300btn_tdnn300_0.5_0.5_withcontext/configs//ref.raw 
LOG (nnet3-init[5.2.204~1-08848]:main():nnet3-init.cc:80) Initialized raw neural net and wrote it to exp/nnet3_combined/multitask_acc300btn_tdnn300_0.5_0.5_withcontext/configs//ref.raw
nnet3-info "nnet3-copy --edits='rename-node old-name=output-0 new-name=output' exp/nnet3_combined/multitask_acc300btn_tdnn300_0.5_0.5_withcontext/configs//ref.raw - |" 
nnet3-copy '--edits=rename-node old-name=output-0 new-name=output' exp/nnet3_combined/multitask_acc300btn_tdnn300_0.5_0.5_withcontext/configs//ref.raw - 
LOG (nnet3-copy[5.2.204~1-08848]:main():nnet3-copy.cc:114) Copied raw neural net from exp/nnet3_combined/multitask_acc300btn_tdnn300_0.5_0.5_withcontext/configs//ref.raw to -
nnet3-init exp/nnet3_combined/multitask_acc300btn_tdnn300_0.5_0.5_withcontext/configs//ref.config exp/nnet3_combined/multitask_acc300btn_tdnn300_0.5_0.5_withcontext/configs//ref.raw 
LOG (nnet3-init[5.2.204~1-08848]:main():nnet3-init.cc:80) Initialized raw neural net and wrote it to exp/nnet3_combined/multitask_acc300btn_tdnn300_0.5_0.5_withcontext/configs//ref.raw
nnet3-info "nnet3-copy --edits='rename-node old-name=output-0 new-name=output' exp/nnet3_combined/multitask_acc300btn_tdnn300_0.5_0.5_withcontext/configs//ref.raw - |" 
nnet3-copy '--edits=rename-node old-name=output-0 new-name=output' exp/nnet3_combined/multitask_acc300btn_tdnn300_0.5_0.5_withcontext/configs//ref.raw - 
LOG (nnet3-copy[5.2.204~1-08848]:main():nnet3-copy.cc:114) Copied raw neural net from exp/nnet3_combined/multitask_acc300btn_tdnn300_0.5_0.5_withcontext/configs//ref.raw to -
./multitask_run_2_base_2.sh: calling get_egs.sh for generating examples with alignments as output
steps/nnet3/get_egs.sh --cmvn-opts --norm-means=false --norm-vars=false --online-ivector-dir exp/101-recog-min/nnet3/ivectors_cv_train_nz_sp --transform-dir exp/101-recog-min/tri4_cv_train_nz_ali --left-context 30 --right-context 22 --num-utts-subset 300 --nj 20 --samples-per-iter 400000 --cmd run.pl --generate-egs-scp true --frames-per-eg 8 data/101-recog-min/cv_train_nz_sp_hires exp/101-recog-min/tri4_cv_train_nz_ali exp/nnet3_combined/multitask_acc300btn_tdnn300_0.5_0.5_withcontext/egs_aligns
File data/101-recog-min/cv_train_nz_sp_hires/utt2uniq exists, so augmenting valid_uttlist to
include all perturbed versions of the same 'real' utterances.
steps/nnet3/get_egs.sh: feature type is raw
feat-to-dim scp:exp/101-recog-min/nnet3/ivectors_cv_train_nz_sp/ivector_online.scp - 
steps/nnet3/get_egs.sh: working out number of frames of training data
steps/nnet3/get_egs.sh: working out feature dim
steps/nnet3/get_egs.sh: creating 12 archives, each with 387321 egs, with
steps/nnet3/get_egs.sh:   8 labels per example, and (left,right) context = (30,22)
steps/nnet3/get_egs.sh: copying data alignments
copy-int-vector ark:- ark,scp:exp/nnet3_combined/multitask_acc300btn_tdnn300_0.5_0.5_withcontext/egs_aligns/ali.ark,exp/nnet3_combined/multitask_acc300btn_tdnn300_0.5_0.5_withcontext/egs_aligns/ali.scp 
LOG (copy-int-vector[5.2.204~1-08848]:main():copy-int-vector.cc:83) Copied 92661 vectors of int32.
steps/nnet3/get_egs.sh: Getting validation and training subset examples.
steps/nnet3/get_egs.sh: ... extracting validation and training-subset alignments.
... Getting subsets of validation examples for diagnostics and combination.
nnet3-copy-egs ark:- ark,scp:exp/nnet3_combined/multitask_acc300btn_tdnn300_0.5_0.5_withcontext/egs_aligns/combine.egs,exp/nnet3_combined/multitask_acc300btn_tdnn300_0.5_0.5_withcontext/egs_aligns/combine.scp 
LOG (nnet3-copy-egs[5.2.204~1-08848]:main():nnet3-copy-egs.cc:436) Read 7500 neural-network training examples, wrote 7500, 0 examples had errors.
rm: cannot remove 'exp/nnet3_combined/multitask_acc300btn_tdnn300_0.5_0.5_withcontext/egs_aligns/train_combine.scp': No such file or directory
rm: cannot remove 'exp/nnet3_combined/multitask_acc300btn_tdnn300_0.5_0.5_withcontext/egs_aligns/valid_combine.scp': No such file or directory
steps/nnet3/get_egs.sh: Generating training examples on disk
steps/nnet3/get_egs.sh: recombining and shuffling order of archives on disk
steps/nnet3/get_egs.sh: removing temporary archives
steps/nnet3/get_egs.sh: removing temporary alignments and transforms
steps/nnet3/get_egs.sh: Finished preparing training examples
./multitask_run_2_base_2.sh: calling get_egs.sh for generating examples with alignments as output
steps/nnet3/get_egs_mod.sh --cmvn-opts --norm-means=false --norm-vars=false --online-ivector-dir exp/102-cla-min/nnet3/ivectors_cv_trainx_nz_sp --transform-dir exp/102-cla-min/ali --left-context 30 --right-context 22 --num-utts-subset 300 --nj 20 --num-pdfs 16 --samples-per-iter 400000 --cmd run.pl --generate-egs-scp true --frames-per-eg 8 data/102-cla-min/cv_trainx_nz_sp_hires exp/102-cla-min/ali exp/nnet3_combined/multitask_acc300btn_tdnn300_0.5_0.5_withcontext/egs_accents
File data/102-cla-min/cv_trainx_nz_sp_hires/utt2uniq exists, so augmenting valid_uttlist to
include all perturbed versions of the same 'real' utterances.
steps/nnet3/get_egs_mod.sh: feature type is raw
feat-to-dim scp:exp/102-cla-min/nnet3/ivectors_cv_trainx_nz_sp/ivector_online.scp - 
steps/nnet3/get_egs_mod.sh: working out number of frames of training data
steps/nnet3/get_egs_mod.sh: working out feature dim
steps/nnet3/get_egs_mod.sh: creating 12 archives, each with 387321 egs, with
steps/nnet3/get_egs_mod.sh:   8 labels per example, and (left,right) context = (30,22)
steps/nnet3/get_egs_mod.sh: copying data alignments
copy-int-vector ark:- ark,scp:exp/nnet3_combined/multitask_acc300btn_tdnn300_0.5_0.5_withcontext/egs_accents/ali.ark,exp/nnet3_combined/multitask_acc300btn_tdnn300_0.5_0.5_withcontext/egs_accents/ali.scp 
LOG (copy-int-vector[5.2.204~1-08848]:main():copy-int-vector.cc:83) Copied 92660 vectors of int32.
steps/nnet3/get_egs_mod.sh: Getting validation and training subset examples.
steps/nnet3/get_egs_mod.sh: ... extracting validation and training-subset alignments.
... Getting subsets of validation examples for diagnostics and combination.
nnet3-copy-egs ark:- ark,scp:exp/nnet3_combined/multitask_acc300btn_tdnn300_0.5_0.5_withcontext/egs_accents/combine.egs,exp/nnet3_combined/multitask_acc300btn_tdnn300_0.5_0.5_withcontext/egs_accents/combine.scp 
LOG (nnet3-copy-egs[5.2.204~1-08848]:main():nnet3-copy-egs.cc:436) Read 7500 neural-network training examples, wrote 7500, 0 examples had errors.
rm: cannot remove 'exp/nnet3_combined/multitask_acc300btn_tdnn300_0.5_0.5_withcontext/egs_accents/train_combine.scp': No such file or directory
rm: cannot remove 'exp/nnet3_combined/multitask_acc300btn_tdnn300_0.5_0.5_withcontext/egs_accents/valid_combine.scp': No such file or directory
steps/nnet3/get_egs_mod.sh: Generating training examples on disk
steps/nnet3/get_egs_mod.sh: recombining and shuffling order of archives on disk
steps/nnet3/get_egs_mod.sh: removing temporary archives
steps/nnet3/get_egs_mod.sh: removing temporary alignments and transforms
steps/nnet3/get_egs_mod.sh: Finished preparing training examples
steps/nnet3/multilingual/combine_egs.sh --lang2weight '0.5,0.5' --cmd run.pl --mem 4G --samples-per-iter 400000 2 exp/nnet3_combined/multitask_acc300btn_tdnn300_0.5_0.5_withcontext/egs_aligns exp/nnet3_combined/multitask_acc300btn_tdnn300_0.5_0.5_withcontext/egs_accents exp/nnet3_combined/multitask_acc300btn_tdnn300_0.5_0.5_withcontext/egs
steps/nnet3/multilingual/combine_egs.sh: allocating multilingual examples for training.
steps/nnet3/multilingual/combine_egs.sh: combine combine.scp examples from all langs in exp/nnet3_combined/multitask_acc300btn_tdnn300_0.5_0.5_withcontext/egs/combine.scp.
steps/nnet3/multilingual/combine_egs.sh: combine train_diagnostic.scp examples from all langs in exp/nnet3_combined/multitask_acc300btn_tdnn300_0.5_0.5_withcontext/egs/train_diagnostic.scp.
steps/nnet3/multilingual/combine_egs.sh: combine valid_diagnostic.scp examples from all langs in exp/nnet3_combined/multitask_acc300btn_tdnn300_0.5_0.5_withcontext/egs/valid_diagnostic.scp.
steps/nnet3/multilingual/combine_egs.sh: Finished preparing multilingual training example.
2018-03-17 05:16:46,559 [steps/nnet3/train_raw_dnn.py:34 - <module> - INFO ] Starting raw DNN trainer (train_raw_dnn.py)
2018-03-17 05:16:46,734 [steps/nnet3/train_raw_dnn.py:172 - train - INFO ] Arguments for the experiment
{'backstitch_training_interval': 1,
 'backstitch_training_scale': 0.0,
 'cleanup': True,
 'cmvn_opts': '--norm-means=false --norm-vars=false',
 'combine_sum_to_one_penalty': 0.0,
 'command': 'run.pl --mem 4G',
 'compute_average_posteriors': False,
 'compute_per_dim_accuracy': False,
 'dir': 'exp/nnet3_combined/multitask_acc300btn_tdnn300_0.5_0.5_withcontext',
 'do_final_combination': True,
 'dropout_schedule': None,
 'egs_command': None,
 'egs_dir': 'exp/nnet3_combined/multitask_acc300btn_tdnn300_0.5_0.5_withcontext/egs',
 'egs_opts': None,
 'egs_stage': 0,
 'email': None,
 'exit_stage': None,
 'feat_dir': 'data/101-recog-min/cv_train_nz_sp_hires',
 'final_effective_lrate': 0.00015,
 'frames_per_eg': 8,
 'image_augmentation_opts': None,
 'initial_effective_lrate': 0.0015,
 'max_lda_jobs': 10,
 'max_models_combine': 20,
 'max_param_change': 2.0,
 'minibatch_size': '256,128',
 'momentum': 0.0,
 'nj': 4,
 'num_epochs': 2.0,
 'num_jobs_compute_prior': 10,
 'num_jobs_final': 8,
 'num_jobs_initial': 2,
 'online_ivector_dir': 'exp/101-recog-min/nnet3/ivectors_cv_train_nz_sp',
 'preserve_model_interval': 50,
 'presoftmax_prior_scale_power': -0.25,
 'prior_subset_size': 20000,
 'proportional_shrink': 0.0,
 'rand_prune': 4.0,
 'remove_egs': False,
 'reporting_interval': 0.1,
 'samples_per_iter': 400000,
 'shuffle_buffer_size': 5000,
 'srand': 0,
 'stage': -10,
 'targets_scp': 'exp/101-recog-min/tri4_cv_train_nz_ali',
 'transform_dir': None,
 'use_dense_targets': False,
 'use_gpu': True}
2018-03-17 05:16:47,036 [steps/nnet3/train_raw_dnn.py:283 - train - INFO ] Preparing the initial network.
2018-03-17 05:16:50,288 [steps/nnet3/train_raw_dnn.py:322 - train - INFO ] Training will run for 2.0 epochs = 73 iterations
2018-03-17 05:16:50,289 [steps/libs/nnet3/train/frame_level_objf/common.py:201 - train_one_iteration - INFO ] Training neural net (pass 0)
2018-03-17 05:16:50,293 [steps/libs/nnet3/train/frame_level_objf/common.py:265 - train_one_iteration - INFO ] On iteration 0, learning rate is 0.003.
2018-03-17 05:19:40,952 [steps/libs/nnet3/train/frame_level_objf/common.py:201 - train_one_iteration - INFO ] Training neural net (pass 1)
2018-03-17 05:19:40,958 [steps/libs/nnet3/train/frame_level_objf/common.py:265 - train_one_iteration - INFO ] On iteration 1, learning rate is 0.00296269177709.
2018-03-17 05:22:09,488 [steps/libs/nnet3/train/frame_level_objf/common.py:201 - train_one_iteration - INFO ] Training neural net (pass 2)
2018-03-17 05:22:09,493 [steps/libs/nnet3/train/frame_level_objf/common.py:265 - train_one_iteration - INFO ] On iteration 2, learning rate is 0.00292584752202.
2018-03-17 05:24:57,463 [steps/libs/nnet3/train/frame_level_objf/common.py:201 - train_one_iteration - INFO ] Training neural net (pass 3)
2018-03-17 05:24:57,468 [steps/libs/nnet3/train/frame_level_objf/common.py:265 - train_one_iteration - INFO ] On iteration 3, learning rate is 0.00288946146484.
2018-03-17 05:27:30,654 [steps/libs/nnet3/train/frame_level_objf/common.py:201 - train_one_iteration - INFO ] Training neural net (pass 4)
2018-03-17 05:27:30,662 [steps/libs/nnet3/train/frame_level_objf/common.py:265 - train_one_iteration - INFO ] On iteration 4, learning rate is 0.00285352790737.
2018-03-17 05:30:03,899 [steps/libs/nnet3/train/frame_level_objf/common.py:201 - train_one_iteration - INFO ] Training neural net (pass 5)
2018-03-17 05:30:03,907 [steps/libs/nnet3/train/frame_level_objf/common.py:265 - train_one_iteration - INFO ] On iteration 5, learning rate is 0.00281804122229.
2018-03-17 05:32:32,346 [steps/libs/nnet3/train/frame_level_objf/common.py:201 - train_one_iteration - INFO ] Training neural net (pass 6)
2018-03-17 05:32:32,354 [steps/libs/nnet3/train/frame_level_objf/common.py:265 - train_one_iteration - INFO ] On iteration 6, learning rate is 0.00278299585226.
2018-03-17 05:35:07,696 [steps/libs/nnet3/train/frame_level_objf/common.py:201 - train_one_iteration - INFO ] Training neural net (pass 7)
2018-03-17 05:35:07,703 [steps/libs/nnet3/train/frame_level_objf/common.py:265 - train_one_iteration - INFO ] On iteration 7, learning rate is 0.00412257946358.
2018-03-17 05:39:17,583 [steps/libs/nnet3/train/frame_level_objf/common.py:201 - train_one_iteration - INFO ] Training neural net (pass 8)
2018-03-17 05:39:17,591 [steps/libs/nnet3/train/frame_level_objf/common.py:265 - train_one_iteration - INFO ] On iteration 8, learning rate is 0.00404591599771.
2018-03-17 05:42:57,294 [steps/libs/nnet3/train/frame_level_objf/common.py:201 - train_one_iteration - INFO ] Training neural net (pass 9)
2018-03-17 05:42:57,301 [steps/libs/nnet3/train/frame_level_objf/common.py:265 - train_one_iteration - INFO ] On iteration 9, learning rate is 0.00397067816525.
2018-03-17 05:46:28,410 [steps/libs/nnet3/train/frame_level_objf/common.py:201 - train_one_iteration - INFO ] Training neural net (pass 10)
2018-03-17 05:46:28,417 [steps/libs/nnet3/train/frame_level_objf/common.py:265 - train_one_iteration - INFO ] On iteration 10, learning rate is 0.00389683945512.
2018-03-17 05:50:12,438 [steps/libs/nnet3/train/frame_level_objf/common.py:201 - train_one_iteration - INFO ] Training neural net (pass 11)
2018-03-17 05:50:12,445 [steps/libs/nnet3/train/frame_level_objf/common.py:265 - train_one_iteration - INFO ] On iteration 11, learning rate is 0.00382437384925.
2018-03-17 05:54:06,098 [steps/libs/nnet3/train/frame_level_objf/common.py:201 - train_one_iteration - INFO ] Training neural net (pass 12)
2018-03-17 05:54:06,104 [steps/libs/nnet3/train/frame_level_objf/common.py:265 - train_one_iteration - INFO ] On iteration 12, learning rate is 0.00375325581341.
2018-03-17 05:57:45,106 [steps/libs/nnet3/train/frame_level_objf/common.py:201 - train_one_iteration - INFO ] Training neural net (pass 13)
2018-03-17 05:57:45,120 [steps/libs/nnet3/train/frame_level_objf/common.py:265 - train_one_iteration - INFO ] On iteration 13, learning rate is 0.00368346028818.
2018-03-17 06:01:44,220 [steps/libs/nnet3/train/frame_level_objf/common.py:201 - train_one_iteration - INFO ] Training neural net (pass 14)
2018-03-17 06:01:44,230 [steps/libs/nnet3/train/frame_level_objf/common.py:265 - train_one_iteration - INFO ] On iteration 14, learning rate is 0.00361496268017.
2018-03-17 06:04:46,222 [steps/libs/nnet3/train/frame_level_objf/common.py:201 - train_one_iteration - INFO ] Training neural net (pass 15)
2018-03-17 06:04:46,228 [steps/libs/nnet3/train/frame_level_objf/common.py:265 - train_one_iteration - INFO ] On iteration 15, learning rate is 0.00354773885332.
2018-03-17 06:09:09,332 [steps/libs/nnet3/train/frame_level_objf/common.py:201 - train_one_iteration - INFO ] Training neural net (pass 16)
2018-03-17 06:09:09,340 [steps/libs/nnet3/train/frame_level_objf/common.py:265 - train_one_iteration - INFO ] On iteration 16, learning rate is 0.00348176512039.
2018-03-17 06:13:10,138 [steps/libs/nnet3/train/frame_level_objf/common.py:201 - train_one_iteration - INFO ] Training neural net (pass 17)
2018-03-17 06:13:10,146 [steps/libs/nnet3/train/frame_level_objf/common.py:265 - train_one_iteration - INFO ] On iteration 17, learning rate is 0.00341701823465.
2018-03-17 06:17:03,537 [steps/libs/nnet3/train/frame_level_objf/common.py:201 - train_one_iteration - INFO ] Training neural net (pass 18)
2018-03-17 06:17:03,545 [steps/libs/nnet3/train/frame_level_objf/common.py:265 - train_one_iteration - INFO ] On iteration 18, learning rate is 0.00335347538166.
2018-03-17 06:20:53,695 [steps/libs/nnet3/train/frame_level_objf/common.py:201 - train_one_iteration - INFO ] Training neural net (pass 19)
2018-03-17 06:20:53,703 [steps/libs/nnet3/train/frame_level_objf/common.py:265 - train_one_iteration - INFO ] On iteration 19, learning rate is 0.0043881522283.
2018-03-17 06:26:10,084 [steps/libs/nnet3/train/frame_level_objf/common.py:201 - train_one_iteration - INFO ] Training neural net (pass 20)
2018-03-17 06:26:10,090 [steps/libs/nnet3/train/frame_level_objf/common.py:265 - train_one_iteration - INFO ] On iteration 20, learning rate is 0.0042796881078.
2018-03-17 06:32:52,097 [steps/libs/nnet3/train/frame_level_objf/common.py:201 - train_one_iteration - INFO ] Training neural net (pass 21)
2018-03-17 06:32:52,114 [steps/libs/nnet3/train/frame_level_objf/common.py:265 - train_one_iteration - INFO ] On iteration 21, learning rate is 0.00417390494841.
2018-03-17 06:37:37,783 [steps/libs/nnet3/train/frame_level_objf/common.py:201 - train_one_iteration - INFO ] Training neural net (pass 22)
2018-03-17 06:37:37,790 [steps/libs/nnet3/train/frame_level_objf/common.py:265 - train_one_iteration - INFO ] On iteration 22, learning rate is 0.00407073648348.
2018-03-17 06:42:40,781 [steps/libs/nnet3/train/frame_level_objf/common.py:201 - train_one_iteration - INFO ] Training neural net (pass 23)
2018-03-17 06:42:40,789 [steps/libs/nnet3/train/frame_level_objf/common.py:265 - train_one_iteration - INFO ] On iteration 23, learning rate is 0.00397011808433.
2018-03-17 06:47:27,678 [steps/libs/nnet3/train/frame_level_objf/common.py:201 - train_one_iteration - INFO ] Training neural net (pass 24)
2018-03-17 06:47:27,685 [steps/libs/nnet3/train/frame_level_objf/common.py:265 - train_one_iteration - INFO ] On iteration 24, learning rate is 0.00387198671971.
2018-03-17 06:52:40,156 [steps/libs/nnet3/train/frame_level_objf/common.py:201 - train_one_iteration - INFO ] Training neural net (pass 25)
2018-03-17 06:52:40,177 [steps/libs/nnet3/train/frame_level_objf/common.py:265 - train_one_iteration - INFO ] On iteration 25, learning rate is 0.00377628091639.
2018-03-17 06:57:38,850 [steps/libs/nnet3/train/frame_level_objf/common.py:201 - train_one_iteration - INFO ] Training neural net (pass 26)
2018-03-17 06:57:38,856 [steps/libs/nnet3/train/frame_level_objf/common.py:265 - train_one_iteration - INFO ] On iteration 26, learning rate is 0.00368294072055.
2018-03-17 07:02:27,949 [steps/libs/nnet3/train/frame_level_objf/common.py:201 - train_one_iteration - INFO ] Training neural net (pass 27)
2018-03-17 07:02:27,955 [steps/libs/nnet3/train/frame_level_objf/common.py:265 - train_one_iteration - INFO ] On iteration 27, learning rate is 0.00359190766032.
2018-03-17 07:07:05,702 [steps/libs/nnet3/train/frame_level_objf/common.py:201 - train_one_iteration - INFO ] Training neural net (pass 28)
2018-03-17 07:07:05,710 [steps/libs/nnet3/train/frame_level_objf/common.py:265 - train_one_iteration - INFO ] On iteration 28, learning rate is 0.00350312470909.
2018-03-17 07:11:36,463 [steps/libs/nnet3/train/frame_level_objf/common.py:201 - train_one_iteration - INFO ] Training neural net (pass 29)
2018-03-17 07:11:36,470 [steps/libs/nnet3/train/frame_level_objf/common.py:265 - train_one_iteration - INFO ] On iteration 29, learning rate is 0.0034165362498.
2018-03-17 07:15:29,375 [steps/libs/nnet3/train/frame_level_objf/common.py:201 - train_one_iteration - INFO ] Training neural net (pass 30)
2018-03-17 07:15:29,382 [steps/libs/nnet3/train/frame_level_objf/common.py:265 - train_one_iteration - INFO ] On iteration 30, learning rate is 0.00333208804012.
2018-03-17 07:20:12,045 [steps/libs/nnet3/train/frame_level_objf/common.py:201 - train_one_iteration - INFO ] Training neural net (pass 31)
2018-03-17 07:20:12,055 [steps/libs/nnet3/train/frame_level_objf/common.py:265 - train_one_iteration - INFO ] On iteration 31, learning rate is 0.00406215897306.
2018-03-17 07:24:06,120 [steps/libs/nnet3/train/frame_level_objf/common.py:201 - train_one_iteration - INFO ] Training neural net (pass 32)
2018-03-17 07:24:06,127 [steps/libs/nnet3/train/frame_level_objf/common.py:265 - train_one_iteration - INFO ] On iteration 32, learning rate is 0.00393704119514.
2018-03-17 07:28:32,029 [steps/libs/nnet3/train/frame_level_objf/common.py:201 - train_one_iteration - INFO ] Training neural net (pass 33)
2018-03-17 07:28:32,037 [steps/libs/nnet3/train/frame_level_objf/common.py:265 - train_one_iteration - INFO ] On iteration 33, learning rate is 0.00381577714585.
2018-03-17 07:33:53,960 [steps/libs/nnet3/train/frame_level_objf/common.py:201 - train_one_iteration - INFO ] Training neural net (pass 34)
2018-03-17 07:33:53,971 [steps/libs/nnet3/train/frame_level_objf/common.py:265 - train_one_iteration - INFO ] On iteration 34, learning rate is 0.00369824812724.
2018-03-17 07:37:32,308 [steps/libs/nnet3/train/frame_level_objf/common.py:201 - train_one_iteration - INFO ] Training neural net (pass 35)
2018-03-17 07:37:32,317 [steps/libs/nnet3/train/frame_level_objf/common.py:265 - train_one_iteration - INFO ] On iteration 35, learning rate is 0.00358433909735.
2018-03-17 07:41:13,226 [steps/libs/nnet3/train/frame_level_objf/common.py:201 - train_one_iteration - INFO ] Training neural net (pass 36)
2018-03-17 07:41:13,234 [steps/libs/nnet3/train/frame_level_objf/common.py:265 - train_one_iteration - INFO ] On iteration 36, learning rate is 0.0034739385576.
2018-03-17 07:44:52,140 [steps/libs/nnet3/train/frame_level_objf/common.py:201 - train_one_iteration - INFO ] Training neural net (pass 37)
2018-03-17 07:44:52,165 [steps/libs/nnet3/train/frame_level_objf/common.py:265 - train_one_iteration - INFO ] On iteration 37, learning rate is 0.00336693844366.
2018-03-17 07:49:20,854 [steps/libs/nnet3/train/frame_level_objf/common.py:201 - train_one_iteration - INFO ] Training neural net (pass 38)
2018-03-17 07:49:20,863 [steps/libs/nnet3/train/frame_level_objf/common.py:265 - train_one_iteration - INFO ] On iteration 38, learning rate is 0.00326323401967.
2018-03-17 07:54:34,930 [steps/libs/nnet3/train/frame_level_objf/common.py:201 - train_one_iteration - INFO ] Training neural net (pass 39)
2018-03-17 07:54:34,939 [steps/libs/nnet3/train/frame_level_objf/common.py:265 - train_one_iteration - INFO ] On iteration 39, learning rate is 0.00316272377571.
2018-03-17 07:58:08,636 [steps/libs/nnet3/train/frame_level_objf/common.py:201 - train_one_iteration - INFO ] Training neural net (pass 40)
2018-03-17 07:58:08,656 [steps/libs/nnet3/train/frame_level_objf/common.py:265 - train_one_iteration - INFO ] On iteration 40, learning rate is 0.00306530932847.
2018-03-17 08:04:19,527 [steps/libs/nnet3/train/frame_level_objf/common.py:201 - train_one_iteration - INFO ] Training neural net (pass 41)
2018-03-17 08:04:19,536 [steps/libs/nnet3/train/frame_level_objf/common.py:265 - train_one_iteration - INFO ] On iteration 41, learning rate is 0.00297089532489.
2018-03-17 08:07:53,727 [steps/libs/nnet3/train/frame_level_objf/common.py:201 - train_one_iteration - INFO ] Training neural net (pass 42)
2018-03-17 08:07:53,735 [steps/libs/nnet3/train/frame_level_objf/common.py:265 - train_one_iteration - INFO ] On iteration 42, learning rate is 0.00287938934889.
2018-03-17 08:11:25,607 [steps/libs/nnet3/train/frame_level_objf/common.py:201 - train_one_iteration - INFO ] Training neural net (pass 43)
2018-03-17 08:11:25,615 [steps/libs/nnet3/train/frame_level_objf/common.py:265 - train_one_iteration - INFO ] On iteration 43, learning rate is 0.00334884219705.
2018-03-17 08:17:50,889 [steps/libs/nnet3/train/frame_level_objf/common.py:201 - train_one_iteration - INFO ] Training neural net (pass 44)
2018-03-17 08:17:50,899 [steps/libs/nnet3/train/frame_level_objf/common.py:265 - train_one_iteration - INFO ] On iteration 44, learning rate is 0.00322545016007.
2018-03-17 08:22:22,638 [steps/libs/nnet3/train/frame_level_objf/common.py:201 - train_one_iteration - INFO ] Training neural net (pass 45)
2018-03-17 08:22:22,646 [steps/libs/nnet3/train/frame_level_objf/common.py:265 - train_one_iteration - INFO ] On iteration 45, learning rate is 0.00310660464809.
2018-03-17 08:26:49,182 [steps/libs/nnet3/train/frame_level_objf/common.py:201 - train_one_iteration - INFO ] Training neural net (pass 46)
2018-03-17 08:26:49,188 [steps/libs/nnet3/train/frame_level_objf/common.py:265 - train_one_iteration - INFO ] On iteration 46, learning rate is 0.00299213813904.
2018-03-17 08:33:08,938 [steps/libs/nnet3/train/frame_level_objf/common.py:201 - train_one_iteration - INFO ] Training neural net (pass 47)
2018-03-17 08:33:08,946 [steps/libs/nnet3/train/frame_level_objf/common.py:265 - train_one_iteration - INFO ] On iteration 47, learning rate is 0.00288188928341.
2018-03-17 08:39:34,018 [steps/libs/nnet3/train/frame_level_objf/common.py:201 - train_one_iteration - INFO ] Training neural net (pass 48)
2018-03-17 08:39:34,032 [steps/libs/nnet3/train/frame_level_objf/common.py:265 - train_one_iteration - INFO ] On iteration 48, learning rate is 0.00277570267678.
2018-03-17 08:45:07,680 [steps/libs/nnet3/train/frame_level_objf/common.py:201 - train_one_iteration - INFO ] Training neural net (pass 49)
2018-03-17 08:45:07,691 [steps/libs/nnet3/train/frame_level_objf/common.py:265 - train_one_iteration - INFO ] On iteration 49, learning rate is 0.0026734286408.
2018-03-17 08:51:33,105 [steps/libs/nnet3/train/frame_level_objf/common.py:201 - train_one_iteration - INFO ] Training neural net (pass 50)
2018-03-17 08:51:33,115 [steps/libs/nnet3/train/frame_level_objf/common.py:265 - train_one_iteration - INFO ] On iteration 50, learning rate is 0.00257492301219.
2018-03-17 08:56:50,685 [steps/libs/nnet3/train/frame_level_objf/common.py:201 - train_one_iteration - INFO ] Training neural net (pass 51)
2018-03-17 08:56:50,699 [steps/libs/nnet3/train/frame_level_objf/common.py:265 - train_one_iteration - INFO ] On iteration 51, learning rate is 0.00248004693955.
2018-03-17 09:00:29,827 [steps/libs/nnet3/train/frame_level_objf/common.py:201 - train_one_iteration - INFO ] Training neural net (pass 52)
2018-03-17 09:00:29,835 [steps/libs/nnet3/train/frame_level_objf/common.py:265 - train_one_iteration - INFO ] On iteration 52, learning rate is 0.00238866668761.
2018-03-17 09:04:11,958 [steps/libs/nnet3/train/frame_level_objf/common.py:201 - train_one_iteration - INFO ] Training neural net (pass 53)
2018-03-17 09:04:11,965 [steps/libs/nnet3/train/frame_level_objf/common.py:265 - train_one_iteration - INFO ] On iteration 53, learning rate is 0.00230065344873.
2018-03-17 09:10:39,029 [steps/libs/nnet3/train/frame_level_objf/common.py:201 - train_one_iteration - INFO ] Training neural net (pass 54)
2018-03-17 09:10:39,037 [steps/libs/nnet3/train/frame_level_objf/common.py:265 - train_one_iteration - INFO ] On iteration 54, learning rate is 0.00221588316135.
2018-03-17 09:15:12,298 [steps/libs/nnet3/train/frame_level_objf/common.py:201 - train_one_iteration - INFO ] Training neural net (pass 55)
2018-03-17 09:15:12,309 [steps/libs/nnet3/train/frame_level_objf/common.py:265 - train_one_iteration - INFO ] On iteration 55, learning rate is 0.00248994239094.
2018-03-17 09:21:57,289 [steps/libs/nnet3/train/frame_level_objf/common.py:201 - train_one_iteration - INFO ] Training neural net (pass 56)
2018-03-17 09:21:57,296 [steps/libs/nnet3/train/frame_level_objf/common.py:265 - train_one_iteration - INFO ] On iteration 56, learning rate is 0.00238323879562.
2018-03-17 09:28:34,947 [steps/libs/nnet3/train/frame_level_objf/common.py:201 - train_one_iteration - INFO ] Training neural net (pass 57)
2018-03-17 09:28:34,956 [steps/libs/nnet3/train/frame_level_objf/common.py:265 - train_one_iteration - INFO ] On iteration 57, learning rate is 0.0022811078592.
2018-03-17 09:33:07,182 [steps/libs/nnet3/train/frame_level_objf/common.py:201 - train_one_iteration - INFO ] Training neural net (pass 58)
2018-03-17 09:33:07,191 [steps/libs/nnet3/train/frame_level_objf/common.py:265 - train_one_iteration - INFO ] On iteration 58, learning rate is 0.0021833536257.
2018-03-17 09:39:49,688 [steps/libs/nnet3/train/frame_level_objf/common.py:201 - train_one_iteration - INFO ] Training neural net (pass 59)
2018-03-17 09:39:49,697 [steps/libs/nnet3/train/frame_level_objf/common.py:265 - train_one_iteration - INFO ] On iteration 59, learning rate is 0.00208978853657.
2018-03-17 09:45:32,633 [steps/libs/nnet3/train/frame_level_objf/common.py:201 - train_one_iteration - INFO ] Training neural net (pass 60)
2018-03-17 09:45:32,641 [steps/libs/nnet3/train/frame_level_objf/common.py:265 - train_one_iteration - INFO ] On iteration 60, learning rate is 0.0020002330709.
2018-03-17 09:54:19,837 [steps/libs/nnet3/train/frame_level_objf/common.py:201 - train_one_iteration - INFO ] Training neural net (pass 61)
2018-03-17 09:54:19,857 [steps/libs/nnet3/train/frame_level_objf/common.py:265 - train_one_iteration - INFO ] On iteration 61, learning rate is 0.00191451540091.
2018-03-17 09:58:54,856 [steps/libs/nnet3/train/frame_level_objf/common.py:201 - train_one_iteration - INFO ] Training neural net (pass 62)
2018-03-17 09:58:54,864 [steps/libs/nnet3/train/frame_level_objf/common.py:265 - train_one_iteration - INFO ] On iteration 62, learning rate is 0.00183247106233.
2018-03-17 10:06:45,514 [steps/libs/nnet3/train/frame_level_objf/common.py:201 - train_one_iteration - INFO ] Training neural net (pass 63)
2018-03-17 10:06:45,527 [steps/libs/nnet3/train/frame_level_objf/common.py:265 - train_one_iteration - INFO ] On iteration 63, learning rate is 0.00175394263878.
2018-03-17 10:13:18,584 [steps/libs/nnet3/train/frame_level_objf/common.py:201 - train_one_iteration - INFO ] Training neural net (pass 64)
2018-03-17 10:13:18,594 [steps/libs/nnet3/train/frame_level_objf/common.py:265 - train_one_iteration - INFO ] On iteration 64, learning rate is 0.00167877945981.
2018-03-17 10:20:53,061 [steps/libs/nnet3/train/frame_level_objf/common.py:201 - train_one_iteration - INFO ] Training neural net (pass 65)
2018-03-17 10:20:53,070 [steps/libs/nnet3/train/frame_level_objf/common.py:265 - train_one_iteration - INFO ] On iteration 65, learning rate is 0.00160683731177.
2018-03-17 10:26:33,746 [steps/libs/nnet3/train/frame_level_objf/common.py:201 - train_one_iteration - INFO ] Training neural net (pass 66)
2018-03-17 10:26:33,755 [steps/libs/nnet3/train/frame_level_objf/common.py:265 - train_one_iteration - INFO ] On iteration 66, learning rate is 0.00153797816109.
2018-03-17 10:31:07,336 [steps/libs/nnet3/train/frame_level_objf/common.py:201 - train_one_iteration - INFO ] Training neural net (pass 67)
2018-03-17 10:31:07,343 [steps/libs/nnet3/train/frame_level_objf/common.py:265 - train_one_iteration - INFO ] On iteration 67, learning rate is 0.00168236558801.
2018-03-17 10:39:41,682 [steps/libs/nnet3/train/frame_level_objf/common.py:201 - train_one_iteration - INFO ] Training neural net (pass 68)
2018-03-17 10:39:41,690 [steps/libs/nnet3/train/frame_level_objf/common.py:265 - train_one_iteration - INFO ] On iteration 68, learning rate is 0.0016002257186.
2018-03-17 10:48:35,511 [steps/libs/nnet3/train/frame_level_objf/common.py:201 - train_one_iteration - INFO ] Training neural net (pass 69)
2018-03-17 10:48:35,520 [steps/libs/nnet3/train/frame_level_objf/common.py:265 - train_one_iteration - INFO ] On iteration 69, learning rate is 0.0015220962487.
2018-03-17 10:57:26,643 [steps/libs/nnet3/train/frame_level_objf/common.py:201 - train_one_iteration - INFO ] Training neural net (pass 70)
2018-03-17 10:57:26,650 [steps/libs/nnet3/train/frame_level_objf/common.py:265 - train_one_iteration - INFO ] On iteration 70, learning rate is 0.00144778137445.
2018-03-17 11:03:03,148 [steps/libs/nnet3/train/frame_level_objf/common.py:201 - train_one_iteration - INFO ] Training neural net (pass 71)
2018-03-17 11:03:03,156 [steps/libs/nnet3/train/frame_level_objf/common.py:265 - train_one_iteration - INFO ] On iteration 71, learning rate is 0.00137709485192.
2018-03-17 11:10:50,166 [steps/libs/nnet3/train/frame_level_objf/common.py:201 - train_one_iteration - INFO ] Training neural net (pass 72)
2018-03-17 11:10:50,187 [steps/libs/nnet3/train/frame_level_objf/common.py:265 - train_one_iteration - INFO ] On iteration 72, learning rate is 0.0012.
slurmstepd: *** JOB 2976 ON dhvani CANCELLED AT 2018-03-17T11:12:27 DUE TO TIME LIMIT ***
2018-03-17 11:12:27,939 [steps/libs/common.py:237 - background_command_waiter - WARNING ] Command exited with status -9:  run.pl --mem 4G exp/nnet3_combined/multitask_acc300btn_tdnn300_0.5_0.5_withcontext/log/compute_prob_valid.72.log                 nnet3-compute-prob "exp/nnet3_combined/multitask_acc300btn_tdnn300_0.5_0.5_withcontext/72.raw"                 "ark,bg:nnet3-copy-egs --outputs=ark:exp/nnet3_combined/multitask_acc300btn_tdnn300_0.5_0.5_withcontext/egs/valid_diagnostic.output.ark --weights=ark:exp/nnet3_combined/multitask_acc300btn_tdnn300_0.5_0.5_withcontext/egs/valid_diagnostic.weight.ark                     scp:exp/nnet3_combined/multitask_acc300btn_tdnn300_0.5_0.5_withcontext/egs/valid_diagnostic.scp ark:- |                     nnet3-merge-egs --minibatch-size=1:64 ark:-                     ark:- |" 
2018-03-17 11:12:27,939 [steps/libs/common.py:231 - background_command_waiter - ERROR ] Command exited with status -9: run.pl --mem 4G --gpu 1 exp/nnet3_combined/multitask_acc300btn_tdnn300_0.5_0.5_withcontext/log/train.72.1.log                     nnet3-train  --read-cache=exp/nnet3_combined/multitask_acc300btn_tdnn300_0.5_0.5_withcontext/cache.72 --write-cache=exp/nnet3_combined/multitask_acc300btn_tdnn300_0.5_0.5_withcontext/cache.73                       --print-interval=10                     --momentum=0.0                     --max-param-change=2.0                     --backstitch-training-scale=0.0                     --l2-regularize-factor=0.125                     --backstitch-training-interval=1                     --srand=72                      "nnet3-copy --learning-rate=0.0012 --scale=1.0 exp/nnet3_combined/multitask_acc300btn_tdnn300_0.5_0.5_withcontext/72.raw - |" "ark,bg:nnet3-copy-egs --frame=1 --outputs=ark:exp/nnet3_combined/multitask_acc300btn_tdnn300_0.5_0.5_withcontext/egs/egs.output.10.ark --weights=ark:exp/nnet3_combined/multitask_acc300btn_tdnn300_0.5_0.5_withcontext/egs/egs.weight.10.ark             scp:exp/nnet3_combined/multitask_acc300btn_tdnn300_0.5_0.5_withcontext/egs/egs.10.scp ark:- |             nnet3-shuffle-egs --buffer-size=5000             --srand=72 ark:- ark:- |              nnet3-merge-egs --minibatch-size=256,128 ark:- ark:- |"                     exp/nnet3_combined/multitask_acc300btn_tdnn300_0.5_0.5_withcontext/73.1.raw
2018-03-17 11:12:27,939 [steps/libs/common.py:231 - background_command_waiter - ERROR ] Command exited with status -9: run.pl --mem 4G --gpu 1 exp/nnet3_combined/multitask_acc300btn_tdnn300_0.5_0.5_withcontext/log/train.72.2.log                     nnet3-train  --read-cache=exp/nnet3_combined/multitask_acc300btn_tdnn300_0.5_0.5_withcontext/cache.72                       --print-interval=10                     --momentum=0.0                     --max-param-change=2.0                     --backstitch-training-scale=0.0                     --l2-regularize-factor=0.125                     --backstitch-training-interval=1                     --srand=72                      "nnet3-copy --learning-rate=0.0012 --scale=1.0 exp/nnet3_combined/multitask_acc300btn_tdnn300_0.5_0.5_withcontext/72.raw - |" "ark,bg:nnet3-copy-egs --frame=2 --outputs=ark:exp/nnet3_combined/multitask_acc300btn_tdnn300_0.5_0.5_withcontext/egs/egs.output.11.ark --weights=ark:exp/nnet3_combined/multitask_acc300btn_tdnn300_0.5_0.5_withcontext/egs/egs.weight.11.ark             scp:exp/nnet3_combined/multitask_acc300btn_tdnn300_0.5_0.5_withcontext/egs/egs.11.scp ark:- |             nnet3-shuffle-egs --buffer-size=5000             --srand=72 ark:- ark:- |              nnet3-merge-egs --minibatch-size=256,128 ark:- ark:- |"                     exp/nnet3_combined/multitask_acc300btn_tdnn300_0.5_0.5_withcontext/73.2.raw
steps/nnet3/train_raw_dnn.py --stage=-10 --cmd=run.pl --mem 4G --feat.cmvn-opts=--norm-means=false --norm-vars=false --trainer.num-epochs 2 --trainer.optimization.num-jobs-initial=2 --trainer.optimization.num-jobs-final=8 --trainer.optimization.initial-effective-lrate=0.0015 --trainer.optimization.final-effective-lrate=0.00015 --trainer.optimization.minibatch-size=256,128 --trainer.samples-per-iter=400000 --trainer.max-param-change=2.0 --trainer.srand=0 --feat-dir data/101-recog-min/cv_train_nz_sp_hires --feat.online-ivector-dir exp/101-recog-min/nnet3/ivectors_cv_train_nz_sp --egs.dir exp/nnet3_combined/multitask_acc300btn_tdnn300_0.5_0.5_withcontext/egs --use-dense-targets false --targets-scp exp/101-recog-min/tri4_cv_train_nz_ali --cleanup.remove-egs false --cleanup.preserve-model-interval 50 --use-gpu true --dir=exp/nnet3_combined/multitask_acc300btn_tdnn300_0.5_0.5_withcontext
['steps/nnet3/train_raw_dnn.py', '--stage=-10', '--cmd=run.pl --mem 4G', '--feat.cmvn-opts=--norm-means=false --norm-vars=false', '--trainer.num-epochs', '2', '--trainer.optimization.num-jobs-initial=2', '--trainer.optimization.num-jobs-final=8', '--trainer.optimization.initial-effective-lrate=0.0015', '--trainer.optimization.final-effective-lrate=0.00015', '--trainer.optimization.minibatch-size=256,128', '--trainer.samples-per-iter=400000', '--trainer.max-param-change=2.0', '--trainer.srand=0', '--feat-dir', 'data/101-recog-min/cv_train_nz_sp_hires', '--feat.online-ivector-dir', 'exp/101-recog-min/nnet3/ivectors_cv_train_nz_sp', '--egs.dir', 'exp/nnet3_combined/multitask_acc300btn_tdnn300_0.5_0.5_withcontext/egs', '--use-dense-targets', 'false', '--targets-scp', 'exp/101-recog-min/tri4_cv_train_nz_ali', '--cleanup.remove-egs', 'false', '--cleanup.preserve-model-interval', '50', '--use-gpu', 'true', '--dir=exp/nnet3_combined/multitask_acc300btn_tdnn300_0.5_0.5_withcontext']
2018-03-17 11:12:27,940 [steps/libs/common.py:231 - background_command_waiter - ERROR ] Command exited with status -9: run.pl --mem 4G --gpu 1 exp/nnet3_combined/multitask_acc300btn_tdnn300_0.5_0.5_withcontext/log/train.72.3.log                     nnet3-train  --read-cache=exp/nnet3_combined/multitask_acc300btn_tdnn300_0.5_0.5_withcontext/cache.72                       --print-interval=10                     --momentum=0.0                     --max-param-change=2.0                     --backstitch-training-scale=0.0                     --l2-regularize-factor=0.125                     --backstitch-training-interval=1                     --srand=72                      "nnet3-copy --learning-rate=0.0012 --scale=1.0 exp/nnet3_combined/multitask_acc300btn_tdnn300_0.5_0.5_withcontext/72.raw - |" "ark,bg:nnet3-copy-egs --frame=3 --outputs=ark:exp/nnet3_combined/multitask_acc300btn_tdnn300_0.5_0.5_withcontext/egs/egs.output.12.ark --weights=ark:exp/nnet3_combined/multitask_acc300btn_tdnn300_0.5_0.5_withcontext/egs/egs.weight.12.ark             scp:exp/nnet3_combined/multitask_acc300btn_tdnn300_0.5_0.5_withcontext/egs/egs.12.scp ark:- |             nnet3-shuffle-egs --buffer-size=5000             --srand=72 ark:- ark:- |              nnet3-merge-egs --minibatch-size=256,128 ark:- ark:- |"                     exp/nnet3_combined/multitask_acc300btn_tdnn300_0.5_0.5_withcontext/73.3.raw
2018-03-17 11:12:27,940 [steps/libs/common.py:231 - background_command_waiter - ERROR ] Command exited with status -9: run.pl --mem 4G --gpu 1 exp/nnet3_combined/multitask_acc300btn_tdnn300_0.5_0.5_withcontext/log/train.72.4.log                     nnet3-train  --read-cache=exp/nnet3_combined/multitask_acc300btn_tdnn300_0.5_0.5_withcontext/cache.72                       --print-interval=10                     --momentum=0.0                     --max-param-change=2.0                     --backstitch-training-scale=0.0                     --l2-regularize-factor=0.125                     --backstitch-training-interval=1                     --srand=72                      "nnet3-copy --learning-rate=0.0012 --scale=1.0 exp/nnet3_combined/multitask_acc300btn_tdnn300_0.5_0.5_withcontext/72.raw - |" "ark,bg:nnet3-copy-egs --frame=4 --outputs=ark:exp/nnet3_combined/multitask_acc300btn_tdnn300_0.5_0.5_withcontext/egs/egs.output.13.ark --weights=ark:exp/nnet3_combined/multitask_acc300btn_tdnn300_0.5_0.5_withcontext/egs/egs.weight.13.ark             scp:exp/nnet3_combined/multitask_acc300btn_tdnn300_0.5_0.5_withcontext/egs/egs.13.scp ark:- |             nnet3-shuffle-egs --buffer-size=5000             --srand=72 ark:- ark:- |              nnet3-merge-egs --minibatch-size=256,128 ark:- ark:- |"                     exp/nnet3_combined/multitask_acc300btn_tdnn300_0.5_0.5_withcontext/73.4.raw
2018-03-17 11:12:27,940 [steps/libs/common.py:237 - background_command_waiter - WARNING ] Command exited with status -9: run.pl --mem 4G exp/nnet3_combined/multitask_acc300btn_tdnn300_0.5_0.5_withcontext/log/compute_prob_train.72.log                 nnet3-compute-prob  "exp/nnet3_combined/multitask_acc300btn_tdnn300_0.5_0.5_withcontext/72.raw"                 "ark,bg:nnet3-copy-egs --outputs=ark:exp/nnet3_combined/multitask_acc300btn_tdnn300_0.5_0.5_withcontext/egs/train_diagnostic.output.ark --weights=ark:exp/nnet3_combined/multitask_acc300btn_tdnn300_0.5_0.5_withcontext/egs/train_diagnostic.weight.ark                     scp:exp/nnet3_combined/multitask_acc300btn_tdnn300_0.5_0.5_withcontext/egs/train_diagnostic.scp ark:- |                     nnet3-merge-egs --minibatch-size=1:64 ark:-                     ark:- |" 
2018-03-17 11:12:27,940 [steps/libs/common.py:231 - background_command_waiter - ERROR ] Command exited with status -9: run.pl --mem 4G --gpu 1 exp/nnet3_combined/multitask_acc300btn_tdnn300_0.5_0.5_withcontext/log/train.72.7.log                     nnet3-train  --read-cache=exp/nnet3_combined/multitask_acc300btn_tdnn300_0.5_0.5_withcontext/cache.72                       --print-interval=10                     --momentum=0.0                     --max-param-change=2.0                     --backstitch-training-scale=0.0                     --l2-regularize-factor=0.125                     --backstitch-training-interval=1                     --srand=72                      "nnet3-copy --learning-rate=0.0012 --scale=1.0 exp/nnet3_combined/multitask_acc300btn_tdnn300_0.5_0.5_withcontext/72.raw - |" "ark,bg:nnet3-copy-egs --frame=7 --outputs=ark:exp/nnet3_combined/multitask_acc300btn_tdnn300_0.5_0.5_withcontext/egs/egs.output.16.ark --weights=ark:exp/nnet3_combined/multitask_acc300btn_tdnn300_0.5_0.5_withcontext/egs/egs.weight.16.ark             scp:exp/nnet3_combined/multitask_acc300btn_tdnn300_0.5_0.5_withcontext/egs/egs.16.scp ark:- |             nnet3-shuffle-egs --buffer-size=5000             --srand=72 ark:- ark:- |              nnet3-merge-egs --minibatch-size=256,128 ark:- ark:- |"                     exp/nnet3_combined/multitask_acc300btn_tdnn300_0.5_0.5_withcontext/73.7.raw
2018-03-17 11:12:27,940 [steps/libs/common.py:231 - background_command_waiter - ERROR ] Command exited with status -9: run.pl --mem 4G --gpu 1 exp/nnet3_combined/multitask_acc300btn_tdnn300_0.5_0.5_withcontext/log/train.72.5.log                     nnet3-train  --read-cache=exp/nnet3_combined/multitask_acc300btn_tdnn300_0.5_0.5_withcontext/cache.72                       --print-interval=10                     --momentum=0.0                     --max-param-change=2.0                     --backstitch-training-scale=0.0                     --l2-regularize-factor=0.125                     --backstitch-training-interval=1                     --srand=72                      "nnet3-copy --learning-rate=0.0012 --scale=1.0 exp/nnet3_combined/multitask_acc300btn_tdnn300_0.5_0.5_withcontext/72.raw - |" "ark,bg:nnet3-copy-egs --frame=5 --outputs=ark:exp/nnet3_combined/multitask_acc300btn_tdnn300_0.5_0.5_withcontext/egs/egs.output.14.ark --weights=ark:exp/nnet3_combined/multitask_acc300btn_tdnn300_0.5_0.5_withcontext/egs/egs.weight.14.ark             scp:exp/nnet3_combined/multitask_acc300btn_tdnn300_0.5_0.5_withcontext/egs/egs.14.scp ark:- |             nnet3-shuffle-egs --buffer-size=5000             --srand=72 ark:- ark:- |              nnet3-merge-egs --minibatch-size=256,128 ark:- ark:- |"                     exp/nnet3_combined/multitask_acc300btn_tdnn300_0.5_0.5_withcontext/73.5.raw
2018-03-17 11:12:27,940 [steps/libs/common.py:231 - background_command_waiter - ERROR ] Command exited with status -9: run.pl --mem 4G --gpu 1 exp/nnet3_combined/multitask_acc300btn_tdnn300_0.5_0.5_withcontext/log/train.72.8.log                     nnet3-train  --read-cache=exp/nnet3_combined/multitask_acc300btn_tdnn300_0.5_0.5_withcontext/cache.72                       --print-interval=10                     --momentum=0.0                     --max-param-change=2.0                     --backstitch-training-scale=0.0                     --l2-regularize-factor=0.125                     --backstitch-training-interval=1                     --srand=72                      "nnet3-copy --learning-rate=0.0012 --scale=1.0 exp/nnet3_combined/multitask_acc300btn_tdnn300_0.5_0.5_withcontext/72.raw - |" "ark,bg:nnet3-copy-egs --frame=0 --outputs=ark:exp/nnet3_combined/multitask_acc300btn_tdnn300_0.5_0.5_withcontext/egs/egs.output.17.ark --weights=ark:exp/nnet3_combined/multitask_acc300btn_tdnn300_0.5_0.5_withcontext/egs/egs.weight.17.ark             scp:exp/nnet3_combined/multitask_acc300btn_tdnn300_0.5_0.5_withcontext/egs/egs.17.scp ark:- |             nnet3-shuffle-egs --buffer-size=5000             --srand=72 ark:- ark:- |              nnet3-merge-egs --minibatch-size=256,128 ark:- ark:- |"                     exp/nnet3_combined/multitask_acc300btn_tdnn300_0.5_0.5_withcontext/73.8.raw
2018-03-17 11:12:27,940 [steps/libs/common.py:231 - background_command_waiter - ERROR ] Command exited with status -9: run.pl --mem 4G --gpu 1 exp/nnet3_combined/multitask_acc300btn_tdnn300_0.5_0.5_withcontext/log/train.72.6.log                     nnet3-train  --read-cache=exp/nnet3_combined/multitask_acc300btn_tdnn300_0.5_0.5_withcontext/cache.72                       --print-interval=10                     --momentum=0.0                     --max-param-change=2.0                     --backstitch-training-scale=0.0                     --l2-regularize-factor=0.125                     --backstitch-training-interval=1                     --srand=72                      "nnet3-copy --learning-rate=0.0012 --scale=1.0 exp/nnet3_combined/multitask_acc300btn_tdnn300_0.5_0.5_withcontext/72.raw - |" "ark,bg:nnet3-copy-egs --frame=6 --outputs=ark:exp/nnet3_combined/multitask_acc300btn_tdnn300_0.5_0.5_withcontext/egs/egs.output.15.ark --weights=ark:exp/nnet3_combined/multitask_acc300btn_tdnn300_0.5_0.5_withcontext/egs/egs.weight.15.ark             scp:exp/nnet3_combined/multitask_acc300btn_tdnn300_0.5_0.5_withcontext/egs/egs.15.scp ark:- |             nnet3-shuffle-egs --buffer-size=5000             --srand=72 ark:- ark:- |              nnet3-merge-egs --minibatch-size=256,128 ark:- ark:- |"                     exp/nnet3_combined/multitask_acc300btn_tdnn300_0.5_0.5_withcontext/73.6.raw
Error in atexit._run_exitfuncs:
Error in sys.exitfunc:
Traceback (most recent call last):
  File "/usr/lib/python2.7/atexit.py", line 29, in _run_exitfuncs
    print >> sys.stderr, "Error in atexit._run_exitfuncs:"
KeyboardInterrupt
