steps/nnet3/xconfig_to_configs.py --xconfig-file exp/nnet3_combined/multitask_acc1024btn_tdnn1024_0.5_0.5_withcontext/configs/network.xconfig --config-dir exp/nnet3_combined/multitask_acc1024btn_tdnn1024_0.5_0.5_withcontext/configs/ --nnet-edits=rename-node old-name=output-0 new-name=output
nnet3-init exp/nnet3_combined/multitask_acc1024btn_tdnn1024_0.5_0.5_withcontext/configs//ref.config exp/nnet3_combined/multitask_acc1024btn_tdnn1024_0.5_0.5_withcontext/configs//ref.raw 
LOG (nnet3-init[5.2.204~1-08848]:main():nnet3-init.cc:80) Initialized raw neural net and wrote it to exp/nnet3_combined/multitask_acc1024btn_tdnn1024_0.5_0.5_withcontext/configs//ref.raw
nnet3-info "nnet3-copy --edits='rename-node old-name=output-0 new-name=output' exp/nnet3_combined/multitask_acc1024btn_tdnn1024_0.5_0.5_withcontext/configs//ref.raw - |" 
nnet3-copy '--edits=rename-node old-name=output-0 new-name=output' exp/nnet3_combined/multitask_acc1024btn_tdnn1024_0.5_0.5_withcontext/configs//ref.raw - 
LOG (nnet3-copy[5.2.204~1-08848]:main():nnet3-copy.cc:114) Copied raw neural net from exp/nnet3_combined/multitask_acc1024btn_tdnn1024_0.5_0.5_withcontext/configs//ref.raw to -
nnet3-init exp/nnet3_combined/multitask_acc1024btn_tdnn1024_0.5_0.5_withcontext/configs//ref.config exp/nnet3_combined/multitask_acc1024btn_tdnn1024_0.5_0.5_withcontext/configs//ref.raw 
LOG (nnet3-init[5.2.204~1-08848]:main():nnet3-init.cc:80) Initialized raw neural net and wrote it to exp/nnet3_combined/multitask_acc1024btn_tdnn1024_0.5_0.5_withcontext/configs//ref.raw
nnet3-info "nnet3-copy --edits='rename-node old-name=output-0 new-name=output' exp/nnet3_combined/multitask_acc1024btn_tdnn1024_0.5_0.5_withcontext/configs//ref.raw - |" 
nnet3-copy '--edits=rename-node old-name=output-0 new-name=output' exp/nnet3_combined/multitask_acc1024btn_tdnn1024_0.5_0.5_withcontext/configs//ref.raw - 
LOG (nnet3-copy[5.2.204~1-08848]:main():nnet3-copy.cc:114) Copied raw neural net from exp/nnet3_combined/multitask_acc1024btn_tdnn1024_0.5_0.5_withcontext/configs//ref.raw to -
./multitask_run_2_base_1.sh: calling get_egs.sh for generating examples with alignments as output
steps/nnet3/get_egs.sh --cmvn-opts --norm-means=false --norm-vars=false --online-ivector-dir exp/101-recog-min/nnet3/ivectors_cv_train_nz_sp --transform-dir exp/101-recog-min/tri4_cv_train_nz_ali --left-context 30 --right-context 22 --num-utts-subset 300 --nj 20 --samples-per-iter 400000 --cmd run.pl --generate-egs-scp true --frames-per-eg 8 data/101-recog-min/cv_train_nz_sp_hires exp/101-recog-min/tri4_cv_train_nz_ali exp/nnet3_combined/multitask_acc1024btn_tdnn1024_0.5_0.5_withcontext/egs_aligns
File data/101-recog-min/cv_train_nz_sp_hires/utt2uniq exists, so augmenting valid_uttlist to
include all perturbed versions of the same 'real' utterances.
steps/nnet3/get_egs.sh: feature type is raw
feat-to-dim scp:exp/101-recog-min/nnet3/ivectors_cv_train_nz_sp/ivector_online.scp - 
steps/nnet3/get_egs.sh: working out number of frames of training data
steps/nnet3/get_egs.sh: working out feature dim
steps/nnet3/get_egs.sh: creating 12 archives, each with 387321 egs, with
steps/nnet3/get_egs.sh:   8 labels per example, and (left,right) context = (30,22)
steps/nnet3/get_egs.sh: copying data alignments
copy-int-vector ark:- ark,scp:exp/nnet3_combined/multitask_acc1024btn_tdnn1024_0.5_0.5_withcontext/egs_aligns/ali.ark,exp/nnet3_combined/multitask_acc1024btn_tdnn1024_0.5_0.5_withcontext/egs_aligns/ali.scp 
LOG (copy-int-vector[5.2.204~1-08848]:main():copy-int-vector.cc:83) Copied 92661 vectors of int32.
steps/nnet3/get_egs.sh: Getting validation and training subset examples.
steps/nnet3/get_egs.sh: ... extracting validation and training-subset alignments.
... Getting subsets of validation examples for diagnostics and combination.
nnet3-copy-egs ark:- ark,scp:exp/nnet3_combined/multitask_acc1024btn_tdnn1024_0.5_0.5_withcontext/egs_aligns/combine.egs,exp/nnet3_combined/multitask_acc1024btn_tdnn1024_0.5_0.5_withcontext/egs_aligns/combine.scp 
LOG (nnet3-copy-egs[5.2.204~1-08848]:main():nnet3-copy-egs.cc:436) Read 7500 neural-network training examples, wrote 7500, 0 examples had errors.
rm: cannot remove 'exp/nnet3_combined/multitask_acc1024btn_tdnn1024_0.5_0.5_withcontext/egs_aligns/train_combine.scp': No such file or directory
rm: cannot remove 'exp/nnet3_combined/multitask_acc1024btn_tdnn1024_0.5_0.5_withcontext/egs_aligns/valid_combine.scp': No such file or directory
steps/nnet3/get_egs.sh: Generating training examples on disk
steps/nnet3/get_egs.sh: recombining and shuffling order of archives on disk
steps/nnet3/get_egs.sh: removing temporary archives
steps/nnet3/get_egs.sh: removing temporary alignments and transforms
steps/nnet3/get_egs.sh: Finished preparing training examples
./multitask_run_2_base_1.sh: calling get_egs.sh for generating examples with alignments as output
steps/nnet3/get_egs_mod.sh --cmvn-opts --norm-means=false --norm-vars=false --online-ivector-dir exp/102-cla-min/nnet3/ivectors_cv_trainx_nz_sp --transform-dir exp/102-cla-min/ali --left-context 30 --right-context 22 --num-utts-subset 300 --nj 20 --num-pdfs 16 --samples-per-iter 400000 --cmd run.pl --generate-egs-scp true --frames-per-eg 8 data/102-cla-min/cv_trainx_nz_sp_hires exp/102-cla-min/ali exp/nnet3_combined/multitask_acc1024btn_tdnn1024_0.5_0.5_withcontext/egs_accents
File data/102-cla-min/cv_trainx_nz_sp_hires/utt2uniq exists, so augmenting valid_uttlist to
include all perturbed versions of the same 'real' utterances.
steps/nnet3/get_egs_mod.sh: feature type is raw
feat-to-dim scp:exp/102-cla-min/nnet3/ivectors_cv_trainx_nz_sp/ivector_online.scp - 
steps/nnet3/get_egs_mod.sh: working out number of frames of training data
steps/nnet3/get_egs_mod.sh: working out feature dim
steps/nnet3/get_egs_mod.sh: creating 12 archives, each with 387321 egs, with
steps/nnet3/get_egs_mod.sh:   8 labels per example, and (left,right) context = (30,22)
steps/nnet3/get_egs_mod.sh: copying data alignments
copy-int-vector ark:- ark,scp:exp/nnet3_combined/multitask_acc1024btn_tdnn1024_0.5_0.5_withcontext/egs_accents/ali.ark,exp/nnet3_combined/multitask_acc1024btn_tdnn1024_0.5_0.5_withcontext/egs_accents/ali.scp 
LOG (copy-int-vector[5.2.204~1-08848]:main():copy-int-vector.cc:83) Copied 92660 vectors of int32.
steps/nnet3/get_egs_mod.sh: Getting validation and training subset examples.
steps/nnet3/get_egs_mod.sh: ... extracting validation and training-subset alignments.
... Getting subsets of validation examples for diagnostics and combination.
nnet3-copy-egs ark:- ark,scp:exp/nnet3_combined/multitask_acc1024btn_tdnn1024_0.5_0.5_withcontext/egs_accents/combine.egs,exp/nnet3_combined/multitask_acc1024btn_tdnn1024_0.5_0.5_withcontext/egs_accents/combine.scp 
LOG (nnet3-copy-egs[5.2.204~1-08848]:main():nnet3-copy-egs.cc:436) Read 7500 neural-network training examples, wrote 7500, 0 examples had errors.
rm: cannot remove 'exp/nnet3_combined/multitask_acc1024btn_tdnn1024_0.5_0.5_withcontext/egs_accents/train_combine.scp': No such file or directory
rm: cannot remove 'exp/nnet3_combined/multitask_acc1024btn_tdnn1024_0.5_0.5_withcontext/egs_accents/valid_combine.scp': No such file or directory
steps/nnet3/get_egs_mod.sh: Generating training examples on disk
steps/nnet3/get_egs_mod.sh: recombining and shuffling order of archives on disk
steps/nnet3/get_egs_mod.sh: removing temporary archives
steps/nnet3/get_egs_mod.sh: removing temporary alignments and transforms
steps/nnet3/get_egs_mod.sh: Finished preparing training examples
steps/nnet3/multilingual/combine_egs.sh --lang2weight '0.5,0.5' --cmd run.pl --mem 4G --samples-per-iter 400000 2 exp/nnet3_combined/multitask_acc1024btn_tdnn1024_0.5_0.5_withcontext/egs_aligns exp/nnet3_combined/multitask_acc1024btn_tdnn1024_0.5_0.5_withcontext/egs_accents exp/nnet3_combined/multitask_acc1024btn_tdnn1024_0.5_0.5_withcontext/egs
steps/nnet3/multilingual/combine_egs.sh: allocating multilingual examples for training.
steps/nnet3/multilingual/combine_egs.sh: combine combine.scp examples from all langs in exp/nnet3_combined/multitask_acc1024btn_tdnn1024_0.5_0.5_withcontext/egs/combine.scp.
steps/nnet3/multilingual/combine_egs.sh: combine train_diagnostic.scp examples from all langs in exp/nnet3_combined/multitask_acc1024btn_tdnn1024_0.5_0.5_withcontext/egs/train_diagnostic.scp.
steps/nnet3/multilingual/combine_egs.sh: combine valid_diagnostic.scp examples from all langs in exp/nnet3_combined/multitask_acc1024btn_tdnn1024_0.5_0.5_withcontext/egs/valid_diagnostic.scp.
steps/nnet3/multilingual/combine_egs.sh: Finished preparing multilingual training example.
2018-03-16 11:15:58,629 [steps/nnet3/train_raw_dnn.py:34 - <module> - INFO ] Starting raw DNN trainer (train_raw_dnn.py)
2018-03-16 11:15:58,636 [steps/nnet3/train_raw_dnn.py:172 - train - INFO ] Arguments for the experiment
{'backstitch_training_interval': 1,
 'backstitch_training_scale': 0.0,
 'cleanup': True,
 'cmvn_opts': '--norm-means=false --norm-vars=false',
 'combine_sum_to_one_penalty': 0.0,
 'command': 'run.pl --mem 4G',
 'compute_average_posteriors': False,
 'compute_per_dim_accuracy': False,
 'dir': 'exp/nnet3_combined/multitask_acc1024btn_tdnn1024_0.5_0.5_withcontext',
 'do_final_combination': True,
 'dropout_schedule': None,
 'egs_command': None,
 'egs_dir': 'exp/nnet3_combined/multitask_acc1024btn_tdnn1024_0.5_0.5_withcontext/egs',
 'egs_opts': None,
 'egs_stage': 0,
 'email': None,
 'exit_stage': None,
 'feat_dir': 'data/101-recog-min/cv_train_nz_sp_hires',
 'final_effective_lrate': 0.00015,
 'frames_per_eg': 8,
 'image_augmentation_opts': None,
 'initial_effective_lrate': 0.0015,
 'max_lda_jobs': 10,
 'max_models_combine': 20,
 'max_param_change': 2.0,
 'minibatch_size': '256,128',
 'momentum': 0.0,
 'nj': 4,
 'num_epochs': 2.0,
 'num_jobs_compute_prior': 10,
 'num_jobs_final': 8,
 'num_jobs_initial': 2,
 'online_ivector_dir': 'exp/101-recog-min/nnet3/ivectors_cv_train_nz_sp',
 'preserve_model_interval': 50,
 'presoftmax_prior_scale_power': -0.25,
 'prior_subset_size': 20000,
 'proportional_shrink': 0.0,
 'rand_prune': 4.0,
 'remove_egs': False,
 'reporting_interval': 0.1,
 'samples_per_iter': 400000,
 'shuffle_buffer_size': 5000,
 'srand': 0,
 'stage': -10,
 'targets_scp': 'exp/101-recog-min/tri4_cv_train_nz_ali',
 'transform_dir': None,
 'use_dense_targets': False,
 'use_gpu': True}
2018-03-16 11:15:58,655 [steps/nnet3/train_raw_dnn.py:283 - train - INFO ] Preparing the initial network.
2018-03-16 11:16:00,631 [steps/nnet3/train_raw_dnn.py:322 - train - INFO ] Training will run for 2.0 epochs = 73 iterations
2018-03-16 11:16:00,631 [steps/libs/nnet3/train/frame_level_objf/common.py:201 - train_one_iteration - INFO ] Training neural net (pass 0)
2018-03-16 11:16:00,636 [steps/libs/nnet3/train/frame_level_objf/common.py:265 - train_one_iteration - INFO ] On iteration 0, learning rate is 0.003.
2018-03-16 11:23:10,663 [steps/libs/nnet3/train/frame_level_objf/common.py:201 - train_one_iteration - INFO ] Training neural net (pass 1)
2018-03-16 11:23:10,671 [steps/libs/nnet3/train/frame_level_objf/common.py:265 - train_one_iteration - INFO ] On iteration 1, learning rate is 0.00296269177709.
2018-03-16 11:28:46,585 [steps/libs/nnet3/train/frame_level_objf/common.py:201 - train_one_iteration - INFO ] Training neural net (pass 2)
2018-03-16 11:28:46,591 [steps/libs/nnet3/train/frame_level_objf/common.py:265 - train_one_iteration - INFO ] On iteration 2, learning rate is 0.00292584752202.
2018-03-16 11:34:20,947 [steps/libs/nnet3/train/frame_level_objf/common.py:201 - train_one_iteration - INFO ] Training neural net (pass 3)
2018-03-16 11:34:20,953 [steps/libs/nnet3/train/frame_level_objf/common.py:265 - train_one_iteration - INFO ] On iteration 3, learning rate is 0.00288946146484.
2018-03-16 11:39:50,003 [steps/libs/nnet3/train/frame_level_objf/common.py:201 - train_one_iteration - INFO ] Training neural net (pass 4)
2018-03-16 11:39:50,011 [steps/libs/nnet3/train/frame_level_objf/common.py:265 - train_one_iteration - INFO ] On iteration 4, learning rate is 0.00285352790737.
2018-03-16 11:46:27,911 [steps/libs/nnet3/train/frame_level_objf/common.py:201 - train_one_iteration - INFO ] Training neural net (pass 5)
2018-03-16 11:46:27,917 [steps/libs/nnet3/train/frame_level_objf/common.py:265 - train_one_iteration - INFO ] On iteration 5, learning rate is 0.00281804122229.
2018-03-16 11:53:12,324 [steps/libs/nnet3/train/frame_level_objf/common.py:201 - train_one_iteration - INFO ] Training neural net (pass 6)
2018-03-16 11:53:12,332 [steps/libs/nnet3/train/frame_level_objf/common.py:265 - train_one_iteration - INFO ] On iteration 6, learning rate is 0.00278299585226.
2018-03-16 11:59:48,748 [steps/libs/nnet3/train/frame_level_objf/common.py:201 - train_one_iteration - INFO ] Training neural net (pass 7)
2018-03-16 11:59:48,754 [steps/libs/nnet3/train/frame_level_objf/common.py:265 - train_one_iteration - INFO ] On iteration 7, learning rate is 0.00412257946358.
2018-03-16 12:05:36,179 [steps/libs/nnet3/train/frame_level_objf/common.py:201 - train_one_iteration - INFO ] Training neural net (pass 8)
2018-03-16 12:05:36,186 [steps/libs/nnet3/train/frame_level_objf/common.py:265 - train_one_iteration - INFO ] On iteration 8, learning rate is 0.00404591599771.
2018-03-16 12:13:31,856 [steps/libs/nnet3/train/frame_level_objf/common.py:201 - train_one_iteration - INFO ] Training neural net (pass 9)
2018-03-16 12:13:31,869 [steps/libs/nnet3/train/frame_level_objf/common.py:265 - train_one_iteration - INFO ] On iteration 9, learning rate is 0.00397067816525.
2018-03-16 12:21:34,937 [steps/libs/nnet3/train/frame_level_objf/common.py:201 - train_one_iteration - INFO ] Training neural net (pass 10)
2018-03-16 12:21:34,943 [steps/libs/nnet3/train/frame_level_objf/common.py:265 - train_one_iteration - INFO ] On iteration 10, learning rate is 0.00389683945512.
2018-03-16 12:29:55,007 [steps/libs/nnet3/train/frame_level_objf/common.py:201 - train_one_iteration - INFO ] Training neural net (pass 11)
2018-03-16 12:29:55,012 [steps/libs/nnet3/train/frame_level_objf/common.py:265 - train_one_iteration - INFO ] On iteration 11, learning rate is 0.00382437384925.
2018-03-16 12:38:11,646 [steps/libs/nnet3/train/frame_level_objf/common.py:201 - train_one_iteration - INFO ] Training neural net (pass 12)
2018-03-16 12:38:11,651 [steps/libs/nnet3/train/frame_level_objf/common.py:265 - train_one_iteration - INFO ] On iteration 12, learning rate is 0.00375325581341.
2018-03-16 12:46:37,158 [steps/libs/nnet3/train/frame_level_objf/common.py:201 - train_one_iteration - INFO ] Training neural net (pass 13)
2018-03-16 12:46:37,163 [steps/libs/nnet3/train/frame_level_objf/common.py:265 - train_one_iteration - INFO ] On iteration 13, learning rate is 0.00368346028818.
2018-03-16 12:54:59,375 [steps/libs/nnet3/train/frame_level_objf/common.py:201 - train_one_iteration - INFO ] Training neural net (pass 14)
2018-03-16 12:54:59,386 [steps/libs/nnet3/train/frame_level_objf/common.py:265 - train_one_iteration - INFO ] On iteration 14, learning rate is 0.00361496268017.
2018-03-16 13:03:01,766 [steps/libs/nnet3/train/frame_level_objf/common.py:201 - train_one_iteration - INFO ] Training neural net (pass 15)
2018-03-16 13:03:01,776 [steps/libs/nnet3/train/frame_level_objf/common.py:265 - train_one_iteration - INFO ] On iteration 15, learning rate is 0.00354773885332.
2018-03-16 13:12:31,129 [steps/libs/nnet3/train/frame_level_objf/common.py:201 - train_one_iteration - INFO ] Training neural net (pass 16)
2018-03-16 13:12:31,134 [steps/libs/nnet3/train/frame_level_objf/common.py:265 - train_one_iteration - INFO ] On iteration 16, learning rate is 0.00348176512039.
2018-03-16 13:18:48,408 [steps/libs/nnet3/train/frame_level_objf/common.py:201 - train_one_iteration - INFO ] Training neural net (pass 17)
2018-03-16 13:18:48,414 [steps/libs/nnet3/train/frame_level_objf/common.py:265 - train_one_iteration - INFO ] On iteration 17, learning rate is 0.00341701823465.
2018-03-16 13:25:26,279 [steps/libs/nnet3/train/frame_level_objf/common.py:201 - train_one_iteration - INFO ] Training neural net (pass 18)
2018-03-16 13:25:26,285 [steps/libs/nnet3/train/frame_level_objf/common.py:265 - train_one_iteration - INFO ] On iteration 18, learning rate is 0.00335347538166.
2018-03-16 13:31:55,965 [steps/libs/nnet3/train/frame_level_objf/common.py:201 - train_one_iteration - INFO ] Training neural net (pass 19)
2018-03-16 13:31:55,977 [steps/libs/nnet3/train/frame_level_objf/common.py:265 - train_one_iteration - INFO ] On iteration 19, learning rate is 0.0043881522283.
2018-03-16 13:43:03,431 [steps/libs/nnet3/train/frame_level_objf/common.py:201 - train_one_iteration - INFO ] Training neural net (pass 20)
2018-03-16 13:43:03,440 [steps/libs/nnet3/train/frame_level_objf/common.py:265 - train_one_iteration - INFO ] On iteration 20, learning rate is 0.0042796881078.
2018-03-16 14:04:42,766 [steps/libs/nnet3/train/frame_level_objf/common.py:201 - train_one_iteration - INFO ] Training neural net (pass 21)
2018-03-16 14:04:42,771 [steps/libs/nnet3/train/frame_level_objf/common.py:265 - train_one_iteration - INFO ] On iteration 21, learning rate is 0.00417390494841.
2018-03-16 14:15:39,734 [steps/libs/nnet3/train/frame_level_objf/common.py:201 - train_one_iteration - INFO ] Training neural net (pass 22)
2018-03-16 14:15:39,741 [steps/libs/nnet3/train/frame_level_objf/common.py:265 - train_one_iteration - INFO ] On iteration 22, learning rate is 0.00407073648348.
2018-03-16 14:26:19,170 [steps/libs/nnet3/train/frame_level_objf/common.py:201 - train_one_iteration - INFO ] Training neural net (pass 23)
2018-03-16 14:26:19,176 [steps/libs/nnet3/train/frame_level_objf/common.py:265 - train_one_iteration - INFO ] On iteration 23, learning rate is 0.00397011808433.
2018-03-16 14:37:17,660 [steps/libs/nnet3/train/frame_level_objf/common.py:201 - train_one_iteration - INFO ] Training neural net (pass 24)
2018-03-16 14:37:17,666 [steps/libs/nnet3/train/frame_level_objf/common.py:265 - train_one_iteration - INFO ] On iteration 24, learning rate is 0.00387198671971.
run.pl: job failed, log is in exp/nnet3_combined/multitask_acc1024btn_tdnn1024_0.5_0.5_withcontext/log/train.24.1.log
2018-03-16 14:38:11,874 [steps/libs/common.py:231 - background_command_waiter - ERROR ] Command exited with status 1: run.pl --mem 4G --gpu 1 exp/nnet3_combined/multitask_acc1024btn_tdnn1024_0.5_0.5_withcontext/log/train.24.1.log                     nnet3-train  --read-cache=exp/nnet3_combined/multitask_acc1024btn_tdnn1024_0.5_0.5_withcontext/cache.24 --write-cache=exp/nnet3_combined/multitask_acc1024btn_tdnn1024_0.5_0.5_withcontext/cache.25                       --print-interval=10                     --momentum=0.0                     --max-param-change=2.0                     --backstitch-training-scale=0.0                     --l2-regularize-factor=0.25                     --backstitch-training-interval=1                     --srand=24                      "nnet3-copy --learning-rate=0.00387198671971 --scale=1.0 exp/nnet3_combined/multitask_acc1024btn_tdnn1024_0.5_0.5_withcontext/24.raw - |" "ark,bg:nnet3-copy-egs --frame=5 --outputs=ark:exp/nnet3_combined/multitask_acc1024btn_tdnn1024_0.5_0.5_withcontext/egs/egs.output.2.ark --weights=ark:exp/nnet3_combined/multitask_acc1024btn_tdnn1024_0.5_0.5_withcontext/egs/egs.weight.2.ark             scp:exp/nnet3_combined/multitask_acc1024btn_tdnn1024_0.5_0.5_withcontext/egs/egs.2.scp ark:- |             nnet3-shuffle-egs --buffer-size=5000             --srand=24 ark:- ark:- |              nnet3-merge-egs --minibatch-size=256,128 ark:- ark:- |"                     exp/nnet3_combined/multitask_acc1024btn_tdnn1024_0.5_0.5_withcontext/25.1.raw
steps/nnet3/train_raw_dnn.py --stage=-10 --cmd=run.pl --mem 4G --feat.cmvn-opts=--norm-means=false --norm-vars=false --trainer.num-epochs 2 --trainer.optimization.num-jobs-initial=2 --trainer.optimization.num-jobs-final=8 --trainer.optimization.initial-effective-lrate=0.0015 --trainer.optimization.final-effective-lrate=0.00015 --trainer.optimization.minibatch-size=256,128 --trainer.samples-per-iter=400000 --trainer.max-param-change=2.0 --trainer.srand=0 --feat-dir data/101-recog-min/cv_train_nz_sp_hires --feat.online-ivector-dir exp/101-recog-min/nnet3/ivectors_cv_train_nz_sp --egs.dir exp/nnet3_combined/multitask_acc1024btn_tdnn1024_0.5_0.5_withcontext/egs --use-dense-targets false --targets-scp exp/101-recog-min/tri4_cv_train_nz_ali --cleanup.remove-egs false --cleanup.preserve-model-interval 50 --use-gpu true --dir=exp/nnet3_combined/multitask_acc1024btn_tdnn1024_0.5_0.5_withcontext
['steps/nnet3/train_raw_dnn.py', '--stage=-10', '--cmd=run.pl --mem 4G', '--feat.cmvn-opts=--norm-means=false --norm-vars=false', '--trainer.num-epochs', '2', '--trainer.optimization.num-jobs-initial=2', '--trainer.optimization.num-jobs-final=8', '--trainer.optimization.initial-effective-lrate=0.0015', '--trainer.optimization.final-effective-lrate=0.00015', '--trainer.optimization.minibatch-size=256,128', '--trainer.samples-per-iter=400000', '--trainer.max-param-change=2.0', '--trainer.srand=0', '--feat-dir', 'data/101-recog-min/cv_train_nz_sp_hires', '--feat.online-ivector-dir', 'exp/101-recog-min/nnet3/ivectors_cv_train_nz_sp', '--egs.dir', 'exp/nnet3_combined/multitask_acc1024btn_tdnn1024_0.5_0.5_withcontext/egs', '--use-dense-targets', 'false', '--targets-scp', 'exp/101-recog-min/tri4_cv_train_nz_ali', '--cleanup.remove-egs', 'false', '--cleanup.preserve-model-interval', '50', '--use-gpu', 'true', '--dir=exp/nnet3_combined/multitask_acc1024btn_tdnn1024_0.5_0.5_withcontext']
