2018-03-18 01:27:46,624 [steps/nnet3/train_raw_dnn.py:34 - <module> - INFO ] Starting raw DNN trainer (train_raw_dnn.py)
2018-03-18 01:27:46,633 [steps/nnet3/train_raw_dnn.py:172 - train - INFO ] Arguments for the experiment
{'backstitch_training_interval': 1,
 'backstitch_training_scale': 0.0,
 'cleanup': True,
 'cmvn_opts': '--norm-means=false --norm-vars=false',
 'combine_sum_to_one_penalty': 0.0,
 'command': 'run.pl --mem 4G',
 'compute_average_posteriors': False,
 'compute_per_dim_accuracy': False,
 'dir': 'exp/nnet3_combined/multitask_acc300btn_tdnn1024_0.5_0.5_withoutcontext',
 'do_final_combination': True,
 'dropout_schedule': None,
 'egs_command': None,
 'egs_dir': 'exp/nnet3_combined/multitask_acc300btn_tdnn1024_0.5_0.5_withoutcontext/egs',
 'egs_opts': None,
 'egs_stage': 0,
 'email': None,
 'exit_stage': None,
 'feat_dir': 'data/101-recog-min/cv_train_nz_sp_hires',
 'final_effective_lrate': 0.00015,
 'frames_per_eg': 8,
 'image_augmentation_opts': None,
 'initial_effective_lrate': 0.0015,
 'max_lda_jobs': 10,
 'max_models_combine': 20,
 'max_param_change': 2.0,
 'minibatch_size': '256,128',
 'momentum': 0.0,
 'nj': 4,
 'num_epochs': 2.0,
 'num_jobs_compute_prior': 10,
 'num_jobs_final': 8,
 'num_jobs_initial': 2,
 'online_ivector_dir': 'exp/101-recog-min/nnet3/ivectors_cv_train_nz_sp',
 'preserve_model_interval': 50,
 'presoftmax_prior_scale_power': -0.25,
 'prior_subset_size': 20000,
 'proportional_shrink': 0.0,
 'rand_prune': 4.0,
 'remove_egs': False,
 'reporting_interval': 0.1,
 'samples_per_iter': 400000,
 'shuffle_buffer_size': 5000,
 'srand': 0,
 'stage': -10,
 'targets_scp': 'exp/101-recog-min/tri4_cv_train_nz_ali',
 'transform_dir': None,
 'use_dense_targets': False,
 'use_gpu': True}
2018-03-18 01:27:46,659 [steps/nnet3/train_raw_dnn.py:283 - train - INFO ] Preparing the initial network.
2018-03-18 01:27:48,503 [steps/nnet3/train_raw_dnn.py:322 - train - INFO ] Training will run for 2.0 epochs = 73 iterations
2018-03-18 01:27:48,504 [steps/libs/nnet3/train/frame_level_objf/common.py:201 - train_one_iteration - INFO ] Training neural net (pass 0)
2018-03-18 01:27:48,585 [steps/libs/nnet3/train/frame_level_objf/common.py:265 - train_one_iteration - INFO ] On iteration 0, learning rate is 0.003.
2018-03-18 01:30:32,549 [steps/libs/nnet3/train/frame_level_objf/common.py:201 - train_one_iteration - INFO ] Training neural net (pass 1)
2018-03-18 01:30:32,557 [steps/libs/nnet3/train/frame_level_objf/common.py:265 - train_one_iteration - INFO ] On iteration 1, learning rate is 0.00296269177709.
2018-03-18 01:33:02,597 [steps/libs/nnet3/train/frame_level_objf/common.py:201 - train_one_iteration - INFO ] Training neural net (pass 2)
2018-03-18 01:33:02,604 [steps/libs/nnet3/train/frame_level_objf/common.py:265 - train_one_iteration - INFO ] On iteration 2, learning rate is 0.00292584752202.
2018-03-18 01:35:29,141 [steps/libs/nnet3/train/frame_level_objf/common.py:201 - train_one_iteration - INFO ] Training neural net (pass 3)
2018-03-18 01:35:29,150 [steps/libs/nnet3/train/frame_level_objf/common.py:265 - train_one_iteration - INFO ] On iteration 3, learning rate is 0.00288946146484.
2018-03-18 01:37:57,600 [steps/libs/nnet3/train/frame_level_objf/common.py:201 - train_one_iteration - INFO ] Training neural net (pass 4)
2018-03-18 01:37:57,609 [steps/libs/nnet3/train/frame_level_objf/common.py:265 - train_one_iteration - INFO ] On iteration 4, learning rate is 0.00285352790737.
2018-03-18 01:40:28,102 [steps/libs/nnet3/train/frame_level_objf/common.py:201 - train_one_iteration - INFO ] Training neural net (pass 5)
2018-03-18 01:40:28,109 [steps/libs/nnet3/train/frame_level_objf/common.py:265 - train_one_iteration - INFO ] On iteration 5, learning rate is 0.00281804122229.
2018-03-18 01:42:57,749 [steps/libs/nnet3/train/frame_level_objf/common.py:201 - train_one_iteration - INFO ] Training neural net (pass 6)
2018-03-18 01:42:57,760 [steps/libs/nnet3/train/frame_level_objf/common.py:265 - train_one_iteration - INFO ] On iteration 6, learning rate is 0.00278299585226.
2018-03-18 01:45:20,548 [steps/libs/nnet3/train/frame_level_objf/common.py:201 - train_one_iteration - INFO ] Training neural net (pass 7)
2018-03-18 01:45:20,555 [steps/libs/nnet3/train/frame_level_objf/common.py:265 - train_one_iteration - INFO ] On iteration 7, learning rate is 0.00412257946358.
2018-03-18 01:48:48,595 [steps/libs/nnet3/train/frame_level_objf/common.py:201 - train_one_iteration - INFO ] Training neural net (pass 8)
2018-03-18 01:48:48,605 [steps/libs/nnet3/train/frame_level_objf/common.py:265 - train_one_iteration - INFO ] On iteration 8, learning rate is 0.00404591599771.
2018-03-18 01:52:14,376 [steps/libs/nnet3/train/frame_level_objf/common.py:201 - train_one_iteration - INFO ] Training neural net (pass 9)
2018-03-18 01:52:14,383 [steps/libs/nnet3/train/frame_level_objf/common.py:265 - train_one_iteration - INFO ] On iteration 9, learning rate is 0.00397067816525.
2018-03-18 01:55:42,551 [steps/libs/nnet3/train/frame_level_objf/common.py:201 - train_one_iteration - INFO ] Training neural net (pass 10)
2018-03-18 01:55:42,559 [steps/libs/nnet3/train/frame_level_objf/common.py:265 - train_one_iteration - INFO ] On iteration 10, learning rate is 0.00389683945512.
2018-03-18 01:59:15,154 [steps/libs/nnet3/train/frame_level_objf/common.py:201 - train_one_iteration - INFO ] Training neural net (pass 11)
2018-03-18 01:59:15,163 [steps/libs/nnet3/train/frame_level_objf/common.py:265 - train_one_iteration - INFO ] On iteration 11, learning rate is 0.00382437384925.
2018-03-18 02:02:52,805 [steps/libs/nnet3/train/frame_level_objf/common.py:201 - train_one_iteration - INFO ] Training neural net (pass 12)
2018-03-18 02:02:52,812 [steps/libs/nnet3/train/frame_level_objf/common.py:265 - train_one_iteration - INFO ] On iteration 12, learning rate is 0.00375325581341.
2018-03-18 02:06:32,380 [steps/libs/nnet3/train/frame_level_objf/common.py:201 - train_one_iteration - INFO ] Training neural net (pass 13)
2018-03-18 02:06:32,392 [steps/libs/nnet3/train/frame_level_objf/common.py:265 - train_one_iteration - INFO ] On iteration 13, learning rate is 0.00368346028818.
2018-03-18 02:10:10,858 [steps/libs/nnet3/train/frame_level_objf/common.py:201 - train_one_iteration - INFO ] Training neural net (pass 14)
2018-03-18 02:10:10,866 [steps/libs/nnet3/train/frame_level_objf/common.py:265 - train_one_iteration - INFO ] On iteration 14, learning rate is 0.00361496268017.
2018-03-18 02:13:41,637 [steps/libs/nnet3/train/frame_level_objf/common.py:201 - train_one_iteration - INFO ] Training neural net (pass 15)
2018-03-18 02:13:41,646 [steps/libs/nnet3/train/frame_level_objf/common.py:265 - train_one_iteration - INFO ] On iteration 15, learning rate is 0.00354773885332.
2018-03-18 02:17:12,512 [steps/libs/nnet3/train/frame_level_objf/common.py:201 - train_one_iteration - INFO ] Training neural net (pass 16)
2018-03-18 02:17:12,519 [steps/libs/nnet3/train/frame_level_objf/common.py:265 - train_one_iteration - INFO ] On iteration 16, learning rate is 0.00348176512039.
2018-03-18 02:20:39,435 [steps/libs/nnet3/train/frame_level_objf/common.py:201 - train_one_iteration - INFO ] Training neural net (pass 17)
2018-03-18 02:20:39,443 [steps/libs/nnet3/train/frame_level_objf/common.py:265 - train_one_iteration - INFO ] On iteration 17, learning rate is 0.00341701823465.
2018-03-18 02:24:16,386 [steps/libs/nnet3/train/frame_level_objf/common.py:201 - train_one_iteration - INFO ] Training neural net (pass 18)
2018-03-18 02:24:16,391 [steps/libs/nnet3/train/frame_level_objf/common.py:265 - train_one_iteration - INFO ] On iteration 18, learning rate is 0.00335347538166.
2018-03-18 02:27:51,472 [steps/libs/nnet3/train/frame_level_objf/common.py:201 - train_one_iteration - INFO ] Training neural net (pass 19)
2018-03-18 02:27:51,478 [steps/libs/nnet3/train/frame_level_objf/common.py:265 - train_one_iteration - INFO ] On iteration 19, learning rate is 0.0043881522283.
2018-03-18 02:32:36,332 [steps/libs/nnet3/train/frame_level_objf/common.py:201 - train_one_iteration - INFO ] Training neural net (pass 20)
2018-03-18 02:32:36,339 [steps/libs/nnet3/train/frame_level_objf/common.py:265 - train_one_iteration - INFO ] On iteration 20, learning rate is 0.0042796881078.
2018-03-18 02:39:10,582 [steps/libs/nnet3/train/frame_level_objf/common.py:201 - train_one_iteration - INFO ] Training neural net (pass 21)
2018-03-18 02:39:10,590 [steps/libs/nnet3/train/frame_level_objf/common.py:265 - train_one_iteration - INFO ] On iteration 21, learning rate is 0.00417390494841.
2018-03-18 02:43:46,771 [steps/libs/nnet3/train/frame_level_objf/common.py:201 - train_one_iteration - INFO ] Training neural net (pass 22)
2018-03-18 02:43:46,779 [steps/libs/nnet3/train/frame_level_objf/common.py:265 - train_one_iteration - INFO ] On iteration 22, learning rate is 0.00407073648348.
2018-03-18 02:48:22,126 [steps/libs/nnet3/train/frame_level_objf/common.py:201 - train_one_iteration - INFO ] Training neural net (pass 23)
2018-03-18 02:48:22,133 [steps/libs/nnet3/train/frame_level_objf/common.py:265 - train_one_iteration - INFO ] On iteration 23, learning rate is 0.00397011808433.
2018-03-18 02:53:00,703 [steps/libs/nnet3/train/frame_level_objf/common.py:201 - train_one_iteration - INFO ] Training neural net (pass 24)
2018-03-18 02:53:00,710 [steps/libs/nnet3/train/frame_level_objf/common.py:265 - train_one_iteration - INFO ] On iteration 24, learning rate is 0.00387198671971.
2018-03-18 02:57:44,134 [steps/libs/nnet3/train/frame_level_objf/common.py:201 - train_one_iteration - INFO ] Training neural net (pass 25)
2018-03-18 02:57:44,144 [steps/libs/nnet3/train/frame_level_objf/common.py:265 - train_one_iteration - INFO ] On iteration 25, learning rate is 0.00377628091639.
2018-03-18 03:02:33,216 [steps/libs/nnet3/train/frame_level_objf/common.py:201 - train_one_iteration - INFO ] Training neural net (pass 26)
2018-03-18 03:02:33,222 [steps/libs/nnet3/train/frame_level_objf/common.py:265 - train_one_iteration - INFO ] On iteration 26, learning rate is 0.00368294072055.
2018-03-18 03:07:16,138 [steps/libs/nnet3/train/frame_level_objf/common.py:201 - train_one_iteration - INFO ] Training neural net (pass 27)
2018-03-18 03:07:16,146 [steps/libs/nnet3/train/frame_level_objf/common.py:265 - train_one_iteration - INFO ] On iteration 27, learning rate is 0.00359190766032.
2018-03-18 03:11:49,581 [steps/libs/nnet3/train/frame_level_objf/common.py:201 - train_one_iteration - INFO ] Training neural net (pass 28)
2018-03-18 03:11:49,590 [steps/libs/nnet3/train/frame_level_objf/common.py:265 - train_one_iteration - INFO ] On iteration 28, learning rate is 0.00350312470909.
2018-03-18 03:16:24,140 [steps/libs/nnet3/train/frame_level_objf/common.py:201 - train_one_iteration - INFO ] Training neural net (pass 29)
2018-03-18 03:16:24,149 [steps/libs/nnet3/train/frame_level_objf/common.py:265 - train_one_iteration - INFO ] On iteration 29, learning rate is 0.0034165362498.
2018-03-18 03:21:03,896 [steps/libs/nnet3/train/frame_level_objf/common.py:201 - train_one_iteration - INFO ] Training neural net (pass 30)
2018-03-18 03:21:03,905 [steps/libs/nnet3/train/frame_level_objf/common.py:265 - train_one_iteration - INFO ] On iteration 30, learning rate is 0.00333208804012.
2018-03-18 03:25:50,496 [steps/libs/nnet3/train/frame_level_objf/common.py:201 - train_one_iteration - INFO ] Training neural net (pass 31)
2018-03-18 03:25:50,508 [steps/libs/nnet3/train/frame_level_objf/common.py:265 - train_one_iteration - INFO ] On iteration 31, learning rate is 0.00406215897306.
2018-03-18 03:31:47,708 [steps/libs/nnet3/train/frame_level_objf/common.py:201 - train_one_iteration - INFO ] Training neural net (pass 32)
2018-03-18 03:31:47,713 [steps/libs/nnet3/train/frame_level_objf/common.py:265 - train_one_iteration - INFO ] On iteration 32, learning rate is 0.00393704119514.
2018-03-18 03:37:33,850 [steps/libs/nnet3/train/frame_level_objf/common.py:201 - train_one_iteration - INFO ] Training neural net (pass 33)
2018-03-18 03:37:33,857 [steps/libs/nnet3/train/frame_level_objf/common.py:265 - train_one_iteration - INFO ] On iteration 33, learning rate is 0.00381577714585.
2018-03-18 03:43:13,246 [steps/libs/nnet3/train/frame_level_objf/common.py:201 - train_one_iteration - INFO ] Training neural net (pass 34)
2018-03-18 03:43:13,254 [steps/libs/nnet3/train/frame_level_objf/common.py:265 - train_one_iteration - INFO ] On iteration 34, learning rate is 0.00369824812724.
2018-03-18 03:49:01,802 [steps/libs/nnet3/train/frame_level_objf/common.py:201 - train_one_iteration - INFO ] Training neural net (pass 35)
2018-03-18 03:49:01,815 [steps/libs/nnet3/train/frame_level_objf/common.py:265 - train_one_iteration - INFO ] On iteration 35, learning rate is 0.00358433909735.
2018-03-18 03:54:58,510 [steps/libs/nnet3/train/frame_level_objf/common.py:201 - train_one_iteration - INFO ] Training neural net (pass 36)
2018-03-18 03:54:58,517 [steps/libs/nnet3/train/frame_level_objf/common.py:265 - train_one_iteration - INFO ] On iteration 36, learning rate is 0.0034739385576.
2018-03-18 04:00:54,375 [steps/libs/nnet3/train/frame_level_objf/common.py:201 - train_one_iteration - INFO ] Training neural net (pass 37)
2018-03-18 04:00:54,382 [steps/libs/nnet3/train/frame_level_objf/common.py:265 - train_one_iteration - INFO ] On iteration 37, learning rate is 0.00336693844366.
2018-03-18 04:06:36,922 [steps/libs/nnet3/train/frame_level_objf/common.py:201 - train_one_iteration - INFO ] Training neural net (pass 38)
2018-03-18 04:06:36,930 [steps/libs/nnet3/train/frame_level_objf/common.py:265 - train_one_iteration - INFO ] On iteration 38, learning rate is 0.00326323401967.
2018-03-18 04:12:19,664 [steps/libs/nnet3/train/frame_level_objf/common.py:201 - train_one_iteration - INFO ] Training neural net (pass 39)
2018-03-18 04:12:19,670 [steps/libs/nnet3/train/frame_level_objf/common.py:265 - train_one_iteration - INFO ] On iteration 39, learning rate is 0.00316272377571.
2018-03-18 04:18:13,632 [steps/libs/nnet3/train/frame_level_objf/common.py:201 - train_one_iteration - INFO ] Training neural net (pass 40)
2018-03-18 04:18:13,641 [steps/libs/nnet3/train/frame_level_objf/common.py:265 - train_one_iteration - INFO ] On iteration 40, learning rate is 0.00306530932847.
2018-03-18 04:26:31,503 [steps/libs/nnet3/train/frame_level_objf/common.py:201 - train_one_iteration - INFO ] Training neural net (pass 41)
2018-03-18 04:26:31,511 [steps/libs/nnet3/train/frame_level_objf/common.py:265 - train_one_iteration - INFO ] On iteration 41, learning rate is 0.00297089532489.
2018-03-18 04:32:15,414 [steps/libs/nnet3/train/frame_level_objf/common.py:201 - train_one_iteration - INFO ] Training neural net (pass 42)
2018-03-18 04:32:15,422 [steps/libs/nnet3/train/frame_level_objf/common.py:265 - train_one_iteration - INFO ] On iteration 42, learning rate is 0.00287938934889.
2018-03-18 04:37:59,257 [steps/libs/nnet3/train/frame_level_objf/common.py:201 - train_one_iteration - INFO ] Training neural net (pass 43)
2018-03-18 04:37:59,264 [steps/libs/nnet3/train/frame_level_objf/common.py:265 - train_one_iteration - INFO ] On iteration 43, learning rate is 0.00334884219705.
2018-03-18 04:44:56,367 [steps/libs/nnet3/train/frame_level_objf/common.py:201 - train_one_iteration - INFO ] Training neural net (pass 44)
2018-03-18 04:44:56,374 [steps/libs/nnet3/train/frame_level_objf/common.py:265 - train_one_iteration - INFO ] On iteration 44, learning rate is 0.00322545016007.
2018-03-18 04:52:04,472 [steps/libs/nnet3/train/frame_level_objf/common.py:201 - train_one_iteration - INFO ] Training neural net (pass 45)
2018-03-18 04:52:04,479 [steps/libs/nnet3/train/frame_level_objf/common.py:265 - train_one_iteration - INFO ] On iteration 45, learning rate is 0.00310660464809.
2018-03-18 04:59:03,120 [steps/libs/nnet3/train/frame_level_objf/common.py:201 - train_one_iteration - INFO ] Training neural net (pass 46)
2018-03-18 04:59:03,134 [steps/libs/nnet3/train/frame_level_objf/common.py:265 - train_one_iteration - INFO ] On iteration 46, learning rate is 0.00299213813904.
2018-03-18 05:05:52,439 [steps/libs/nnet3/train/frame_level_objf/common.py:201 - train_one_iteration - INFO ] Training neural net (pass 47)
2018-03-18 05:05:52,445 [steps/libs/nnet3/train/frame_level_objf/common.py:265 - train_one_iteration - INFO ] On iteration 47, learning rate is 0.00288188928341.
2018-03-18 05:12:57,653 [steps/libs/nnet3/train/frame_level_objf/common.py:201 - train_one_iteration - INFO ] Training neural net (pass 48)
2018-03-18 05:12:57,669 [steps/libs/nnet3/train/frame_level_objf/common.py:265 - train_one_iteration - INFO ] On iteration 48, learning rate is 0.00277570267678.
2018-03-18 05:22:52,695 [steps/libs/nnet3/train/frame_level_objf/common.py:201 - train_one_iteration - INFO ] Training neural net (pass 49)
2018-03-18 05:22:52,703 [steps/libs/nnet3/train/frame_level_objf/common.py:265 - train_one_iteration - INFO ] On iteration 49, learning rate is 0.0026734286408.
2018-03-18 05:29:56,472 [steps/libs/nnet3/train/frame_level_objf/common.py:201 - train_one_iteration - INFO ] Training neural net (pass 50)
2018-03-18 05:29:56,478 [steps/libs/nnet3/train/frame_level_objf/common.py:265 - train_one_iteration - INFO ] On iteration 50, learning rate is 0.00257492301219.
2018-03-18 05:36:44,138 [steps/libs/nnet3/train/frame_level_objf/common.py:201 - train_one_iteration - INFO ] Training neural net (pass 51)
2018-03-18 05:36:44,145 [steps/libs/nnet3/train/frame_level_objf/common.py:265 - train_one_iteration - INFO ] On iteration 51, learning rate is 0.00248004693955.
2018-03-18 05:43:44,070 [steps/libs/nnet3/train/frame_level_objf/common.py:201 - train_one_iteration - INFO ] Training neural net (pass 52)
2018-03-18 05:43:44,077 [steps/libs/nnet3/train/frame_level_objf/common.py:265 - train_one_iteration - INFO ] On iteration 52, learning rate is 0.00238866668761.
2018-03-18 05:50:52,244 [steps/libs/nnet3/train/frame_level_objf/common.py:201 - train_one_iteration - INFO ] Training neural net (pass 53)
2018-03-18 05:50:52,251 [steps/libs/nnet3/train/frame_level_objf/common.py:265 - train_one_iteration - INFO ] On iteration 53, learning rate is 0.00230065344873.
2018-03-18 05:57:45,977 [steps/libs/nnet3/train/frame_level_objf/common.py:201 - train_one_iteration - INFO ] Training neural net (pass 54)
2018-03-18 05:57:45,985 [steps/libs/nnet3/train/frame_level_objf/common.py:265 - train_one_iteration - INFO ] On iteration 54, learning rate is 0.00221588316135.
2018-03-18 06:04:35,586 [steps/libs/nnet3/train/frame_level_objf/common.py:201 - train_one_iteration - INFO ] Training neural net (pass 55)
2018-03-18 06:04:35,594 [steps/libs/nnet3/train/frame_level_objf/common.py:265 - train_one_iteration - INFO ] On iteration 55, learning rate is 0.00248994239094.
2018-03-18 06:12:51,097 [steps/libs/nnet3/train/frame_level_objf/common.py:201 - train_one_iteration - INFO ] Training neural net (pass 56)
2018-03-18 06:12:51,106 [steps/libs/nnet3/train/frame_level_objf/common.py:265 - train_one_iteration - INFO ] On iteration 56, learning rate is 0.00238323879562.
2018-03-18 06:21:02,694 [steps/libs/nnet3/train/frame_level_objf/common.py:201 - train_one_iteration - INFO ] Training neural net (pass 57)
2018-03-18 06:21:02,702 [steps/libs/nnet3/train/frame_level_objf/common.py:265 - train_one_iteration - INFO ] On iteration 57, learning rate is 0.0022811078592.
2018-03-18 06:29:01,511 [steps/libs/nnet3/train/frame_level_objf/common.py:201 - train_one_iteration - INFO ] Training neural net (pass 58)
2018-03-18 06:29:01,518 [steps/libs/nnet3/train/frame_level_objf/common.py:265 - train_one_iteration - INFO ] On iteration 58, learning rate is 0.0021833536257.
2018-03-18 06:37:10,841 [steps/libs/nnet3/train/frame_level_objf/common.py:201 - train_one_iteration - INFO ] Training neural net (pass 59)
2018-03-18 06:37:10,847 [steps/libs/nnet3/train/frame_level_objf/common.py:265 - train_one_iteration - INFO ] On iteration 59, learning rate is 0.00208978853657.
2018-03-18 06:45:30,071 [steps/libs/nnet3/train/frame_level_objf/common.py:201 - train_one_iteration - INFO ] Training neural net (pass 60)
2018-03-18 06:45:30,082 [steps/libs/nnet3/train/frame_level_objf/common.py:265 - train_one_iteration - INFO ] On iteration 60, learning rate is 0.0020002330709.
2018-03-18 06:56:33,529 [steps/libs/nnet3/train/frame_level_objf/common.py:201 - train_one_iteration - INFO ] Training neural net (pass 61)
2018-03-18 06:56:33,538 [steps/libs/nnet3/train/frame_level_objf/common.py:265 - train_one_iteration - INFO ] On iteration 61, learning rate is 0.00191451540091.
2018-03-18 07:05:08,526 [steps/libs/nnet3/train/frame_level_objf/common.py:201 - train_one_iteration - INFO ] Training neural net (pass 62)
2018-03-18 07:05:08,533 [steps/libs/nnet3/train/frame_level_objf/common.py:265 - train_one_iteration - INFO ] On iteration 62, learning rate is 0.00183247106233.
2018-03-18 07:10:13,917 [steps/libs/nnet3/train/frame_level_objf/common.py:201 - train_one_iteration - INFO ] Training neural net (pass 63)
2018-03-18 07:10:13,923 [steps/libs/nnet3/train/frame_level_objf/common.py:265 - train_one_iteration - INFO ] On iteration 63, learning rate is 0.00175394263878.
2018-03-18 07:17:11,410 [steps/libs/nnet3/train/frame_level_objf/common.py:201 - train_one_iteration - INFO ] Training neural net (pass 64)
2018-03-18 07:17:11,419 [steps/libs/nnet3/train/frame_level_objf/common.py:265 - train_one_iteration - INFO ] On iteration 64, learning rate is 0.00167877945981.
2018-03-18 07:26:44,753 [steps/libs/nnet3/train/frame_level_objf/common.py:201 - train_one_iteration - INFO ] Training neural net (pass 65)
2018-03-18 07:26:44,759 [steps/libs/nnet3/train/frame_level_objf/common.py:265 - train_one_iteration - INFO ] On iteration 65, learning rate is 0.00160683731177.
slurmstepd: *** JOB 3004 ON dhvani CANCELLED AT 2018-03-18T07:27:57 DUE TO TIME LIMIT ***
2018-03-18 07:27:57,702 [steps/libs/common.py:237 - background_command_waiter - WARNING ] Command exited with status -9: run.pl --mem 4G exp/nnet3_combined/multitask_acc300btn_tdnn1024_0.5_0.5_withoutcontext/log/compute_prob_train.65.log                 nnet3-compute-prob  "exp/nnet3_combined/multitask_acc300btn_tdnn1024_0.5_0.5_withoutcontext/65.raw"                 "ark,bg:nnet3-copy-egs --outputs=ark:exp/nnet3_combined/multitask_acc300btn_tdnn1024_0.5_0.5_withoutcontext/egs/train_diagnostic.output.ark --weights=ark:exp/nnet3_combined/multitask_acc300btn_tdnn1024_0.5_0.5_withoutcontext/egs/train_diagnostic.weight.ark                     scp:exp/nnet3_combined/multitask_acc300btn_tdnn1024_0.5_0.5_withoutcontext/egs/train_diagnostic.scp ark:- |                     nnet3-merge-egs --minibatch-size=1:64 ark:-                     ark:- |" 
2018-03-18 07:27:57,702 [steps/libs/common.py:231 - background_command_waiter - ERROR ] Command exited with status -9: run.pl --mem 4G --gpu 1 exp/nnet3_combined/multitask_acc300btn_tdnn1024_0.5_0.5_withoutcontext/log/train.65.2.log                     nnet3-train  --read-cache=exp/nnet3_combined/multitask_acc300btn_tdnn1024_0.5_0.5_withoutcontext/cache.65                       --print-interval=10                     --momentum=0.0                     --max-param-change=2.0                     --backstitch-training-scale=0.0                     --l2-regularize-factor=0.142857142857                     --backstitch-training-interval=1                     --srand=65                      "nnet3-copy --learning-rate=0.00160683731177 --scale=1.0 exp/nnet3_combined/multitask_acc300btn_tdnn1024_0.5_0.5_withoutcontext/65.raw - |" "ark,bg:nnet3-copy-egs --frame=0 --outputs=ark:exp/nnet3_combined/multitask_acc300btn_tdnn1024_0.5_0.5_withoutcontext/egs/egs.output.3.ark --weights=ark:exp/nnet3_combined/multitask_acc300btn_tdnn1024_0.5_0.5_withoutcontext/egs/egs.weight.3.ark             scp:exp/nnet3_combined/multitask_acc300btn_tdnn1024_0.5_0.5_withoutcontext/egs/egs.3.scp ark:- |             nnet3-shuffle-egs --buffer-size=5000             --srand=65 ark:- ark:- |              nnet3-merge-egs --minibatch-size=256,128 ark:- ark:- |"                     exp/nnet3_combined/multitask_acc300btn_tdnn1024_0.5_0.5_withoutcontext/66.2.raw
2018-03-18 07:27:57,702 [steps/libs/common.py:237 - background_command_waiter - WARNING ] Command exited with status -9:  run.pl --mem 4G exp/nnet3_combined/multitask_acc300btn_tdnn1024_0.5_0.5_withoutcontext/log/compute_prob_valid.65.log                 nnet3-compute-prob "exp/nnet3_combined/multitask_acc300btn_tdnn1024_0.5_0.5_withoutcontext/65.raw"                 "ark,bg:nnet3-copy-egs --outputs=ark:exp/nnet3_combined/multitask_acc300btn_tdnn1024_0.5_0.5_withoutcontext/egs/valid_diagnostic.output.ark --weights=ark:exp/nnet3_combined/multitask_acc300btn_tdnn1024_0.5_0.5_withoutcontext/egs/valid_diagnostic.weight.ark                     scp:exp/nnet3_combined/multitask_acc300btn_tdnn1024_0.5_0.5_withoutcontext/egs/valid_diagnostic.scp ark:- |                     nnet3-merge-egs --minibatch-size=1:64 ark:-                     ark:- |" 
2018-03-18 07:27:57,702 [steps/libs/common.py:231 - background_command_waiter - ERROR ] Command exited with status -9: run.pl --mem 4G --gpu 1 exp/nnet3_combined/multitask_acc300btn_tdnn1024_0.5_0.5_withoutcontext/log/train.65.4.log                     nnet3-train  --read-cache=exp/nnet3_combined/multitask_acc300btn_tdnn1024_0.5_0.5_withoutcontext/cache.65                       --print-interval=10                     --momentum=0.0                     --max-param-change=2.0                     --backstitch-training-scale=0.0                     --l2-regularize-factor=0.142857142857                     --backstitch-training-interval=1                     --srand=65                      "nnet3-copy --learning-rate=0.00160683731177 --scale=1.0 exp/nnet3_combined/multitask_acc300btn_tdnn1024_0.5_0.5_withoutcontext/65.raw - |" "ark,bg:nnet3-copy-egs --frame=2 --outputs=ark:exp/nnet3_combined/multitask_acc300btn_tdnn1024_0.5_0.5_withoutcontext/egs/egs.output.5.ark --weights=ark:exp/nnet3_combined/multitask_acc300btn_tdnn1024_0.5_0.5_withoutcontext/egs/egs.weight.5.ark             scp:exp/nnet3_combined/multitask_acc300btn_tdnn1024_0.5_0.5_withoutcontext/egs/egs.5.scp ark:- |             nnet3-shuffle-egs --buffer-size=5000             --srand=65 ark:- ark:- |              nnet3-merge-egs --minibatch-size=256,128 ark:- ark:- |"                     exp/nnet3_combined/multitask_acc300btn_tdnn1024_0.5_0.5_withoutcontext/66.4.raw
2018-03-18 07:27:57,702 [steps/libs/common.py:231 - background_command_waiter - ERROR ] Command exited with status -9: run.pl --mem 4G --gpu 1 exp/nnet3_combined/multitask_acc300btn_tdnn1024_0.5_0.5_withoutcontext/log/train.65.6.log                     nnet3-train  --read-cache=exp/nnet3_combined/multitask_acc300btn_tdnn1024_0.5_0.5_withoutcontext/cache.65                       --print-interval=10                     --momentum=0.0                     --max-param-change=2.0                     --backstitch-training-scale=0.0                     --l2-regularize-factor=0.142857142857                     --backstitch-training-interval=1                     --srand=65                      "nnet3-copy --learning-rate=0.00160683731177 --scale=1.0 exp/nnet3_combined/multitask_acc300btn_tdnn1024_0.5_0.5_withoutcontext/65.raw - |" "ark,bg:nnet3-copy-egs --frame=4 --outputs=ark:exp/nnet3_combined/multitask_acc300btn_tdnn1024_0.5_0.5_withoutcontext/egs/egs.output.7.ark --weights=ark:exp/nnet3_combined/multitask_acc300btn_tdnn1024_0.5_0.5_withoutcontext/egs/egs.weight.7.ark             scp:exp/nnet3_combined/multitask_acc300btn_tdnn1024_0.5_0.5_withoutcontext/egs/egs.7.scp ark:- |             nnet3-shuffle-egs --buffer-size=5000             --srand=65 ark:- ark:- |              nnet3-merge-egs --minibatch-size=256,128 ark:- ark:- |"                     exp/nnet3_combined/multitask_acc300btn_tdnn1024_0.5_0.5_withoutcontext/66.6.raw
2018-03-18 07:27:57,702 [steps/libs/common.py:231 - background_command_waiter - ERROR ] Command exited with status -9: run.pl --mem 4G --gpu 1 exp/nnet3_combined/multitask_acc300btn_tdnn1024_0.5_0.5_withoutcontext/log/train.65.5.log                     nnet3-train  --read-cache=exp/nnet3_combined/multitask_acc300btn_tdnn1024_0.5_0.5_withoutcontext/cache.65                       --print-interval=10                     --momentum=0.0                     --max-param-change=2.0                     --backstitch-training-scale=0.0                     --l2-regularize-factor=0.142857142857                     --backstitch-training-interval=1                     --srand=65                      "nnet3-copy --learning-rate=0.00160683731177 --scale=1.0 exp/nnet3_combined/multitask_acc300btn_tdnn1024_0.5_0.5_withoutcontext/65.raw - |" "ark,bg:nnet3-copy-egs --frame=3 --outputs=ark:exp/nnet3_combined/multitask_acc300btn_tdnn1024_0.5_0.5_withoutcontext/egs/egs.output.6.ark --weights=ark:exp/nnet3_combined/multitask_acc300btn_tdnn1024_0.5_0.5_withoutcontext/egs/egs.weight.6.ark             scp:exp/nnet3_combined/multitask_acc300btn_tdnn1024_0.5_0.5_withoutcontext/egs/egs.6.scp ark:- |             nnet3-shuffle-egs --buffer-size=5000             --srand=65 ark:- ark:- |              nnet3-merge-egs --minibatch-size=256,128 ark:- ark:- |"                     exp/nnet3_combined/multitask_acc300btn_tdnn1024_0.5_0.5_withoutcontext/66.5.raw
2018-03-18 07:27:57,702 [steps/libs/common.py:231 - background_command_waiter - ERROR ] Command exited with status -9: run.pl --mem 4G --gpu 1 exp/nnet3_combined/multitask_acc300btn_tdnn1024_0.5_0.5_withoutcontext/log/train.65.1.log                     nnet3-train  --read-cache=exp/nnet3_combined/multitask_acc300btn_tdnn1024_0.5_0.5_withoutcontext/cache.65 --write-cache=exp/nnet3_combined/multitask_acc300btn_tdnn1024_0.5_0.5_withoutcontext/cache.66                       --print-interval=10                     --momentum=0.0                     --max-param-change=2.0                     --backstitch-training-scale=0.0                     --l2-regularize-factor=0.142857142857                     --backstitch-training-interval=1                     --srand=65                      "nnet3-copy --learning-rate=0.00160683731177 --scale=1.0 exp/nnet3_combined/multitask_acc300btn_tdnn1024_0.5_0.5_withoutcontext/65.raw - |" "ark,bg:nnet3-copy-egs --frame=7 --outputs=ark:exp/nnet3_combined/multitask_acc300btn_tdnn1024_0.5_0.5_withoutcontext/egs/egs.output.2.ark --weights=ark:exp/nnet3_combined/multitask_acc300btn_tdnn1024_0.5_0.5_withoutcontext/egs/egs.weight.2.ark             scp:exp/nnet3_combined/multitask_acc300btn_tdnn1024_0.5_0.5_withoutcontext/egs/egs.2.scp ark:- |             nnet3-shuffle-egs --buffer-size=5000             --srand=65 ark:- ark:- |              nnet3-merge-egs --minibatch-size=256,128 ark:- ark:- |"                     exp/nnet3_combined/multitask_acc300btn_tdnn1024_0.5_0.5_withoutcontext/66.1.raw
2018-03-18 07:27:57,703 [steps/libs/common.py:231 - background_command_waiter - ERROR ] Command exited with status -9: run.pl --mem 4G --gpu 1 exp/nnet3_combined/multitask_acc300btn_tdnn1024_0.5_0.5_withoutcontext/log/train.65.3.log                     nnet3-train  --read-cache=exp/nnet3_combined/multitask_acc300btn_tdnn1024_0.5_0.5_withoutcontext/cache.65                       --print-interval=10                     --momentum=0.0                     --max-param-change=2.0                     --backstitch-training-scale=0.0                     --l2-regularize-factor=0.142857142857                     --backstitch-training-interval=1                     --srand=65                      "nnet3-copy --learning-rate=0.00160683731177 --scale=1.0 exp/nnet3_combined/multitask_acc300btn_tdnn1024_0.5_0.5_withoutcontext/65.raw - |" "ark,bg:nnet3-copy-egs --frame=1 --outputs=ark:exp/nnet3_combined/multitask_acc300btn_tdnn1024_0.5_0.5_withoutcontext/egs/egs.output.4.ark --weights=ark:exp/nnet3_combined/multitask_acc300btn_tdnn1024_0.5_0.5_withoutcontext/egs/egs.weight.4.ark             scp:exp/nnet3_combined/multitask_acc300btn_tdnn1024_0.5_0.5_withoutcontext/egs/egs.4.scp ark:- |             nnet3-shuffle-egs --buffer-size=5000             --srand=65 ark:- ark:- |              nnet3-merge-egs --minibatch-size=256,128 ark:- ark:- |"                     exp/nnet3_combined/multitask_acc300btn_tdnn1024_0.5_0.5_withoutcontext/66.3.raw
2018-03-18 07:27:57,703 [steps/libs/common.py:231 - background_command_waiter - ERROR ] Command exited with status -9: run.pl --mem 4G --gpu 1 exp/nnet3_combined/multitask_acc300btn_tdnn1024_0.5_0.5_withoutcontext/log/train.65.7.log                     nnet3-train  --read-cache=exp/nnet3_combined/multitask_acc300btn_tdnn1024_0.5_0.5_withoutcontext/cache.65                       --print-interval=10                     --momentum=0.0                     --max-param-change=2.0                     --backstitch-training-scale=0.0                     --l2-regularize-factor=0.142857142857                     --backstitch-training-interval=1                     --srand=65                      "nnet3-copy --learning-rate=0.00160683731177 --scale=1.0 exp/nnet3_combined/multitask_acc300btn_tdnn1024_0.5_0.5_withoutcontext/65.raw - |" "ark,bg:nnet3-copy-egs --frame=5 --outputs=ark:exp/nnet3_combined/multitask_acc300btn_tdnn1024_0.5_0.5_withoutcontext/egs/egs.output.8.ark --weights=ark:exp/nnet3_combined/multitask_acc300btn_tdnn1024_0.5_0.5_withoutcontext/egs/egs.weight.8.ark             scp:exp/nnet3_combined/multitask_acc300btn_tdnn1024_0.5_0.5_withoutcontext/egs/egs.8.scp ark:- |             nnet3-shuffle-egs --buffer-size=5000             --srand=65 ark:- ark:- |              nnet3-merge-egs --minibatch-size=256,128 ark:- ark:- |"                     exp/nnet3_combined/multitask_acc300btn_tdnn1024_0.5_0.5_withoutcontext/66.7.raw
steps/nnet3/train_raw_dnn.py --stage=-10 --cmd=run.pl --mem 4G --feat.cmvn-opts=--norm-means=false --norm-vars=false --trainer.num-epochs 2 --trainer.optimization.num-jobs-initial=2 --trainer.optimization.num-jobs-final=8 --trainer.optimization.initial-effective-lrate=0.0015 --trainer.optimization.final-effective-lrate=0.00015 --trainer.optimization.minibatch-size=256,128 --trainer.samples-per-iter=400000 --trainer.max-param-change=2.0 --trainer.srand=0 --feat-dir data/101-recog-min/cv_train_nz_sp_hires --feat.online-ivector-dir exp/101-recog-min/nnet3/ivectors_cv_train_nz_sp --egs.dir exp/nnet3_combined/multitask_acc300btn_tdnn1024_0.5_0.5_withoutcontext/egs --use-dense-targets false --targets-scp exp/101-recog-min/tri4_cv_train_nz_ali --cleanup.remove-egs false --cleanup.preserve-model-interval 50 --use-gpu true --dir=exp/nnet3_combined/multitask_acc300btn_tdnn1024_0.5_0.5_withoutcontext
['steps/nnet3/train_raw_dnn.py', '--stage=-10', '--cmd=run.pl --mem 4G', '--feat.cmvn-opts=--norm-means=false --norm-vars=false', '--trainer.num-epochs', '2', '--trainer.optimization.num-jobs-initial=2', '--trainer.optimization.num-jobs-final=8', '--trainer.optimization.initial-effective-lrate=0.0015', '--trainer.optimization.final-effective-lrate=0.00015', '--trainer.optimization.minibatch-size=256,128', '--trainer.samples-per-iter=400000', '--trainer.max-param-change=2.0', '--trainer.srand=0', '--feat-dir', 'data/101-recog-min/cv_train_nz_sp_hires', '--feat.online-ivector-dir', 'exp/101-recog-min/nnet3/ivectors_cv_train_nz_sp', '--egs.dir', 'exp/nnet3_combined/multitask_acc300btn_tdnn1024_0.5_0.5_withoutcontext/egs', '--use-dense-targets', 'false', '--targets-scp', 'exp/101-recog-min/tri4_cv_train_nz_ali', '--cleanup.remove-egs', 'false', '--cleanup.preserve-model-interval', '50', '--use-gpu', 'true', '--dir=exp/nnet3_combined/multitask_acc300btn_tdnn1024_0.5_0.5_withoutcontext']
Exception KeyboardInterrupt in <module 'threading' from '/usr/lib/python2.7/threading.pyc'> ignored
