2018-03-16 11:07:58,624 [steps/nnet3/train_raw_dnn.py:34 - <module> - INFO ] Starting raw DNN trainer (train_raw_dnn.py)
2018-03-16 11:07:58,632 [steps/nnet3/train_raw_dnn.py:172 - train - INFO ] Arguments for the experiment
{'backstitch_training_interval': 1,
 'backstitch_training_scale': 0.0,
 'cleanup': True,
 'cmvn_opts': '--norm-means=false --norm-vars=false',
 'combine_sum_to_one_penalty': 0.0,
 'command': 'run.pl --mem 4G',
 'compute_average_posteriors': False,
 'compute_per_dim_accuracy': False,
 'dir': 'exp/nnet3_combined/multitask_acc512btn_tdnn1024_0.5_0.5_withcontext',
 'do_final_combination': True,
 'dropout_schedule': None,
 'egs_command': None,
 'egs_dir': 'exp/nnet3_combined/multitask_acc512btn_tdnn1024_0.5_0.5_withcontext/egs',
 'egs_opts': None,
 'egs_stage': 0,
 'email': None,
 'exit_stage': None,
 'feat_dir': 'data/101-recog-min/cv_train_nz_sp_hires',
 'final_effective_lrate': 0.00015,
 'frames_per_eg': 8,
 'image_augmentation_opts': None,
 'initial_effective_lrate': 0.0015,
 'max_lda_jobs': 10,
 'max_models_combine': 20,
 'max_param_change': 2.0,
 'minibatch_size': '256,128',
 'momentum': 0.0,
 'nj': 4,
 'num_epochs': 2.0,
 'num_jobs_compute_prior': 10,
 'num_jobs_final': 8,
 'num_jobs_initial': 2,
 'online_ivector_dir': 'exp/101-recog-min/nnet3/ivectors_cv_train_nz_sp',
 'preserve_model_interval': 50,
 'presoftmax_prior_scale_power': -0.25,
 'prior_subset_size': 20000,
 'proportional_shrink': 0.0,
 'rand_prune': 4.0,
 'remove_egs': False,
 'reporting_interval': 0.1,
 'samples_per_iter': 400000,
 'shuffle_buffer_size': 5000,
 'srand': 0,
 'stage': -10,
 'targets_scp': 'exp/101-recog-min/tri4_cv_train_nz_ali',
 'transform_dir': None,
 'use_dense_targets': False,
 'use_gpu': True}
2018-03-16 11:07:58,651 [steps/nnet3/train_raw_dnn.py:283 - train - INFO ] Preparing the initial network.
2018-03-16 11:08:01,036 [steps/nnet3/train_raw_dnn.py:322 - train - INFO ] Training will run for 2.0 epochs = 73 iterations
2018-03-16 11:08:01,036 [steps/libs/nnet3/train/frame_level_objf/common.py:201 - train_one_iteration - INFO ] Training neural net (pass 0)
2018-03-16 11:08:01,040 [steps/libs/nnet3/train/frame_level_objf/common.py:265 - train_one_iteration - INFO ] On iteration 0, learning rate is 0.003.
2018-03-16 11:11:14,038 [steps/libs/nnet3/train/frame_level_objf/common.py:201 - train_one_iteration - INFO ] Training neural net (pass 1)
2018-03-16 11:11:14,044 [steps/libs/nnet3/train/frame_level_objf/common.py:265 - train_one_iteration - INFO ] On iteration 1, learning rate is 0.00296269177709.
2018-03-16 11:14:39,256 [steps/libs/nnet3/train/frame_level_objf/common.py:201 - train_one_iteration - INFO ] Training neural net (pass 2)
2018-03-16 11:14:39,264 [steps/libs/nnet3/train/frame_level_objf/common.py:265 - train_one_iteration - INFO ] On iteration 2, learning rate is 0.00292584752202.
2018-03-16 11:18:53,547 [steps/libs/nnet3/train/frame_level_objf/common.py:201 - train_one_iteration - INFO ] Training neural net (pass 3)
2018-03-16 11:18:53,553 [steps/libs/nnet3/train/frame_level_objf/common.py:265 - train_one_iteration - INFO ] On iteration 3, learning rate is 0.00288946146484.
2018-03-16 11:23:54,075 [steps/libs/nnet3/train/frame_level_objf/common.py:201 - train_one_iteration - INFO ] Training neural net (pass 4)
2018-03-16 11:23:54,080 [steps/libs/nnet3/train/frame_level_objf/common.py:265 - train_one_iteration - INFO ] On iteration 4, learning rate is 0.00285352790737.
2018-03-16 11:29:32,984 [steps/libs/nnet3/train/frame_level_objf/common.py:201 - train_one_iteration - INFO ] Training neural net (pass 5)
2018-03-16 11:29:32,990 [steps/libs/nnet3/train/frame_level_objf/common.py:265 - train_one_iteration - INFO ] On iteration 5, learning rate is 0.00281804122229.
2018-03-16 11:35:12,194 [steps/libs/nnet3/train/frame_level_objf/common.py:201 - train_one_iteration - INFO ] Training neural net (pass 6)
2018-03-16 11:35:12,200 [steps/libs/nnet3/train/frame_level_objf/common.py:265 - train_one_iteration - INFO ] On iteration 6, learning rate is 0.00278299585226.
2018-03-16 11:40:45,346 [steps/libs/nnet3/train/frame_level_objf/common.py:201 - train_one_iteration - INFO ] Training neural net (pass 7)
2018-03-16 11:40:45,354 [steps/libs/nnet3/train/frame_level_objf/common.py:265 - train_one_iteration - INFO ] On iteration 7, learning rate is 0.00412257946358.
2018-03-16 11:47:33,582 [steps/libs/nnet3/train/frame_level_objf/common.py:201 - train_one_iteration - INFO ] Training neural net (pass 8)
2018-03-16 11:47:33,589 [steps/libs/nnet3/train/frame_level_objf/common.py:265 - train_one_iteration - INFO ] On iteration 8, learning rate is 0.00404591599771.
2018-03-16 11:54:23,321 [steps/libs/nnet3/train/frame_level_objf/common.py:201 - train_one_iteration - INFO ] Training neural net (pass 9)
2018-03-16 11:54:23,335 [steps/libs/nnet3/train/frame_level_objf/common.py:265 - train_one_iteration - INFO ] On iteration 9, learning rate is 0.00397067816525.
2018-03-16 12:00:44,783 [steps/libs/nnet3/train/frame_level_objf/common.py:201 - train_one_iteration - INFO ] Training neural net (pass 10)
2018-03-16 12:00:44,789 [steps/libs/nnet3/train/frame_level_objf/common.py:265 - train_one_iteration - INFO ] On iteration 10, learning rate is 0.00389683945512.
2018-03-16 12:04:55,071 [steps/libs/nnet3/train/frame_level_objf/common.py:201 - train_one_iteration - INFO ] Training neural net (pass 11)
2018-03-16 12:04:55,078 [steps/libs/nnet3/train/frame_level_objf/common.py:265 - train_one_iteration - INFO ] On iteration 11, learning rate is 0.00382437384925.
2018-03-16 12:12:47,870 [steps/libs/nnet3/train/frame_level_objf/common.py:201 - train_one_iteration - INFO ] Training neural net (pass 12)
2018-03-16 12:12:47,876 [steps/libs/nnet3/train/frame_level_objf/common.py:265 - train_one_iteration - INFO ] On iteration 12, learning rate is 0.00375325581341.
2018-03-16 12:21:14,815 [steps/libs/nnet3/train/frame_level_objf/common.py:201 - train_one_iteration - INFO ] Training neural net (pass 13)
2018-03-16 12:21:14,822 [steps/libs/nnet3/train/frame_level_objf/common.py:265 - train_one_iteration - INFO ] On iteration 13, learning rate is 0.00368346028818.
2018-03-16 12:29:42,838 [steps/libs/nnet3/train/frame_level_objf/common.py:201 - train_one_iteration - INFO ] Training neural net (pass 14)
2018-03-16 12:29:42,844 [steps/libs/nnet3/train/frame_level_objf/common.py:265 - train_one_iteration - INFO ] On iteration 14, learning rate is 0.00361496268017.
2018-03-16 12:37:56,461 [steps/libs/nnet3/train/frame_level_objf/common.py:201 - train_one_iteration - INFO ] Training neural net (pass 15)
2018-03-16 12:37:56,466 [steps/libs/nnet3/train/frame_level_objf/common.py:265 - train_one_iteration - INFO ] On iteration 15, learning rate is 0.00354773885332.
2018-03-16 12:46:06,045 [steps/libs/nnet3/train/frame_level_objf/common.py:201 - train_one_iteration - INFO ] Training neural net (pass 16)
2018-03-16 12:46:06,051 [steps/libs/nnet3/train/frame_level_objf/common.py:265 - train_one_iteration - INFO ] On iteration 16, learning rate is 0.00348176512039.
2018-03-16 12:54:09,463 [steps/libs/nnet3/train/frame_level_objf/common.py:201 - train_one_iteration - INFO ] Training neural net (pass 17)
2018-03-16 12:54:09,468 [steps/libs/nnet3/train/frame_level_objf/common.py:265 - train_one_iteration - INFO ] On iteration 17, learning rate is 0.00341701823465.
2018-03-16 13:02:33,444 [steps/libs/nnet3/train/frame_level_objf/common.py:201 - train_one_iteration - INFO ] Training neural net (pass 18)
2018-03-16 13:02:33,450 [steps/libs/nnet3/train/frame_level_objf/common.py:265 - train_one_iteration - INFO ] On iteration 18, learning rate is 0.00335347538166.
2018-03-16 13:07:11,460 [steps/libs/nnet3/train/frame_level_objf/common.py:201 - train_one_iteration - INFO ] Training neural net (pass 19)
2018-03-16 13:07:11,467 [steps/libs/nnet3/train/frame_level_objf/common.py:265 - train_one_iteration - INFO ] On iteration 19, learning rate is 0.0043881522283.
2018-03-16 13:13:00,582 [steps/libs/nnet3/train/frame_level_objf/common.py:201 - train_one_iteration - INFO ] Training neural net (pass 20)
2018-03-16 13:13:00,589 [steps/libs/nnet3/train/frame_level_objf/common.py:265 - train_one_iteration - INFO ] On iteration 20, learning rate is 0.0042796881078.
2018-03-16 13:31:53,675 [steps/libs/nnet3/train/frame_level_objf/common.py:201 - train_one_iteration - INFO ] Training neural net (pass 21)
2018-03-16 13:31:53,683 [steps/libs/nnet3/train/frame_level_objf/common.py:265 - train_one_iteration - INFO ] On iteration 21, learning rate is 0.00417390494841.
2018-03-16 13:43:03,622 [steps/libs/nnet3/train/frame_level_objf/common.py:201 - train_one_iteration - INFO ] Training neural net (pass 22)
2018-03-16 13:43:03,627 [steps/libs/nnet3/train/frame_level_objf/common.py:265 - train_one_iteration - INFO ] On iteration 22, learning rate is 0.00407073648348.
2018-03-16 13:50:46,586 [steps/libs/nnet3/train/frame_level_objf/common.py:201 - train_one_iteration - INFO ] Training neural net (pass 23)
2018-03-16 13:50:46,592 [steps/libs/nnet3/train/frame_level_objf/common.py:265 - train_one_iteration - INFO ] On iteration 23, learning rate is 0.00397011808433.
2018-03-16 13:58:44,188 [steps/libs/nnet3/train/frame_level_objf/common.py:201 - train_one_iteration - INFO ] Training neural net (pass 24)
2018-03-16 13:58:44,194 [steps/libs/nnet3/train/frame_level_objf/common.py:265 - train_one_iteration - INFO ] On iteration 24, learning rate is 0.00387198671971.
2018-03-16 14:07:22,469 [steps/libs/nnet3/train/frame_level_objf/common.py:201 - train_one_iteration - INFO ] Training neural net (pass 25)
2018-03-16 14:07:22,474 [steps/libs/nnet3/train/frame_level_objf/common.py:265 - train_one_iteration - INFO ] On iteration 25, learning rate is 0.00377628091639.
2018-03-16 14:18:41,712 [steps/libs/nnet3/train/frame_level_objf/common.py:201 - train_one_iteration - INFO ] Training neural net (pass 26)
2018-03-16 14:18:41,728 [steps/libs/nnet3/train/frame_level_objf/common.py:265 - train_one_iteration - INFO ] On iteration 26, learning rate is 0.00368294072055.
2018-03-16 14:29:59,043 [steps/libs/nnet3/train/frame_level_objf/common.py:201 - train_one_iteration - INFO ] Training neural net (pass 27)
2018-03-16 14:29:59,050 [steps/libs/nnet3/train/frame_level_objf/common.py:265 - train_one_iteration - INFO ] On iteration 27, learning rate is 0.00359190766032.
2018-03-16 14:39:15,131 [steps/libs/nnet3/train/frame_level_objf/common.py:201 - train_one_iteration - INFO ] Training neural net (pass 28)
2018-03-16 14:39:15,137 [steps/libs/nnet3/train/frame_level_objf/common.py:265 - train_one_iteration - INFO ] On iteration 28, learning rate is 0.00350312470909.
2018-03-16 14:44:37,105 [steps/libs/nnet3/train/frame_level_objf/common.py:201 - train_one_iteration - INFO ] Training neural net (pass 29)
2018-03-16 14:44:37,112 [steps/libs/nnet3/train/frame_level_objf/common.py:265 - train_one_iteration - INFO ] On iteration 29, learning rate is 0.0034165362498.
2018-03-16 14:50:16,553 [steps/libs/nnet3/train/frame_level_objf/common.py:201 - train_one_iteration - INFO ] Training neural net (pass 30)
2018-03-16 14:50:16,559 [steps/libs/nnet3/train/frame_level_objf/common.py:265 - train_one_iteration - INFO ] On iteration 30, learning rate is 0.00333208804012.
2018-03-16 14:56:00,134 [steps/libs/nnet3/train/frame_level_objf/common.py:201 - train_one_iteration - INFO ] Training neural net (pass 31)
2018-03-16 14:56:00,139 [steps/libs/nnet3/train/frame_level_objf/common.py:265 - train_one_iteration - INFO ] On iteration 31, learning rate is 0.00406215897306.
2018-03-16 15:03:06,080 [steps/libs/nnet3/train/frame_level_objf/common.py:201 - train_one_iteration - INFO ] Training neural net (pass 32)
2018-03-16 15:03:06,087 [steps/libs/nnet3/train/frame_level_objf/common.py:265 - train_one_iteration - INFO ] On iteration 32, learning rate is 0.00393704119514.
2018-03-16 15:10:00,886 [steps/libs/nnet3/train/frame_level_objf/common.py:201 - train_one_iteration - INFO ] Training neural net (pass 33)
2018-03-16 15:10:00,892 [steps/libs/nnet3/train/frame_level_objf/common.py:265 - train_one_iteration - INFO ] On iteration 33, learning rate is 0.00381577714585.
2018-03-16 15:16:37,494 [steps/libs/nnet3/train/frame_level_objf/common.py:201 - train_one_iteration - INFO ] Training neural net (pass 34)
2018-03-16 15:16:37,504 [steps/libs/nnet3/train/frame_level_objf/common.py:265 - train_one_iteration - INFO ] On iteration 34, learning rate is 0.00369824812724.
2018-03-16 15:21:22,597 [steps/libs/nnet3/train/frame_level_objf/common.py:201 - train_one_iteration - INFO ] Training neural net (pass 35)
2018-03-16 15:21:22,607 [steps/libs/nnet3/train/frame_level_objf/common.py:265 - train_one_iteration - INFO ] On iteration 35, learning rate is 0.00358433909735.
2018-03-16 15:25:23,925 [steps/libs/nnet3/train/frame_level_objf/common.py:201 - train_one_iteration - INFO ] Training neural net (pass 36)
2018-03-16 15:25:23,934 [steps/libs/nnet3/train/frame_level_objf/common.py:265 - train_one_iteration - INFO ] On iteration 36, learning rate is 0.0034739385576.
2018-03-16 15:30:03,495 [steps/libs/nnet3/train/frame_level_objf/common.py:201 - train_one_iteration - INFO ] Training neural net (pass 37)
2018-03-16 15:30:03,506 [steps/libs/nnet3/train/frame_level_objf/common.py:265 - train_one_iteration - INFO ] On iteration 37, learning rate is 0.00336693844366.
2018-03-16 15:33:11,680 [steps/libs/nnet3/train/frame_level_objf/common.py:201 - train_one_iteration - INFO ] Training neural net (pass 38)
2018-03-16 15:33:11,687 [steps/libs/nnet3/train/frame_level_objf/common.py:265 - train_one_iteration - INFO ] On iteration 38, learning rate is 0.00326323401967.
2018-03-16 15:37:49,662 [steps/libs/nnet3/train/frame_level_objf/common.py:201 - train_one_iteration - INFO ] Training neural net (pass 39)
2018-03-16 15:37:49,668 [steps/libs/nnet3/train/frame_level_objf/common.py:265 - train_one_iteration - INFO ] On iteration 39, learning rate is 0.00316272377571.
2018-03-16 15:42:40,641 [steps/libs/nnet3/train/frame_level_objf/common.py:201 - train_one_iteration - INFO ] Training neural net (pass 40)
2018-03-16 15:42:40,650 [steps/libs/nnet3/train/frame_level_objf/common.py:265 - train_one_iteration - INFO ] On iteration 40, learning rate is 0.00306530932847.
2018-03-16 15:49:16,901 [steps/libs/nnet3/train/frame_level_objf/common.py:201 - train_one_iteration - INFO ] Training neural net (pass 41)
2018-03-16 15:49:16,908 [steps/libs/nnet3/train/frame_level_objf/common.py:265 - train_one_iteration - INFO ] On iteration 41, learning rate is 0.00297089532489.
2018-03-16 15:55:10,174 [steps/libs/nnet3/train/frame_level_objf/common.py:201 - train_one_iteration - INFO ] Training neural net (pass 42)
2018-03-16 15:55:10,180 [steps/libs/nnet3/train/frame_level_objf/common.py:265 - train_one_iteration - INFO ] On iteration 42, learning rate is 0.00287938934889.
2018-03-16 16:01:09,855 [steps/libs/nnet3/train/frame_level_objf/common.py:201 - train_one_iteration - INFO ] Training neural net (pass 43)
2018-03-16 16:01:09,861 [steps/libs/nnet3/train/frame_level_objf/common.py:265 - train_one_iteration - INFO ] On iteration 43, learning rate is 0.00334884219705.
2018-03-16 16:06:23,097 [steps/libs/nnet3/train/frame_level_objf/common.py:201 - train_one_iteration - INFO ] Training neural net (pass 44)
2018-03-16 16:06:23,106 [steps/libs/nnet3/train/frame_level_objf/common.py:265 - train_one_iteration - INFO ] On iteration 44, learning rate is 0.00322545016007.
2018-03-16 16:11:54,685 [steps/libs/nnet3/train/frame_level_objf/common.py:201 - train_one_iteration - INFO ] Training neural net (pass 45)
2018-03-16 16:11:54,694 [steps/libs/nnet3/train/frame_level_objf/common.py:265 - train_one_iteration - INFO ] On iteration 45, learning rate is 0.00310660464809.
2018-03-16 16:17:09,192 [steps/libs/nnet3/train/frame_level_objf/common.py:201 - train_one_iteration - INFO ] Training neural net (pass 46)
2018-03-16 16:17:09,199 [steps/libs/nnet3/train/frame_level_objf/common.py:265 - train_one_iteration - INFO ] On iteration 46, learning rate is 0.00299213813904.
2018-03-16 16:22:37,232 [steps/libs/nnet3/train/frame_level_objf/common.py:201 - train_one_iteration - INFO ] Training neural net (pass 47)
2018-03-16 16:22:37,239 [steps/libs/nnet3/train/frame_level_objf/common.py:265 - train_one_iteration - INFO ] On iteration 47, learning rate is 0.00288188928341.
2018-03-16 16:29:47,004 [steps/libs/nnet3/train/frame_level_objf/common.py:201 - train_one_iteration - INFO ] Training neural net (pass 48)
2018-03-16 16:29:47,010 [steps/libs/nnet3/train/frame_level_objf/common.py:265 - train_one_iteration - INFO ] On iteration 48, learning rate is 0.00277570267678.
2018-03-16 16:35:31,172 [steps/libs/nnet3/train/frame_level_objf/common.py:201 - train_one_iteration - INFO ] Training neural net (pass 49)
2018-03-16 16:35:31,194 [steps/libs/nnet3/train/frame_level_objf/common.py:265 - train_one_iteration - INFO ] On iteration 49, learning rate is 0.0026734286408.
2018-03-16 16:40:45,219 [steps/libs/nnet3/train/frame_level_objf/common.py:201 - train_one_iteration - INFO ] Training neural net (pass 50)
2018-03-16 16:40:45,228 [steps/libs/nnet3/train/frame_level_objf/common.py:265 - train_one_iteration - INFO ] On iteration 50, learning rate is 0.00257492301219.
2018-03-16 16:47:36,023 [steps/libs/nnet3/train/frame_level_objf/common.py:201 - train_one_iteration - INFO ] Training neural net (pass 51)
2018-03-16 16:47:36,030 [steps/libs/nnet3/train/frame_level_objf/common.py:265 - train_one_iteration - INFO ] On iteration 51, learning rate is 0.00248004693955.
2018-03-16 16:57:51,976 [steps/libs/nnet3/train/frame_level_objf/common.py:201 - train_one_iteration - INFO ] Training neural net (pass 52)
2018-03-16 16:57:51,982 [steps/libs/nnet3/train/frame_level_objf/common.py:265 - train_one_iteration - INFO ] On iteration 52, learning rate is 0.00238866668761.
2018-03-16 17:07:21,142 [steps/libs/nnet3/train/frame_level_objf/common.py:201 - train_one_iteration - INFO ] Training neural net (pass 53)
2018-03-16 17:07:21,150 [steps/libs/nnet3/train/frame_level_objf/common.py:265 - train_one_iteration - INFO ] On iteration 53, learning rate is 0.00230065344873.
slurmstepd: *** JOB 2933 ON dhvani CANCELLED AT 2018-03-16T17:08:20 DUE TO TIME LIMIT ***
2018-03-16 17:08:20,205 [steps/libs/common.py:231 - background_command_waiter - ERROR ] Command exited with status -9: run.pl --mem 4G --gpu 1 exp/nnet3_combined/multitask_acc512btn_tdnn1024_0.5_0.5_withcontext/log/train.53.1.log                     nnet3-train  --read-cache=exp/nnet3_combined/multitask_acc512btn_tdnn1024_0.5_0.5_withcontext/cache.53 --write-cache=exp/nnet3_combined/multitask_acc512btn_tdnn1024_0.5_0.5_withcontext/cache.54                       --print-interval=10                     --momentum=0.0                     --max-param-change=2.0                     --backstitch-training-scale=0.0                     --l2-regularize-factor=0.166666666667                     --backstitch-training-interval=1                     --srand=53                      "nnet3-copy --learning-rate=0.00230065344873 --scale=1.0 exp/nnet3_combined/multitask_acc512btn_tdnn1024_0.5_0.5_withcontext/53.raw - |" "ark,bg:nnet3-copy-egs --frame=5 --outputs=ark:exp/nnet3_combined/multitask_acc512btn_tdnn1024_0.5_0.5_withcontext/egs/egs.output.12.ark --weights=ark:exp/nnet3_combined/multitask_acc512btn_tdnn1024_0.5_0.5_withcontext/egs/egs.weight.12.ark             scp:exp/nnet3_combined/multitask_acc512btn_tdnn1024_0.5_0.5_withcontext/egs/egs.12.scp ark:- |             nnet3-shuffle-egs --buffer-size=5000             --srand=53 ark:- ark:- |              nnet3-merge-egs --minibatch-size=256,128 ark:- ark:- |"                     exp/nnet3_combined/multitask_acc512btn_tdnn1024_0.5_0.5_withcontext/54.1.raw
steps/nnet3/train_raw_dnn.py --stage=-10 --cmd=run.pl --mem 4G --feat.cmvn-opts=--norm-means=false --norm-vars=false --trainer.num-epochs 2 --trainer.optimization.num-jobs-initial=2 --trainer.optimization.num-jobs-final=8 --trainer.optimization.initial-effective-lrate=0.0015 --trainer.optimization.final-effective-lrate=0.00015 --trainer.optimization.minibatch-size=256,128 --trainer.samples-per-iter=400000 --trainer.max-param-change=2.0 --trainer.srand=0 --feat-dir data/101-recog-min/cv_train_nz_sp_hires --feat.online-ivector-dir exp/101-recog-min/nnet3/ivectors_cv_train_nz_sp --egs.dir exp/nnet3_combined/multitask_acc512btn_tdnn1024_0.5_0.5_withcontext/egs --use-dense-targets false --targets-scp exp/101-recog-min/tri4_cv_train_nz_ali --cleanup.remove-egs false --cleanup.preserve-model-interval 50 --use-gpu true --dir=exp/nnet3_combined/multitask_acc512btn_tdnn1024_0.5_0.5_withcontext
['steps/nnet3/train_raw_dnn.py', '--stage=-10', '--cmd=run.pl --mem 4G', '--feat.cmvn-opts=--norm-means=false --norm-vars=false', '--trainer.num-epochs', '2', '--trainer.optimization.num-jobs-initial=2', '--trainer.optimization.num-jobs-final=8', '--trainer.optimization.initial-effective-lrate=0.0015', '--trainer.optimization.final-effective-lrate=0.00015', '--trainer.optimization.minibatch-size=256,128', '--trainer.samples-per-iter=400000', '--trainer.max-param-change=2.0', '--trainer.srand=0', '--feat-dir', 'data/101-recog-min/cv_train_nz_sp_hires', '--feat.online-ivector-dir', 'exp/101-recog-min/nnet3/ivectors_cv_train_nz_sp', '--egs.dir', 'exp/nnet3_combined/multitask_acc512btn_tdnn1024_0.5_0.5_withcontext/egs', '--use-dense-targets', 'false', '--targets-scp', 'exp/101-recog-min/tri4_cv_train_nz_ali', '--cleanup.remove-egs', 'false', '--cleanup.preserve-model-interval', '50', '--use-gpu', 'true', '--dir=exp/nnet3_combined/multitask_acc512btn_tdnn1024_0.5_0.5_withcontext']
2018-03-16 17:08:20,207 [steps/libs/common.py:231 - background_command_waiter - ERROR ] Command exited with status -9: run.pl --mem 4G --gpu 1 exp/nnet3_combined/multitask_acc512btn_tdnn1024_0.5_0.5_withcontext/log/train.53.5.log                     nnet3-train  --read-cache=exp/nnet3_combined/multitask_acc512btn_tdnn1024_0.5_0.5_withcontext/cache.53                       --print-interval=10                     --momentum=0.0                     --max-param-change=2.0                     --backstitch-training-scale=0.0                     --l2-regularize-factor=0.166666666667                     --backstitch-training-interval=1                     --srand=53                      "nnet3-copy --learning-rate=0.00230065344873 --scale=1.0 exp/nnet3_combined/multitask_acc512btn_tdnn1024_0.5_0.5_withcontext/53.raw - |" "ark,bg:nnet3-copy-egs --frame=1 --outputs=ark:exp/nnet3_combined/multitask_acc512btn_tdnn1024_0.5_0.5_withcontext/egs/egs.output.16.ark --weights=ark:exp/nnet3_combined/multitask_acc512btn_tdnn1024_0.5_0.5_withcontext/egs/egs.weight.16.ark             scp:exp/nnet3_combined/multitask_acc512btn_tdnn1024_0.5_0.5_withcontext/egs/egs.16.scp ark:- |             nnet3-shuffle-egs --buffer-size=5000             --srand=53 ark:- ark:- |              nnet3-merge-egs --minibatch-size=256,128 ark:- ark:- |"                     exp/nnet3_combined/multitask_acc512btn_tdnn1024_0.5_0.5_withcontext/54.5.raw
2018-03-16 17:08:20,207 [steps/libs/common.py:231 - background_command_waiter - ERROR ] Command exited with status -9: run.pl --mem 4G --gpu 1 exp/nnet3_combined/multitask_acc512btn_tdnn1024_0.5_0.5_withcontext/log/train.53.4.log                     nnet3-train  --read-cache=exp/nnet3_combined/multitask_acc512btn_tdnn1024_0.5_0.5_withcontext/cache.53                       --print-interval=10                     --momentum=0.0                     --max-param-change=2.0                     --backstitch-training-scale=0.0                     --l2-regularize-factor=0.166666666667                     --backstitch-training-interval=1                     --srand=53                      "nnet3-copy --learning-rate=0.00230065344873 --scale=1.0 exp/nnet3_combined/multitask_acc512btn_tdnn1024_0.5_0.5_withcontext/53.raw - |" "ark,bg:nnet3-copy-egs --frame=0 --outputs=ark:exp/nnet3_combined/multitask_acc512btn_tdnn1024_0.5_0.5_withcontext/egs/egs.output.15.ark --weights=ark:exp/nnet3_combined/multitask_acc512btn_tdnn1024_0.5_0.5_withcontext/egs/egs.weight.15.ark             scp:exp/nnet3_combined/multitask_acc512btn_tdnn1024_0.5_0.5_withcontext/egs/egs.15.scp ark:- |             nnet3-shuffle-egs --buffer-size=5000             --srand=53 ark:- ark:- |              nnet3-merge-egs --minibatch-size=256,128 ark:- ark:- |"                     exp/nnet3_combined/multitask_acc512btn_tdnn1024_0.5_0.5_withcontext/54.4.raw
Error in atexit._run_exitfuncs:2018-03-16 17:08:20,208 [steps/libs/common.py:237 - background_command_waiter - WARNING ] Command exited with status -9:  run.pl --mem 4G exp/nnet3_combined/multitask_acc512btn_tdnn1024_0.5_0.5_withcontext/log/compute_prob_valid.53.log                 nnet3-compute-prob "exp/nnet3_combined/multitask_acc512btn_tdnn1024_0.5_0.5_withcontext/53.raw"                 "ark,bg:nnet3-copy-egs --outputs=ark:exp/nnet3_combined/multitask_acc512btn_tdnn1024_0.5_0.5_withcontext/egs/valid_diagnostic.output.ark --weights=ark:exp/nnet3_combined/multitask_acc512btn_tdnn1024_0.5_0.5_withcontext/egs/valid_diagnostic.weight.ark                     scp:exp/nnet3_combined/multitask_acc512btn_tdnn1024_0.5_0.5_withcontext/egs/valid_diagnostic.scp ark:- |                     nnet3-merge-egs --minibatch-size=1:64 ark:-                     ark:- |" 
2018-03-16 17:08:20,208 [steps/libs/common.py:231 - background_command_waiter - ERROR ] Command exited with status -9: run.pl --mem 4G --gpu 1 exp/nnet3_combined/multitask_acc512btn_tdnn1024_0.5_0.5_withcontext/log/train.53.2.log                     nnet3-train  --read-cache=exp/nnet3_combined/multitask_acc512btn_tdnn1024_0.5_0.5_withcontext/cache.53                       --print-interval=10                     --momentum=0.0                     --max-param-change=2.0                     --backstitch-training-scale=0.0                     --l2-regularize-factor=0.166666666667                     --backstitch-training-interval=1                     --srand=53                      "nnet3-copy --learning-rate=0.00230065344873 --scale=1.0 exp/nnet3_combined/multitask_acc512btn_tdnn1024_0.5_0.5_withcontext/53.raw - |" "ark,bg:nnet3-copy-egs --frame=6 --outputs=ark:exp/nnet3_combined/multitask_acc512btn_tdnn1024_0.5_0.5_withcontext/egs/egs.output.13.ark --weights=ark:exp/nnet3_combined/multitask_acc512btn_tdnn1024_0.5_0.5_withcontext/egs/egs.weight.13.ark             scp:exp/nnet3_combined/multitask_acc512btn_tdnn1024_0.5_0.5_withcontext/egs/egs.13.scp ark:- |             nnet3-shuffle-egs --buffer-size=5000             --srand=53 ark:- ark:- |              nnet3-merge-egs --minibatch-size=256,128 ark:- ark:- |"                     exp/nnet3_combined/multitask_acc512btn_tdnn1024_0.5_0.5_withcontext/54.2.raw
2018-03-16 17:08:20,208 [steps/libs/common.py:237 - background_command_waiter - WARNING ] Command exited with status -9: run.pl --mem 4G exp/nnet3_combined/multitask_acc512btn_tdnn1024_0.5_0.5_withcontext/log/compute_prob_train.53.log                 nnet3-compute-prob  "exp/nnet3_combined/multitask_acc512btn_tdnn1024_0.5_0.5_withcontext/53.raw"                 "ark,bg:nnet3-copy-egs --outputs=ark:exp/nnet3_combined/multitask_acc512btn_tdnn1024_0.5_0.5_withcontext/egs/train_diagnostic.output.ark --weights=ark:exp/nnet3_combined/multitask_acc512btn_tdnn1024_0.5_0.5_withcontext/egs/train_diagnostic.weight.ark                     scp:exp/nnet3_combined/multitask_acc512btn_tdnn1024_0.5_0.5_withcontext/egs/train_diagnostic.scp ark:- |                     nnet3-merge-egs --minibatch-size=1:64 ark:-                     ark:- |" 
2018-03-16 17:08:20,207 [steps/libs/common.py:231 - background_command_waiter - ERROR ] Command exited with status -9: run.pl --mem 4G --gpu 1 exp/nnet3_combined/multitask_acc512btn_tdnn1024_0.5_0.5_withcontext/log/train.53.6.log                     nnet3-train  --read-cache=exp/nnet3_combined/multitask_acc512btn_tdnn1024_0.5_0.5_withcontext/cache.53                       --print-interval=10                     --momentum=0.0                     --max-param-change=2.0                     --backstitch-training-scale=0.0                     --l2-regularize-factor=0.166666666667                     --backstitch-training-interval=1                     --srand=53                      "nnet3-copy --learning-rate=0.00230065344873 --scale=1.0 exp/nnet3_combined/multitask_acc512btn_tdnn1024_0.5_0.5_withcontext/53.raw - |" "ark,bg:nnet3-copy-egs --frame=2 --outputs=ark:exp/nnet3_combined/multitask_acc512btn_tdnn1024_0.5_0.5_withcontext/egs/egs.output.17.ark --weights=ark:exp/nnet3_combined/multitask_acc512btn_tdnn1024_0.5_0.5_withcontext/egs/egs.weight.17.ark             scp:exp/nnet3_combined/multitask_acc512btn_tdnn1024_0.5_0.5_withcontext/egs/egs.17.scp ark:- |             nnet3-shuffle-egs --buffer-size=5000             --srand=53 ark:- ark:- |              nnet3-merge-egs --minibatch-size=256,128 ark:- ark:- |"                     exp/nnet3_combined/multitask_acc512btn_tdnn1024_0.5_0.5_withcontext/54.6.raw
Error in sys.exitfunc:
Traceback (most recent call last):
  File "/usr/lib/python2.7/atexit.py", line 29, in _run_exitfuncs
    print >> sys.stderr, "Error in atexit._run_exitfuncs:"
KeyboardInterrupt
