2018-03-22 11:16:22,280 [steps/nnet3/train_raw_dnn.py:34 - <module> - INFO ] Starting raw DNN trainer (train_raw_dnn.py)
2018-03-22 11:16:22,289 [steps/nnet3/train_raw_dnn.py:172 - train - INFO ] Arguments for the experiment
{'backstitch_training_interval': 1,
 'backstitch_training_scale': 0.0,
 'cleanup': True,
 'cmvn_opts': '--norm-means=false --norm-vars=false',
 'combine_sum_to_one_penalty': 0.0,
 'command': 'run.pl --mem 4G',
 'compute_average_posteriors': False,
 'compute_per_dim_accuracy': False,
 'dir': 'scratch/nnet3_combined_withembedding/multitask_a300_t024_10shrink_0.9_0.1_withsaloneembedinput_utt',
 'do_final_combination': True,
 'dropout_schedule': None,
 'egs_command': None,
 'egs_dir': 'scratch/nnet3_combined_withembedding/multitask_a300_t024_10shrink_0.9_0.1_withsaloneembedinput_utt/egs',
 'egs_opts': None,
 'egs_stage': 0,
 'email': None,
 'exit_stage': None,
 'feat_dir': 'data_uttLevel/101-recog-min/cv_train_nz_mfcc_bnf_appended_sp',
 'final_effective_lrate': 0.00015,
 'frames_per_eg': 8,
 'image_augmentation_opts': None,
 'initial_effective_lrate': 0.0015,
 'max_lda_jobs': 10,
 'max_models_combine': 20,
 'max_param_change': 2.0,
 'minibatch_size': '256,128',
 'momentum': 0.0,
 'nj': 4,
 'num_epochs': 2.0,
 'num_jobs_compute_prior': 10,
 'num_jobs_final': 8,
 'num_jobs_initial': 2,
 'online_ivector_dir': 'exp/101-recog-min/nnet3/ivectors_cv_train_nz_sp',
 'preserve_model_interval': 50,
 'presoftmax_prior_scale_power': -0.25,
 'prior_subset_size': 20000,
 'proportional_shrink': 10.0,
 'rand_prune': 4.0,
 'remove_egs': False,
 'reporting_interval': 0.1,
 'samples_per_iter': 400000,
 'shuffle_buffer_size': 5000,
 'srand': 0,
 'stage': 67,
 'targets_scp': 'exp/101-recog-min/tri4_cv_train_nz_ali',
 'transform_dir': None,
 'use_dense_targets': False,
 'use_gpu': True}
2018-03-22 11:16:22,547 [steps/nnet3/train_raw_dnn.py:322 - train - INFO ] Training will run for 2.0 epochs = 73 iterations
2018-03-22 11:16:22,547 [steps/libs/nnet3/train/frame_level_objf/common.py:201 - train_one_iteration - INFO ] Training neural net (pass 67)
2018-03-22 11:16:22,554 [steps/libs/nnet3/train/frame_level_objf/common.py:265 - train_one_iteration - INFO ] On iteration 67, learning rate is 0.00168236558801 and shrink value is 0.98317634412.
2018-03-22 11:28:10,273 [steps/libs/nnet3/train/frame_level_objf/common.py:201 - train_one_iteration - INFO ] Training neural net (pass 68)
2018-03-22 11:28:10,281 [steps/libs/nnet3/train/frame_level_objf/common.py:265 - train_one_iteration - INFO ] On iteration 68, learning rate is 0.0016002257186 and shrink value is 0.983997742814.
2018-03-22 11:40:40,164 [steps/libs/nnet3/train/frame_level_objf/common.py:201 - train_one_iteration - INFO ] Training neural net (pass 69)
2018-03-22 11:40:40,172 [steps/libs/nnet3/train/frame_level_objf/common.py:265 - train_one_iteration - INFO ] On iteration 69, learning rate is 0.0015220962487 and shrink value is 0.984779037513.
2018-03-22 11:53:20,890 [steps/libs/nnet3/train/frame_level_objf/common.py:201 - train_one_iteration - INFO ] Training neural net (pass 70)
2018-03-22 11:53:20,898 [steps/libs/nnet3/train/frame_level_objf/common.py:265 - train_one_iteration - INFO ] On iteration 70, learning rate is 0.00144778137445 and shrink value is 0.985522186255.
2018-03-22 12:05:23,924 [steps/libs/nnet3/train/frame_level_objf/common.py:201 - train_one_iteration - INFO ] Training neural net (pass 71)
2018-03-22 12:05:23,933 [steps/libs/nnet3/train/frame_level_objf/common.py:265 - train_one_iteration - INFO ] On iteration 71, learning rate is 0.00137709485192 and shrink value is 0.986229051481.
2018-03-22 12:17:59,534 [steps/libs/nnet3/train/frame_level_objf/common.py:201 - train_one_iteration - INFO ] Training neural net (pass 72)
2018-03-22 12:17:59,543 [steps/libs/nnet3/train/frame_level_objf/common.py:265 - train_one_iteration - INFO ] On iteration 72, learning rate is 0.0012 and shrink value is 0.988.
2018-03-22 12:30:21,463 [steps/nnet3/train_raw_dnn.py:395 - train - INFO ] Doing final combination to produce final.raw
2018-03-22 12:30:21,463 [steps/libs/nnet3/train/frame_level_objf/common.py:466 - combine_models - INFO ] Combining set([64, 65, 66, 67, 68, 69, 70, 71, 72, 73, 54, 55, 56, 57, 58, 59, 60, 61, 62, 63]) models.
2018-03-22 12:44:54,290 [steps/nnet3/train_raw_dnn.py:417 - train - INFO ] Cleaning up the experiment directory scratch/nnet3_combined_withembedding/multitask_a300_t024_10shrink_0.9_0.1_withsaloneembedinput_utt
scratch/nnet3_combined_withembedding/multitask_a300_t024_10shrink_0.9_0.1_withsaloneembedinput_utt: num-iters=73 nj=2..8 num-params=32.3M combine=-0.42->-0.36
steps/nnet3/train_raw_dnn.py --stage=67 --cmd=run.pl --mem 4G --feat.cmvn-opts=--norm-means=false --norm-vars=false --trainer.num-epochs 2 --trainer.optimization.num-jobs-initial=2 --trainer.optimization.num-jobs-final=8 --trainer.optimization.initial-effective-lrate=0.0015 --trainer.optimization.final-effective-lrate=0.00015 --trainer.optimization.minibatch-size=256,128 --trainer.optimization.proportional-shrink=10 --trainer.samples-per-iter=400000 --trainer.max-param-change=2.0 --trainer.srand=0 --feat-dir data_uttLevel/101-recog-min/cv_train_nz_mfcc_bnf_appended_sp --feat.online-ivector-dir exp/101-recog-min/nnet3/ivectors_cv_train_nz_sp --egs.dir scratch/nnet3_combined_withembedding/multitask_a300_t024_10shrink_0.9_0.1_withsaloneembedinput_utt/egs --use-dense-targets false --targets-scp exp/101-recog-min/tri4_cv_train_nz_ali --cleanup.remove-egs false --cleanup.preserve-model-interval 50 --use-gpu true --dir=scratch/nnet3_combined_withembedding/multitask_a300_t024_10shrink_0.9_0.1_withsaloneembedinput_utt
['steps/nnet3/train_raw_dnn.py', '--stage=67', '--cmd=run.pl --mem 4G', '--feat.cmvn-opts=--norm-means=false --norm-vars=false', '--trainer.num-epochs', '2', '--trainer.optimization.num-jobs-initial=2', '--trainer.optimization.num-jobs-final=8', '--trainer.optimization.initial-effective-lrate=0.0015', '--trainer.optimization.final-effective-lrate=0.00015', '--trainer.optimization.minibatch-size=256,128', '--trainer.optimization.proportional-shrink=10', '--trainer.samples-per-iter=400000', '--trainer.max-param-change=2.0', '--trainer.srand=0', '--feat-dir', 'data_uttLevel/101-recog-min/cv_train_nz_mfcc_bnf_appended_sp', '--feat.online-ivector-dir', 'exp/101-recog-min/nnet3/ivectors_cv_train_nz_sp', '--egs.dir', 'scratch/nnet3_combined_withembedding/multitask_a300_t024_10shrink_0.9_0.1_withsaloneembedinput_utt/egs', '--use-dense-targets', 'false', '--targets-scp', 'exp/101-recog-min/tri4_cv_train_nz_ali', '--cleanup.remove-egs', 'false', '--cleanup.preserve-model-interval', '50', '--use-gpu', 'true', '--dir=scratch/nnet3_combined_withembedding/multitask_a300_t024_10shrink_0.9_0.1_withsaloneembedinput_utt']
nnet3-copy '--edits=rename-node old-name=output-0 new-name=output' scratch/nnet3_combined_withembedding/multitask_a300_t024_10shrink_0.9_0.1_withsaloneembedinput_utt/final.raw - 
nnet3-am-init exp/101-recog-min/tri4_cv_train_nz_ali/final.mdl - scratch/nnet3_combined_withembedding/multitask_a300_t024_10shrink_0.9_0.1_withsaloneembedinput_utt/101-recog-min/final.mdl 
LOG (nnet3-copy[5.2.204~1-08848]:main():nnet3-copy.cc:114) Copied raw neural net from scratch/nnet3_combined_withembedding/multitask_a300_t024_10shrink_0.9_0.1_withsaloneembedinput_utt/final.raw to -
LOG (nnet3-am-init[5.2.204~1-08848]:main():nnet3-am-init.cc:96) Initialized am-nnet (neural net acoustic model) and wrote to scratch/nnet3_combined_withembedding/multitask_a300_t024_10shrink_0.9_0.1_withsaloneembedinput_utt/101-recog-min/final.mdl
./multitask_monster_with_inputembeddings.sh: compute average posterior and readjust priors for language 01-recognition.
steps/nnet3/adjust_priors.sh scratch/nnet3_combined_withembedding/multitask_a300_t024_10shrink_0.9_0.1_withsaloneembedinput_utt/101-recog-min scratch/nnet3_combined_withembedding/multitask_a300_t024_10shrink_0.9_0.1_withsaloneembedinput_utt/egs_aligns
steps/nnet3/decode.sh --nj 20 --cmd run.pl --mem 4G --stage -2 --beam 15.0 --lattice-beam 8.0 --skip-scoring false --online-ivector-dir exp/101-recog-min/nnet3/ivectors_cv_dev_nz /home/abhinav/kaldi/accents/exp/tri4/graph_sw1_tg data_uttLevel/101-recog-min/cv_dev_nz_mfcc_bnf_appended scratch/nnet3_combined_withembedding/multitask_a300_t024_10shrink_0.9_0.1_withsaloneembedinput_utt/101-recog-min/decode_cv_dev_nz
steps/nnet2/check_ivectors_compatible.sh: WARNING: One of the directories do not contain iVector ID.
steps/nnet2/check_ivectors_compatible.sh: WARNING: That means it's you who's reponsible for keeping 
steps/nnet2/check_ivectors_compatible.sh: WARNING: the directories compatible
steps/nnet3/decode.sh: feature type is raw
steps/diagnostic/analyze_lats.sh --cmd run.pl --mem 4G --iter final /home/abhinav/kaldi/accents/exp/tri4/graph_sw1_tg scratch/nnet3_combined_withembedding/multitask_a300_t024_10shrink_0.9_0.1_withsaloneembedinput_utt/101-recog-min/decode_cv_dev_nz
steps/diagnostic/analyze_lats.sh: see stats in scratch/nnet3_combined_withembedding/multitask_a300_t024_10shrink_0.9_0.1_withsaloneembedinput_utt/101-recog-min/decode_cv_dev_nz/log/analyze_alignments.log
Overall, lattice depth (10,50,90-percentile)=(1,3,17) and mean=7.9
steps/diagnostic/analyze_lats.sh: see stats in scratch/nnet3_combined_withembedding/multitask_a300_t024_10shrink_0.9_0.1_withsaloneembedinput_utt/101-recog-min/decode_cv_dev_nz/log/analyze_lattice_depth_stats.log
score best paths
local/score.sh --iter final --cmd run.pl --mem 4G data_uttLevel/101-recog-min/cv_dev_nz_mfcc_bnf_appended /home/abhinav/kaldi/accents/exp/tri4/graph_sw1_tg scratch/nnet3_combined_withembedding/multitask_a300_t024_10shrink_0.9_0.1_withsaloneembedinput_utt/101-recog-min/decode_cv_dev_nz
local/score.sh: scoring with word insertion penalty=0.0,0.5,1.0
score confidence and timing with sclite
Decoding done.
steps/nnet3/decode.sh --nj 20 --cmd run.pl --mem 4G --stage -2 --beam 15.0 --lattice-beam 8.0 --skip-scoring false --online-ivector-dir exp/101-recog-min/nnet3/ivectors_cv_test_onlynz /home/abhinav/kaldi/accents/exp/tri4/graph_sw1_tg data_uttLevel/101-recog-min/cv_test_onlynz_mfcc_bnf_appended scratch/nnet3_combined_withembedding/multitask_a300_t024_10shrink_0.9_0.1_withsaloneembedinput_utt/101-recog-min/decode_cv_test_onlynz
steps/nnet2/check_ivectors_compatible.sh: WARNING: One of the directories do not contain iVector ID.
steps/nnet2/check_ivectors_compatible.sh: WARNING: That means it's you who's reponsible for keeping 
steps/nnet2/check_ivectors_compatible.sh: WARNING: the directories compatible
steps/nnet3/decode.sh: feature type is raw
steps/diagnostic/analyze_lats.sh --cmd run.pl --mem 4G --iter final /home/abhinav/kaldi/accents/exp/tri4/graph_sw1_tg scratch/nnet3_combined_withembedding/multitask_a300_t024_10shrink_0.9_0.1_withsaloneembedinput_utt/101-recog-min/decode_cv_test_onlynz
steps/diagnostic/analyze_lats.sh: see stats in scratch/nnet3_combined_withembedding/multitask_a300_t024_10shrink_0.9_0.1_withsaloneembedinput_utt/101-recog-min/decode_cv_test_onlynz/log/analyze_alignments.log
Overall, lattice depth (10,50,90-percentile)=(1,3,18) and mean=7.6
steps/diagnostic/analyze_lats.sh: see stats in scratch/nnet3_combined_withembedding/multitask_a300_t024_10shrink_0.9_0.1_withsaloneembedinput_utt/101-recog-min/decode_cv_test_onlynz/log/analyze_lattice_depth_stats.log
score best paths
local/score.sh --iter final --cmd run.pl --mem 4G data_uttLevel/101-recog-min/cv_test_onlynz_mfcc_bnf_appended /home/abhinav/kaldi/accents/exp/tri4/graph_sw1_tg scratch/nnet3_combined_withembedding/multitask_a300_t024_10shrink_0.9_0.1_withsaloneembedinput_utt/101-recog-min/decode_cv_test_onlynz
local/score.sh: scoring with word insertion penalty=0.0,0.5,1.0
score confidence and timing with sclite
Decoding done.
steps/nnet3/decode.sh --nj 20 --cmd run.pl --mem 4G --stage -2 --beam 15.0 --lattice-beam 8.0 --skip-scoring false --online-ivector-dir exp/101-recog-min/nnet3/ivectors_cv_test_onlyindian /home/abhinav/kaldi/accents/exp/tri4/graph_sw1_tg data_uttLevel/101-recog-min/cv_test_onlyindian_mfcc_bnf_appended scratch/nnet3_combined_withembedding/multitask_a300_t024_10shrink_0.9_0.1_withsaloneembedinput_utt/101-recog-min/decode_cv_test_onlyindian
steps/nnet2/check_ivectors_compatible.sh: WARNING: One of the directories do not contain iVector ID.
steps/nnet2/check_ivectors_compatible.sh: WARNING: That means it's you who's reponsible for keeping 
steps/nnet2/check_ivectors_compatible.sh: WARNING: the directories compatible
steps/nnet3/decode.sh: feature type is raw
steps/diagnostic/analyze_lats.sh --cmd run.pl --mem 4G --iter final /home/abhinav/kaldi/accents/exp/tri4/graph_sw1_tg scratch/nnet3_combined_withembedding/multitask_a300_t024_10shrink_0.9_0.1_withsaloneembedinput_utt/101-recog-min/decode_cv_test_onlyindian
steps/diagnostic/analyze_lats.sh: see stats in scratch/nnet3_combined_withembedding/multitask_a300_t024_10shrink_0.9_0.1_withsaloneembedinput_utt/101-recog-min/decode_cv_test_onlyindian/log/analyze_alignments.log
Overall, lattice depth (10,50,90-percentile)=(2,11,52) and mean=21.6
steps/diagnostic/analyze_lats.sh: see stats in scratch/nnet3_combined_withembedding/multitask_a300_t024_10shrink_0.9_0.1_withsaloneembedinput_utt/101-recog-min/decode_cv_test_onlyindian/log/analyze_lattice_depth_stats.log
score best paths
local/score.sh --iter final --cmd run.pl --mem 4G data_uttLevel/101-recog-min/cv_test_onlyindian_mfcc_bnf_appended /home/abhinav/kaldi/accents/exp/tri4/graph_sw1_tg scratch/nnet3_combined_withembedding/multitask_a300_t024_10shrink_0.9_0.1_withsaloneembedinput_utt/101-recog-min/decode_cv_test_onlyindian
local/score.sh: scoring with word insertion penalty=0.0,0.5,1.0
score confidence and timing with sclite
Decoding done.
%WER 20.02 [ 2079 / 10386, 207 ins, 327 del, 1545 sub ] scratch/nnet3_combined_withembedding/multitask_a300_t024_10shrink_0.9_0.1_withsaloneembedinput_utt/101-recog-min/decode_cv_dev_nz/wer_8_1.0
%WER 55.60 [ 452 / 813, 33 ins, 137 del, 282 sub ] scratch/nnet3_combined_withembedding/multitask_a300_t024_10shrink_0.9_0.1_withsaloneembedinput_utt/101-recog-min/decode_cv_test_onlyindian/wer_12_0.0
%WER 22.72 [ 1156 / 5089, 109 ins, 167 del, 880 sub ] scratch/nnet3_combined_withembedding/multitask_a300_t024_10shrink_0.9_0.1_withsaloneembedinput_utt/101-recog-min/decode_cv_test_onlynz/wer_9_1.0
