2018-03-18 11:31:27,489 [steps/nnet3/train_raw_dnn.py:34 - <module> - INFO ] Starting raw DNN trainer (train_raw_dnn.py)
2018-03-18 11:31:27,496 [steps/nnet3/train_raw_dnn.py:172 - train - INFO ] Arguments for the experiment
{'backstitch_training_interval': 1,
 'backstitch_training_scale': 0.0,
 'cleanup': True,
 'cmvn_opts': '--norm-means=false --norm-vars=false',
 'combine_sum_to_one_penalty': 0.0,
 'command': 'run.pl --mem 4G',
 'compute_average_posteriors': False,
 'compute_per_dim_accuracy': False,
 'dir': 'exp/nnet3_combined/multitask_acc300btn_tdnn1024_extraacclayer_0.5_0.5_withcontext',
 'do_final_combination': True,
 'dropout_schedule': None,
 'egs_command': None,
 'egs_dir': 'exp/nnet3_combined/multitask_acc300btn_tdnn1024_extraacclayer_0.5_0.5_withcontext/egs',
 'egs_opts': None,
 'egs_stage': 0,
 'email': None,
 'exit_stage': None,
 'feat_dir': 'data/101-recog-min/cv_train_nz_sp_hires',
 'final_effective_lrate': 0.00015,
 'frames_per_eg': 8,
 'image_augmentation_opts': None,
 'initial_effective_lrate': 0.0015,
 'max_lda_jobs': 10,
 'max_models_combine': 20,
 'max_param_change': 2.0,
 'minibatch_size': '256,128',
 'momentum': 0.0,
 'nj': 4,
 'num_epochs': 2.0,
 'num_jobs_compute_prior': 10,
 'num_jobs_final': 8,
 'num_jobs_initial': 2,
 'online_ivector_dir': 'exp/101-recog-min/nnet3/ivectors_cv_train_nz_sp',
 'preserve_model_interval': 50,
 'presoftmax_prior_scale_power': -0.25,
 'prior_subset_size': 20000,
 'proportional_shrink': 0.0,
 'rand_prune': 4.0,
 'remove_egs': False,
 'reporting_interval': 0.1,
 'samples_per_iter': 400000,
 'shuffle_buffer_size': 5000,
 'srand': 0,
 'stage': 60,
 'targets_scp': 'exp/101-recog-min/tri4_cv_train_nz_ali',
 'transform_dir': None,
 'use_dense_targets': False,
 'use_gpu': True}
2018-03-18 11:31:27,540 [steps/nnet3/train_raw_dnn.py:322 - train - INFO ] Training will run for 2.0 epochs = 73 iterations
2018-03-18 11:31:27,540 [steps/libs/nnet3/train/frame_level_objf/common.py:201 - train_one_iteration - INFO ] Training neural net (pass 60)
2018-03-18 11:31:27,546 [steps/libs/nnet3/train/frame_level_objf/common.py:265 - train_one_iteration - INFO ] On iteration 60, learning rate is 0.0020002330709.
2018-03-18 11:47:27,016 [steps/libs/nnet3/train/frame_level_objf/common.py:201 - train_one_iteration - INFO ] Training neural net (pass 61)
2018-03-18 11:47:27,025 [steps/libs/nnet3/train/frame_level_objf/common.py:265 - train_one_iteration - INFO ] On iteration 61, learning rate is 0.00191451540091.
2018-03-18 11:58:38,302 [steps/libs/nnet3/train/frame_level_objf/common.py:201 - train_one_iteration - INFO ] Training neural net (pass 62)
2018-03-18 11:58:38,310 [steps/libs/nnet3/train/frame_level_objf/common.py:265 - train_one_iteration - INFO ] On iteration 62, learning rate is 0.00183247106233.
2018-03-18 12:09:40,677 [steps/libs/nnet3/train/frame_level_objf/common.py:201 - train_one_iteration - INFO ] Training neural net (pass 63)
2018-03-18 12:09:40,684 [steps/libs/nnet3/train/frame_level_objf/common.py:265 - train_one_iteration - INFO ] On iteration 63, learning rate is 0.00175394263878.
2018-03-18 12:20:52,958 [steps/libs/nnet3/train/frame_level_objf/common.py:201 - train_one_iteration - INFO ] Training neural net (pass 64)
2018-03-18 12:20:52,968 [steps/libs/nnet3/train/frame_level_objf/common.py:265 - train_one_iteration - INFO ] On iteration 64, learning rate is 0.00167877945981.
2018-03-18 12:32:01,858 [steps/libs/nnet3/train/frame_level_objf/common.py:201 - train_one_iteration - INFO ] Training neural net (pass 65)
2018-03-18 12:32:01,866 [steps/libs/nnet3/train/frame_level_objf/common.py:265 - train_one_iteration - INFO ] On iteration 65, learning rate is 0.00160683731177.
2018-03-18 12:43:49,187 [steps/libs/nnet3/train/frame_level_objf/common.py:201 - train_one_iteration - INFO ] Training neural net (pass 66)
2018-03-18 12:43:49,194 [steps/libs/nnet3/train/frame_level_objf/common.py:265 - train_one_iteration - INFO ] On iteration 66, learning rate is 0.00153797816109.
2018-03-18 12:55:10,611 [steps/libs/nnet3/train/frame_level_objf/common.py:201 - train_one_iteration - INFO ] Training neural net (pass 67)
2018-03-18 12:55:10,617 [steps/libs/nnet3/train/frame_level_objf/common.py:265 - train_one_iteration - INFO ] On iteration 67, learning rate is 0.00168236558801.
2018-03-18 13:07:49,873 [steps/libs/nnet3/train/frame_level_objf/common.py:201 - train_one_iteration - INFO ] Training neural net (pass 68)
2018-03-18 13:07:49,878 [steps/libs/nnet3/train/frame_level_objf/common.py:265 - train_one_iteration - INFO ] On iteration 68, learning rate is 0.0016002257186.
2018-03-18 13:20:56,061 [steps/libs/nnet3/train/frame_level_objf/common.py:201 - train_one_iteration - INFO ] Training neural net (pass 69)
2018-03-18 13:20:56,068 [steps/libs/nnet3/train/frame_level_objf/common.py:265 - train_one_iteration - INFO ] On iteration 69, learning rate is 0.0015220962487.
2018-03-18 13:33:38,744 [steps/libs/nnet3/train/frame_level_objf/common.py:201 - train_one_iteration - INFO ] Training neural net (pass 70)
2018-03-18 13:33:38,752 [steps/libs/nnet3/train/frame_level_objf/common.py:265 - train_one_iteration - INFO ] On iteration 70, learning rate is 0.00144778137445.
2018-03-18 13:46:04,675 [steps/libs/nnet3/train/frame_level_objf/common.py:201 - train_one_iteration - INFO ] Training neural net (pass 71)
2018-03-18 13:46:04,684 [steps/libs/nnet3/train/frame_level_objf/common.py:265 - train_one_iteration - INFO ] On iteration 71, learning rate is 0.00137709485192.
2018-03-18 13:54:06,100 [steps/libs/nnet3/train/frame_level_objf/common.py:201 - train_one_iteration - INFO ] Training neural net (pass 72)
2018-03-18 13:54:06,106 [steps/libs/nnet3/train/frame_level_objf/common.py:265 - train_one_iteration - INFO ] On iteration 72, learning rate is 0.0012.
2018-03-18 14:06:39,569 [steps/nnet3/train_raw_dnn.py:395 - train - INFO ] Doing final combination to produce final.raw
2018-03-18 14:06:39,570 [steps/libs/nnet3/train/frame_level_objf/common.py:466 - combine_models - INFO ] Combining set([64, 65, 66, 67, 68, 69, 70, 71, 72, 73, 54, 55, 56, 57, 58, 59, 60, 61, 62, 63]) models.
2018-03-18 14:22:21,206 [steps/nnet3/train_raw_dnn.py:417 - train - INFO ] Cleaning up the experiment directory exp/nnet3_combined/multitask_acc300btn_tdnn1024_extraacclayer_0.5_0.5_withcontext
exp/nnet3_combined/multitask_acc300btn_tdnn1024_extraacclayer_0.5_0.5_withcontext: num-iters=73 nj=2..8 num-params=32.9M combine=-0.36->-0.33
steps/nnet3/train_raw_dnn.py --stage=60 --cmd=run.pl --mem 4G --feat.cmvn-opts=--norm-means=false --norm-vars=false --trainer.num-epochs 2 --trainer.optimization.num-jobs-initial=2 --trainer.optimization.num-jobs-final=8 --trainer.optimization.initial-effective-lrate=0.0015 --trainer.optimization.final-effective-lrate=0.00015 --trainer.optimization.minibatch-size=256,128 --trainer.samples-per-iter=400000 --trainer.max-param-change=2.0 --trainer.srand=0 --feat-dir data/101-recog-min/cv_train_nz_sp_hires --feat.online-ivector-dir exp/101-recog-min/nnet3/ivectors_cv_train_nz_sp --egs.dir exp/nnet3_combined/multitask_acc300btn_tdnn1024_extraacclayer_0.5_0.5_withcontext/egs --use-dense-targets false --targets-scp exp/101-recog-min/tri4_cv_train_nz_ali --cleanup.remove-egs false --cleanup.preserve-model-interval 50 --use-gpu true --dir=exp/nnet3_combined/multitask_acc300btn_tdnn1024_extraacclayer_0.5_0.5_withcontext
['steps/nnet3/train_raw_dnn.py', '--stage=60', '--cmd=run.pl --mem 4G', '--feat.cmvn-opts=--norm-means=false --norm-vars=false', '--trainer.num-epochs', '2', '--trainer.optimization.num-jobs-initial=2', '--trainer.optimization.num-jobs-final=8', '--trainer.optimization.initial-effective-lrate=0.0015', '--trainer.optimization.final-effective-lrate=0.00015', '--trainer.optimization.minibatch-size=256,128', '--trainer.samples-per-iter=400000', '--trainer.max-param-change=2.0', '--trainer.srand=0', '--feat-dir', 'data/101-recog-min/cv_train_nz_sp_hires', '--feat.online-ivector-dir', 'exp/101-recog-min/nnet3/ivectors_cv_train_nz_sp', '--egs.dir', 'exp/nnet3_combined/multitask_acc300btn_tdnn1024_extraacclayer_0.5_0.5_withcontext/egs', '--use-dense-targets', 'false', '--targets-scp', 'exp/101-recog-min/tri4_cv_train_nz_ali', '--cleanup.remove-egs', 'false', '--cleanup.preserve-model-interval', '50', '--use-gpu', 'true', '--dir=exp/nnet3_combined/multitask_acc300btn_tdnn1024_extraacclayer_0.5_0.5_withcontext']
nnet3-am-init exp/101-recog-min/tri4_cv_train_nz_ali/final.mdl - exp/nnet3_combined/multitask_acc300btn_tdnn1024_extraacclayer_0.5_0.5_withcontext/101-recog-min/final.mdl 
nnet3-copy '--edits=rename-node old-name=output-0 new-name=output' exp/nnet3_combined/multitask_acc300btn_tdnn1024_extraacclayer_0.5_0.5_withcontext/final.raw - 
LOG (nnet3-copy[5.2.204~1-08848]:main():nnet3-copy.cc:114) Copied raw neural net from exp/nnet3_combined/multitask_acc300btn_tdnn1024_extraacclayer_0.5_0.5_withcontext/final.raw to -
LOG (nnet3-am-init[5.2.204~1-08848]:main():nnet3-am-init.cc:96) Initialized am-nnet (neural net acoustic model) and wrote to exp/nnet3_combined/multitask_acc300btn_tdnn1024_extraacclayer_0.5_0.5_withcontext/101-recog-min/final.mdl
./multitask_run_2_base_2.sh: compute average posterior and readjust priors for language 01-recognition.
steps/nnet3/adjust_priors.sh exp/nnet3_combined/multitask_acc300btn_tdnn1024_extraacclayer_0.5_0.5_withcontext/101-recog-min exp/nnet3_combined/multitask_acc300btn_tdnn1024_extraacclayer_0.5_0.5_withcontext/egs_aligns
steps/nnet3/decode.sh --nj 20 --cmd run.pl --mem 4G --stage -2 --beam 15.0 --lattice-beam 8.0 --skip-scoring false --online-ivector-dir exp/101-recog-min/nnet3/ivectors_cv_dev_nz /home/abhinav/kaldi/accents/exp/tri4/graph_sw1_tg data/101-recog-min/cv_dev_nz_hires exp/nnet3_combined/multitask_acc300btn_tdnn1024_extraacclayer_0.5_0.5_withcontext/101-recog-min/decode_cv_dev_nz
steps/nnet2/check_ivectors_compatible.sh: WARNING: One of the directories do not contain iVector ID.
steps/nnet2/check_ivectors_compatible.sh: WARNING: That means it's you who's reponsible for keeping 
steps/nnet2/check_ivectors_compatible.sh: WARNING: the directories compatible
steps/nnet3/decode.sh: feature type is raw
steps/diagnostic/analyze_lats.sh --cmd run.pl --mem 4G --iter final /home/abhinav/kaldi/accents/exp/tri4/graph_sw1_tg exp/nnet3_combined/multitask_acc300btn_tdnn1024_extraacclayer_0.5_0.5_withcontext/101-recog-min/decode_cv_dev_nz
steps/diagnostic/analyze_lats.sh: see stats in exp/nnet3_combined/multitask_acc300btn_tdnn1024_extraacclayer_0.5_0.5_withcontext/101-recog-min/decode_cv_dev_nz/log/analyze_alignments.log
Overall, lattice depth (10,50,90-percentile)=(1,3,21) and mean=8.7
steps/diagnostic/analyze_lats.sh: see stats in exp/nnet3_combined/multitask_acc300btn_tdnn1024_extraacclayer_0.5_0.5_withcontext/101-recog-min/decode_cv_dev_nz/log/analyze_lattice_depth_stats.log
score best paths
local/score.sh --iter final --cmd run.pl --mem 4G data/101-recog-min/cv_dev_nz_hires /home/abhinav/kaldi/accents/exp/tri4/graph_sw1_tg exp/nnet3_combined/multitask_acc300btn_tdnn1024_extraacclayer_0.5_0.5_withcontext/101-recog-min/decode_cv_dev_nz
local/score.sh: scoring with word insertion penalty=0.0,0.5,1.0
score confidence and timing with sclite
Decoding done.
steps/nnet3/decode.sh --nj 20 --cmd run.pl --mem 4G --stage -2 --beam 15.0 --lattice-beam 8.0 --skip-scoring false --online-ivector-dir exp/101-recog-min/nnet3/ivectors_cv_test_onlynz /home/abhinav/kaldi/accents/exp/tri4/graph_sw1_tg data/101-recog-min/cv_test_onlynz_hires exp/nnet3_combined/multitask_acc300btn_tdnn1024_extraacclayer_0.5_0.5_withcontext/101-recog-min/decode_cv_test_onlynz
steps/nnet2/check_ivectors_compatible.sh: WARNING: One of the directories do not contain iVector ID.
steps/nnet2/check_ivectors_compatible.sh: WARNING: That means it's you who's reponsible for keeping 
steps/nnet2/check_ivectors_compatible.sh: WARNING: the directories compatible
steps/nnet3/decode.sh: feature type is raw
steps/diagnostic/analyze_lats.sh --cmd run.pl --mem 4G --iter final /home/abhinav/kaldi/accents/exp/tri4/graph_sw1_tg exp/nnet3_combined/multitask_acc300btn_tdnn1024_extraacclayer_0.5_0.5_withcontext/101-recog-min/decode_cv_test_onlynz
steps/diagnostic/analyze_lats.sh: see stats in exp/nnet3_combined/multitask_acc300btn_tdnn1024_extraacclayer_0.5_0.5_withcontext/101-recog-min/decode_cv_test_onlynz/log/analyze_alignments.log
Overall, lattice depth (10,50,90-percentile)=(1,4,25) and mean=9.7
steps/diagnostic/analyze_lats.sh: see stats in exp/nnet3_combined/multitask_acc300btn_tdnn1024_extraacclayer_0.5_0.5_withcontext/101-recog-min/decode_cv_test_onlynz/log/analyze_lattice_depth_stats.log
score best paths
local/score.sh --iter final --cmd run.pl --mem 4G data/101-recog-min/cv_test_onlynz_hires /home/abhinav/kaldi/accents/exp/tri4/graph_sw1_tg exp/nnet3_combined/multitask_acc300btn_tdnn1024_extraacclayer_0.5_0.5_withcontext/101-recog-min/decode_cv_test_onlynz
local/score.sh: scoring with word insertion penalty=0.0,0.5,1.0
score confidence and timing with sclite
Decoding done.
steps/nnet3/decode.sh --nj 20 --cmd run.pl --mem 4G --stage -2 --beam 15.0 --lattice-beam 8.0 --skip-scoring false --online-ivector-dir exp/101-recog-min/nnet3/ivectors_cv_test_onlyindian /home/abhinav/kaldi/accents/exp/tri4/graph_sw1_tg data/101-recog-min/cv_test_onlyindian_hires exp/nnet3_combined/multitask_acc300btn_tdnn1024_extraacclayer_0.5_0.5_withcontext/101-recog-min/decode_cv_test_onlyindian
steps/nnet2/check_ivectors_compatible.sh: WARNING: One of the directories do not contain iVector ID.
steps/nnet2/check_ivectors_compatible.sh: WARNING: That means it's you who's reponsible for keeping 
steps/nnet2/check_ivectors_compatible.sh: WARNING: the directories compatible
steps/nnet3/decode.sh: feature type is raw
steps/diagnostic/analyze_lats.sh --cmd run.pl --mem 4G --iter final /home/abhinav/kaldi/accents/exp/tri4/graph_sw1_tg exp/nnet3_combined/multitask_acc300btn_tdnn1024_extraacclayer_0.5_0.5_withcontext/101-recog-min/decode_cv_test_onlyindian
steps/diagnostic/analyze_lats.sh: see stats in exp/nnet3_combined/multitask_acc300btn_tdnn1024_extraacclayer_0.5_0.5_withcontext/101-recog-min/decode_cv_test_onlyindian/log/analyze_alignments.log
Overall, lattice depth (10,50,90-percentile)=(2,12,56) and mean=22.9
steps/diagnostic/analyze_lats.sh: see stats in exp/nnet3_combined/multitask_acc300btn_tdnn1024_extraacclayer_0.5_0.5_withcontext/101-recog-min/decode_cv_test_onlyindian/log/analyze_lattice_depth_stats.log
score best paths
local/score.sh --iter final --cmd run.pl --mem 4G data/101-recog-min/cv_test_onlyindian_hires /home/abhinav/kaldi/accents/exp/tri4/graph_sw1_tg exp/nnet3_combined/multitask_acc300btn_tdnn1024_extraacclayer_0.5_0.5_withcontext/101-recog-min/decode_cv_test_onlyindian
local/score.sh: scoring with word insertion penalty=0.0,0.5,1.0
score confidence and timing with sclite
Decoding done.
%WER 22.80 [ 2368 / 10386, 249 ins, 465 del, 1654 sub ] exp/nnet3_combined/multitask_acc1024btn_tdnn1024_0.5_0.5_withcontext/101-recog-min/decode_cv_dev_nz/wer_8_0.0
%WER 61.01 [ 496 / 813, 29 ins, 158 del, 309 sub ] exp/nnet3_combined/multitask_acc1024btn_tdnn1024_0.5_0.5_withcontext/101-recog-min/decode_cv_test_onlyindian/wer_9_1.0
%WER 27.51 [ 1400 / 5089, 125 ins, 258 del, 1017 sub ] exp/nnet3_combined/multitask_acc1024btn_tdnn1024_0.5_0.5_withcontext/101-recog-min/decode_cv_test_onlynz/wer_8_0.5
%WER 23.57 [ 2448 / 10386, 243 ins, 514 del, 1691 sub ] exp/nnet3_combined/multitask_acc300btn_tdnn1024_0.5_0.5_withoutcontext/101-recog-min/decode_cv_dev_nz/wer_7_0.0
%WER 63.35 [ 515 / 813, 32 ins, 163 del, 320 sub ] exp/nnet3_combined/multitask_acc300btn_tdnn1024_0.5_0.5_withoutcontext/101-recog-min/decode_cv_test_onlyindian/wer_7_0.0
%WER 29.12 [ 1482 / 5089, 134 ins, 284 del, 1064 sub ] exp/nnet3_combined/multitask_acc300btn_tdnn1024_0.5_0.5_withoutcontext/101-recog-min/decode_cv_test_onlynz/wer_7_0.0
%WER 22.64 [ 2351 / 10386, 235 ins, 446 del, 1670 sub ] exp/nnet3_combined/multitask_acc300btn_tdnn1024_extraacclayer_0.5_0.5_withcontext/101-recog-min/decode_cv_dev_nz/wer_7_0.5
%WER 61.99 [ 504 / 813, 38 ins, 155 del, 311 sub ] exp/nnet3_combined/multitask_acc300btn_tdnn1024_extraacclayer_0.5_0.5_withcontext/101-recog-min/decode_cv_test_onlyindian/wer_8_0.0
%WER 30.10 [ 1532 / 5089, 146 ins, 309 del, 1077 sub ] exp/nnet3_combined/multitask_acc300btn_tdnn1024_extraacclayer_0.5_0.5_withcontext/101-recog-min/decode_cv_test_onlynz/wer_7_0.0
%WER 23.21 [ 2411 / 10386, 221 ins, 511 del, 1679 sub ] exp/nnet3_combined/multitask_acc300btn_tdnn300_0.5_0.5_withcontext/101-recog-min/decode_cv_dev_nz/wer_7_0.5
%WER 64.21 [ 522 / 813, 39 ins, 164 del, 319 sub ] exp/nnet3_combined/multitask_acc300btn_tdnn300_0.5_0.5_withcontext/101-recog-min/decode_cv_test_onlyindian/wer_7_0.5
%WER 30.56 [ 1555 / 5089, 131 ins, 325 del, 1099 sub ] exp/nnet3_combined/multitask_acc300btn_tdnn300_0.5_0.5_withcontext/101-recog-min/decode_cv_test_onlynz/wer_7_0.5
%WER 23.72 [ 2464 / 10386, 235 ins, 527 del, 1702 sub ] exp/nnet3_combined/multitask_acc300btn_tdnn512_0.5_0.5_withcontext/101-recog-min/decode_cv_dev_nz/wer_7_0.5
%WER 66.05 [ 537 / 813, 35 ins, 216 del, 286 sub ] exp/nnet3_combined/multitask_acc300btn_tdnn512_0.5_0.5_withcontext/101-recog-min/decode_cv_test_onlyindian/wer_7_1.0
%WER 30.14 [ 1534 / 5089, 134 ins, 330 del, 1070 sub ] exp/nnet3_combined/multitask_acc300btn_tdnn512_0.5_0.5_withcontext/101-recog-min/decode_cv_test_onlynz/wer_7_0.0
%WER 22.85 [ 2373 / 10386, 236 ins, 463 del, 1674 sub ] exp/nnet3_combined/multitask_acc512btn_tdnn1024_0.5_0.5_withcontext/101-recog-min/decode_cv_dev_nz/wer_8_0.0
%WER 62.12 [ 505 / 813, 33 ins, 162 del, 310 sub ] exp/nnet3_combined/multitask_acc512btn_tdnn1024_0.5_0.5_withcontext/101-recog-min/decode_cv_test_onlyindian/wer_8_0.0
%WER 29.00 [ 1476 / 5089, 143 ins, 284 del, 1049 sub ] exp/nnet3_combined/multitask_acc512btn_tdnn1024_0.5_0.5_withcontext/101-recog-min/decode_cv_test_onlynz/wer_8_0.0
