2018-02-14 00:20:55,243 [steps/nnet3/train_raw_dnn.py:34 - <module> - INFO ] Starting raw DNN trainer (train_raw_dnn.py)
2018-02-14 00:20:55,252 [steps/nnet3/train_raw_dnn.py:172 - train - INFO ] Arguments for the experiment
{'backstitch_training_interval': 1,
 'backstitch_training_scale': 0.0,
 'cleanup': True,
 'cmvn_opts': '--norm-means=false --norm-vars=false',
 'combine_sum_to_one_penalty': 0.0,
 'command': 'run.pl --mem 4G',
 'compute_average_posteriors': False,
 'compute_per_dim_accuracy': False,
 'dir': 'exp/nnet3/multitask_0.8_0.2',
 'do_final_combination': True,
 'dropout_schedule': None,
 'egs_command': None,
 'egs_dir': 'exp/nnet3/multitask_0.8_0.2/egs',
 'egs_opts': None,
 'egs_stage': 0,
 'email': None,
 'exit_stage': None,
 'feat_dir': 'data/101-recognition/cv_train_nz_sp_hires',
 'final_effective_lrate': 0.00015,
 'frames_per_eg': 8,
 'image_augmentation_opts': None,
 'initial_effective_lrate': 0.0015,
 'max_lda_jobs': 10,
 'max_models_combine': 20,
 'max_param_change': 2.0,
 'minibatch_size': '256,128',
 'momentum': 0.0,
 'nj': 4,
 'num_epochs': 2.0,
 'num_jobs_compute_prior': 10,
 'num_jobs_final': 8,
 'num_jobs_initial': 2,
 'online_ivector_dir': 'exp/101-recognition/nnet3/ivectors_cv_train_nz_sp',
 'preserve_model_interval': 50,
 'presoftmax_prior_scale_power': -0.25,
 'prior_subset_size': 20000,
 'proportional_shrink': 0.0,
 'rand_prune': 4.0,
 'remove_egs': False,
 'reporting_interval': 0.1,
 'samples_per_iter': 400000,
 'shuffle_buffer_size': 5000,
 'srand': 0,
 'stage': -10,
 'targets_scp': 'exp/101-recognition/tri4_cv_train_nz_ali',
 'transform_dir': None,
 'use_dense_targets': False,
 'use_gpu': True}
2018-02-14 00:20:55,303 [steps/nnet3/train_raw_dnn.py:283 - train - INFO ] Preparing the initial network.
2018-02-14 00:20:57,082 [steps/nnet3/train_raw_dnn.py:322 - train - INFO ] Training will run for 2.0 epochs = 70 iterations
2018-02-14 00:20:57,083 [steps/libs/nnet3/train/frame_level_objf/common.py:201 - train_one_iteration - INFO ] Training neural net (pass 0)
2018-02-14 00:20:57,087 [steps/libs/nnet3/train/frame_level_objf/common.py:265 - train_one_iteration - INFO ] On iteration 0, learning rate is 0.003.
2018-02-14 00:23:03,256 [steps/libs/nnet3/train/frame_level_objf/common.py:201 - train_one_iteration - INFO ] Training neural net (pass 1)
2018-02-14 00:23:03,308 [steps/libs/nnet3/train/frame_level_objf/common.py:265 - train_one_iteration - INFO ] On iteration 1, learning rate is 0.0029610070167.
2018-02-14 00:24:37,792 [steps/libs/nnet3/train/frame_level_objf/common.py:201 - train_one_iteration - INFO ] Training neural net (pass 2)
2018-02-14 00:24:37,802 [steps/libs/nnet3/train/frame_level_objf/common.py:265 - train_one_iteration - INFO ] On iteration 2, learning rate is 0.00292252085097.
2018-02-14 00:26:07,657 [steps/libs/nnet3/train/frame_level_objf/common.py:201 - train_one_iteration - INFO ] Training neural net (pass 3)
2018-02-14 00:26:07,663 [steps/libs/nnet3/train/frame_level_objf/common.py:265 - train_one_iteration - INFO ] On iteration 3, learning rate is 0.00288453491539.
2018-02-14 00:27:30,433 [steps/libs/nnet3/train/frame_level_objf/common.py:201 - train_one_iteration - INFO ] Training neural net (pass 4)
2018-02-14 00:27:30,440 [steps/libs/nnet3/train/frame_level_objf/common.py:265 - train_one_iteration - INFO ] On iteration 4, learning rate is 0.00284704270813.
2018-02-14 00:28:53,874 [steps/libs/nnet3/train/frame_level_objf/common.py:201 - train_one_iteration - INFO ] Training neural net (pass 5)
2018-02-14 00:28:53,881 [steps/libs/nnet3/train/frame_level_objf/common.py:265 - train_one_iteration - INFO ] On iteration 5, learning rate is 0.00281003781187.
2018-02-14 00:30:16,913 [steps/libs/nnet3/train/frame_level_objf/common.py:201 - train_one_iteration - INFO ] Training neural net (pass 6)
2018-02-14 00:30:16,922 [steps/libs/nnet3/train/frame_level_objf/common.py:265 - train_one_iteration - INFO ] On iteration 6, learning rate is 0.00416027083906.
2018-02-14 00:32:18,478 [steps/libs/nnet3/train/frame_level_objf/common.py:201 - train_one_iteration - INFO ] Training neural net (pass 7)
2018-02-14 00:32:18,486 [steps/libs/nnet3/train/frame_level_objf/common.py:265 - train_one_iteration - INFO ] On iteration 7, learning rate is 0.00407942428943.
2018-02-14 00:34:20,243 [steps/libs/nnet3/train/frame_level_objf/common.py:201 - train_one_iteration - INFO ] Training neural net (pass 8)
2018-02-14 00:34:20,250 [steps/libs/nnet3/train/frame_level_objf/common.py:265 - train_one_iteration - INFO ] On iteration 8, learning rate is 0.00400014883092.
2018-02-14 00:36:20,217 [steps/libs/nnet3/train/frame_level_objf/common.py:201 - train_one_iteration - INFO ] Training neural net (pass 9)
2018-02-14 00:36:20,236 [steps/libs/nnet3/train/frame_level_objf/common.py:265 - train_one_iteration - INFO ] On iteration 9, learning rate is 0.00392241393252.
2018-02-14 00:38:20,585 [steps/libs/nnet3/train/frame_level_objf/common.py:201 - train_one_iteration - INFO ] Training neural net (pass 10)
2018-02-14 00:38:20,592 [steps/libs/nnet3/train/frame_level_objf/common.py:265 - train_one_iteration - INFO ] On iteration 10, learning rate is 0.00384618965652.
2018-02-14 00:40:22,739 [steps/libs/nnet3/train/frame_level_objf/common.py:201 - train_one_iteration - INFO ] Training neural net (pass 11)
2018-02-14 00:40:22,748 [steps/libs/nnet3/train/frame_level_objf/common.py:265 - train_one_iteration - INFO ] On iteration 11, learning rate is 0.00377144664699.
2018-02-14 00:42:23,663 [steps/libs/nnet3/train/frame_level_objf/common.py:201 - train_one_iteration - INFO ] Training neural net (pass 12)
2018-02-14 00:42:23,669 [steps/libs/nnet3/train/frame_level_objf/common.py:265 - train_one_iteration - INFO ] On iteration 12, learning rate is 0.00369815611848.
2018-02-14 00:44:25,076 [steps/libs/nnet3/train/frame_level_objf/common.py:201 - train_one_iteration - INFO ] Training neural net (pass 13)
2018-02-14 00:44:25,083 [steps/libs/nnet3/train/frame_level_objf/common.py:265 - train_one_iteration - INFO ] On iteration 13, learning rate is 0.00362628984493.
2018-02-14 00:46:28,866 [steps/libs/nnet3/train/frame_level_objf/common.py:201 - train_one_iteration - INFO ] Training neural net (pass 14)
2018-02-14 00:46:28,875 [steps/libs/nnet3/train/frame_level_objf/common.py:265 - train_one_iteration - INFO ] On iteration 14, learning rate is 0.00355582014878.
2018-02-14 00:48:41,275 [steps/libs/nnet3/train/frame_level_objf/common.py:201 - train_one_iteration - INFO ] Training neural net (pass 15)
2018-02-14 00:48:41,283 [steps/libs/nnet3/train/frame_level_objf/common.py:265 - train_one_iteration - INFO ] On iteration 15, learning rate is 0.00348671989034.
2018-02-14 00:50:42,235 [steps/libs/nnet3/train/frame_level_objf/common.py:201 - train_one_iteration - INFO ] Training neural net (pass 16)
2018-02-14 00:50:42,243 [steps/libs/nnet3/train/frame_level_objf/common.py:265 - train_one_iteration - INFO ] On iteration 16, learning rate is 0.00341896245733.
2018-02-14 00:52:41,744 [steps/libs/nnet3/train/frame_level_objf/common.py:201 - train_one_iteration - INFO ] Training neural net (pass 17)
2018-02-14 00:52:41,751 [steps/libs/nnet3/train/frame_level_objf/common.py:265 - train_one_iteration - INFO ] On iteration 17, learning rate is 0.00335252175463.
2018-02-14 00:54:44,253 [steps/libs/nnet3/train/frame_level_objf/common.py:201 - train_one_iteration - INFO ] Training neural net (pass 18)
2018-02-14 00:54:44,261 [steps/libs/nnet3/train/frame_level_objf/common.py:265 - train_one_iteration - INFO ] On iteration 18, learning rate is 0.0043831629256.
2018-02-14 00:57:26,393 [steps/libs/nnet3/train/frame_level_objf/common.py:201 - train_one_iteration - INFO ] Training neural net (pass 19)
2018-02-14 00:57:26,401 [steps/libs/nnet3/train/frame_level_objf/common.py:265 - train_one_iteration - INFO ] On iteration 19, learning rate is 0.00426996168109.
2018-02-14 01:00:08,715 [steps/libs/nnet3/train/frame_level_objf/common.py:201 - train_one_iteration - INFO ] Training neural net (pass 20)
2018-02-14 01:00:08,724 [steps/libs/nnet3/train/frame_level_objf/common.py:265 - train_one_iteration - INFO ] On iteration 20, learning rate is 0.00415968401529.
2018-02-14 01:04:21,676 [steps/libs/nnet3/train/frame_level_objf/common.py:201 - train_one_iteration - INFO ] Training neural net (pass 21)
2018-02-14 01:04:21,682 [steps/libs/nnet3/train/frame_level_objf/common.py:265 - train_one_iteration - INFO ] On iteration 21, learning rate is 0.00405225442271.
2018-02-14 01:07:10,375 [steps/libs/nnet3/train/frame_level_objf/common.py:201 - train_one_iteration - INFO ] Training neural net (pass 22)
2018-02-14 01:07:10,382 [steps/libs/nnet3/train/frame_level_objf/common.py:265 - train_one_iteration - INFO ] On iteration 22, learning rate is 0.00394759934795.
2018-02-14 01:10:46,614 [steps/libs/nnet3/train/frame_level_objf/common.py:201 - train_one_iteration - INFO ] Training neural net (pass 23)
2018-02-14 01:10:46,620 [steps/libs/nnet3/train/frame_level_objf/common.py:265 - train_one_iteration - INFO ] On iteration 23, learning rate is 0.00384564713522.
2018-02-14 01:14:34,979 [steps/libs/nnet3/train/frame_level_objf/common.py:201 - train_one_iteration - INFO ] Training neural net (pass 24)
2018-02-14 01:14:34,986 [steps/libs/nnet3/train/frame_level_objf/common.py:265 - train_one_iteration - INFO ] On iteration 24, learning rate is 0.00374632797939.
2018-02-14 01:18:30,358 [steps/libs/nnet3/train/frame_level_objf/common.py:201 - train_one_iteration - INFO ] Training neural net (pass 25)
2018-02-14 01:18:30,364 [steps/libs/nnet3/train/frame_level_objf/common.py:265 - train_one_iteration - INFO ] On iteration 25, learning rate is 0.00364957387812.
2018-02-14 01:22:25,011 [steps/libs/nnet3/train/frame_level_objf/common.py:201 - train_one_iteration - INFO ] Training neural net (pass 26)
2018-02-14 01:22:25,019 [steps/libs/nnet3/train/frame_level_objf/common.py:265 - train_one_iteration - INFO ] On iteration 26, learning rate is 0.00355531858533.
2018-02-14 01:26:20,236 [steps/libs/nnet3/train/frame_level_objf/common.py:201 - train_one_iteration - INFO ] Training neural net (pass 27)
2018-02-14 01:26:20,244 [steps/libs/nnet3/train/frame_level_objf/common.py:265 - train_one_iteration - INFO ] On iteration 27, learning rate is 0.00346349756583.
2018-02-14 01:30:11,349 [steps/libs/nnet3/train/frame_level_objf/common.py:201 - train_one_iteration - INFO ] Training neural net (pass 28)
2018-02-14 01:30:11,357 [steps/libs/nnet3/train/frame_level_objf/common.py:265 - train_one_iteration - INFO ] On iteration 28, learning rate is 0.00337404795114.
2018-02-14 01:34:47,192 [steps/libs/nnet3/train/frame_level_objf/common.py:201 - train_one_iteration - INFO ] Training neural net (pass 29)
2018-02-14 01:34:47,200 [steps/libs/nnet3/train/frame_level_objf/common.py:265 - train_one_iteration - INFO ] On iteration 29, learning rate is 0.00328690849647.
2018-02-14 01:39:26,945 [steps/libs/nnet3/train/frame_level_objf/common.py:201 - train_one_iteration - INFO ] Training neural net (pass 30)
2018-02-14 01:39:26,955 [steps/libs/nnet3/train/frame_level_objf/common.py:265 - train_one_iteration - INFO ] On iteration 30, learning rate is 0.0040025244234.
2018-02-14 01:44:49,202 [steps/libs/nnet3/train/frame_level_objf/common.py:201 - train_one_iteration - INFO ] Training neural net (pass 31)
2018-02-14 01:44:49,210 [steps/libs/nnet3/train/frame_level_objf/common.py:265 - train_one_iteration - INFO ] On iteration 31, learning rate is 0.00387373087601.
2018-02-14 01:50:15,120 [steps/libs/nnet3/train/frame_level_objf/common.py:201 - train_one_iteration - INFO ] Training neural net (pass 32)
2018-02-14 01:50:15,126 [steps/libs/nnet3/train/frame_level_objf/common.py:265 - train_one_iteration - INFO ] On iteration 32, learning rate is 0.00374908165756.
2018-02-14 01:55:37,224 [steps/libs/nnet3/train/frame_level_objf/common.py:201 - train_one_iteration - INFO ] Training neural net (pass 33)
2018-02-14 01:55:37,235 [steps/libs/nnet3/train/frame_level_objf/common.py:265 - train_one_iteration - INFO ] On iteration 33, learning rate is 0.00362844341152.
2018-02-14 02:01:02,223 [steps/libs/nnet3/train/frame_level_objf/common.py:201 - train_one_iteration - INFO ] Training neural net (pass 34)
2018-02-14 02:01:02,231 [steps/libs/nnet3/train/frame_level_objf/common.py:265 - train_one_iteration - INFO ] On iteration 34, learning rate is 0.00351168707251.
2018-02-14 02:06:14,365 [steps/libs/nnet3/train/frame_level_objf/common.py:201 - train_one_iteration - INFO ] Training neural net (pass 35)
2018-02-14 02:06:14,374 [steps/libs/nnet3/train/frame_level_objf/common.py:265 - train_one_iteration - INFO ] On iteration 35, learning rate is 0.0033986877282.
2018-02-14 02:11:26,368 [steps/libs/nnet3/train/frame_level_objf/common.py:201 - train_one_iteration - INFO ] Training neural net (pass 36)
2018-02-14 02:11:26,375 [steps/libs/nnet3/train/frame_level_objf/common.py:265 - train_one_iteration - INFO ] On iteration 36, learning rate is 0.00328932448573.
2018-02-14 02:16:35,394 [steps/libs/nnet3/train/frame_level_objf/common.py:201 - train_one_iteration - INFO ] Training neural net (pass 37)
2018-02-14 02:16:35,400 [steps/libs/nnet3/train/frame_level_objf/common.py:265 - train_one_iteration - INFO ] On iteration 37, learning rate is 0.00318348034232.
2018-02-14 02:21:48,557 [steps/libs/nnet3/train/frame_level_objf/common.py:201 - train_one_iteration - INFO ] Training neural net (pass 38)
2018-02-14 02:21:48,564 [steps/libs/nnet3/train/frame_level_objf/common.py:265 - train_one_iteration - INFO ] On iteration 38, learning rate is 0.00308104206013.
2018-02-14 02:26:57,255 [steps/libs/nnet3/train/frame_level_objf/common.py:201 - train_one_iteration - INFO ] Training neural net (pass 39)
2018-02-14 02:26:57,264 [steps/libs/nnet3/train/frame_level_objf/common.py:265 - train_one_iteration - INFO ] On iteration 39, learning rate is 0.00298190004509.
2018-02-14 02:32:22,531 [steps/libs/nnet3/train/frame_level_objf/common.py:201 - train_one_iteration - INFO ] Training neural net (pass 40)
2018-02-14 02:32:22,538 [steps/libs/nnet3/train/frame_level_objf/common.py:265 - train_one_iteration - INFO ] On iteration 40, learning rate is 0.00288594822964.
2018-02-14 02:43:48,372 [steps/libs/nnet3/train/frame_level_objf/common.py:201 - train_one_iteration - INFO ] Training neural net (pass 41)
2018-02-14 02:43:48,380 [steps/libs/nnet3/train/frame_level_objf/common.py:265 - train_one_iteration - INFO ] On iteration 41, learning rate is 0.00335170075116.
2018-02-14 02:48:58,920 [steps/libs/nnet3/train/frame_level_objf/common.py:201 - train_one_iteration - INFO ] Training neural net (pass 42)
2018-02-14 02:48:58,928 [steps/libs/nnet3/train/frame_level_objf/common.py:265 - train_one_iteration - INFO ] On iteration 42, learning rate is 0.00322269928089.
2018-02-14 02:55:04,349 [steps/libs/nnet3/train/frame_level_objf/common.py:201 - train_one_iteration - INFO ] Training neural net (pass 43)
2018-02-14 02:55:04,360 [steps/libs/nnet3/train/frame_level_objf/common.py:265 - train_one_iteration - INFO ] On iteration 43, learning rate is 0.00309866286585.
2018-02-14 03:01:31,646 [steps/libs/nnet3/train/frame_level_objf/common.py:201 - train_one_iteration - INFO ] Training neural net (pass 44)
2018-02-14 03:01:31,657 [steps/libs/nnet3/train/frame_level_objf/common.py:265 - train_one_iteration - INFO ] On iteration 44, learning rate is 0.00297940040919.
2018-02-14 03:07:53,324 [steps/libs/nnet3/train/frame_level_objf/common.py:201 - train_one_iteration - INFO ] Training neural net (pass 45)
2018-02-14 03:07:53,334 [steps/libs/nnet3/train/frame_level_objf/common.py:265 - train_one_iteration - INFO ] On iteration 45, learning rate is 0.00286472816908.
2018-02-14 03:14:20,334 [steps/libs/nnet3/train/frame_level_objf/common.py:201 - train_one_iteration - INFO ] Training neural net (pass 46)
2018-02-14 03:14:20,341 [steps/libs/nnet3/train/frame_level_objf/common.py:265 - train_one_iteration - INFO ] On iteration 46, learning rate is 0.0027544694756.
2018-02-14 03:20:48,999 [steps/libs/nnet3/train/frame_level_objf/common.py:201 - train_one_iteration - INFO ] Training neural net (pass 47)
2018-02-14 03:20:49,007 [steps/libs/nnet3/train/frame_level_objf/common.py:265 - train_one_iteration - INFO ] On iteration 47, learning rate is 0.00264845445859.
2018-02-14 03:27:18,872 [steps/libs/nnet3/train/frame_level_objf/common.py:201 - train_one_iteration - INFO ] Training neural net (pass 48)
2018-02-14 03:27:18,878 [steps/libs/nnet3/train/frame_level_objf/common.py:265 - train_one_iteration - INFO ] On iteration 48, learning rate is 0.00254651978587.
2018-02-14 03:33:48,080 [steps/libs/nnet3/train/frame_level_objf/common.py:201 - train_one_iteration - INFO ] Training neural net (pass 49)
2018-02-14 03:33:48,086 [steps/libs/nnet3/train/frame_level_objf/common.py:265 - train_one_iteration - INFO ] On iteration 49, learning rate is 0.0024485084117.
2018-02-14 03:40:22,494 [steps/libs/nnet3/train/frame_level_objf/common.py:201 - train_one_iteration - INFO ] Training neural net (pass 50)
2018-02-14 03:40:22,500 [steps/libs/nnet3/train/frame_level_objf/common.py:265 - train_one_iteration - INFO ] On iteration 50, learning rate is 0.00235426933472.
2018-02-14 03:46:42,912 [steps/libs/nnet3/train/frame_level_objf/common.py:201 - train_one_iteration - INFO ] Training neural net (pass 51)
2018-02-14 03:46:42,925 [steps/libs/nnet3/train/frame_level_objf/common.py:265 - train_one_iteration - INFO ] On iteration 51, learning rate is 0.00226365736542.
2018-02-14 03:53:28,455 [steps/libs/nnet3/train/frame_level_objf/common.py:201 - train_one_iteration - INFO ] Training neural net (pass 52)
2018-02-14 03:53:28,462 [steps/libs/nnet3/train/frame_level_objf/common.py:265 - train_one_iteration - INFO ] On iteration 52, learning rate is 0.00217653290234.
2018-02-14 03:56:58,019 [steps/libs/nnet3/train/frame_level_objf/common.py:201 - train_one_iteration - INFO ] Training neural net (pass 53)
2018-02-14 03:56:58,026 [steps/libs/nnet3/train/frame_level_objf/common.py:265 - train_one_iteration - INFO ] On iteration 53, learning rate is 0.00244155533662.
2018-02-14 04:01:07,752 [steps/libs/nnet3/train/frame_level_objf/common.py:201 - train_one_iteration - INFO ] Training neural net (pass 54)
2018-02-14 04:01:07,761 [steps/libs/nnet3/train/frame_level_objf/common.py:265 - train_one_iteration - INFO ] On iteration 54, learning rate is 0.00233227742264.
2018-02-14 04:05:16,136 [steps/libs/nnet3/train/frame_level_objf/common.py:201 - train_one_iteration - INFO ] Training neural net (pass 55)
2018-02-14 04:05:16,143 [steps/libs/nnet3/train/frame_level_objf/common.py:265 - train_one_iteration - INFO ] On iteration 55, learning rate is 0.00222789051494.
2018-02-14 04:09:20,602 [steps/libs/nnet3/train/frame_level_objf/common.py:201 - train_one_iteration - INFO ] Training neural net (pass 56)
2018-02-14 04:09:20,608 [steps/libs/nnet3/train/frame_level_objf/common.py:265 - train_one_iteration - INFO ] On iteration 56, learning rate is 0.00212817570431.
2018-02-14 04:13:29,552 [steps/libs/nnet3/train/frame_level_objf/common.py:201 - train_one_iteration - INFO ] Training neural net (pass 57)
2018-02-14 04:13:29,559 [steps/libs/nnet3/train/frame_level_objf/common.py:265 - train_one_iteration - INFO ] On iteration 57, learning rate is 0.00203292387935.
2018-02-14 04:17:41,017 [steps/libs/nnet3/train/frame_level_objf/common.py:201 - train_one_iteration - INFO ] Training neural net (pass 58)
2018-02-14 04:17:41,031 [steps/libs/nnet3/train/frame_level_objf/common.py:265 - train_one_iteration - INFO ] On iteration 58, learning rate is 0.00194193528798.
2018-02-14 04:21:52,010 [steps/libs/nnet3/train/frame_level_objf/common.py:201 - train_one_iteration - INFO ] Training neural net (pass 59)
2018-02-14 04:21:52,019 [steps/libs/nnet3/train/frame_level_objf/common.py:265 - train_one_iteration - INFO ] On iteration 59, learning rate is 0.00185501911854.
2018-02-14 04:26:00,565 [steps/libs/nnet3/train/frame_level_objf/common.py:201 - train_one_iteration - INFO ] Training neural net (pass 60)
2018-02-14 04:26:00,571 [steps/libs/nnet3/train/frame_level_objf/common.py:265 - train_one_iteration - INFO ] On iteration 60, learning rate is 0.00177199309958.
2018-02-14 04:32:29,680 [steps/libs/nnet3/train/frame_level_objf/common.py:201 - train_one_iteration - INFO ] Training neural net (pass 61)
2018-02-14 04:32:29,686 [steps/libs/nnet3/train/frame_level_objf/common.py:265 - train_one_iteration - INFO ] On iteration 61, learning rate is 0.0016926831177.
2018-02-14 04:36:34,688 [steps/libs/nnet3/train/frame_level_objf/common.py:201 - train_one_iteration - INFO ] Training neural net (pass 62)
2018-02-14 04:36:34,694 [steps/libs/nnet3/train/frame_level_objf/common.py:265 - train_one_iteration - INFO ] On iteration 62, learning rate is 0.00161692285236.
2018-02-14 04:40:44,242 [steps/libs/nnet3/train/frame_level_objf/common.py:201 - train_one_iteration - INFO ] Training neural net (pass 63)
2018-02-14 04:40:44,248 [steps/libs/nnet3/train/frame_level_objf/common.py:265 - train_one_iteration - INFO ] On iteration 63, learning rate is 0.00154455342713.
2018-02-14 04:44:53,472 [steps/libs/nnet3/train/frame_level_objf/common.py:201 - train_one_iteration - INFO ] Training neural net (pass 64)
2018-02-14 04:44:53,481 [steps/libs/nnet3/train/frame_level_objf/common.py:265 - train_one_iteration - INFO ] On iteration 64, learning rate is 0.00147542307649.
2018-02-14 04:49:01,064 [steps/libs/nnet3/train/frame_level_objf/common.py:201 - train_one_iteration - INFO ] Training neural net (pass 65)
2018-02-14 04:49:01,071 [steps/libs/nnet3/train/frame_level_objf/common.py:265 - train_one_iteration - INFO ] On iteration 65, learning rate is 0.0016107278029.
2018-02-14 04:53:44,417 [steps/libs/nnet3/train/frame_level_objf/common.py:201 - train_one_iteration - INFO ] Training neural net (pass 66)
2018-02-14 04:53:44,426 [steps/libs/nnet3/train/frame_level_objf/common.py:265 - train_one_iteration - INFO ] On iteration 66, learning rate is 0.00152860361534.
2018-02-14 04:58:45,430 [steps/libs/nnet3/train/frame_level_objf/common.py:201 - train_one_iteration - INFO ] Training neural net (pass 67)
2018-02-14 04:58:45,437 [steps/libs/nnet3/train/frame_level_objf/common.py:265 - train_one_iteration - INFO ] On iteration 67, learning rate is 0.00145066659222.
2018-02-14 05:04:03,710 [steps/libs/nnet3/train/frame_level_objf/common.py:201 - train_one_iteration - INFO ] Training neural net (pass 68)
2018-02-14 05:04:03,716 [steps/libs/nnet3/train/frame_level_objf/common.py:265 - train_one_iteration - INFO ] On iteration 68, learning rate is 0.00137670324777.
2018-02-14 05:09:30,379 [steps/libs/nnet3/train/frame_level_objf/common.py:201 - train_one_iteration - INFO ] Training neural net (pass 69)
2018-02-14 05:09:30,387 [steps/libs/nnet3/train/frame_level_objf/common.py:265 - train_one_iteration - INFO ] On iteration 69, learning rate is 0.0012.
2018-02-14 05:14:56,118 [steps/nnet3/train_raw_dnn.py:395 - train - INFO ] Doing final combination to produce final.raw
2018-02-14 05:14:56,118 [steps/libs/nnet3/train/frame_level_objf/common.py:466 - combine_models - INFO ] Combining set([64, 65, 66, 67, 68, 69, 70, 51, 52, 53, 54, 55, 56, 57, 58, 59, 60, 61, 62, 63]) models.
2018-02-14 05:21:25,090 [steps/nnet3/train_raw_dnn.py:417 - train - INFO ] Cleaning up the experiment directory exp/nnet3/multitask_0.8_0.2
exp/nnet3/multitask_0.8_0.2: num-iters=70 nj=2..8 num-params=22.2M combine=-0.63->-0.58
steps/nnet3/train_raw_dnn.py --stage=-10 --cmd=run.pl --mem 4G --feat.cmvn-opts=--norm-means=false --norm-vars=false --trainer.num-epochs 2 --trainer.optimization.num-jobs-initial=2 --trainer.optimization.num-jobs-final=8 --trainer.optimization.initial-effective-lrate=0.0015 --trainer.optimization.final-effective-lrate=0.00015 --trainer.optimization.minibatch-size=256,128 --trainer.samples-per-iter=400000 --trainer.max-param-change=2.0 --trainer.srand=0 --feat-dir data/101-recognition/cv_train_nz_sp_hires --feat.online-ivector-dir exp/101-recognition/nnet3/ivectors_cv_train_nz_sp --egs.dir exp/nnet3/multitask_0.8_0.2/egs --use-dense-targets false --targets-scp exp/101-recognition/tri4_cv_train_nz_ali --cleanup.remove-egs false --cleanup.preserve-model-interval 50 --use-gpu true --dir=exp/nnet3/multitask_0.8_0.2
['steps/nnet3/train_raw_dnn.py', '--stage=-10', '--cmd=run.pl --mem 4G', '--feat.cmvn-opts=--norm-means=false --norm-vars=false', '--trainer.num-epochs', '2', '--trainer.optimization.num-jobs-initial=2', '--trainer.optimization.num-jobs-final=8', '--trainer.optimization.initial-effective-lrate=0.0015', '--trainer.optimization.final-effective-lrate=0.00015', '--trainer.optimization.minibatch-size=256,128', '--trainer.samples-per-iter=400000', '--trainer.max-param-change=2.0', '--trainer.srand=0', '--feat-dir', 'data/101-recognition/cv_train_nz_sp_hires', '--feat.online-ivector-dir', 'exp/101-recognition/nnet3/ivectors_cv_train_nz_sp', '--egs.dir', 'exp/nnet3/multitask_0.8_0.2/egs', '--use-dense-targets', 'false', '--targets-scp', 'exp/101-recognition/tri4_cv_train_nz_ali', '--cleanup.remove-egs', 'false', '--cleanup.preserve-model-interval', '50', '--use-gpu', 'true', '--dir=exp/nnet3/multitask_0.8_0.2']
nnet3-copy '--edits=rename-node old-name=output-0 new-name=output' exp/nnet3/multitask_0.8_0.2/final.raw - 
nnet3-am-init exp/101-recognition/tri4_cv_train_nz_ali/final.mdl - exp/nnet3/multitask_0.8_0.2/101-recognition/final.mdl 
LOG (nnet3-copy[5.2.204~1-08848]:main():nnet3-copy.cc:114) Copied raw neural net from exp/nnet3/multitask_0.8_0.2/final.raw to -
LOG (nnet3-am-init[5.2.204~1-08848]:main():nnet3-am-init.cc:96) Initialized am-nnet (neural net acoustic model) and wrote to exp/nnet3/multitask_0.8_0.2/101-recognition/final.mdl
./run.sh: compute average posterior and readjust priors for language 01-recognition.
steps/nnet3/adjust_priors.sh exp/nnet3/multitask_0.8_0.2/101-recognition exp/nnet3/multitask_0.8_0.2/egs_aligns
steps/nnet3/decode.sh --nj 20 --cmd run.pl --mem 4G --stage -2 --beam 15.0 --lattice-beam 8.0 --skip-scoring false --online-ivector-dir exp/101-recognition/nnet3/ivectors_cv_dev_nz /home/abhinav/kaldi/accents/exp/tri4/graph_sw1_tg data/101-recognition/cv_dev_nz_hires exp/nnet3/multitask_0.8_0.2/101-recognition/decode_cv_dev_nz
steps/nnet2/check_ivectors_compatible.sh: WARNING: One of the directories do not contain iVector ID.
steps/nnet2/check_ivectors_compatible.sh: WARNING: That means it's you who's reponsible for keeping 
steps/nnet2/check_ivectors_compatible.sh: WARNING: the directories compatible
steps/nnet3/decode.sh: feature type is raw
steps/diagnostic/analyze_lats.sh --cmd run.pl --mem 4G --iter final /home/abhinav/kaldi/accents/exp/tri4/graph_sw1_tg exp/nnet3/multitask_0.8_0.2/101-recognition/decode_cv_dev_nz
steps/diagnostic/analyze_lats.sh: see stats in exp/nnet3/multitask_0.8_0.2/101-recognition/decode_cv_dev_nz/log/analyze_alignments.log
Overall, lattice depth (10,50,90-percentile)=(1,4,22) and mean=9.2
steps/diagnostic/analyze_lats.sh: see stats in exp/nnet3/multitask_0.8_0.2/101-recognition/decode_cv_dev_nz/log/analyze_lattice_depth_stats.log
score best paths
local/score.sh --iter final --cmd run.pl --mem 4G data/101-recognition/cv_dev_nz_hires /home/abhinav/kaldi/accents/exp/tri4/graph_sw1_tg exp/nnet3/multitask_0.8_0.2/101-recognition/decode_cv_dev_nz
local/score.sh: scoring with word insertion penalty=0.0,0.5,1.0
score confidence and timing with sclite
Decoding done.
steps/nnet3/decode.sh --nj 20 --cmd run.pl --mem 4G --stage -2 --beam 15.0 --lattice-beam 8.0 --skip-scoring false --online-ivector-dir exp/101-recognition/nnet3/ivectors_cv_test_onlynz /home/abhinav/kaldi/accents/exp/tri4/graph_sw1_tg data/101-recognition/cv_test_onlynz_hires exp/nnet3/multitask_0.8_0.2/101-recognition/decode_cv_test_onlynz
steps/nnet2/check_ivectors_compatible.sh: WARNING: One of the directories do not contain iVector ID.
steps/nnet2/check_ivectors_compatible.sh: WARNING: That means it's you who's reponsible for keeping 
steps/nnet2/check_ivectors_compatible.sh: WARNING: the directories compatible
steps/nnet3/decode.sh: feature type is raw
steps/diagnostic/analyze_lats.sh --cmd run.pl --mem 4G --iter final /home/abhinav/kaldi/accents/exp/tri4/graph_sw1_tg exp/nnet3/multitask_0.8_0.2/101-recognition/decode_cv_test_onlynz
steps/diagnostic/analyze_lats.sh: see stats in exp/nnet3/multitask_0.8_0.2/101-recognition/decode_cv_test_onlynz/log/analyze_alignments.log
Overall, lattice depth (10,50,90-percentile)=(1,5,22) and mean=9.3
steps/diagnostic/analyze_lats.sh: see stats in exp/nnet3/multitask_0.8_0.2/101-recognition/decode_cv_test_onlynz/log/analyze_lattice_depth_stats.log
score best paths
local/score.sh --iter final --cmd run.pl --mem 4G data/101-recognition/cv_test_onlynz_hires /home/abhinav/kaldi/accents/exp/tri4/graph_sw1_tg exp/nnet3/multitask_0.8_0.2/101-recognition/decode_cv_test_onlynz
local/score.sh: scoring with word insertion penalty=0.0,0.5,1.0
score confidence and timing with sclite
Decoding done.
%WER 31.42 [ 3263 / 10386, 149 ins, 1316 del, 1798 sub ] exp/nnet3/multitask/101-recognition/decode_cv_dev_nz/wer_7_0.0
%WER 36.86 [ 1876 / 5089, 106 ins, 737 del, 1033 sub ] exp/nnet3/multitask/101-recognition/decode_cv_test_onlynz/wer_7_0.0
%WER 33.35 [ 3464 / 10386, 174 ins, 1381 del, 1909 sub ] exp/nnet3/multitask_0.4_0.6/101-recognition/decode_cv_dev_nz/wer_7_0.0
%WER 38.65 [ 1967 / 5089, 106 ins, 788 del, 1073 sub ] exp/nnet3/multitask_0.4_0.6/101-recognition/decode_cv_test_onlynz/wer_7_0.0
%WER 29.33 [ 3046 / 10386, 228 ins, 1030 del, 1788 sub ] exp/nnet3/multitask_0.6_0.4/101-recognition/decode_cv_dev_nz/wer_7_0.0
%WER 33.19 [ 1689 / 5089, 125 ins, 498 del, 1066 sub ] exp/nnet3/multitask_0.6_0.4/101-recognition/decode_cv_test_onlynz/wer_7_0.0
%WER 29.42 [ 3056 / 10386, 194 ins, 1089 del, 1773 sub ] exp/nnet3/multitask_0.7_0.3/101-recognition/decode_cv_dev_nz/wer_7_0.0
%WER 31.81 [ 1619 / 5089, 109 ins, 524 del, 986 sub ] exp/nnet3/multitask_0.7_0.3/101-recognition/decode_cv_test_onlynz/wer_7_0.0
%WER 28.01 [ 2909 / 10386, 183 ins, 999 del, 1727 sub ] exp/nnet3/multitask_0.8_0.2/101-recognition/decode_cv_dev_nz/wer_7_0.0
%WER 31.48 [ 1602 / 5089, 114 ins, 503 del, 985 sub ] exp/nnet3/multitask_0.8_0.2/101-recognition/decode_cv_test_onlynz/wer_7_0.0
%WER 27.15 [ 2820 / 10386, 187 ins, 877 del, 1756 sub ] exp/nnet3/multitask_accentOutputAt2_0.5_0.5/101-recognition/decode_cv_dev_nz/wer_7_0.0
%WER 30.58 [ 1556 / 5089, 104 ins, 459 del, 993 sub ] exp/nnet3/multitask_accentOutputAt2_0.5_0.5/101-recognition/decode_cv_test_onlynz/wer_7_0.0
%WER 27.69 [ 2876 / 10386, 215 ins, 879 del, 1782 sub ] exp/nnet3/multitask_accentOutputAt3_0.5_0.5/101-recognition/decode_cv_dev_nz/wer_7_0.0
%WER 31.07 [ 1581 / 5089, 95 ins, 469 del, 1017 sub ] exp/nnet3/multitask_accentOutputAt3_0.5_0.5/101-recognition/decode_cv_test_onlynz/wer_7_0.5
%WER 28.16 [ 2925 / 10386, 207 ins, 918 del, 1800 sub ] exp/nnet3/multitask_accentOutputAt4_0.5_0.5/101-recognition/decode_cv_dev_nz/wer_7_0.0
%WER 33.35 [ 1697 / 5089, 143 ins, 506 del, 1048 sub ] exp/nnet3/multitask_accentOutputAt4_0.5_0.5/101-recognition/decode_cv_test_onlynz/wer_7_0.0
%WER 29.02 [ 3014 / 10386, 196 ins, 1015 del, 1803 sub ] exp/nnet3/multitask_accentOutputAt5_0.5_0.5/101-recognition/decode_cv_dev_nz/wer_7_0.0
%WER 34.13 [ 1737 / 5089, 122 ins, 555 del, 1060 sub ] exp/nnet3/multitask_accentOutputAt5_0.5_0.5/101-recognition/decode_cv_test_onlynz/wer_7_0.0
%WER 31.02 [ 3222 / 10386, 186 ins, 1177 del, 1859 sub ] exp/nnet3/multitask_bottleneck_300_0.5_0.5/101-recognition/decode_cv_dev_nz/wer_7_0.0
%WER 36.69 [ 1867 / 5089, 104 ins, 745 del, 1018 sub ] exp/nnet3/multitask_bottleneck_300_0.5_0.5/101-recognition/decode_cv_test_onlynz/wer_7_0.0
%WER 31.13 [ 3233 / 10386, 194 ins, 1212 del, 1827 sub ] exp/nnet3/multitask_bottleneck_512_0.5_0.5/101-recognition/decode_cv_dev_nz/wer_7_0.0
%WER 36.37 [ 1851 / 5089, 104 ins, 705 del, 1042 sub ] exp/nnet3/multitask_bottleneck_512_0.5_0.5/101-recognition/decode_cv_test_onlynz/wer_7_0.0
%WER 31.22 [ 3243 / 10386, 212 ins, 1130 del, 1901 sub ] exp/nnet3/multitask_removedOneLayer_0.5_0.5/101-recognition/decode_cv_dev_nz/wer_7_0.0
%WER 33.88 [ 1724 / 5089, 120 ins, 528 del, 1076 sub ] exp/nnet3/multitask_removedOneLayer_0.5_0.5/101-recognition/decode_cv_test_onlynz/wer_7_0.0
