2018-03-20 08:21:53,670 [steps/nnet3/train_raw_dnn.py:34 - <module> - INFO ] Starting raw DNN trainer (train_raw_dnn.py)
2018-03-20 08:21:53,677 [steps/nnet3/train_raw_dnn.py:172 - train - INFO ] Arguments for the experiment
{'backstitch_training_interval': 1,
 'backstitch_training_scale': 0.0,
 'cleanup': True,
 'cmvn_opts': '--norm-means=false --norm-vars=false',
 'combine_sum_to_one_penalty': 0.0,
 'command': 'run.pl --mem 4G',
 'compute_average_posteriors': False,
 'compute_per_dim_accuracy': False,
 'dir': 'exp/nnet3_combined/multitask_acc300btn_tdnn1024_extraacclayer_0.5_0.5_withcontext',
 'do_final_combination': True,
 'dropout_schedule': None,
 'egs_command': None,
 'egs_dir': 'exp/nnet3_combined/multitask_acc300btn_tdnn1024_extraacclayer_0.5_0.5_withcontext/egs',
 'egs_opts': None,
 'egs_stage': 0,
 'email': None,
 'exit_stage': None,
 'feat_dir': 'data/101-recog-min/cv_train_nz_sp_hires',
 'final_effective_lrate': 0.00015,
 'frames_per_eg': 8,
 'image_augmentation_opts': None,
 'initial_effective_lrate': 0.0015,
 'max_lda_jobs': 10,
 'max_models_combine': 20,
 'max_param_change': 2.0,
 'minibatch_size': '256,128',
 'momentum': 0.0,
 'nj': 4,
 'num_epochs': 2.0,
 'num_jobs_compute_prior': 10,
 'num_jobs_final': 8,
 'num_jobs_initial': 2,
 'online_ivector_dir': 'exp/101-recog-min/nnet3/ivectors_cv_train_nz_sp',
 'preserve_model_interval': 50,
 'presoftmax_prior_scale_power': -0.25,
 'prior_subset_size': 20000,
 'proportional_shrink': 0.0,
 'rand_prune': 4.0,
 'remove_egs': False,
 'reporting_interval': 0.1,
 'samples_per_iter': 400000,
 'shuffle_buffer_size': 5000,
 'srand': 0,
 'stage': 44,
 'targets_scp': 'exp/101-recog-min/tri4_cv_train_nz_ali',
 'transform_dir': None,
 'use_dense_targets': False,
 'use_gpu': True}
2018-03-20 08:21:53,777 [steps/nnet3/train_raw_dnn.py:322 - train - INFO ] Training will run for 2.0 epochs = 73 iterations
2018-03-20 08:21:53,777 [steps/libs/nnet3/train/frame_level_objf/common.py:201 - train_one_iteration - INFO ] Training neural net (pass 44)
2018-03-20 08:21:53,783 [steps/libs/nnet3/train/frame_level_objf/common.py:265 - train_one_iteration - INFO ] On iteration 44, learning rate is 0.00322545016007.
run.pl: job failed, log is in exp/nnet3_combined/multitask_acc300btn_tdnn1024_extraacclayer_0.5_0.5_withcontext/log/compute_prob_valid.44.log
2018-03-20 08:21:53,840 [steps/libs/common.py:237 - background_command_waiter - WARNING ] Command exited with status 1:  run.pl --mem 4G exp/nnet3_combined/multitask_acc300btn_tdnn1024_extraacclayer_0.5_0.5_withcontext/log/compute_prob_valid.44.log                 nnet3-compute-prob "exp/nnet3_combined/multitask_acc300btn_tdnn1024_extraacclayer_0.5_0.5_withcontext/44.raw"                 "ark,bg:nnet3-copy-egs --outputs=ark:exp/nnet3_combined/multitask_acc300btn_tdnn1024_extraacclayer_0.5_0.5_withcontext/egs/valid_diagnostic.output.ark --weights=ark:exp/nnet3_combined/multitask_acc300btn_tdnn1024_extraacclayer_0.5_0.5_withcontext/egs/valid_diagnostic.weight.ark                     scp:exp/nnet3_combined/multitask_acc300btn_tdnn1024_extraacclayer_0.5_0.5_withcontext/egs/valid_diagnostic.scp ark:- |                     nnet3-merge-egs --minibatch-size=1:64 ark:-                     ark:- |" 
run.pl: job failed, log is in exp/nnet3_combined/multitask_acc300btn_tdnn1024_extraacclayer_0.5_0.5_withcontext/log/progress.44.log
2018-03-20 08:21:53,850 [steps/libs/common.py:237 - background_command_waiter - WARNING ] Command exited with status 1: run.pl --mem 4G exp/nnet3_combined/multitask_acc300btn_tdnn1024_extraacclayer_0.5_0.5_withcontext/log/progress.44.log                     nnet3-info exp/nnet3_combined/multitask_acc300btn_tdnn1024_extraacclayer_0.5_0.5_withcontext/44.raw '&&'                     nnet3-show-progress --use-gpu=no exp/nnet3_combined/multitask_acc300btn_tdnn1024_extraacclayer_0.5_0.5_withcontext/43.raw exp/nnet3_combined/multitask_acc300btn_tdnn1024_extraacclayer_0.5_0.5_withcontext/44.raw 
run.pl: job failed, log is in exp/nnet3_combined/multitask_acc300btn_tdnn1024_extraacclayer_0.5_0.5_withcontext/log/compute_prob_train.44.log
2018-03-20 08:21:53,857 [steps/libs/common.py:237 - background_command_waiter - WARNING ] Command exited with status 1: run.pl --mem 4G exp/nnet3_combined/multitask_acc300btn_tdnn1024_extraacclayer_0.5_0.5_withcontext/log/compute_prob_train.44.log                 nnet3-compute-prob  "exp/nnet3_combined/multitask_acc300btn_tdnn1024_extraacclayer_0.5_0.5_withcontext/44.raw"                 "ark,bg:nnet3-copy-egs --outputs=ark:exp/nnet3_combined/multitask_acc300btn_tdnn1024_extraacclayer_0.5_0.5_withcontext/egs/train_diagnostic.output.ark --weights=ark:exp/nnet3_combined/multitask_acc300btn_tdnn1024_extraacclayer_0.5_0.5_withcontext/egs/train_diagnostic.weight.ark                     scp:exp/nnet3_combined/multitask_acc300btn_tdnn1024_extraacclayer_0.5_0.5_withcontext/egs/train_diagnostic.scp ark:- |                     nnet3-merge-egs --minibatch-size=1:64 ark:-                     ark:- |" 
run.pl: job failed, log is in exp/nnet3_combined/multitask_acc300btn_tdnn1024_extraacclayer_0.5_0.5_withcontext/log/train.44.2.log
2018-03-20 08:22:17,721 [steps/libs/common.py:231 - background_command_waiter - ERROR ] Command exited with status 1: run.pl --mem 4G --gpu 1 exp/nnet3_combined/multitask_acc300btn_tdnn1024_extraacclayer_0.5_0.5_withcontext/log/train.44.2.log                     nnet3-train  --read-cache=exp/nnet3_combined/multitask_acc300btn_tdnn1024_extraacclayer_0.5_0.5_withcontext/cache.44                       --print-interval=10                     --momentum=0.0                     --max-param-change=2.0                     --backstitch-training-scale=0.0                     --l2-regularize-factor=0.166666666667                     --backstitch-training-interval=1                     --srand=44                      "nnet3-copy --learning-rate=0.00322545016007 --scale=1.0 exp/nnet3_combined/multitask_acc300btn_tdnn1024_extraacclayer_0.5_0.5_withcontext/44.raw - |" "ark,bg:nnet3-copy-egs --frame=4 --outputs=ark:exp/nnet3_combined/multitask_acc300btn_tdnn1024_extraacclayer_0.5_0.5_withcontext/egs/egs.output.5.ark --weights=ark:exp/nnet3_combined/multitask_acc300btn_tdnn1024_extraacclayer_0.5_0.5_withcontext/egs/egs.weight.5.ark             scp:exp/nnet3_combined/multitask_acc300btn_tdnn1024_extraacclayer_0.5_0.5_withcontext/egs/egs.5.scp ark:- |             nnet3-shuffle-egs --buffer-size=5000             --srand=44 ark:- ark:- |              nnet3-merge-egs --minibatch-size=256,128 ark:- ark:- |"                     exp/nnet3_combined/multitask_acc300btn_tdnn1024_extraacclayer_0.5_0.5_withcontext/45.2.raw
run.pl: job failed, log is in exp/nnet3_combined/multitask_acc300btn_tdnn1024_extraacclayer_0.5_0.5_withcontext/log/train.44.4.log
2018-03-20 08:22:17,743 [steps/libs/common.py:231 - background_command_waiter - ERROR ] Command exited with status 1: run.pl --mem 4G --gpu 1 exp/nnet3_combined/multitask_acc300btn_tdnn1024_extraacclayer_0.5_0.5_withcontext/log/train.44.4.log                     nnet3-train  --read-cache=exp/nnet3_combined/multitask_acc300btn_tdnn1024_extraacclayer_0.5_0.5_withcontext/cache.44                       --print-interval=10                     --momentum=0.0                     --max-param-change=2.0                     --backstitch-training-scale=0.0                     --l2-regularize-factor=0.166666666667                     --backstitch-training-interval=1                     --srand=44                      "nnet3-copy --learning-rate=0.00322545016007 --scale=1.0 exp/nnet3_combined/multitask_acc300btn_tdnn1024_extraacclayer_0.5_0.5_withcontext/44.raw - |" "ark,bg:nnet3-copy-egs --frame=6 --outputs=ark:exp/nnet3_combined/multitask_acc300btn_tdnn1024_extraacclayer_0.5_0.5_withcontext/egs/egs.output.7.ark --weights=ark:exp/nnet3_combined/multitask_acc300btn_tdnn1024_extraacclayer_0.5_0.5_withcontext/egs/egs.weight.7.ark             scp:exp/nnet3_combined/multitask_acc300btn_tdnn1024_extraacclayer_0.5_0.5_withcontext/egs/egs.7.scp ark:- |             nnet3-shuffle-egs --buffer-size=5000             --srand=44 ark:- ark:- |              nnet3-merge-egs --minibatch-size=256,128 ark:- ark:- |"                     exp/nnet3_combined/multitask_acc300btn_tdnn1024_extraacclayer_0.5_0.5_withcontext/45.4.raw
run.pl: job failed, log is in exp/nnet3_combined/multitask_acc300btn_tdnn1024_extraacclayer_0.5_0.5_withcontext/log/train.44.1.log
run.pl: job failed, log is in exp/nnet3_combined/multitask_acc300btn_tdnn1024_extraacclayer_0.5_0.5_withcontext/log/train.44.5.log
run.pl: job failed, log is in exp/nnet3_combined/multitask_acc300btn_tdnn1024_extraacclayer_0.5_0.5_withcontext/log/train.44.6.log
run.pl: job failed, log is in exp/nnet3_combined/multitask_acc300btn_tdnn1024_extraacclayer_0.5_0.5_withcontext/log/train.44.3.log
2018-03-20 08:22:18,550 [steps/libs/common.py:231 - background_command_waiter - ERROR ] Command exited with status 1: run.pl --mem 4G --gpu 1 exp/nnet3_combined/multitask_acc300btn_tdnn1024_extraacclayer_0.5_0.5_withcontext/log/train.44.1.log                     nnet3-train  --read-cache=exp/nnet3_combined/multitask_acc300btn_tdnn1024_extraacclayer_0.5_0.5_withcontext/cache.44 --write-cache=exp/nnet3_combined/multitask_acc300btn_tdnn1024_extraacclayer_0.5_0.5_withcontext/cache.45                       --print-interval=10                     --momentum=0.0                     --max-param-change=2.0                     --backstitch-training-scale=0.0                     --l2-regularize-factor=0.166666666667                     --backstitch-training-interval=1                     --srand=44                      "nnet3-copy --learning-rate=0.00322545016007 --scale=1.0 exp/nnet3_combined/multitask_acc300btn_tdnn1024_extraacclayer_0.5_0.5_withcontext/44.raw - |" "ark,bg:nnet3-copy-egs --frame=3 --outputs=ark:exp/nnet3_combined/multitask_acc300btn_tdnn1024_extraacclayer_0.5_0.5_withcontext/egs/egs.output.4.ark --weights=ark:exp/nnet3_combined/multitask_acc300btn_tdnn1024_extraacclayer_0.5_0.5_withcontext/egs/egs.weight.4.ark             scp:exp/nnet3_combined/multitask_acc300btn_tdnn1024_extraacclayer_0.5_0.5_withcontext/egs/egs.4.scp ark:- |             nnet3-shuffle-egs --buffer-size=5000             --srand=44 ark:- ark:- |              nnet3-merge-egs --minibatch-size=256,128 ark:- ark:- |"                     exp/nnet3_combined/multitask_acc300btn_tdnn1024_extraacclayer_0.5_0.5_withcontext/45.1.raw
2018-03-20 08:22:18,551 [steps/libs/common.py:231 - background_command_waiter - ERROR ] Command exited with status 1: run.pl --mem 4G --gpu 1 exp/nnet3_combined/multitask_acc300btn_tdnn1024_extraacclayer_0.5_0.5_withcontext/log/train.44.6.log                     nnet3-train  --read-cache=exp/nnet3_combined/multitask_acc300btn_tdnn1024_extraacclayer_0.5_0.5_withcontext/cache.44                       --print-interval=10                     --momentum=0.0                     --max-param-change=2.0                     --backstitch-training-scale=0.0                     --l2-regularize-factor=0.166666666667                     --backstitch-training-interval=1                     --srand=44                      "nnet3-copy --learning-rate=0.00322545016007 --scale=1.0 exp/nnet3_combined/multitask_acc300btn_tdnn1024_extraacclayer_0.5_0.5_withcontext/44.raw - |" "ark,bg:nnet3-copy-egs --frame=0 --outputs=ark:exp/nnet3_combined/multitask_acc300btn_tdnn1024_extraacclayer_0.5_0.5_withcontext/egs/egs.output.9.ark --weights=ark:exp/nnet3_combined/multitask_acc300btn_tdnn1024_extraacclayer_0.5_0.5_withcontext/egs/egs.weight.9.ark             scp:exp/nnet3_combined/multitask_acc300btn_tdnn1024_extraacclayer_0.5_0.5_withcontext/egs/egs.9.scp ark:- |             nnet3-shuffle-egs --buffer-size=5000             --srand=44 ark:- ark:- |              nnet3-merge-egs --minibatch-size=256,128 ark:- ark:- |"                     exp/nnet3_combined/multitask_acc300btn_tdnn1024_extraacclayer_0.5_0.5_withcontext/45.6.raw
2018-03-20 08:22:18,552 [steps/libs/common.py:231 - background_command_waiter - ERROR ] Command exited with status 1: run.pl --mem 4G --gpu 1 exp/nnet3_combined/multitask_acc300btn_tdnn1024_extraacclayer_0.5_0.5_withcontext/log/train.44.3.log                     nnet3-train  --read-cache=exp/nnet3_combined/multitask_acc300btn_tdnn1024_extraacclayer_0.5_0.5_withcontext/cache.44                       --print-interval=10                     --momentum=0.0                     --max-param-change=2.0                     --backstitch-training-scale=0.0                     --l2-regularize-factor=0.166666666667                     --backstitch-training-interval=1                     --srand=44                      "nnet3-copy --learning-rate=0.00322545016007 --scale=1.0 exp/nnet3_combined/multitask_acc300btn_tdnn1024_extraacclayer_0.5_0.5_withcontext/44.raw - |" "ark,bg:nnet3-copy-egs --frame=5 --outputs=ark:exp/nnet3_combined/multitask_acc300btn_tdnn1024_extraacclayer_0.5_0.5_withcontext/egs/egs.output.6.ark --weights=ark:exp/nnet3_combined/multitask_acc300btn_tdnn1024_extraacclayer_0.5_0.5_withcontext/egs/egs.weight.6.ark             scp:exp/nnet3_combined/multitask_acc300btn_tdnn1024_extraacclayer_0.5_0.5_withcontext/egs/egs.6.scp ark:- |             nnet3-shuffle-egs --buffer-size=5000             --srand=44 ark:- ark:- |              nnet3-merge-egs --minibatch-size=256,128 ark:- ark:- |"                     exp/nnet3_combined/multitask_acc300btn_tdnn1024_extraacclayer_0.5_0.5_withcontext/45.3.raw
steps/nnet3/train_raw_dnn.py --stage=44 --cmd=run.pl --mem 4G --feat.cmvn-opts=--norm-means=false --norm-vars=false --trainer.num-epochs 2 --trainer.optimization.num-jobs-initial=2 --trainer.optimization.num-jobs-final=8 --trainer.optimization.initial-effective-lrate=0.0015 --trainer.optimization.final-effective-lrate=0.00015 --trainer.optimization.minibatch-size=256,128 --trainer.samples-per-iter=400000 --trainer.max-param-change=2.0 --trainer.srand=0 --feat-dir data/101-recog-min/cv_train_nz_sp_hires --feat.online-ivector-dir exp/101-recog-min/nnet3/ivectors_cv_train_nz_sp --egs.dir exp/nnet3_combined/multitask_acc300btn_tdnn1024_extraacclayer_0.5_0.5_withcontext/egs --use-dense-targets false --targets-scp exp/101-recog-min/tri4_cv_train_nz_ali --cleanup.remove-egs false --cleanup.preserve-model-interval 50 --use-gpu true --dir=exp/nnet3_combined/multitask_acc300btn_tdnn1024_extraacclayer_0.5_0.5_withcontext
['steps/nnet3/train_raw_dnn.py', '--stage=44', '--cmd=run.pl --mem 4G', '--feat.cmvn-opts=--norm-means=false --norm-vars=false', '--trainer.num-epochs', '2', '--trainer.optimization.num-jobs-initial=2', '--trainer.optimization.num-jobs-final=8', '--trainer.optimization.initial-effective-lrate=0.0015', '--trainer.optimization.final-effective-lrate=0.00015', '--trainer.optimization.minibatch-size=256,128', '--trainer.samples-per-iter=400000', '--trainer.max-param-change=2.0', '--trainer.srand=0', '--feat-dir', 'data/101-recog-min/cv_train_nz_sp_hires', '--feat.online-ivector-dir', 'exp/101-recog-min/nnet3/ivectors_cv_train_nz_sp', '--egs.dir', 'exp/nnet3_combined/multitask_acc300btn_tdnn1024_extraacclayer_0.5_0.5_withcontext/egs', '--use-dense-targets', 'false', '--targets-scp', 'exp/101-recog-min/tri4_cv_train_nz_ali', '--cleanup.remove-egs', 'false', '--cleanup.preserve-model-interval', '50', '--use-gpu', 'true', '--dir=exp/nnet3_combined/multitask_acc300btn_tdnn1024_extraacclayer_0.5_0.5_withcontext']
Error in atexit._run_exitfuncs:2018-03-20 08:22:18,551 [steps/libs/common.py:231 - background_command_waiter - ERROR ] Command exited with status 1: run.pl --mem 4G --gpu 1 exp/nnet3_combined/multitask_acc300btn_tdnn1024_extraacclayer_0.5_0.5_withcontext/log/train.44.5.log                     nnet3-train  --read-cache=exp/nnet3_combined/multitask_acc300btn_tdnn1024_extraacclayer_0.5_0.5_withcontext/cache.44                       --print-interval=10                     --momentum=0.0                     --max-param-change=2.0                     --backstitch-training-scale=0.0                     --l2-regularize-factor=0.166666666667                     --backstitch-training-interval=1                     --srand=44                      "nnet3-copy --learning-rate=0.00322545016007 --scale=1.0 exp/nnet3_combined/multitask_acc300btn_tdnn1024_extraacclayer_0.5_0.5_withcontext/44.raw - |" "ark,bg:nnet3-copy-egs --frame=7 --outputs=ark:exp/nnet3_combined/multitask_acc300btn_tdnn1024_extraacclayer_0.5_0.5_withcontext/egs/egs.output.8.ark --weights=ark:exp/nnet3_combined/multitask_acc300btn_tdnn1024_extraacclayer_0.5_0.5_withcontext/egs/egs.weight.8.ark             scp:exp/nnet3_combined/multitask_acc300btn_tdnn1024_extraacclayer_0.5_0.5_withcontext/egs/egs.8.scp ark:- |             nnet3-shuffle-egs --buffer-size=5000             --srand=44 ark:- ark:- |              nnet3-merge-egs --minibatch-size=256,128 ark:- ark:- |"                     exp/nnet3_combined/multitask_acc300btn_tdnn1024_extraacclayer_0.5_0.5_withcontext/45.5.raw

Traceback (most recent call last):
Error in sys.exitfunc:
Traceback (most recent call last):
  File "/usr/lib/python2.7/atexit.py", line 30, in _run_exitfuncs
    traceback.print_exc()
  File "/usr/lib/python2.7/traceback.py", line 233, in print_exc
    print_exception(etype, value, tb, limit, file)
  File "/usr/lib/python2.7/traceback.py", line 124, in print_exception
    _print(file, 'Traceback (most recent call last):')
  File "/usr/lib/python2.7/traceback.py", line 13, in _print
    file.write(str+terminator)
KeyboardInterrupt
