steps/nnet3/xconfig_to_configs.py --xconfig-file exp/nnet3_combined/multitask_acc300btn_tdnn1024_50shrink_0.5_0.5_withcontext/configs/network.xconfig --config-dir exp/nnet3_combined/multitask_acc300btn_tdnn1024_50shrink_0.5_0.5_withcontext/configs/ --nnet-edits=rename-node old-name=output-0 new-name=output
nnet3-init exp/nnet3_combined/multitask_acc300btn_tdnn1024_50shrink_0.5_0.5_withcontext/configs//ref.config exp/nnet3_combined/multitask_acc300btn_tdnn1024_50shrink_0.5_0.5_withcontext/configs//ref.raw 
LOG (nnet3-init[5.2.204~1-08848]:main():nnet3-init.cc:80) Initialized raw neural net and wrote it to exp/nnet3_combined/multitask_acc300btn_tdnn1024_50shrink_0.5_0.5_withcontext/configs//ref.raw
nnet3-info "nnet3-copy --edits='rename-node old-name=output-0 new-name=output' exp/nnet3_combined/multitask_acc300btn_tdnn1024_50shrink_0.5_0.5_withcontext/configs//ref.raw - |" 
nnet3-copy '--edits=rename-node old-name=output-0 new-name=output' exp/nnet3_combined/multitask_acc300btn_tdnn1024_50shrink_0.5_0.5_withcontext/configs//ref.raw - 
LOG (nnet3-copy[5.2.204~1-08848]:main():nnet3-copy.cc:114) Copied raw neural net from exp/nnet3_combined/multitask_acc300btn_tdnn1024_50shrink_0.5_0.5_withcontext/configs//ref.raw to -
nnet3-init exp/nnet3_combined/multitask_acc300btn_tdnn1024_50shrink_0.5_0.5_withcontext/configs//ref.config exp/nnet3_combined/multitask_acc300btn_tdnn1024_50shrink_0.5_0.5_withcontext/configs//ref.raw 
LOG (nnet3-init[5.2.204~1-08848]:main():nnet3-init.cc:80) Initialized raw neural net and wrote it to exp/nnet3_combined/multitask_acc300btn_tdnn1024_50shrink_0.5_0.5_withcontext/configs//ref.raw
nnet3-info "nnet3-copy --edits='rename-node old-name=output-0 new-name=output' exp/nnet3_combined/multitask_acc300btn_tdnn1024_50shrink_0.5_0.5_withcontext/configs//ref.raw - |" 
nnet3-copy '--edits=rename-node old-name=output-0 new-name=output' exp/nnet3_combined/multitask_acc300btn_tdnn1024_50shrink_0.5_0.5_withcontext/configs//ref.raw - 
LOG (nnet3-copy[5.2.204~1-08848]:main():nnet3-copy.cc:114) Copied raw neural net from exp/nnet3_combined/multitask_acc300btn_tdnn1024_50shrink_0.5_0.5_withcontext/configs//ref.raw to -
./multitask_run_2_base_2.sh: calling get_egs.sh for generating examples with alignments as output
steps/nnet3/get_egs.sh --cmvn-opts --norm-means=false --norm-vars=false --online-ivector-dir exp/101-recog-min/nnet3/ivectors_cv_train_nz_sp --transform-dir exp/101-recog-min/tri4_cv_train_nz_ali --left-context 30 --right-context 22 --num-utts-subset 300 --nj 20 --samples-per-iter 400000 --cmd run.pl --generate-egs-scp true --frames-per-eg 8 data/101-recog-min/cv_train_nz_sp_hires exp/101-recog-min/tri4_cv_train_nz_ali exp/nnet3_combined/multitask_acc300btn_tdnn1024_50shrink_0.5_0.5_withcontext/egs_aligns
File data/101-recog-min/cv_train_nz_sp_hires/utt2uniq exists, so augmenting valid_uttlist to
include all perturbed versions of the same 'real' utterances.
steps/nnet3/get_egs.sh: feature type is raw
feat-to-dim scp:exp/101-recog-min/nnet3/ivectors_cv_train_nz_sp/ivector_online.scp - 
steps/nnet3/get_egs.sh: working out number of frames of training data
steps/nnet3/get_egs.sh: working out feature dim
steps/nnet3/get_egs.sh: creating 12 archives, each with 387321 egs, with
steps/nnet3/get_egs.sh:   8 labels per example, and (left,right) context = (30,22)
steps/nnet3/get_egs.sh: copying data alignments
copy-int-vector ark:- ark,scp:exp/nnet3_combined/multitask_acc300btn_tdnn1024_50shrink_0.5_0.5_withcontext/egs_aligns/ali.ark,exp/nnet3_combined/multitask_acc300btn_tdnn1024_50shrink_0.5_0.5_withcontext/egs_aligns/ali.scp 
LOG (copy-int-vector[5.2.204~1-08848]:main():copy-int-vector.cc:83) Copied 92661 vectors of int32.
steps/nnet3/get_egs.sh: Getting validation and training subset examples.
steps/nnet3/get_egs.sh: ... extracting validation and training-subset alignments.
... Getting subsets of validation examples for diagnostics and combination.
nnet3-copy-egs ark:- ark,scp:exp/nnet3_combined/multitask_acc300btn_tdnn1024_50shrink_0.5_0.5_withcontext/egs_aligns/combine.egs,exp/nnet3_combined/multitask_acc300btn_tdnn1024_50shrink_0.5_0.5_withcontext/egs_aligns/combine.scp 
LOG (nnet3-copy-egs[5.2.204~1-08848]:main():nnet3-copy-egs.cc:436) Read 7500 neural-network training examples, wrote 7500, 0 examples had errors.
rm: cannot remove 'exp/nnet3_combined/multitask_acc300btn_tdnn1024_50shrink_0.5_0.5_withcontext/egs_aligns/train_combine.scp': No such file or directory
rm: cannot remove 'exp/nnet3_combined/multitask_acc300btn_tdnn1024_50shrink_0.5_0.5_withcontext/egs_aligns/valid_combine.scp': No such file or directory
steps/nnet3/get_egs.sh: Generating training examples on disk
steps/nnet3/get_egs.sh: recombining and shuffling order of archives on disk
steps/nnet3/get_egs.sh: removing temporary archives
steps/nnet3/get_egs.sh: removing temporary alignments and transforms
steps/nnet3/get_egs.sh: Finished preparing training examples
./multitask_run_2_base_2.sh: calling get_egs.sh for generating examples with alignments as output
steps/nnet3/get_egs_mod.sh --cmvn-opts --norm-means=false --norm-vars=false --online-ivector-dir exp/102-cla-min/nnet3/ivectors_cv_trainx_nz_sp --transform-dir exp/102-cla-min/ali --left-context 30 --right-context 22 --num-utts-subset 300 --nj 20 --num-pdfs 16 --samples-per-iter 400000 --cmd run.pl --generate-egs-scp true --frames-per-eg 8 data/102-cla-min/cv_trainx_nz_sp_hires exp/102-cla-min/ali exp/nnet3_combined/multitask_acc300btn_tdnn1024_50shrink_0.5_0.5_withcontext/egs_accents
File data/102-cla-min/cv_trainx_nz_sp_hires/utt2uniq exists, so augmenting valid_uttlist to
include all perturbed versions of the same 'real' utterances.
steps/nnet3/get_egs_mod.sh: feature type is raw
feat-to-dim scp:exp/102-cla-min/nnet3/ivectors_cv_trainx_nz_sp/ivector_online.scp - 
steps/nnet3/get_egs_mod.sh: working out number of frames of training data
steps/nnet3/get_egs_mod.sh: working out feature dim
steps/nnet3/get_egs_mod.sh: creating 12 archives, each with 387321 egs, with
steps/nnet3/get_egs_mod.sh:   8 labels per example, and (left,right) context = (30,22)
steps/nnet3/get_egs_mod.sh: copying data alignments
copy-int-vector ark:- ark,scp:exp/nnet3_combined/multitask_acc300btn_tdnn1024_50shrink_0.5_0.5_withcontext/egs_accents/ali.ark,exp/nnet3_combined/multitask_acc300btn_tdnn1024_50shrink_0.5_0.5_withcontext/egs_accents/ali.scp 
LOG (copy-int-vector[5.2.204~1-08848]:main():copy-int-vector.cc:83) Copied 92660 vectors of int32.
steps/nnet3/get_egs_mod.sh: Getting validation and training subset examples.
steps/nnet3/get_egs_mod.sh: ... extracting validation and training-subset alignments.
... Getting subsets of validation examples for diagnostics and combination.
nnet3-copy-egs ark:- ark,scp:exp/nnet3_combined/multitask_acc300btn_tdnn1024_50shrink_0.5_0.5_withcontext/egs_accents/combine.egs,exp/nnet3_combined/multitask_acc300btn_tdnn1024_50shrink_0.5_0.5_withcontext/egs_accents/combine.scp 
LOG (nnet3-copy-egs[5.2.204~1-08848]:main():nnet3-copy-egs.cc:436) Read 7500 neural-network training examples, wrote 7500, 0 examples had errors.
rm: cannot remove 'exp/nnet3_combined/multitask_acc300btn_tdnn1024_50shrink_0.5_0.5_withcontext/egs_accents/train_combine.scp': No such file or directory
rm: cannot remove 'exp/nnet3_combined/multitask_acc300btn_tdnn1024_50shrink_0.5_0.5_withcontext/egs_accents/valid_combine.scp': No such file or directory
steps/nnet3/get_egs_mod.sh: Generating training examples on disk
steps/nnet3/get_egs_mod.sh: recombining and shuffling order of archives on disk
steps/nnet3/get_egs_mod.sh: removing temporary archives
steps/nnet3/get_egs_mod.sh: removing temporary alignments and transforms
steps/nnet3/get_egs_mod.sh: Finished preparing training examples
steps/nnet3/multilingual/combine_egs.sh --lang2weight '0.5,0.5' --cmd run.pl --mem 4G --samples-per-iter 400000 2 exp/nnet3_combined/multitask_acc300btn_tdnn1024_50shrink_0.5_0.5_withcontext/egs_aligns exp/nnet3_combined/multitask_acc300btn_tdnn1024_50shrink_0.5_0.5_withcontext/egs_accents exp/nnet3_combined/multitask_acc300btn_tdnn1024_50shrink_0.5_0.5_withcontext/egs
steps/nnet3/multilingual/combine_egs.sh: allocating multilingual examples for training.
steps/nnet3/multilingual/combine_egs.sh: combine combine.scp examples from all langs in exp/nnet3_combined/multitask_acc300btn_tdnn1024_50shrink_0.5_0.5_withcontext/egs/combine.scp.
steps/nnet3/multilingual/combine_egs.sh: combine train_diagnostic.scp examples from all langs in exp/nnet3_combined/multitask_acc300btn_tdnn1024_50shrink_0.5_0.5_withcontext/egs/train_diagnostic.scp.
steps/nnet3/multilingual/combine_egs.sh: combine valid_diagnostic.scp examples from all langs in exp/nnet3_combined/multitask_acc300btn_tdnn1024_50shrink_0.5_0.5_withcontext/egs/valid_diagnostic.scp.
steps/nnet3/multilingual/combine_egs.sh: Finished preparing multilingual training example.
2018-03-19 16:00:22,856 [steps/nnet3/train_raw_dnn.py:34 - <module> - INFO ] Starting raw DNN trainer (train_raw_dnn.py)
2018-03-19 16:00:22,888 [steps/nnet3/train_raw_dnn.py:172 - train - INFO ] Arguments for the experiment
{'backstitch_training_interval': 1,
 'backstitch_training_scale': 0.0,
 'cleanup': True,
 'cmvn_opts': '--norm-means=false --norm-vars=false',
 'combine_sum_to_one_penalty': 0.0,
 'command': 'run.pl --mem 4G',
 'compute_average_posteriors': False,
 'compute_per_dim_accuracy': False,
 'dir': 'exp/nnet3_combined/multitask_acc300btn_tdnn1024_50shrink_0.5_0.5_withcontext',
 'do_final_combination': True,
 'dropout_schedule': None,
 'egs_command': None,
 'egs_dir': 'exp/nnet3_combined/multitask_acc300btn_tdnn1024_50shrink_0.5_0.5_withcontext/egs',
 'egs_opts': None,
 'egs_stage': 0,
 'email': None,
 'exit_stage': None,
 'feat_dir': 'data/101-recog-min/cv_train_nz_sp_hires',
 'final_effective_lrate': 0.00015,
 'frames_per_eg': 8,
 'image_augmentation_opts': None,
 'initial_effective_lrate': 0.0015,
 'max_lda_jobs': 10,
 'max_models_combine': 20,
 'max_param_change': 2.0,
 'minibatch_size': '256,128',
 'momentum': 0.0,
 'nj': 4,
 'num_epochs': 2.0,
 'num_jobs_compute_prior': 10,
 'num_jobs_final': 8,
 'num_jobs_initial': 2,
 'online_ivector_dir': 'exp/101-recog-min/nnet3/ivectors_cv_train_nz_sp',
 'preserve_model_interval': 50,
 'presoftmax_prior_scale_power': -0.25,
 'prior_subset_size': 20000,
 'proportional_shrink': 50.0,
 'rand_prune': 4.0,
 'remove_egs': False,
 'reporting_interval': 0.1,
 'samples_per_iter': 400000,
 'shuffle_buffer_size': 5000,
 'srand': 0,
 'stage': -10,
 'targets_scp': 'exp/101-recog-min/tri4_cv_train_nz_ali',
 'transform_dir': None,
 'use_dense_targets': False,
 'use_gpu': True}
2018-03-19 16:00:22,924 [steps/nnet3/train_raw_dnn.py:283 - train - INFO ] Preparing the initial network.
2018-03-19 16:00:24,737 [steps/nnet3/train_raw_dnn.py:322 - train - INFO ] Training will run for 2.0 epochs = 73 iterations
2018-03-19 16:00:24,737 [steps/libs/nnet3/train/frame_level_objf/common.py:201 - train_one_iteration - INFO ] Training neural net (pass 0)
2018-03-19 16:00:24,742 [steps/libs/nnet3/train/frame_level_objf/common.py:265 - train_one_iteration - INFO ] On iteration 0, learning rate is 0.003 and shrink value is 0.85.
run.pl: job failed, log is in exp/nnet3_combined/multitask_acc300btn_tdnn1024_50shrink_0.5_0.5_withcontext/log/train.0.2.log
2018-03-19 16:01:24,379 [steps/libs/common.py:231 - background_command_waiter - ERROR ] Command exited with status 1: run.pl --mem 4G --gpu 1 exp/nnet3_combined/multitask_acc300btn_tdnn1024_50shrink_0.5_0.5_withcontext/log/train.0.2.log                     nnet3-train                         --print-interval=10                     --momentum=0.0                     --max-param-change=1.41421356237                     --backstitch-training-scale=0.0                     --l2-regularize-factor=0.5                     --backstitch-training-interval=1                     --srand=0                      "nnet3-copy --learning-rate=0.003 --scale=0.85 exp/nnet3_combined/multitask_acc300btn_tdnn1024_50shrink_0.5_0.5_withcontext/0.raw - |" "ark,bg:nnet3-copy-egs --frame=2 --outputs=ark:exp/nnet3_combined/multitask_acc300btn_tdnn1024_50shrink_0.5_0.5_withcontext/egs/egs.output.2.ark --weights=ark:exp/nnet3_combined/multitask_acc300btn_tdnn1024_50shrink_0.5_0.5_withcontext/egs/egs.weight.2.ark             scp:exp/nnet3_combined/multitask_acc300btn_tdnn1024_50shrink_0.5_0.5_withcontext/egs/egs.2.scp ark:- |             nnet3-shuffle-egs --buffer-size=5000             --srand=0 ark:- ark:- |              nnet3-merge-egs --minibatch-size=128,64 ark:- ark:- |"                     exp/nnet3_combined/multitask_acc300btn_tdnn1024_50shrink_0.5_0.5_withcontext/1.2.raw
slurmstepd: *** JOB 3067 ON dhvani CANCELLED AT 2018-03-19T16:39:00 ***
