2018-03-18 13:55:49,026 [steps/nnet3/train_raw_dnn.py:34 - <module> - INFO ] Starting raw DNN trainer (train_raw_dnn.py)
2018-03-18 13:55:49,033 [steps/nnet3/train_raw_dnn.py:172 - train - INFO ] Arguments for the experiment
{'backstitch_training_interval': 1,
 'backstitch_training_scale': 0.0,
 'cleanup': True,
 'cmvn_opts': '--norm-means=false --norm-vars=false',
 'combine_sum_to_one_penalty': 0.0,
 'command': 'run.pl --mem 4G',
 'compute_average_posteriors': False,
 'compute_per_dim_accuracy': False,
 'dir': 'exp/nnet3_combined/multitask_acc300btn_tdnn1024_0.5_0.5_withdifferentcontext',
 'do_final_combination': True,
 'dropout_schedule': None,
 'egs_command': None,
 'egs_dir': 'exp/nnet3_combined/multitask_acc300btn_tdnn1024_0.5_0.5_withdifferentcontext/egs',
 'egs_opts': None,
 'egs_stage': 0,
 'email': None,
 'exit_stage': None,
 'feat_dir': 'data/101-recog-min/cv_train_nz_sp_hires',
 'final_effective_lrate': 0.00015,
 'frames_per_eg': 8,
 'image_augmentation_opts': None,
 'initial_effective_lrate': 0.0015,
 'max_lda_jobs': 10,
 'max_models_combine': 20,
 'max_param_change': 2.0,
 'minibatch_size': '256,128',
 'momentum': 0.0,
 'nj': 4,
 'num_epochs': 2.0,
 'num_jobs_compute_prior': 10,
 'num_jobs_final': 8,
 'num_jobs_initial': 2,
 'online_ivector_dir': 'exp/101-recog-min/nnet3/ivectors_cv_train_nz_sp',
 'preserve_model_interval': 50,
 'presoftmax_prior_scale_power': -0.25,
 'prior_subset_size': 20000,
 'proportional_shrink': 0.0,
 'rand_prune': 4.0,
 'remove_egs': False,
 'reporting_interval': 0.1,
 'samples_per_iter': 400000,
 'shuffle_buffer_size': 5000,
 'srand': 0,
 'stage': -10,
 'targets_scp': 'exp/101-recog-min/tri4_cv_train_nz_ali',
 'transform_dir': None,
 'use_dense_targets': False,
 'use_gpu': True}
2018-03-18 13:55:49,052 [steps/nnet3/train_raw_dnn.py:283 - train - INFO ] Preparing the initial network.
2018-03-18 13:55:51,012 [steps/nnet3/train_raw_dnn.py:322 - train - INFO ] Training will run for 2.0 epochs = 73 iterations
2018-03-18 13:55:51,013 [steps/libs/nnet3/train/frame_level_objf/common.py:201 - train_one_iteration - INFO ] Training neural net (pass 0)
2018-03-18 13:55:51,017 [steps/libs/nnet3/train/frame_level_objf/common.py:265 - train_one_iteration - INFO ] On iteration 0, learning rate is 0.003.
2018-03-18 14:00:50,922 [steps/libs/nnet3/train/frame_level_objf/common.py:201 - train_one_iteration - INFO ] Training neural net (pass 1)
2018-03-18 14:00:50,928 [steps/libs/nnet3/train/frame_level_objf/common.py:265 - train_one_iteration - INFO ] On iteration 1, learning rate is 0.00296269177709.
2018-03-18 14:05:12,232 [steps/libs/nnet3/train/frame_level_objf/common.py:201 - train_one_iteration - INFO ] Training neural net (pass 2)
2018-03-18 14:05:12,237 [steps/libs/nnet3/train/frame_level_objf/common.py:265 - train_one_iteration - INFO ] On iteration 2, learning rate is 0.00292584752202.
2018-03-18 14:09:21,189 [steps/libs/nnet3/train/frame_level_objf/common.py:201 - train_one_iteration - INFO ] Training neural net (pass 3)
2018-03-18 14:09:21,201 [steps/libs/nnet3/train/frame_level_objf/common.py:265 - train_one_iteration - INFO ] On iteration 3, learning rate is 0.00288946146484.
2018-03-18 14:13:20,190 [steps/libs/nnet3/train/frame_level_objf/common.py:201 - train_one_iteration - INFO ] Training neural net (pass 4)
2018-03-18 14:13:20,198 [steps/libs/nnet3/train/frame_level_objf/common.py:265 - train_one_iteration - INFO ] On iteration 4, learning rate is 0.00285352790737.
2018-03-18 14:17:23,094 [steps/libs/nnet3/train/frame_level_objf/common.py:201 - train_one_iteration - INFO ] Training neural net (pass 5)
2018-03-18 14:17:23,099 [steps/libs/nnet3/train/frame_level_objf/common.py:265 - train_one_iteration - INFO ] On iteration 5, learning rate is 0.00281804122229.
2018-03-18 14:21:23,159 [steps/libs/nnet3/train/frame_level_objf/common.py:201 - train_one_iteration - INFO ] Training neural net (pass 6)
2018-03-18 14:21:23,166 [steps/libs/nnet3/train/frame_level_objf/common.py:265 - train_one_iteration - INFO ] On iteration 6, learning rate is 0.00278299585226.
2018-03-18 14:25:12,572 [steps/libs/nnet3/train/frame_level_objf/common.py:201 - train_one_iteration - INFO ] Training neural net (pass 7)
2018-03-18 14:25:12,580 [steps/libs/nnet3/train/frame_level_objf/common.py:265 - train_one_iteration - INFO ] On iteration 7, learning rate is 0.00412257946358.
2018-03-18 14:30:49,207 [steps/libs/nnet3/train/frame_level_objf/common.py:201 - train_one_iteration - INFO ] Training neural net (pass 8)
2018-03-18 14:30:49,218 [steps/libs/nnet3/train/frame_level_objf/common.py:265 - train_one_iteration - INFO ] On iteration 8, learning rate is 0.00404591599771.
2018-03-18 14:36:04,820 [steps/libs/nnet3/train/frame_level_objf/common.py:201 - train_one_iteration - INFO ] Training neural net (pass 9)
2018-03-18 14:36:04,828 [steps/libs/nnet3/train/frame_level_objf/common.py:265 - train_one_iteration - INFO ] On iteration 9, learning rate is 0.00397067816525.
2018-03-18 14:41:20,877 [steps/libs/nnet3/train/frame_level_objf/common.py:201 - train_one_iteration - INFO ] Training neural net (pass 10)
2018-03-18 14:41:20,887 [steps/libs/nnet3/train/frame_level_objf/common.py:265 - train_one_iteration - INFO ] On iteration 10, learning rate is 0.00389683945512.
2018-03-18 14:46:42,068 [steps/libs/nnet3/train/frame_level_objf/common.py:201 - train_one_iteration - INFO ] Training neural net (pass 11)
2018-03-18 14:46:42,076 [steps/libs/nnet3/train/frame_level_objf/common.py:265 - train_one_iteration - INFO ] On iteration 11, learning rate is 0.00382437384925.
2018-03-18 14:52:11,800 [steps/libs/nnet3/train/frame_level_objf/common.py:201 - train_one_iteration - INFO ] Training neural net (pass 12)
2018-03-18 14:52:11,811 [steps/libs/nnet3/train/frame_level_objf/common.py:265 - train_one_iteration - INFO ] On iteration 12, learning rate is 0.00375325581341.
2018-03-18 14:54:49,820 [steps/libs/nnet3/train/frame_level_objf/common.py:201 - train_one_iteration - INFO ] Training neural net (pass 13)
2018-03-18 14:54:49,832 [steps/libs/nnet3/train/frame_level_objf/common.py:265 - train_one_iteration - INFO ] On iteration 13, learning rate is 0.00368346028818.
2018-03-18 14:58:54,559 [steps/libs/nnet3/train/frame_level_objf/common.py:201 - train_one_iteration - INFO ] Training neural net (pass 14)
2018-03-18 14:58:54,568 [steps/libs/nnet3/train/frame_level_objf/common.py:265 - train_one_iteration - INFO ] On iteration 14, learning rate is 0.00361496268017.
2018-03-18 15:02:45,350 [steps/libs/nnet3/train/frame_level_objf/common.py:201 - train_one_iteration - INFO ] Training neural net (pass 15)
2018-03-18 15:02:45,368 [steps/libs/nnet3/train/frame_level_objf/common.py:265 - train_one_iteration - INFO ] On iteration 15, learning rate is 0.00354773885332.
2018-03-18 15:08:05,115 [steps/libs/nnet3/train/frame_level_objf/common.py:201 - train_one_iteration - INFO ] Training neural net (pass 16)
2018-03-18 15:08:05,123 [steps/libs/nnet3/train/frame_level_objf/common.py:265 - train_one_iteration - INFO ] On iteration 16, learning rate is 0.00348176512039.
2018-03-18 15:13:21,047 [steps/libs/nnet3/train/frame_level_objf/common.py:201 - train_one_iteration - INFO ] Training neural net (pass 17)
2018-03-18 15:13:21,054 [steps/libs/nnet3/train/frame_level_objf/common.py:265 - train_one_iteration - INFO ] On iteration 17, learning rate is 0.00341701823465.
2018-03-18 15:18:59,579 [steps/libs/nnet3/train/frame_level_objf/common.py:201 - train_one_iteration - INFO ] Training neural net (pass 18)
2018-03-18 15:18:59,586 [steps/libs/nnet3/train/frame_level_objf/common.py:265 - train_one_iteration - INFO ] On iteration 18, learning rate is 0.00335347538166.
2018-03-18 15:24:48,468 [steps/libs/nnet3/train/frame_level_objf/common.py:201 - train_one_iteration - INFO ] Training neural net (pass 19)
2018-03-18 15:24:48,474 [steps/libs/nnet3/train/frame_level_objf/common.py:265 - train_one_iteration - INFO ] On iteration 19, learning rate is 0.0043881522283.
2018-03-18 15:32:07,692 [steps/libs/nnet3/train/frame_level_objf/common.py:201 - train_one_iteration - INFO ] Training neural net (pass 20)
2018-03-18 15:32:07,700 [steps/libs/nnet3/train/frame_level_objf/common.py:265 - train_one_iteration - INFO ] On iteration 20, learning rate is 0.0042796881078.
2018-03-18 15:41:02,386 [steps/libs/nnet3/train/frame_level_objf/common.py:201 - train_one_iteration - INFO ] Training neural net (pass 21)
2018-03-18 15:41:02,392 [steps/libs/nnet3/train/frame_level_objf/common.py:265 - train_one_iteration - INFO ] On iteration 21, learning rate is 0.00417390494841.
2018-03-18 15:48:08,265 [steps/libs/nnet3/train/frame_level_objf/common.py:201 - train_one_iteration - INFO ] Training neural net (pass 22)
2018-03-18 15:48:08,272 [steps/libs/nnet3/train/frame_level_objf/common.py:265 - train_one_iteration - INFO ] On iteration 22, learning rate is 0.00407073648348.
2018-03-18 15:55:11,811 [steps/libs/nnet3/train/frame_level_objf/common.py:201 - train_one_iteration - INFO ] Training neural net (pass 23)
2018-03-18 15:55:11,817 [steps/libs/nnet3/train/frame_level_objf/common.py:265 - train_one_iteration - INFO ] On iteration 23, learning rate is 0.00397011808433.
2018-03-18 16:02:22,717 [steps/libs/nnet3/train/frame_level_objf/common.py:201 - train_one_iteration - INFO ] Training neural net (pass 24)
2018-03-18 16:02:22,724 [steps/libs/nnet3/train/frame_level_objf/common.py:265 - train_one_iteration - INFO ] On iteration 24, learning rate is 0.00387198671971.
2018-03-18 16:09:38,398 [steps/libs/nnet3/train/frame_level_objf/common.py:201 - train_one_iteration - INFO ] Training neural net (pass 25)
2018-03-18 16:09:38,409 [steps/libs/nnet3/train/frame_level_objf/common.py:265 - train_one_iteration - INFO ] On iteration 25, learning rate is 0.00377628091639.
2018-03-18 16:17:02,957 [steps/libs/nnet3/train/frame_level_objf/common.py:201 - train_one_iteration - INFO ] Training neural net (pass 26)
2018-03-18 16:17:02,965 [steps/libs/nnet3/train/frame_level_objf/common.py:265 - train_one_iteration - INFO ] On iteration 26, learning rate is 0.00368294072055.
2018-03-18 16:24:23,506 [steps/libs/nnet3/train/frame_level_objf/common.py:201 - train_one_iteration - INFO ] Training neural net (pass 27)
2018-03-18 16:24:23,515 [steps/libs/nnet3/train/frame_level_objf/common.py:265 - train_one_iteration - INFO ] On iteration 27, learning rate is 0.00359190766032.
2018-03-18 16:31:27,838 [steps/libs/nnet3/train/frame_level_objf/common.py:201 - train_one_iteration - INFO ] Training neural net (pass 28)
2018-03-18 16:31:27,845 [steps/libs/nnet3/train/frame_level_objf/common.py:265 - train_one_iteration - INFO ] On iteration 28, learning rate is 0.00350312470909.
2018-03-18 16:38:32,614 [steps/libs/nnet3/train/frame_level_objf/common.py:201 - train_one_iteration - INFO ] Training neural net (pass 29)
2018-03-18 16:38:32,621 [steps/libs/nnet3/train/frame_level_objf/common.py:265 - train_one_iteration - INFO ] On iteration 29, learning rate is 0.0034165362498.
2018-03-18 16:45:48,603 [steps/libs/nnet3/train/frame_level_objf/common.py:201 - train_one_iteration - INFO ] Training neural net (pass 30)
2018-03-18 16:45:48,609 [steps/libs/nnet3/train/frame_level_objf/common.py:265 - train_one_iteration - INFO ] On iteration 30, learning rate is 0.00333208804012.
2018-03-18 16:53:12,996 [steps/libs/nnet3/train/frame_level_objf/common.py:201 - train_one_iteration - INFO ] Training neural net (pass 31)
2018-03-18 16:53:13,003 [steps/libs/nnet3/train/frame_level_objf/common.py:265 - train_one_iteration - INFO ] On iteration 31, learning rate is 0.00406215897306.
2018-03-18 17:02:18,381 [steps/libs/nnet3/train/frame_level_objf/common.py:201 - train_one_iteration - INFO ] Training neural net (pass 32)
2018-03-18 17:02:18,388 [steps/libs/nnet3/train/frame_level_objf/common.py:265 - train_one_iteration - INFO ] On iteration 32, learning rate is 0.00393704119514.
2018-03-18 17:11:03,981 [steps/libs/nnet3/train/frame_level_objf/common.py:201 - train_one_iteration - INFO ] Training neural net (pass 33)
2018-03-18 17:11:03,988 [steps/libs/nnet3/train/frame_level_objf/common.py:265 - train_one_iteration - INFO ] On iteration 33, learning rate is 0.00381577714585.
2018-03-18 17:19:46,336 [steps/libs/nnet3/train/frame_level_objf/common.py:201 - train_one_iteration - INFO ] Training neural net (pass 34)
2018-03-18 17:19:46,347 [steps/libs/nnet3/train/frame_level_objf/common.py:265 - train_one_iteration - INFO ] On iteration 34, learning rate is 0.00369824812724.
2018-03-18 17:28:53,084 [steps/libs/nnet3/train/frame_level_objf/common.py:201 - train_one_iteration - INFO ] Training neural net (pass 35)
2018-03-18 17:28:53,090 [steps/libs/nnet3/train/frame_level_objf/common.py:265 - train_one_iteration - INFO ] On iteration 35, learning rate is 0.00358433909735.
2018-03-18 17:37:58,332 [steps/libs/nnet3/train/frame_level_objf/common.py:201 - train_one_iteration - INFO ] Training neural net (pass 36)
2018-03-18 17:37:58,338 [steps/libs/nnet3/train/frame_level_objf/common.py:265 - train_one_iteration - INFO ] On iteration 36, learning rate is 0.0034739385576.
2018-03-18 17:46:59,237 [steps/libs/nnet3/train/frame_level_objf/common.py:201 - train_one_iteration - INFO ] Training neural net (pass 37)
2018-03-18 17:46:59,244 [steps/libs/nnet3/train/frame_level_objf/common.py:265 - train_one_iteration - INFO ] On iteration 37, learning rate is 0.00336693844366.
2018-03-18 17:55:46,372 [steps/libs/nnet3/train/frame_level_objf/common.py:201 - train_one_iteration - INFO ] Training neural net (pass 38)
2018-03-18 17:55:46,378 [steps/libs/nnet3/train/frame_level_objf/common.py:265 - train_one_iteration - INFO ] On iteration 38, learning rate is 0.00326323401967.
2018-03-18 18:04:33,922 [steps/libs/nnet3/train/frame_level_objf/common.py:201 - train_one_iteration - INFO ] Training neural net (pass 39)
2018-03-18 18:04:33,929 [steps/libs/nnet3/train/frame_level_objf/common.py:265 - train_one_iteration - INFO ] On iteration 39, learning rate is 0.00316272377571.
2018-03-18 18:14:02,397 [steps/libs/nnet3/train/frame_level_objf/common.py:201 - train_one_iteration - INFO ] Training neural net (pass 40)
2018-03-18 18:14:02,405 [steps/libs/nnet3/train/frame_level_objf/common.py:265 - train_one_iteration - INFO ] On iteration 40, learning rate is 0.00306530932847.
2018-03-18 18:25:39,145 [steps/libs/nnet3/train/frame_level_objf/common.py:201 - train_one_iteration - INFO ] Training neural net (pass 41)
2018-03-18 18:25:39,152 [steps/libs/nnet3/train/frame_level_objf/common.py:265 - train_one_iteration - INFO ] On iteration 41, learning rate is 0.00297089532489.
2018-03-18 18:35:10,185 [steps/libs/nnet3/train/frame_level_objf/common.py:201 - train_one_iteration - INFO ] Training neural net (pass 42)
2018-03-18 18:35:10,193 [steps/libs/nnet3/train/frame_level_objf/common.py:265 - train_one_iteration - INFO ] On iteration 42, learning rate is 0.00287938934889.
2018-03-18 18:44:13,750 [steps/libs/nnet3/train/frame_level_objf/common.py:201 - train_one_iteration - INFO ] Training neural net (pass 43)
2018-03-18 18:44:13,756 [steps/libs/nnet3/train/frame_level_objf/common.py:265 - train_one_iteration - INFO ] On iteration 43, learning rate is 0.00334884219705.
2018-03-18 18:54:42,192 [steps/libs/nnet3/train/frame_level_objf/common.py:201 - train_one_iteration - INFO ] Training neural net (pass 44)
2018-03-18 18:54:42,197 [steps/libs/nnet3/train/frame_level_objf/common.py:265 - train_one_iteration - INFO ] On iteration 44, learning rate is 0.00322545016007.
run.pl: job failed, log is in exp/nnet3_combined/multitask_acc300btn_tdnn1024_0.5_0.5_withdifferentcontext/log/train.44.2.log
2018-03-18 19:00:42,375 [steps/libs/common.py:231 - background_command_waiter - ERROR ] Command exited with status 1: run.pl --mem 4G --gpu 1 exp/nnet3_combined/multitask_acc300btn_tdnn1024_0.5_0.5_withdifferentcontext/log/train.44.2.log                     nnet3-train  --read-cache=exp/nnet3_combined/multitask_acc300btn_tdnn1024_0.5_0.5_withdifferentcontext/cache.44                       --print-interval=10                     --momentum=0.0                     --max-param-change=2.0                     --backstitch-training-scale=0.0                     --l2-regularize-factor=0.166666666667                     --backstitch-training-interval=1                     --srand=44                      "nnet3-copy --learning-rate=0.00322545016007 --scale=1.0 exp/nnet3_combined/multitask_acc300btn_tdnn1024_0.5_0.5_withdifferentcontext/44.raw - |" "ark,bg:nnet3-copy-egs --frame=4 --outputs=ark:exp/nnet3_combined/multitask_acc300btn_tdnn1024_0.5_0.5_withdifferentcontext/egs/egs.output.5.ark --weights=ark:exp/nnet3_combined/multitask_acc300btn_tdnn1024_0.5_0.5_withdifferentcontext/egs/egs.weight.5.ark             scp:exp/nnet3_combined/multitask_acc300btn_tdnn1024_0.5_0.5_withdifferentcontext/egs/egs.5.scp ark:- |             nnet3-shuffle-egs --buffer-size=5000             --srand=44 ark:- ark:- |              nnet3-merge-egs --minibatch-size=256,128 ark:- ark:- |"                     exp/nnet3_combined/multitask_acc300btn_tdnn1024_0.5_0.5_withdifferentcontext/45.2.raw
steps/nnet3/train_raw_dnn.py --stage=-10 --cmd=run.pl --mem 4G --feat.cmvn-opts=--norm-means=false --norm-vars=false --trainer.num-epochs 2 --trainer.optimization.num-jobs-initial=2 --trainer.optimization.num-jobs-final=8 --trainer.optimization.initial-effective-lrate=0.0015 --trainer.optimization.final-effective-lrate=0.00015 --trainer.optimization.minibatch-size=256,128 --trainer.samples-per-iter=400000 --trainer.max-param-change=2.0 --trainer.srand=0 --feat-dir data/101-recog-min/cv_train_nz_sp_hires --feat.online-ivector-dir exp/101-recog-min/nnet3/ivectors_cv_train_nz_sp --egs.dir exp/nnet3_combined/multitask_acc300btn_tdnn1024_0.5_0.5_withdifferentcontext/egs --use-dense-targets false --targets-scp exp/101-recog-min/tri4_cv_train_nz_ali --cleanup.remove-egs false --cleanup.preserve-model-interval 50 --use-gpu true --dir=exp/nnet3_combined/multitask_acc300btn_tdnn1024_0.5_0.5_withdifferentcontext
['steps/nnet3/train_raw_dnn.py', '--stage=-10', '--cmd=run.pl --mem 4G', '--feat.cmvn-opts=--norm-means=false --norm-vars=false', '--trainer.num-epochs', '2', '--trainer.optimization.num-jobs-initial=2', '--trainer.optimization.num-jobs-final=8', '--trainer.optimization.initial-effective-lrate=0.0015', '--trainer.optimization.final-effective-lrate=0.00015', '--trainer.optimization.minibatch-size=256,128', '--trainer.samples-per-iter=400000', '--trainer.max-param-change=2.0', '--trainer.srand=0', '--feat-dir', 'data/101-recog-min/cv_train_nz_sp_hires', '--feat.online-ivector-dir', 'exp/101-recog-min/nnet3/ivectors_cv_train_nz_sp', '--egs.dir', 'exp/nnet3_combined/multitask_acc300btn_tdnn1024_0.5_0.5_withdifferentcontext/egs', '--use-dense-targets', 'false', '--targets-scp', 'exp/101-recog-min/tri4_cv_train_nz_ali', '--cleanup.remove-egs', 'false', '--cleanup.preserve-model-interval', '50', '--use-gpu', 'true', '--dir=exp/nnet3_combined/multitask_acc300btn_tdnn1024_0.5_0.5_withdifferentcontext']
