2018-03-21 21:32:53,245 [steps/nnet3/train_raw_dnn.py:34 - <module> - INFO ] Starting raw DNN trainer (train_raw_dnn.py)
2018-03-21 21:32:53,353 [steps/nnet3/train_raw_dnn.py:172 - train - INFO ] Arguments for the experiment
{'backstitch_training_interval': 1,
 'backstitch_training_scale': 0.0,
 'cleanup': True,
 'cmvn_opts': '--norm-means=false --norm-vars=false',
 'combine_sum_to_one_penalty': 0.0,
 'command': 'run.pl --mem 4G',
 'compute_average_posteriors': False,
 'compute_per_dim_accuracy': False,
 'dir': 'scratch/nnet3_combined_withembedding/multitask_a300_t024_10shrink_0.9_0.1_withsaloneembedinput',
 'do_final_combination': True,
 'dropout_schedule': None,
 'egs_command': None,
 'egs_dir': 'scratch/nnet3_combined_withembedding/multitask_a300_t024_10shrink_0.9_0.1_withsaloneembedinput/egs',
 'egs_opts': None,
 'egs_stage': 0,
 'email': None,
 'exit_stage': None,
 'feat_dir': 'data/101-recog-min/cv_train_nz_mfcc_bnf_appended_sp',
 'final_effective_lrate': 0.00015,
 'frames_per_eg': 8,
 'image_augmentation_opts': None,
 'initial_effective_lrate': 0.0015,
 'max_lda_jobs': 10,
 'max_models_combine': 20,
 'max_param_change': 2.0,
 'minibatch_size': '256,128',
 'momentum': 0.0,
 'nj': 4,
 'num_epochs': 2.0,
 'num_jobs_compute_prior': 10,
 'num_jobs_final': 8,
 'num_jobs_initial': 2,
 'online_ivector_dir': 'exp/101-recog-min/nnet3/ivectors_cv_train_nz_sp',
 'preserve_model_interval': 50,
 'presoftmax_prior_scale_power': -0.25,
 'prior_subset_size': 20000,
 'proportional_shrink': 10.0,
 'rand_prune': 4.0,
 'remove_egs': False,
 'reporting_interval': 0.1,
 'samples_per_iter': 400000,
 'shuffle_buffer_size': 5000,
 'srand': 0,
 'stage': 51,
 'targets_scp': 'exp/101-recog-min/tri4_cv_train_nz_ali',
 'transform_dir': None,
 'use_dense_targets': False,
 'use_gpu': True}
2018-03-21 21:32:53,704 [steps/nnet3/train_raw_dnn.py:322 - train - INFO ] Training will run for 2.0 epochs = 73 iterations
2018-03-21 21:32:53,704 [steps/libs/nnet3/train/frame_level_objf/common.py:201 - train_one_iteration - INFO ] Training neural net (pass 51)
2018-03-21 21:32:53,712 [steps/libs/nnet3/train/frame_level_objf/common.py:265 - train_one_iteration - INFO ] On iteration 51, learning rate is 0.00248004693955 and shrink value is 0.975199530604.
2018-03-21 21:41:39,213 [steps/libs/nnet3/train/frame_level_objf/common.py:201 - train_one_iteration - INFO ] Training neural net (pass 52)
2018-03-21 21:41:39,219 [steps/libs/nnet3/train/frame_level_objf/common.py:265 - train_one_iteration - INFO ] On iteration 52, learning rate is 0.00238866668761 and shrink value is 0.976113333124.
2018-03-21 21:51:11,648 [steps/libs/nnet3/train/frame_level_objf/common.py:201 - train_one_iteration - INFO ] Training neural net (pass 53)
2018-03-21 21:51:11,656 [steps/libs/nnet3/train/frame_level_objf/common.py:265 - train_one_iteration - INFO ] On iteration 53, learning rate is 0.00230065344873 and shrink value is 0.976993465513.
2018-03-21 22:00:25,010 [steps/libs/nnet3/train/frame_level_objf/common.py:201 - train_one_iteration - INFO ] Training neural net (pass 54)
2018-03-21 22:00:25,015 [steps/libs/nnet3/train/frame_level_objf/common.py:265 - train_one_iteration - INFO ] On iteration 54, learning rate is 0.00221588316135 and shrink value is 0.977841168387.
2018-03-21 22:10:08,319 [steps/libs/nnet3/train/frame_level_objf/common.py:201 - train_one_iteration - INFO ] Training neural net (pass 55)
2018-03-21 22:10:08,327 [steps/libs/nnet3/train/frame_level_objf/common.py:265 - train_one_iteration - INFO ] On iteration 55, learning rate is 0.00248994239094 and shrink value is 0.975100576091.
2018-03-21 22:20:51,548 [steps/libs/nnet3/train/frame_level_objf/common.py:201 - train_one_iteration - INFO ] Training neural net (pass 56)
2018-03-21 22:20:51,557 [steps/libs/nnet3/train/frame_level_objf/common.py:265 - train_one_iteration - INFO ] On iteration 56, learning rate is 0.00238323879562 and shrink value is 0.976167612044.
2018-03-21 22:32:34,134 [steps/libs/nnet3/train/frame_level_objf/common.py:201 - train_one_iteration - INFO ] Training neural net (pass 57)
2018-03-21 22:32:34,141 [steps/libs/nnet3/train/frame_level_objf/common.py:265 - train_one_iteration - INFO ] On iteration 57, learning rate is 0.0022811078592 and shrink value is 0.977188921408.
2018-03-21 22:43:46,929 [steps/libs/nnet3/train/frame_level_objf/common.py:201 - train_one_iteration - INFO ] Training neural net (pass 58)
2018-03-21 22:43:46,938 [steps/libs/nnet3/train/frame_level_objf/common.py:265 - train_one_iteration - INFO ] On iteration 58, learning rate is 0.0021833536257 and shrink value is 0.978166463743.
2018-03-21 22:54:28,973 [steps/libs/nnet3/train/frame_level_objf/common.py:201 - train_one_iteration - INFO ] Training neural net (pass 59)
2018-03-21 22:54:28,983 [steps/libs/nnet3/train/frame_level_objf/common.py:265 - train_one_iteration - INFO ] On iteration 59, learning rate is 0.00208978853657 and shrink value is 0.979102114634.
2018-03-21 23:05:30,827 [steps/libs/nnet3/train/frame_level_objf/common.py:201 - train_one_iteration - INFO ] Training neural net (pass 60)
2018-03-21 23:05:30,836 [steps/libs/nnet3/train/frame_level_objf/common.py:265 - train_one_iteration - INFO ] On iteration 60, learning rate is 0.0020002330709 and shrink value is 0.979997669291.
2018-03-21 23:18:34,717 [steps/libs/nnet3/train/frame_level_objf/common.py:201 - train_one_iteration - INFO ] Training neural net (pass 61)
2018-03-21 23:18:34,724 [steps/libs/nnet3/train/frame_level_objf/common.py:265 - train_one_iteration - INFO ] On iteration 61, learning rate is 0.00191451540091 and shrink value is 0.980854845991.
2018-03-21 23:29:06,761 [steps/libs/nnet3/train/frame_level_objf/common.py:201 - train_one_iteration - INFO ] Training neural net (pass 62)
2018-03-21 23:29:06,769 [steps/libs/nnet3/train/frame_level_objf/common.py:265 - train_one_iteration - INFO ] On iteration 62, learning rate is 0.00183247106233 and shrink value is 0.981675289377.
2018-03-21 23:39:01,910 [steps/libs/nnet3/train/frame_level_objf/common.py:201 - train_one_iteration - INFO ] Training neural net (pass 63)
2018-03-21 23:39:01,928 [steps/libs/nnet3/train/frame_level_objf/common.py:265 - train_one_iteration - INFO ] On iteration 63, learning rate is 0.00175394263878 and shrink value is 0.982460573612.
2018-03-21 23:45:30,567 [steps/libs/nnet3/train/frame_level_objf/common.py:201 - train_one_iteration - INFO ] Training neural net (pass 64)
2018-03-21 23:45:30,576 [steps/libs/nnet3/train/frame_level_objf/common.py:265 - train_one_iteration - INFO ] On iteration 64, learning rate is 0.00167877945981 and shrink value is 0.983212205402.
2018-03-21 23:51:07,669 [steps/libs/nnet3/train/frame_level_objf/common.py:201 - train_one_iteration - INFO ] Training neural net (pass 65)
2018-03-21 23:51:07,680 [steps/libs/nnet3/train/frame_level_objf/common.py:265 - train_one_iteration - INFO ] On iteration 65, learning rate is 0.00160683731177 and shrink value is 0.983931626882.
2018-03-21 23:57:07,866 [steps/libs/nnet3/train/frame_level_objf/common.py:201 - train_one_iteration - INFO ] Training neural net (pass 66)
2018-03-21 23:57:07,874 [steps/libs/nnet3/train/frame_level_objf/common.py:265 - train_one_iteration - INFO ] On iteration 66, learning rate is 0.00153797816109 and shrink value is 0.984620218389.
2018-03-22 00:07:11,378 [steps/libs/nnet3/train/frame_level_objf/common.py:201 - train_one_iteration - INFO ] Training neural net (pass 67)
2018-03-22 00:07:11,388 [steps/libs/nnet3/train/frame_level_objf/common.py:265 - train_one_iteration - INFO ] On iteration 67, learning rate is 0.00168236558801 and shrink value is 0.98317634412.
2018-03-22 00:20:39,792 [steps/libs/nnet3/train/frame_level_objf/common.py:201 - train_one_iteration - INFO ] Training neural net (pass 68)
2018-03-22 00:20:39,799 [steps/libs/nnet3/train/frame_level_objf/common.py:265 - train_one_iteration - INFO ] On iteration 68, learning rate is 0.0016002257186 and shrink value is 0.983997742814.
2018-03-22 00:34:34,872 [steps/libs/nnet3/train/frame_level_objf/common.py:201 - train_one_iteration - INFO ] Training neural net (pass 69)
2018-03-22 00:34:34,880 [steps/libs/nnet3/train/frame_level_objf/common.py:265 - train_one_iteration - INFO ] On iteration 69, learning rate is 0.0015220962487 and shrink value is 0.984779037513.
2018-03-22 00:48:26,060 [steps/libs/nnet3/train/frame_level_objf/common.py:201 - train_one_iteration - INFO ] Training neural net (pass 70)
2018-03-22 00:48:26,066 [steps/libs/nnet3/train/frame_level_objf/common.py:265 - train_one_iteration - INFO ] On iteration 70, learning rate is 0.00144778137445 and shrink value is 0.985522186255.
2018-03-22 01:01:52,631 [steps/libs/nnet3/train/frame_level_objf/common.py:201 - train_one_iteration - INFO ] Training neural net (pass 71)
2018-03-22 01:01:52,661 [steps/libs/nnet3/train/frame_level_objf/common.py:265 - train_one_iteration - INFO ] On iteration 71, learning rate is 0.00137709485192 and shrink value is 0.986229051481.
2018-03-22 01:16:46,512 [steps/libs/nnet3/train/frame_level_objf/common.py:201 - train_one_iteration - INFO ] Training neural net (pass 72)
2018-03-22 01:16:46,527 [steps/libs/nnet3/train/frame_level_objf/common.py:265 - train_one_iteration - INFO ] On iteration 72, learning rate is 0.0012 and shrink value is 0.988.
2018-03-22 01:30:15,908 [steps/nnet3/train_raw_dnn.py:395 - train - INFO ] Doing final combination to produce final.raw
2018-03-22 01:30:15,924 [steps/libs/nnet3/train/frame_level_objf/common.py:466 - combine_models - INFO ] Combining set([64, 65, 66, 67, 68, 69, 70, 71, 72, 73, 54, 55, 56, 57, 58, 59, 60, 61, 62, 63]) models.
2018-03-22 01:48:04,354 [steps/nnet3/train_raw_dnn.py:417 - train - INFO ] Cleaning up the experiment directory scratch/nnet3_combined_withembedding/multitask_a300_t024_10shrink_0.9_0.1_withsaloneembedinput
scratch/nnet3_combined_withembedding/multitask_a300_t024_10shrink_0.9_0.1_withsaloneembedinput: num-iters=73 nj=2..8 num-params=32.3M combine=-0.56->-0.48
steps/nnet3/train_raw_dnn.py --stage=51 --cmd=run.pl --mem 4G --feat.cmvn-opts=--norm-means=false --norm-vars=false --trainer.num-epochs 2 --trainer.optimization.num-jobs-initial=2 --trainer.optimization.num-jobs-final=8 --trainer.optimization.initial-effective-lrate=0.0015 --trainer.optimization.final-effective-lrate=0.00015 --trainer.optimization.minibatch-size=256,128 --trainer.optimization.proportional-shrink=10 --trainer.samples-per-iter=400000 --trainer.max-param-change=2.0 --trainer.srand=0 --feat-dir data/101-recog-min/cv_train_nz_mfcc_bnf_appended_sp --feat.online-ivector-dir exp/101-recog-min/nnet3/ivectors_cv_train_nz_sp --egs.dir scratch/nnet3_combined_withembedding/multitask_a300_t024_10shrink_0.9_0.1_withsaloneembedinput/egs --use-dense-targets false --targets-scp exp/101-recog-min/tri4_cv_train_nz_ali --cleanup.remove-egs false --cleanup.preserve-model-interval 50 --use-gpu true --dir=scratch/nnet3_combined_withembedding/multitask_a300_t024_10shrink_0.9_0.1_withsaloneembedinput
['steps/nnet3/train_raw_dnn.py', '--stage=51', '--cmd=run.pl --mem 4G', '--feat.cmvn-opts=--norm-means=false --norm-vars=false', '--trainer.num-epochs', '2', '--trainer.optimization.num-jobs-initial=2', '--trainer.optimization.num-jobs-final=8', '--trainer.optimization.initial-effective-lrate=0.0015', '--trainer.optimization.final-effective-lrate=0.00015', '--trainer.optimization.minibatch-size=256,128', '--trainer.optimization.proportional-shrink=10', '--trainer.samples-per-iter=400000', '--trainer.max-param-change=2.0', '--trainer.srand=0', '--feat-dir', 'data/101-recog-min/cv_train_nz_mfcc_bnf_appended_sp', '--feat.online-ivector-dir', 'exp/101-recog-min/nnet3/ivectors_cv_train_nz_sp', '--egs.dir', 'scratch/nnet3_combined_withembedding/multitask_a300_t024_10shrink_0.9_0.1_withsaloneembedinput/egs', '--use-dense-targets', 'false', '--targets-scp', 'exp/101-recog-min/tri4_cv_train_nz_ali', '--cleanup.remove-egs', 'false', '--cleanup.preserve-model-interval', '50', '--use-gpu', 'true', '--dir=scratch/nnet3_combined_withembedding/multitask_a300_t024_10shrink_0.9_0.1_withsaloneembedinput']
nnet3-copy '--edits=rename-node old-name=output-0 new-name=output' scratch/nnet3_combined_withembedding/multitask_a300_t024_10shrink_0.9_0.1_withsaloneembedinput/final.raw - 
nnet3-am-init exp/101-recog-min/tri4_cv_train_nz_ali/final.mdl - scratch/nnet3_combined_withembedding/multitask_a300_t024_10shrink_0.9_0.1_withsaloneembedinput/101-recog-min/final.mdl 
LOG (nnet3-copy[5.2.204~1-08848]:main():nnet3-copy.cc:114) Copied raw neural net from scratch/nnet3_combined_withembedding/multitask_a300_t024_10shrink_0.9_0.1_withsaloneembedinput/final.raw to -
LOG (nnet3-am-init[5.2.204~1-08848]:main():nnet3-am-init.cc:96) Initialized am-nnet (neural net acoustic model) and wrote to scratch/nnet3_combined_withembedding/multitask_a300_t024_10shrink_0.9_0.1_withsaloneembedinput/101-recog-min/final.mdl
./multitask_monster_with_inputembeddings.sh: compute average posterior and readjust priors for language 01-recognition.
steps/nnet3/adjust_priors.sh scratch/nnet3_combined_withembedding/multitask_a300_t024_10shrink_0.9_0.1_withsaloneembedinput/101-recog-min scratch/nnet3_combined_withembedding/multitask_a300_t024_10shrink_0.9_0.1_withsaloneembedinput/egs_aligns
./multitask_monster_with_inputembeddings.sh: line 390: [: too many arguments
steps/append_feats.sh --cmd run.pl --nj 20 data/101-recog-min/ data/101-recog-min/ data/101-recog-min/ scratch/append_hires_mfcc_bnf/101-recog-min/cv_dev_nz scratch/append_mfcc_bnf/101-recog-min
cat: data/101-recog-min//utt2spk: No such file or directory
Failed to open utt2spk file data/101-recog-min//utt2spk at utils/split_scp.pl line 85.
